[0.794s] Invoking command in '/home/dvij/multi-car-racing/car_dynamics': PYTHONPATH=/home/dvij/multi-car-racing/build/car_dynamics/prefix_override:/usr/lib/python3/dist-packages/colcon_core/task/python/colcon_distutils_commands:/home/dvij/multi-car-racing/install/car_dynamics/lib/python3.10/site-packages:${PYTHONPATH} /usr/bin/python3 -W ignore:setup.py install is deprecated -W ignore:easy_install command is deprecated setup.py egg_info --egg-base ../build/car_dynamics build --build-base /home/dvij/multi-car-racing/build/car_dynamics/build install --record /home/dvij/multi-car-racing/build/car_dynamics/install.log --single-version-externally-managed
[1.131s] package init file 'bayes_race/__init__.py' not found (or not a regular file)
[1.131s] running egg_info
[1.131s] creating ../build/car_dynamics/car_dynamics.egg-info
[1.132s] writing ../build/car_dynamics/car_dynamics.egg-info/PKG-INFO
[1.132s] writing dependency_links to ../build/car_dynamics/car_dynamics.egg-info/dependency_links.txt
[1.132s] writing top-level names to ../build/car_dynamics/car_dynamics.egg-info/top_level.txt
[1.132s] writing manifest file '../build/car_dynamics/car_dynamics.egg-info/SOURCES.txt'
[1.135s] reading manifest file '../build/car_dynamics/car_dynamics.egg-info/SOURCES.txt'
[1.135s] writing manifest file '../build/car_dynamics/car_dynamics.egg-info/SOURCES.txt'
[1.135s] running build
[1.136s] running build_py
[1.136s] creating /home/dvij/multi-car-racing/build/car_dynamics/build
[1.136s] creating /home/dvij/multi-car-racing/build/car_dynamics/build/lib
[1.136s] creating /home/dvij/multi-car-racing/build/car_dynamics/build/lib/car_dynamics
[1.136s] copying car_dynamics/__init__.py -> /home/dvij/multi-car-racing/build/car_dynamics/build/lib/car_dynamics
[1.136s] running install
[1.136s] running install_lib
[1.136s] creating /home/dvij/multi-car-racing/install/car_dynamics/lib/python3.10/site-packages/car_dynamics
[1.136s] copying /home/dvij/multi-car-racing/build/car_dynamics/build/lib/car_dynamics/__init__.py -> /home/dvij/multi-car-racing/install/car_dynamics/lib/python3.10/site-packages/car_dynamics
[1.136s] byte-compiling /home/dvij/multi-car-racing/install/car_dynamics/lib/python3.10/site-packages/car_dynamics/__init__.py to __init__.cpython-310.pyc
[1.136s] running install_egg_info
[1.137s] Copying ../build/car_dynamics/car_dynamics.egg-info to /home/dvij/multi-car-racing/install/car_dynamics/lib/python3.10/site-packages/car_dynamics-0.0.0-py3.10.egg-info
[1.137s] running install_scripts
[1.137s] writing list of installed files to '/home/dvij/multi-car-racing/build/car_dynamics/install.log'
[1.138s] Invoked command in '/home/dvij/multi-car-racing/car_dynamics' returned '0': PYTHONPATH=/home/dvij/multi-car-racing/build/car_dynamics/prefix_override:/usr/lib/python3/dist-packages/colcon_core/task/python/colcon_distutils_commands:/home/dvij/multi-car-racing/install/car_dynamics/lib/python3.10/site-packages:${PYTHONPATH} /usr/bin/python3 -W ignore:setup.py install is deprecated -W ignore:easy_install command is deprecated setup.py egg_info --egg-base ../build/car_dynamics build --build-base /home/dvij/multi-car-racing/build/car_dynamics/build install --record /home/dvij/multi-car-racing/build/car_dynamics/install.log --single-version-externally-managed
