-- The C compiler identification is GNU 11.4.0
-- The CXX compiler identification is GNU 11.4.0
-- Detecting C compiler ABI info
-- Detecting C compiler ABI info - done
-- Check for working C compiler: /usr/bin/cc - skipped
-- Detecting C compile features
-- Detecting C compile features - done
-- Detecting CXX compiler ABI info
-- Detecting CXX compiler ABI info - done
-- Check for working CXX compiler: /usr/bin/c++ - skipped
-- Detecting CXX compile features
-- Detecting CXX compile features - done
-- Found ament_cmake: 1.3.12 (/home/yug/agv-alpharacer/alpha-RACER/ros2_ws/install/ament_cmake/share/ament_cmake/cmake)
-- Found Python3: /usr/bin/python3 (found version "3.10.12") found components: Interpreter 
-- Override CMake install command with custom implementation using symlinks instead of copying resources
-- Found rclcpp: 16.0.12 (/opt/ros/humble/share/rclcpp/cmake)
-- Found rosidl_generator_c: 3.1.6 (/opt/ros/humble/share/rosidl_generator_c/cmake)
-- Found rosidl_adapter: 3.1.6 (/opt/ros/humble/share/rosidl_adapter/cmake)
-- Found rosidl_generator_cpp: 3.1.6 (/opt/ros/humble/share/rosidl_generator_cpp/cmake)
-- Using all available rosidl_typesupport_c: rosidl_typesupport_fastrtps_c;rosidl_typesupport_introspection_c
-- Using all available rosidl_typesupport_cpp: rosidl_typesupport_fastrtps_cpp;rosidl_typesupport_introspection_cpp
-- Found rmw_implementation_cmake: 6.1.2 (/opt/ros/humble/share/rmw_implementation_cmake/cmake)
-- Found rmw_fastrtps_cpp: 6.2.7 (/opt/ros/humble/share/rmw_fastrtps_cpp/cmake)
-- Found OpenSSL: /usr/lib/x86_64-linux-gnu/libcrypto.so (found version "3.0.2")  
-- Found FastRTPS: /opt/ros/humble/include  
-- Using RMW implementation 'rmw_fastrtps_cpp' as default
-- Looking for pthread.h
-- Looking for pthread.h - found
-- Performing Test CMAKE_HAVE_LIBC_PTHREAD
-- Performing Test CMAKE_HAVE_LIBC_PTHREAD - Success
-- Found Threads: TRUE  
-- Found pluginlib: 5.1.0 (/opt/ros/humble/share/pluginlib/cmake)
-- Found Boost: /usr/lib/x86_64-linux-gnu/cmake/Boost-1.74.0/BoostConfig.cmake (found version "1.74.0") found components: system 
-- Found PkgConfig: /usr/bin/pkg-config (found version "0.29.2") 
-- Checking for module 'libzstd'
--   Found libzstd, version 1.4.8
-- Found launch_testing_ament_cmake: 1.0.8 (/opt/ros/humble/share/launch_testing_ament_cmake/cmake)
-- Found python_cmake_module: 0.10.0 (/opt/ros/humble/share/python_cmake_module/cmake)
-- Found PythonInterp: /usr/bin/python3 (found suitable version "3.10.12", minimum required is "3.6") 
-- Found PythonLibs: /usr/lib/x86_64-linux-gnu/libpython3.10.so (found suitable version "3.10.12", minimum required is "3.5") 
-- Using PYTHON_EXECUTABLE: /usr/bin/python3
-- Using PYTHON_INCLUDE_DIRS: /usr/include/python3.10
-- Using PYTHON_LIBRARIES: /usr/lib/x86_64-linux-gnu/libpython3.10.so
-- Found PythonExtra: .so  
-- Found ament_lint_auto: 0.12.12 (/opt/ros/humble/share/ament_lint_auto/cmake)
-- Added test 'cppcheck' to perform static code analysis on C / C++ code
-- Configured cppcheck include dirs: /home/yug/agv-alpharacer/alpha-RACER/ros2_ws/src/network_bridge/include
-- Configured cppcheck exclude dirs and/or files: 
-- Added test 'flake8' to check Python code syntax and style conventions
-- Added test 'lint_cmake' to check CMake code style
-- Added test 'pep257' to check Python code against some of the docstring style conventions in PEP 257
-- Added test 'uncrustify' to check C / C++ code style
-- Configured uncrustify additional arguments: 
-- Added test 'xmllint' to check XML markup files
-- Configuring done
-- Generating done
-- Build files have been written to: /home/yug/agv-alpharacer/alpha-RACER/ros2_ws/build/network_bridge
[ 42%] [32mBuilding CXX object CMakeFiles/network_bridge.dir/src/network_bridge.cpp.o[0m
[ 42%] [32mBuilding CXX object CMakeFiles/udp_interface.dir/src/network_interfaces/udp_interface.cpp.o[0m
[ 42%] [32mBuilding CXX object CMakeFiles/tcp_interface.dir/src/network_interfaces/tcp_interface.cpp.o[0m
[ 57%] [32mBuilding CXX object CMakeFiles/network_bridge.dir/src/subscription_manager.cpp.o[0m
[ 85%] [32m[1mLinking CXX shared library libudp_interface.so[0m
[ 85%] [32m[1mLinking CXX shared library libtcp_interface.so[0m
[ 85%] Built target tcp_interface
[ 85%] Built target udp_interface
[100%] [32m[1mLinking CXX executable network_bridge[0m
[100%] Built target network_bridge
-- Install configuration: ""
-- Execute custom install script
-- Symlinking: /home/yug/agv-alpharacer/alpha-RACER/ros2_ws/install/network_bridge/share/network_bridge//network_interface_plugins.xml
-- Symlinking: /home/yug/agv-alpharacer/alpha-RACER/ros2_ws/install/network_bridge/lib/network_bridge/network_bridge
-- Symlinking: /home/yug/agv-alpharacer/alpha-RACER/ros2_ws/install/network_bridge/lib//libudp_interface.so
-- Symlinking: /home/yug/agv-alpharacer/alpha-RACER/ros2_ws/install/network_bridge/lib//libtcp_interface.so
-- Symlinking: /home/yug/agv-alpharacer/alpha-RACER/ros2_ws/install/network_bridge/share/network_bridge/config/Tcp1.yaml
-- Symlinking: /home/yug/agv-alpharacer/alpha-RACER/ros2_ws/install/network_bridge/share/network_bridge/config/Tcp2.yaml
-- Symlinking: /home/yug/agv-alpharacer/alpha-RACER/ros2_ws/install/network_bridge/share/network_bridge/config/Udp1.yaml
-- Symlinking: /home/yug/agv-alpharacer/alpha-RACER/ros2_ws/install/network_bridge/share/network_bridge/config/Udp2.yaml
-- Symlinking: /home/yug/agv-alpharacer/alpha-RACER/ros2_ws/install/network_bridge/share/network_bridge/launch/tcp.launch.py
-- Symlinking: /home/yug/agv-alpharacer/alpha-RACER/ros2_ws/install/network_bridge/share/network_bridge/launch/udp.launch.py
-- Symlinking: /home/yug/agv-alpharacer/alpha-RACER/ros2_ws/install/network_bridge/share/ament_index/resource_index/package_run_dependencies/network_bridge
-- Symlinking: /home/yug/agv-alpharacer/alpha-RACER/ros2_ws/install/network_bridge/share/ament_index/resource_index/parent_prefix_path/network_bridge
-- Symlinking: /home/yug/agv-alpharacer/alpha-RACER/ros2_ws/install/network_bridge/share/network_bridge/environment/ament_prefix_path.sh
-- Symlinking: /home/yug/agv-alpharacer/alpha-RACER/ros2_ws/install/network_bridge/share/network_bridge/environment/ament_prefix_path.dsv
-- Symlinking: /home/yug/agv-alpharacer/alpha-RACER/ros2_ws/install/network_bridge/share/network_bridge/environment/path.sh
-- Symlinking: /home/yug/agv-alpharacer/alpha-RACER/ros2_ws/install/network_bridge/share/network_bridge/environment/path.dsv
-- Symlinking: /home/yug/agv-alpharacer/alpha-RACER/ros2_ws/install/network_bridge/share/network_bridge/local_setup.bash
-- Symlinking: /home/yug/agv-alpharacer/alpha-RACER/ros2_ws/install/network_bridge/share/network_bridge/local_setup.sh
-- Symlinking: /home/yug/agv-alpharacer/alpha-RACER/ros2_ws/install/network_bridge/share/network_bridge/local_setup.zsh
-- Symlinking: /home/yug/agv-alpharacer/alpha-RACER/ros2_ws/install/network_bridge/share/network_bridge/local_setup.dsv
-- Symlinking: /home/yug/agv-alpharacer/alpha-RACER/ros2_ws/install/network_bridge/share/network_bridge/package.dsv
-- Symlinking: /home/yug/agv-alpharacer/alpha-RACER/ros2_ws/install/network_bridge/share/ament_index/resource_index/packages/network_bridge
-- Symlinking: /home/yug/agv-alpharacer/alpha-RACER/ros2_ws/install/network_bridge/share/ament_index/resource_index/network_bridge__pluginlib__plugin/network_bridge
-- Symlinking: /home/yug/agv-alpharacer/alpha-RACER/ros2_ws/install/network_bridge/share/network_bridge/cmake/network_bridgeConfig.cmake
-- Symlinking: /home/yug/agv-alpharacer/alpha-RACER/ros2_ws/install/network_bridge/share/network_bridge/cmake/network_bridgeConfig-version.cmake
-- Symlinking: /home/yug/agv-alpharacer/alpha-RACER/ros2_ws/install/network_bridge/share/network_bridge/package.xml
