-- The C compiler identification is GNU 11.4.0
-- The CXX compiler identification is GNU 11.4.0
-- Detecting C compiler ABI info
-- Detecting C compiler ABI info - done
-- Check for working C compiler: /usr/bin/cc - skipped
-- Detecting C compile features
-- Detecting C compile features - done
-- Detecting CXX compiler ABI info
-- Detecting CXX compiler ABI info - done
-- Check for working CXX compiler: /usr/bin/c++ - skipped
-- Detecting CXX compile features
-- Detecting CXX compile features - done
-- Found ament_cmake: 1.3.12 (/home/yug/agv-alpharacer/alpha-RACER/ros2_ws/src/install/ament_cmake/share/ament_cmake/cmake)
-- Found Python3: /usr/bin/python3 (found version "3.10.12") found components: Interpreter 
-- Override CMake install command with custom implementation using symlinks instead of copying resources
-- Found builtin_interfaces: 1.2.1 (/opt/ros/humble/share/builtin_interfaces/cmake)
-- Found rosidl_generator_c: 3.1.6 (/opt/ros/humble/share/rosidl_generator_c/cmake)
-- Found rosidl_adapter: 3.1.6 (/opt/ros/humble/share/rosidl_adapter/cmake)
-- Found rosidl_generator_cpp: 3.1.6 (/opt/ros/humble/share/rosidl_generator_cpp/cmake)
-- Using all available rosidl_typesupport_c: rosidl_typesupport_fastrtps_c;rosidl_typesupport_introspection_c
-- Using all available rosidl_typesupport_cpp: rosidl_typesupport_fastrtps_cpp;rosidl_typesupport_introspection_cpp
-- Found geometry_msgs: 4.8.0 (/opt/ros/humble/share/geometry_msgs/cmake)
-- Found orocos_kdl_vendor: 0.2.5 (/opt/ros/humble/share/orocos_kdl_vendor/cmake)
-- Found eigen3_cmake_module: 0.1.1 (/opt/ros/humble/share/eigen3_cmake_module/cmake)
-- Found Eigen3: TRUE (found version "3.4.0") 
-- Ensuring Eigen3 include directory is part of orocos-kdl CMake target
-- Found tf2: 0.44.0 (/home/yug/agv-alpharacer/alpha-RACER/ros2_ws/src/install/tf2/share/tf2/cmake)
-- Found tf2_ros: 0.44.0 (/home/yug/agv-alpharacer/alpha-RACER/ros2_ws/src/install/tf2_ros/share/tf2_ros/cmake)
-- Found rmw_implementation_cmake: 6.1.2 (/opt/ros/humble/share/rmw_implementation_cmake/cmake)
-- Found rmw_fastrtps_cpp: 6.2.7 (/opt/ros/humble/share/rmw_fastrtps_cpp/cmake)
-- Found OpenSSL: /usr/lib/x86_64-linux-gnu/libcrypto.so (found version "3.0.2")  
-- Found FastRTPS: /opt/ros/humble/include  
-- Using RMW implementation 'rmw_fastrtps_cpp' as default
-- Looking for pthread.h
-- Looking for pthread.h - found
-- Performing Test CMAKE_HAVE_LIBC_PTHREAD
-- Performing Test CMAKE_HAVE_LIBC_PTHREAD - Success
-- Found Threads: TRUE  
-- Found ament_cmake_gtest: 1.3.12 (/home/yug/agv-alpharacer/alpha-RACER/ros2_ws/src/install/ament_cmake_gtest/share/ament_cmake_gtest/cmake)
-- Found gtest sources under '/opt/ros/humble/src/gtest_vendor': C++ tests using 'Google Test' will be built
-- Configuring done
-- Generating done
-- Build files have been written to: /home/yug/agv-alpharacer/alpha-RACER/ros2_ws/src/build/tf2_kdl
[ 16%] [32mBuilding CXX object gtest/CMakeFiles/gtest.dir/src/gtest-all.cc.o[0m
[ 33%] [32mBuilding CXX object gtest/CMakeFiles/gtest_main.dir/src/gtest_main.cc.o[0m
[ 33%] Built target ament_cmake_python_symlink_tf2_kdl
running egg_info
creating tf2_kdl.egg-info
writing tf2_kdl.egg-info/PKG-INFO
writing dependency_links to tf2_kdl.egg-info/dependency_links.txt
writing top-level names to tf2_kdl.egg-info/top_level.txt
writing manifest file 'tf2_kdl.egg-info/SOURCES.txt'
reading manifest file 'tf2_kdl.egg-info/SOURCES.txt'
writing manifest file 'tf2_kdl.egg-info/SOURCES.txt'
[ 33%] Built target ament_cmake_python_build_tf2_kdl_egg
[ 50%] [32m[1mLinking CXX static library libgtest_main.a[0m
[ 50%] Built target gtest_main
[ 66%] [32m[1mLinking CXX static library libgtest.a[0m
[ 66%] Built target gtest
[ 83%] [32mBuilding CXX object CMakeFiles/test_kdl.dir/test/test_tf2_kdl.cpp.o[0m
[100%] [32m[1mLinking CXX executable test_kdl[0m
[100%] Built target test_kdl
-- Install configuration: ""
-- Execute custom install script
-- Symlinking: /home/yug/agv-alpharacer/alpha-RACER/ros2_ws/src/install/tf2_kdl/share/tf2_kdl/environment/pythonpath.sh
-- Symlinking: /home/yug/agv-alpharacer/alpha-RACER/ros2_ws/src/install/tf2_kdl/share/tf2_kdl/environment/pythonpath.dsv
-- Symlinking: /home/yug/agv-alpharacer/alpha-RACER/ros2_ws/src/install/tf2_kdl/local/lib/python3.10/dist-packages/tf2_kdl-0.44.0-py3.10.egg-info/PKG-INFO
-- Symlinking: /home/yug/agv-alpharacer/alpha-RACER/ros2_ws/src/install/tf2_kdl/local/lib/python3.10/dist-packages/tf2_kdl-0.44.0-py3.10.egg-info/SOURCES.txt
-- Symlinking: /home/yug/agv-alpharacer/alpha-RACER/ros2_ws/src/install/tf2_kdl/local/lib/python3.10/dist-packages/tf2_kdl-0.44.0-py3.10.egg-info/dependency_links.txt
-- Symlinking: /home/yug/agv-alpharacer/alpha-RACER/ros2_ws/src/install/tf2_kdl/local/lib/python3.10/dist-packages/tf2_kdl-0.44.0-py3.10.egg-info/top_level.txt
-- Symlinking: /home/yug/agv-alpharacer/alpha-RACER/ros2_ws/src/install/tf2_kdl/local/lib/python3.10/dist-packages/tf2_kdl/__init__.py
-- Symlinking: /home/yug/agv-alpharacer/alpha-RACER/ros2_ws/src/install/tf2_kdl/local/lib/python3.10/dist-packages/tf2_kdl/tf2_kdl.py
-- Symlinking: /home/yug/agv-alpharacer/alpha-RACER/ros2_ws/src/install/tf2_kdl/include/tf2_kdl/tf2_kdl/tf2_kdl.hpp
-- Symlinking: /home/yug/agv-alpharacer/alpha-RACER/ros2_ws/src/install/tf2_kdl/share/ament_index/resource_index/package_run_dependencies/tf2_kdl
-- Symlinking: /home/yug/agv-alpharacer/alpha-RACER/ros2_ws/src/install/tf2_kdl/share/ament_index/resource_index/parent_prefix_path/tf2_kdl
-- Symlinking: /home/yug/agv-alpharacer/alpha-RACER/ros2_ws/src/install/tf2_kdl/share/tf2_kdl/environment/ament_prefix_path.sh
-- Symlinking: /home/yug/agv-alpharacer/alpha-RACER/ros2_ws/src/install/tf2_kdl/share/tf2_kdl/environment/ament_prefix_path.dsv
-- Symlinking: /home/yug/agv-alpharacer/alpha-RACER/ros2_ws/src/install/tf2_kdl/share/tf2_kdl/environment/path.sh
-- Symlinking: /home/yug/agv-alpharacer/alpha-RACER/ros2_ws/src/install/tf2_kdl/share/tf2_kdl/environment/path.dsv
-- Symlinking: /home/yug/agv-alpharacer/alpha-RACER/ros2_ws/src/install/tf2_kdl/share/tf2_kdl/local_setup.bash
-- Symlinking: /home/yug/agv-alpharacer/alpha-RACER/ros2_ws/src/install/tf2_kdl/share/tf2_kdl/local_setup.sh
-- Symlinking: /home/yug/agv-alpharacer/alpha-RACER/ros2_ws/src/install/tf2_kdl/share/tf2_kdl/local_setup.zsh
-- Symlinking: /home/yug/agv-alpharacer/alpha-RACER/ros2_ws/src/install/tf2_kdl/share/tf2_kdl/local_setup.dsv
-- Symlinking: /home/yug/agv-alpharacer/alpha-RACER/ros2_ws/src/install/tf2_kdl/share/tf2_kdl/package.dsv
-- Symlinking: /home/yug/agv-alpharacer/alpha-RACER/ros2_ws/src/install/tf2_kdl/share/ament_index/resource_index/packages/tf2_kdl
-- Symlinking: /home/yug/agv-alpharacer/alpha-RACER/ros2_ws/src/install/tf2_kdl/share/tf2_kdl/cmake/ament_cmake_export_include_directories-extras.cmake
-- Symlinking: /home/yug/agv-alpharacer/alpha-RACER/ros2_ws/src/install/tf2_kdl/share/tf2_kdl/cmake/ament_cmake_export_targets-extras.cmake
-- Symlinking: /home/yug/agv-alpharacer/alpha-RACER/ros2_ws/src/install/tf2_kdl/share/tf2_kdl/cmake/ament_cmake_export_dependencies-extras.cmake
-- Symlinking: /home/yug/agv-alpharacer/alpha-RACER/ros2_ws/src/install/tf2_kdl/share/tf2_kdl/cmake/tf2_kdlConfig.cmake
-- Symlinking: /home/yug/agv-alpharacer/alpha-RACER/ros2_ws/src/install/tf2_kdl/share/tf2_kdl/cmake/tf2_kdlConfig-version.cmake
-- Symlinking: /home/yug/agv-alpharacer/alpha-RACER/ros2_ws/src/install/tf2_kdl/share/tf2_kdl/package.xml
Listing '/home/yug/agv-alpharacer/alpha-RACER/ros2_ws/src/install/tf2_kdl/local/lib/python3.10/dist-packages/tf2_kdl'...
Compiling '/home/yug/agv-alpharacer/alpha-RACER/ros2_ws/src/install/tf2_kdl/local/lib/python3.10/dist-packages/tf2_kdl/__init__.py'...
Compiling '/home/yug/agv-alpharacer/alpha-RACER/ros2_ws/src/install/tf2_kdl/local/lib/python3.10/dist-packages/tf2_kdl/tf2_kdl.py'...
-- Installing: /home/yug/agv-alpharacer/alpha-RACER/ros2_ws/src/install/tf2_kdl/share/tf2_kdl/cmake/export_tf2_kdlExport.cmake
