-- The C compiler identification is GNU 11.4.0
-- The CXX compiler identification is GNU 11.4.0
-- Detecting C compiler ABI info
-- Detecting C compiler ABI info - done
-- Check for working C compiler: /usr/bin/cc - skipped
-- Detecting C compile features
-- Detecting C compile features - done
-- Detecting CXX compiler ABI info
-- Detecting CXX compiler ABI info - done
-- Check for working CXX compiler: /usr/bin/c++ - skipped
-- Detecting CXX compile features
-- Detecting CXX compile features - done
-- Found ament_cmake_ros: 0.10.0 (/opt/ros/humble/share/ament_cmake_ros/cmake)
-- Found Python3: /usr/bin/python3 (found version "3.10.12") found components: Interpreter 
-- Override CMake install command with custom implementation using symlinks instead of copying resources
-- Found ament_index_cpp: 1.4.0 (/opt/ros/humble/share/ament_index_cpp/cmake)
-- Found libcurl_vendor: 3.1.3 (/home/yug/agv-alpharacer/alpha-RACER/ros2_ws/install/libcurl_vendor/share/libcurl_vendor/cmake)
-- Found PkgConfig: /usr/bin/pkg-config (found version "0.29.2") 
-- Checking for one of the modules 'libcurl'
-- library: curl
-- Found ament_lint_auto: 0.12.12 (/opt/ros/humble/share/ament_lint_auto/cmake)
-- Found gtest sources under '/opt/ros/humble/src/gtest_vendor': C++ tests using 'Google Test' will be built
-- Looking for pthread.h
-- Looking for pthread.h - found
-- Performing Test CMAKE_HAVE_LIBC_PTHREAD
-- Performing Test CMAKE_HAVE_LIBC_PTHREAD - Success
-- Found Threads: TRUE  
-- Found PythonInterp: /usr/bin/python3 (found suitable version "3.10.12", minimum required is "3.6") 
-- Found PythonLibs: /usr/lib/x86_64-linux-gnu/libpython3.10.so (found suitable version "3.10.12", minimum required is "3.5") 
-- Using PYTHON_EXECUTABLE: /usr/bin/python3
-- Using PYTHON_INCLUDE_DIRS: /usr/include/python3.10
-- Using PYTHON_LIBRARIES: /usr/lib/x86_64-linux-gnu/libpython3.10.so
-- Found PythonExtra: .so  
-- Added test 'copyright' to check source files copyright and LICENSE
-- Added test 'cpplint' to check C / C++ code against the Google style
-- Configured cpplint exclude dirs and/or files: 
-- Added test 'flake8' to check Python code syntax and style conventions
-- Added test 'lint_cmake' to check CMake code style
-- Added test 'pep257' to check Python code against some of the docstring style conventions in PEP 257
-- Added test 'xmllint' to check XML markup files
-- Configuring done
-- Generating done
-- Build files have been written to: /home/yug/agv-alpharacer/alpha-RACER/ros2_ws/build/resource_retriever
[ 12%] [32mBuilding CXX object CMakeFiles/resource_retriever.dir/src/retriever.cpp.o[0m
[ 37%] [32mBuilding CXX object gtest/CMakeFiles/gtest.dir/src/gtest-all.cc.o[0m
[ 37%] [32mBuilding CXX object gtest/CMakeFiles/gtest_main.dir/src/gtest_main.cc.o[0m
[ 37%] Built target ament_cmake_python_symlink_resource_retriever
running egg_info
creating resource_retriever.egg-info
writing resource_retriever.egg-info/PKG-INFO
writing dependency_links to resource_retriever.egg-info/dependency_links.txt
writing top-level names to resource_retriever.egg-info/top_level.txt
writing manifest file 'resource_retriever.egg-info/SOURCES.txt'
reading manifest file 'resource_retriever.egg-info/SOURCES.txt'
writing manifest file 'resource_retriever.egg-info/SOURCES.txt'
[ 37%] Built target ament_cmake_python_build_resource_retriever_egg
[ 50%] [32m[1mLinking CXX shared library libresource_retriever.so[0m
[ 50%] Built target resource_retriever
[ 62%] [32m[1mLinking CXX static library libgtest_main.a[0m
[ 62%] Built target gtest_main
[ 75%] [32m[1mLinking CXX static library libgtest.a[0m
[ 75%] Built target gtest
[ 87%] [32mBuilding CXX object CMakeFiles/resource_retriever_test.dir/test/test.cpp.o[0m
[100%] [32m[1mLinking CXX executable resource_retriever_test[0m
[100%] Built target resource_retriever_test
-- Install configuration: ""
-- Execute custom install script
-- Symlinking: /home/yug/agv-alpharacer/alpha-RACER/ros2_ws/install/resource_retriever/share/resource_retriever/environment/library_path.sh
-- Symlinking: /home/yug/agv-alpharacer/alpha-RACER/ros2_ws/install/resource_retriever/share/resource_retriever/environment/library_path.dsv
-- Symlinking: /home/yug/agv-alpharacer/alpha-RACER/ros2_ws/install/resource_retriever/share/resource_retriever/environment/pythonpath.sh
-- Symlinking: /home/yug/agv-alpharacer/alpha-RACER/ros2_ws/install/resource_retriever/share/resource_retriever/environment/pythonpath.dsv
-- Symlinking: /home/yug/agv-alpharacer/alpha-RACER/ros2_ws/install/resource_retriever/local/lib/python3.10/dist-packages/resource_retriever-3.1.3-py3.10.egg-info/PKG-INFO
-- Symlinking: /home/yug/agv-alpharacer/alpha-RACER/ros2_ws/install/resource_retriever/local/lib/python3.10/dist-packages/resource_retriever-3.1.3-py3.10.egg-info/SOURCES.txt
-- Symlinking: /home/yug/agv-alpharacer/alpha-RACER/ros2_ws/install/resource_retriever/local/lib/python3.10/dist-packages/resource_retriever-3.1.3-py3.10.egg-info/dependency_links.txt
-- Symlinking: /home/yug/agv-alpharacer/alpha-RACER/ros2_ws/install/resource_retriever/local/lib/python3.10/dist-packages/resource_retriever-3.1.3-py3.10.egg-info/top_level.txt
-- Symlinking: /home/yug/agv-alpharacer/alpha-RACER/ros2_ws/install/resource_retriever/local/lib/python3.10/dist-packages/resource_retriever/__init__.py
-- Symlinking: /home/yug/agv-alpharacer/alpha-RACER/ros2_ws/install/resource_retriever/share/resource_retriever/test/test.txt
-- Symlinking: /home/yug/agv-alpharacer/alpha-RACER/ros2_ws/install/resource_retriever/include/resource_retriever/resource_retriever/retriever.hpp
-- Symlinking: /home/yug/agv-alpharacer/alpha-RACER/ros2_ws/install/resource_retriever/include/resource_retriever/resource_retriever/visibility_control.hpp
-- Symlinking: /home/yug/agv-alpharacer/alpha-RACER/ros2_ws/install/resource_retriever/share/ament_index/resource_index/package_run_dependencies/resource_retriever
-- Symlinking: /home/yug/agv-alpharacer/alpha-RACER/ros2_ws/install/resource_retriever/share/ament_index/resource_index/parent_prefix_path/resource_retriever
-- Symlinking: /home/yug/agv-alpharacer/alpha-RACER/ros2_ws/install/resource_retriever/share/resource_retriever/environment/ament_prefix_path.sh
-- Symlinking: /home/yug/agv-alpharacer/alpha-RACER/ros2_ws/install/resource_retriever/share/resource_retriever/environment/ament_prefix_path.dsv
-- Symlinking: /home/yug/agv-alpharacer/alpha-RACER/ros2_ws/install/resource_retriever/share/resource_retriever/environment/path.sh
-- Symlinking: /home/yug/agv-alpharacer/alpha-RACER/ros2_ws/install/resource_retriever/share/resource_retriever/environment/path.dsv
-- Symlinking: /home/yug/agv-alpharacer/alpha-RACER/ros2_ws/install/resource_retriever/share/resource_retriever/local_setup.bash
-- Symlinking: /home/yug/agv-alpharacer/alpha-RACER/ros2_ws/install/resource_retriever/share/resource_retriever/local_setup.sh
-- Symlinking: /home/yug/agv-alpharacer/alpha-RACER/ros2_ws/install/resource_retriever/share/resource_retriever/local_setup.zsh
-- Symlinking: /home/yug/agv-alpharacer/alpha-RACER/ros2_ws/install/resource_retriever/share/resource_retriever/local_setup.dsv
-- Symlinking: /home/yug/agv-alpharacer/alpha-RACER/ros2_ws/install/resource_retriever/share/resource_retriever/package.dsv
-- Symlinking: /home/yug/agv-alpharacer/alpha-RACER/ros2_ws/install/resource_retriever/share/ament_index/resource_index/packages/resource_retriever
-- Symlinking: /home/yug/agv-alpharacer/alpha-RACER/ros2_ws/install/resource_retriever/share/resource_retriever/cmake/ament_cmake_export_include_directories-extras.cmake
-- Symlinking: /home/yug/agv-alpharacer/alpha-RACER/ros2_ws/install/resource_retriever/share/resource_retriever/cmake/ament_cmake_export_targets-extras.cmake
-- Symlinking: /home/yug/agv-alpharacer/alpha-RACER/ros2_ws/install/resource_retriever/share/resource_retriever/cmake/ament_cmake_export_dependencies-extras.cmake
-- Symlinking: /home/yug/agv-alpharacer/alpha-RACER/ros2_ws/install/resource_retriever/share/resource_retriever/cmake/resource_retrieverConfig.cmake
-- Symlinking: /home/yug/agv-alpharacer/alpha-RACER/ros2_ws/install/resource_retriever/share/resource_retriever/cmake/resource_retrieverConfig-version.cmake
-- Symlinking: /home/yug/agv-alpharacer/alpha-RACER/ros2_ws/install/resource_retriever/share/resource_retriever/package.xml
Listing '/home/yug/agv-alpharacer/alpha-RACER/ros2_ws/install/resource_retriever/local/lib/python3.10/dist-packages/resource_retriever'...
Compiling '/home/yug/agv-alpharacer/alpha-RACER/ros2_ws/install/resource_retriever/local/lib/python3.10/dist-packages/resource_retriever/__init__.py'...
-- Installing: /home/yug/agv-alpharacer/alpha-RACER/ros2_ws/install/resource_retriever/lib/libresource_retriever.so
-- Set runtime path of "/home/yug/agv-alpharacer/alpha-RACER/ros2_ws/install/resource_retriever/lib/libresource_retriever.so" to ""
-- Installing: /home/yug/agv-alpharacer/alpha-RACER/ros2_ws/install/resource_retriever/share/resource_retriever/cmake/resource_retrieverExport.cmake
-- Installing: /home/yug/agv-alpharacer/alpha-RACER/ros2_ws/install/resource_retriever/share/resource_retriever/cmake/resource_retrieverExport-noconfig.cmake
