[0.033s] Invoking command in '/home/yug/agv-alpharacer/alpha-RACER/ros2_ws/build/resource_retriever': AMENT_PREFIX_PATH=/home/yug/agv-alpharacer/alpha-RACER/ros2_ws/install/libcurl_vendor:${AMENT_PREFIX_PATH} CMAKE_PREFIX_PATH=/home/yug/agv-alpharacer/alpha-RACER/ros2_ws/install/libcurl_vendor:/home/yug/agv-alpharacer/alpha-RACER/ros2_ws/install/ament_cmake:/home/yug/agv-alpharacer/alpha-RACER/ros2_ws/install/ament_cmake_gen_version_h:/home/yug/agv-alpharacer/alpha-RACER/ros2_ws/install/ament_cmake_pytest:/home/yug/agv-alpharacer/alpha-RACER/ros2_ws/install/ament_cmake_gtest:/home/yug/agv-alpharacer/alpha-RACER/ros2_ws/install/ament_cmake_test:/home/yug/agv-alpharacer/alpha-RACER/ros2_ws/install/ament_cmake_target_dependencies:/home/yug/agv-alpharacer/alpha-RACER/ros2_ws/install/ament_cmake_export_targets:/home/yug/agv-alpharacer/alpha-RACER/ros2_ws/install/ament_cmake_export_interfaces:/home/yug/agv-alpharacer/alpha-RACER/ros2_ws/install/ament_cmake_export_dependencies:/home/yug/agv-alpharacer/alpha-RACER/ros2_ws/install/ament_cmake_version:/home/yug/agv-alpharacer/alpha-RACER/ros2_ws/install/ament_cmake_python:/home/yug/agv-alpharacer/alpha-RACER/ros2_ws/install/ament_cmake_libraries:/home/yug/agv-alpharacer/alpha-RACER/ros2_ws/install/ament_cmake_include_directories:/home/yug/agv-alpharacer/alpha-RACER/ros2_ws/install/ament_cmake_export_link_flags:/home/yug/agv-alpharacer/alpha-RACER/ros2_ws/install/ament_cmake_export_libraries:/home/yug/agv-alpharacer/alpha-RACER/ros2_ws/install/ament_cmake_export_include_directories:/home/yug/agv-alpharacer/alpha-RACER/ros2_ws/install/ament_cmake_export_definitions:/home/yug/agv-alpharacer/alpha-RACER/ros2_ws/install/ament_cmake_core:/home/yug/agv-alpharacer/alpha-RACER/ros2_ws/install/geometry2:/home/yug/agv-alpharacer/alpha-RACER/ros2_ws/install/tf2_sensor_msgs:/home/yug/agv-alpharacer/alpha-RACER/ros2_ws/install/test_tf2:/home/yug/agv-alpharacer/alpha-RACER/ros2_ws/install/tf2_kdl:/home/yug/agv-alpharacer/alpha-RACER/ros2_ws/install/tf2_geometry_msgs:/home/yug/agv-alpharacer/alpha-RACER/ros2_ws/install/tf2_ros:/home/yug/agv-alpharacer/alpha-RACER/ros2_ws/install/tf2_py:/home/yug/agv-alpharacer/alpha-RACER/ros2_ws/install/tf2_msgs:/home/yug/agv-alpharacer/alpha-RACER/ros2_ws/install/tf2_eigen_kdl:/home/yug/agv-alpharacer/alpha-RACER/ros2_ws/install/tf2:/home/yug/agv-alpharacer/alpha-RACER/ros2_ws/install/foxglove_bridge:/home/yug/agv-alpharacer/alpha-RACER/ros2_ws/install/rosx_introspection:/home/yug/agv-alpharacer/alpha-RACER/ros2_ws/install/network_bridge:/home/yug/agv-alpharacer/alpha-RACER/ros2_ws/install/my_robot_description:/home/yug/agv-alpharacer/alpha-RACER/ros2_ws/install/my_custom_msgs:/home/yug/agv-alpharacer/alpha-RACER/ros2_ws/install/ament_cmake_google_benchmark:/home/yug/agv-alpharacer/alpha-RACER/ros2_ws/install/google_benchmark_vendor:/home/yug/agv-alpharacer/alpha-RACER/ros2_ws/install/ament_cmake_auto:/home/yug/agv-alpharacer/alpha-RACER/ros2_ws/install/ament_cmake_vendor_package:/home/yug/agv-alpharacer/alpha-RACER/ros2_ws/install/ament_cmake_nose:/home/yug/agv-alpharacer/alpha-RACER/ros2_ws/install/ament_cmake_gmock:/home/yug/agv-alpharacer/alpha-RACER/ros2_ws/install/ackermann_msgs:/home/yug/agv-alpharacer/alpha-RACER/ros2_ws/install/tf_transformations:/home/yug/agv-alpharacer/alpha-RACER/ros2_ws/install/tf2_tools:/home/yug/agv-alpharacer/alpha-RACER/ros2_ws/install/examples_tf2_py:/home/yug/agv-alpharacer/alpha-RACER/ros2_ws/install/tf2_ros_py:/home/yug/agv-alpharacer/alpha-RACER/ros2_ws/install/tf2_eigen:/home/yug/agv-alpharacer/alpha-RACER/ros2_ws/install/tf2_bullet:/opt/ros/humble CONDA_PROMPT_MODIFIER=(alpharacer) LD_LIBRARY_PATH=/home/yug/agv-alpharacer/alpha-RACER/ros2_ws/install/libcurl_vendor/opt/libcurl_vendor/lib:${LD_LIBRARY_PATH} /usr/bin/cmake /home/yug/agv-alpharacer/alpha-RACER/ros2_ws/src/resource_retriever/resource_retriever -DAMENT_CMAKE_SYMLINK_INSTALL=1 -DCMAKE_INSTALL_PREFIX=/home/yug/agv-alpharacer/alpha-RACER/ros2_ws/install/resource_retriever
[0.035s] /usr/bin/cmake: /home/yug/agv-alpharacer/alpha-RACER/ros2_ws/install/libcurl_vendor/opt/libcurl_vendor/lib/libcurl.so.4: no version information available (required by /usr/bin/cmake)
[0.091s] -- The C compiler identification is GNU 11.4.0
[0.149s] -- The CXX compiler identification is GNU 11.4.0
[0.157s] -- Detecting C compiler ABI info
[0.225s] -- Detecting C compiler ABI info - done
[0.231s] -- Check for working C compiler: /usr/bin/cc - skipped
[0.231s] -- Detecting C compile features
[0.231s] -- Detecting C compile features - done
[0.234s] -- Detecting CXX compiler ABI info
[0.310s] -- Detecting CXX compiler ABI info - done
[0.316s] -- Check for working CXX compiler: /usr/bin/c++ - skipped
[0.316s] -- Detecting CXX compile features
[0.316s] -- Detecting CXX compile features - done
[0.323s] -- Found ament_cmake_ros: 0.10.0 (/opt/ros/humble/share/ament_cmake_ros/cmake)
[0.477s] -- Found Python3: /usr/bin/python3 (found version "3.10.12") found components: Interpreter 
[0.543s] -- Override CMake install command with custom implementation using symlinks instead of copying resources
[0.571s] -- Found ament_index_cpp: 1.4.0 (/opt/ros/humble/share/ament_index_cpp/cmake)
[0.572s] -- Found libcurl_vendor: 3.1.3 (/home/yug/agv-alpharacer/alpha-RACER/ros2_ws/install/libcurl_vendor/share/libcurl_vendor/cmake)
[0.602s] [33mCMake Warning (dev) at /usr/share/cmake-3.22/Modules/FindPackageHandleStandardArgs.cmake:438 (message):
[0.602s]   The package name passed to `find_package_handle_standard_args` (PkgConfig)
[0.602s]   does not match the name of the calling package (libcurl_vendor).  This can
[0.603s]   lead to problems in calling code that expects `find_package` result
[0.603s]   variables (e.g., `_FOUND`) to follow a certain pattern.
[0.603s] Call Stack (most recent call first):
[0.603s]   /usr/share/cmake-3.22/Modules/FindPkgConfig.cmake:99 (find_package_handle_standard_args)
[0.603s]   /home/yug/agv-alpharacer/alpha-RACER/ros2_ws/install/libcurl_vendor/share/libcurl_vendor/cmake/libcurl_vendor-extras.cmake:21 (include)
[0.603s]   /home/yug/agv-alpharacer/alpha-RACER/ros2_ws/install/libcurl_vendor/share/libcurl_vendor/cmake/libcurl_vendorConfig.cmake:41 (include)
[0.603s]   CMakeLists.txt:16 (find_package)
[0.603s] This warning is for project developers.  Use -Wno-dev to suppress it.
[0.603s] [0m
[0.603s] -- Found PkgConfig: /usr/bin/pkg-config (found version "0.29.2") 
[0.603s] -- Checking for one of the modules 'libcurl'
[0.668s] -- library: curl
[0.777s] -- Found ament_lint_auto: 0.12.12 (/opt/ros/humble/share/ament_lint_auto/cmake)
[0.935s] -- Found gtest sources under '/opt/ros/humble/src/gtest_vendor': C++ tests using 'Google Test' will be built
[0.938s] -- Looking for pthread.h
[1.021s] -- Looking for pthread.h - found
[1.021s] -- Performing Test CMAKE_HAVE_LIBC_PTHREAD
[1.104s] -- Performing Test CMAKE_HAVE_LIBC_PTHREAD - Success
[1.105s] -- Found Threads: TRUE  
[1.128s] -- Found PythonInterp: /usr/bin/python3 (found suitable version "3.10.12", minimum required is "3.6") 
[1.135s] -- Found PythonLibs: /usr/lib/x86_64-linux-gnu/libpython3.10.so (found suitable version "3.10.12", minimum required is "3.5") 
[1.135s] -- Using PYTHON_EXECUTABLE: /usr/bin/python3
[1.135s] -- Using PYTHON_INCLUDE_DIRS: /usr/include/python3.10
[1.135s] -- Using PYTHON_LIBRARIES: /usr/lib/x86_64-linux-gnu/libpython3.10.so
[1.153s] -- Found PythonExtra: .so  
[1.526s] -- Added test 'copyright' to check source files copyright and LICENSE
[1.528s] -- Added test 'cpplint' to check C / C++ code against the Google style
[1.528s] -- Configured cpplint exclude dirs and/or files: 
[1.529s] -- Added test 'flake8' to check Python code syntax and style conventions
[1.530s] -- Added test 'lint_cmake' to check CMake code style
[1.532s] -- Added test 'pep257' to check Python code against some of the docstring style conventions in PEP 257
[1.533s] -- Added test 'xmllint' to check XML markup files
[1.537s] -- Configuring done
[1.548s] -- Generating done
[1.551s] -- Build files have been written to: /home/yug/agv-alpharacer/alpha-RACER/ros2_ws/build/resource_retriever
[1.558s] Invoked command in '/home/yug/agv-alpharacer/alpha-RACER/ros2_ws/build/resource_retriever' returned '0': AMENT_PREFIX_PATH=/home/yug/agv-alpharacer/alpha-RACER/ros2_ws/install/libcurl_vendor:${AMENT_PREFIX_PATH} CMAKE_PREFIX_PATH=/home/yug/agv-alpharacer/alpha-RACER/ros2_ws/install/libcurl_vendor:/home/yug/agv-alpharacer/alpha-RACER/ros2_ws/install/ament_cmake:/home/yug/agv-alpharacer/alpha-RACER/ros2_ws/install/ament_cmake_gen_version_h:/home/yug/agv-alpharacer/alpha-RACER/ros2_ws/install/ament_cmake_pytest:/home/yug/agv-alpharacer/alpha-RACER/ros2_ws/install/ament_cmake_gtest:/home/yug/agv-alpharacer/alpha-RACER/ros2_ws/install/ament_cmake_test:/home/yug/agv-alpharacer/alpha-RACER/ros2_ws/install/ament_cmake_target_dependencies:/home/yug/agv-alpharacer/alpha-RACER/ros2_ws/install/ament_cmake_export_targets:/home/yug/agv-alpharacer/alpha-RACER/ros2_ws/install/ament_cmake_export_interfaces:/home/yug/agv-alpharacer/alpha-RACER/ros2_ws/install/ament_cmake_export_dependencies:/home/yug/agv-alpharacer/alpha-RACER/ros2_ws/install/ament_cmake_version:/home/yug/agv-alpharacer/alpha-RACER/ros2_ws/install/ament_cmake_python:/home/yug/agv-alpharacer/alpha-RACER/ros2_ws/install/ament_cmake_libraries:/home/yug/agv-alpharacer/alpha-RACER/ros2_ws/install/ament_cmake_include_directories:/home/yug/agv-alpharacer/alpha-RACER/ros2_ws/install/ament_cmake_export_link_flags:/home/yug/agv-alpharacer/alpha-RACER/ros2_ws/install/ament_cmake_export_libraries:/home/yug/agv-alpharacer/alpha-RACER/ros2_ws/install/ament_cmake_export_include_directories:/home/yug/agv-alpharacer/alpha-RACER/ros2_ws/install/ament_cmake_export_definitions:/home/yug/agv-alpharacer/alpha-RACER/ros2_ws/install/ament_cmake_core:/home/yug/agv-alpharacer/alpha-RACER/ros2_ws/install/geometry2:/home/yug/agv-alpharacer/alpha-RACER/ros2_ws/install/tf2_sensor_msgs:/home/yug/agv-alpharacer/alpha-RACER/ros2_ws/install/test_tf2:/home/yug/agv-alpharacer/alpha-RACER/ros2_ws/install/tf2_kdl:/home/yug/agv-alpharacer/alpha-RACER/ros2_ws/install/tf2_geometry_msgs:/home/yug/agv-alpharacer/alpha-RACER/ros2_ws/install/tf2_ros:/home/yug/agv-alpharacer/alpha-RACER/ros2_ws/install/tf2_py:/home/yug/agv-alpharacer/alpha-RACER/ros2_ws/install/tf2_msgs:/home/yug/agv-alpharacer/alpha-RACER/ros2_ws/install/tf2_eigen_kdl:/home/yug/agv-alpharacer/alpha-RACER/ros2_ws/install/tf2:/home/yug/agv-alpharacer/alpha-RACER/ros2_ws/install/foxglove_bridge:/home/yug/agv-alpharacer/alpha-RACER/ros2_ws/install/rosx_introspection:/home/yug/agv-alpharacer/alpha-RACER/ros2_ws/install/network_bridge:/home/yug/agv-alpharacer/alpha-RACER/ros2_ws/install/my_robot_description:/home/yug/agv-alpharacer/alpha-RACER/ros2_ws/install/my_custom_msgs:/home/yug/agv-alpharacer/alpha-RACER/ros2_ws/install/ament_cmake_google_benchmark:/home/yug/agv-alpharacer/alpha-RACER/ros2_ws/install/google_benchmark_vendor:/home/yug/agv-alpharacer/alpha-RACER/ros2_ws/install/ament_cmake_auto:/home/yug/agv-alpharacer/alpha-RACER/ros2_ws/install/ament_cmake_vendor_package:/home/yug/agv-alpharacer/alpha-RACER/ros2_ws/install/ament_cmake_nose:/home/yug/agv-alpharacer/alpha-RACER/ros2_ws/install/ament_cmake_gmock:/home/yug/agv-alpharacer/alpha-RACER/ros2_ws/install/ackermann_msgs:/home/yug/agv-alpharacer/alpha-RACER/ros2_ws/install/tf_transformations:/home/yug/agv-alpharacer/alpha-RACER/ros2_ws/install/tf2_tools:/home/yug/agv-alpharacer/alpha-RACER/ros2_ws/install/examples_tf2_py:/home/yug/agv-alpharacer/alpha-RACER/ros2_ws/install/tf2_ros_py:/home/yug/agv-alpharacer/alpha-RACER/ros2_ws/install/tf2_eigen:/home/yug/agv-alpharacer/alpha-RACER/ros2_ws/install/tf2_bullet:/opt/ros/humble CONDA_PROMPT_MODIFIER=(alpharacer) LD_LIBRARY_PATH=/home/yug/agv-alpharacer/alpha-RACER/ros2_ws/install/libcurl_vendor/opt/libcurl_vendor/lib:${LD_LIBRARY_PATH} /usr/bin/cmake /home/yug/agv-alpharacer/alpha-RACER/ros2_ws/src/resource_retriever/resource_retriever -DAMENT_CMAKE_SYMLINK_INSTALL=1 -DCMAKE_INSTALL_PREFIX=/home/yug/agv-alpharacer/alpha-RACER/ros2_ws/install/resource_retriever
[1.560s] Invoking command in '/home/yug/agv-alpharacer/alpha-RACER/ros2_ws/build/resource_retriever': AMENT_PREFIX_PATH=/home/yug/agv-alpharacer/alpha-RACER/ros2_ws/install/libcurl_vendor:${AMENT_PREFIX_PATH} CMAKE_PREFIX_PATH=/home/yug/agv-alpharacer/alpha-RACER/ros2_ws/install/libcurl_vendor:/home/yug/agv-alpharacer/alpha-RACER/ros2_ws/install/ament_cmake:/home/yug/agv-alpharacer/alpha-RACER/ros2_ws/install/ament_cmake_gen_version_h:/home/yug/agv-alpharacer/alpha-RACER/ros2_ws/install/ament_cmake_pytest:/home/yug/agv-alpharacer/alpha-RACER/ros2_ws/install/ament_cmake_gtest:/home/yug/agv-alpharacer/alpha-RACER/ros2_ws/install/ament_cmake_test:/home/yug/agv-alpharacer/alpha-RACER/ros2_ws/install/ament_cmake_target_dependencies:/home/yug/agv-alpharacer/alpha-RACER/ros2_ws/install/ament_cmake_export_targets:/home/yug/agv-alpharacer/alpha-RACER/ros2_ws/install/ament_cmake_export_interfaces:/home/yug/agv-alpharacer/alpha-RACER/ros2_ws/install/ament_cmake_export_dependencies:/home/yug/agv-alpharacer/alpha-RACER/ros2_ws/install/ament_cmake_version:/home/yug/agv-alpharacer/alpha-RACER/ros2_ws/install/ament_cmake_python:/home/yug/agv-alpharacer/alpha-RACER/ros2_ws/install/ament_cmake_libraries:/home/yug/agv-alpharacer/alpha-RACER/ros2_ws/install/ament_cmake_include_directories:/home/yug/agv-alpharacer/alpha-RACER/ros2_ws/install/ament_cmake_export_link_flags:/home/yug/agv-alpharacer/alpha-RACER/ros2_ws/install/ament_cmake_export_libraries:/home/yug/agv-alpharacer/alpha-RACER/ros2_ws/install/ament_cmake_export_include_directories:/home/yug/agv-alpharacer/alpha-RACER/ros2_ws/install/ament_cmake_export_definitions:/home/yug/agv-alpharacer/alpha-RACER/ros2_ws/install/ament_cmake_core:/home/yug/agv-alpharacer/alpha-RACER/ros2_ws/install/geometry2:/home/yug/agv-alpharacer/alpha-RACER/ros2_ws/install/tf2_sensor_msgs:/home/yug/agv-alpharacer/alpha-RACER/ros2_ws/install/test_tf2:/home/yug/agv-alpharacer/alpha-RACER/ros2_ws/install/tf2_kdl:/home/yug/agv-alpharacer/alpha-RACER/ros2_ws/install/tf2_geometry_msgs:/home/yug/agv-alpharacer/alpha-RACER/ros2_ws/install/tf2_ros:/home/yug/agv-alpharacer/alpha-RACER/ros2_ws/install/tf2_py:/home/yug/agv-alpharacer/alpha-RACER/ros2_ws/install/tf2_msgs:/home/yug/agv-alpharacer/alpha-RACER/ros2_ws/install/tf2_eigen_kdl:/home/yug/agv-alpharacer/alpha-RACER/ros2_ws/install/tf2:/home/yug/agv-alpharacer/alpha-RACER/ros2_ws/install/foxglove_bridge:/home/yug/agv-alpharacer/alpha-RACER/ros2_ws/install/rosx_introspection:/home/yug/agv-alpharacer/alpha-RACER/ros2_ws/install/network_bridge:/home/yug/agv-alpharacer/alpha-RACER/ros2_ws/install/my_robot_description:/home/yug/agv-alpharacer/alpha-RACER/ros2_ws/install/my_custom_msgs:/home/yug/agv-alpharacer/alpha-RACER/ros2_ws/install/ament_cmake_google_benchmark:/home/yug/agv-alpharacer/alpha-RACER/ros2_ws/install/google_benchmark_vendor:/home/yug/agv-alpharacer/alpha-RACER/ros2_ws/install/ament_cmake_auto:/home/yug/agv-alpharacer/alpha-RACER/ros2_ws/install/ament_cmake_vendor_package:/home/yug/agv-alpharacer/alpha-RACER/ros2_ws/install/ament_cmake_nose:/home/yug/agv-alpharacer/alpha-RACER/ros2_ws/install/ament_cmake_gmock:/home/yug/agv-alpharacer/alpha-RACER/ros2_ws/install/ackermann_msgs:/home/yug/agv-alpharacer/alpha-RACER/ros2_ws/install/tf_transformations:/home/yug/agv-alpharacer/alpha-RACER/ros2_ws/install/tf2_tools:/home/yug/agv-alpharacer/alpha-RACER/ros2_ws/install/examples_tf2_py:/home/yug/agv-alpharacer/alpha-RACER/ros2_ws/install/tf2_ros_py:/home/yug/agv-alpharacer/alpha-RACER/ros2_ws/install/tf2_eigen:/home/yug/agv-alpharacer/alpha-RACER/ros2_ws/install/tf2_bullet:/opt/ros/humble CONDA_PROMPT_MODIFIER=(alpharacer) LD_LIBRARY_PATH=/home/yug/agv-alpharacer/alpha-RACER/ros2_ws/install/libcurl_vendor/opt/libcurl_vendor/lib:${LD_LIBRARY_PATH} /usr/bin/cmake --build /home/yug/agv-alpharacer/alpha-RACER/ros2_ws/build/resource_retriever -- -j16 -l16
[1.561s] /usr/bin/cmake: /home/yug/agv-alpharacer/alpha-RACER/ros2_ws/install/libcurl_vendor/opt/libcurl_vendor/lib/libcurl.so.4: no version information available (required by /usr/bin/cmake)
[1.569s] /usr/bin/cmake: /home/yug/agv-alpharacer/alpha-RACER/ros2_ws/install/libcurl_vendor/opt/libcurl_vendor/lib/libcurl.so.4: no version information available (required by /usr/bin/cmake)
[1.578s] /usr/bin/cmake: /home/yug/agv-alpharacer/alpha-RACER/ros2_ws/install/libcurl_vendor/opt/libcurl_vendor/lib/libcurl.so.4: no version information available (required by /usr/bin/cmake)
[1.587s] /usr/bin/cmake: /home/yug/agv-alpharacer/alpha-RACER/ros2_ws/install/libcurl_vendor/opt/libcurl_vendor/lib/libcurl.so.4: no version information available (required by /usr/bin/cmake)
[1.587s] /usr/bin/cmake: /home/yug/agv-alpharacer/alpha-RACER/ros2_ws/install/libcurl_vendor/opt/libcurl_vendor/lib/libcurl.so.4: no version information available (required by /usr/bin/cmake)
[1.588s] /usr/bin/cmake: /home/yug/agv-alpharacer/alpha-RACER/ros2_ws/install/libcurl_vendor/opt/libcurl_vendor/lib/libcurl.so.4: no version information available (required by /usr/bin/cmake)
[1.588s] /usr/bin/cmake: /home/yug/agv-alpharacer/alpha-RACER/ros2_ws/install/libcurl_vendor/opt/libcurl_vendor/lib/libcurl.so.4: no version information available (required by /usr/bin/cmake)
[1.594s] /usr/bin/cmake: /home/yug/agv-alpharacer/alpha-RACER/ros2_ws/install/libcurl_vendor/opt/libcurl_vendor/lib/libcurl.so.4: no version information available (required by /usr/bin/cmake)
[1.595s] /usr/bin/cmake: /home/yug/agv-alpharacer/alpha-RACER/ros2_ws/install/libcurl_vendor/opt/libcurl_vendor/lib/libcurl.so.4: no version information available (required by /usr/bin/cmake)
[1.596s] /usr/bin/cmake: /home/yug/agv-alpharacer/alpha-RACER/ros2_ws/install/libcurl_vendor/opt/libcurl_vendor/lib/libcurl.so.4: no version information available (required by /usr/bin/cmake)
[1.596s] /usr/bin/cmake: /home/yug/agv-alpharacer/alpha-RACER/ros2_ws/install/libcurl_vendor/opt/libcurl_vendor/lib/libcurl.so.4: no version information available (required by /usr/bin/cmake)
[1.598s] [ 12%] [32mBuilding CXX object CMakeFiles/resource_retriever.dir/src/retriever.cpp.o[0m
[1.598s] [ 37%] [32mBuilding CXX object gtest/CMakeFiles/gtest.dir/src/gtest-all.cc.o[0m
[1.598s] [ 37%] [32mBuilding CXX object gtest/CMakeFiles/gtest_main.dir/src/gtest_main.cc.o[0m
[1.601s] /usr/bin/cmake: /home/yug/agv-alpharacer/alpha-RACER/ros2_ws/install/libcurl_vendor/opt/libcurl_vendor/lib/libcurl.so.4: no version information available (required by /usr/bin/cmake)
[1.604s] [ 37%] Built target ament_cmake_python_symlink_resource_retriever
[1.611s] /usr/bin/cmake: /home/yug/agv-alpharacer/alpha-RACER/ros2_ws/install/libcurl_vendor/opt/libcurl_vendor/lib/libcurl.so.4: no version information available (required by /usr/bin/cmake)
[1.864s] running egg_info
[1.865s] creating resource_retriever.egg-info
[1.865s] writing resource_retriever.egg-info/PKG-INFO
[1.865s] writing dependency_links to resource_retriever.egg-info/dependency_links.txt
[1.865s] writing top-level names to resource_retriever.egg-info/top_level.txt
[1.865s] writing manifest file 'resource_retriever.egg-info/SOURCES.txt'
[1.868s] reading manifest file 'resource_retriever.egg-info/SOURCES.txt'
[1.868s] writing manifest file 'resource_retriever.egg-info/SOURCES.txt'
[1.899s] /usr/bin/cmake: /home/yug/agv-alpharacer/alpha-RACER/ros2_ws/install/libcurl_vendor/opt/libcurl_vendor/lib/libcurl.so.4: no version information available (required by /usr/bin/cmake)
[1.902s] [ 37%] Built target ament_cmake_python_build_resource_retriever_egg
[1.905s] /usr/bin/cmake: /home/yug/agv-alpharacer/alpha-RACER/ros2_ws/install/libcurl_vendor/opt/libcurl_vendor/lib/libcurl.so.4: no version information available (required by /usr/bin/cmake)
[1.908s] [ 50%] [32m[1mLinking CXX shared library libresource_retriever.so[0m
[1.911s] /usr/bin/cmake: /home/yug/agv-alpharacer/alpha-RACER/ros2_ws/install/libcurl_vendor/opt/libcurl_vendor/lib/libcurl.so.4: no version information available (required by /usr/bin/cmake)
[1.991s] /usr/bin/cmake: /home/yug/agv-alpharacer/alpha-RACER/ros2_ws/install/libcurl_vendor/opt/libcurl_vendor/lib/libcurl.so.4: no version information available (required by /usr/bin/cmake)
[1.994s] [ 50%] Built target resource_retriever
[2.171s] /usr/bin/cmake: /home/yug/agv-alpharacer/alpha-RACER/ros2_ws/install/libcurl_vendor/opt/libcurl_vendor/lib/libcurl.so.4: no version information available (required by /usr/bin/cmake)
[2.175s] [ 62%] [32m[1mLinking CXX static library libgtest_main.a[0m
[2.179s] /usr/bin/cmake: /home/yug/agv-alpharacer/alpha-RACER/ros2_ws/install/libcurl_vendor/opt/libcurl_vendor/lib/libcurl.so.4: no version information available (required by /usr/bin/cmake)
[2.188s] /usr/bin/cmake: /home/yug/agv-alpharacer/alpha-RACER/ros2_ws/install/libcurl_vendor/opt/libcurl_vendor/lib/libcurl.so.4: no version information available (required by /usr/bin/cmake)
[2.204s] /usr/bin/cmake: /home/yug/agv-alpharacer/alpha-RACER/ros2_ws/install/libcurl_vendor/opt/libcurl_vendor/lib/libcurl.so.4: no version information available (required by /usr/bin/cmake)
[2.207s] [ 62%] Built target gtest_main
[4.005s] /usr/bin/cmake: /home/yug/agv-alpharacer/alpha-RACER/ros2_ws/install/libcurl_vendor/opt/libcurl_vendor/lib/libcurl.so.4: no version information available (required by /usr/bin/cmake)
[4.008s] [ 75%] [32m[1mLinking CXX static library libgtest.a[0m
[4.014s] /usr/bin/cmake: /home/yug/agv-alpharacer/alpha-RACER/ros2_ws/install/libcurl_vendor/opt/libcurl_vendor/lib/libcurl.so.4: no version information available (required by /usr/bin/cmake)
[4.022s] /usr/bin/cmake: /home/yug/agv-alpharacer/alpha-RACER/ros2_ws/install/libcurl_vendor/opt/libcurl_vendor/lib/libcurl.so.4: no version information available (required by /usr/bin/cmake)
[4.062s] /usr/bin/cmake: /home/yug/agv-alpharacer/alpha-RACER/ros2_ws/install/libcurl_vendor/opt/libcurl_vendor/lib/libcurl.so.4: no version information available (required by /usr/bin/cmake)
[4.065s] [ 75%] Built target gtest
[4.072s] /usr/bin/cmake: /home/yug/agv-alpharacer/alpha-RACER/ros2_ws/install/libcurl_vendor/opt/libcurl_vendor/lib/libcurl.so.4: no version information available (required by /usr/bin/cmake)
[4.080s] /usr/bin/cmake: /home/yug/agv-alpharacer/alpha-RACER/ros2_ws/install/libcurl_vendor/opt/libcurl_vendor/lib/libcurl.so.4: no version information available (required by /usr/bin/cmake)
[4.083s] [ 87%] [32mBuilding CXX object CMakeFiles/resource_retriever_test.dir/test/test.cpp.o[0m
[4.652s] /usr/bin/cmake: /home/yug/agv-alpharacer/alpha-RACER/ros2_ws/install/libcurl_vendor/opt/libcurl_vendor/lib/libcurl.so.4: no version information available (required by /usr/bin/cmake)
[4.655s] [100%] [32m[1mLinking CXX executable resource_retriever_test[0m
[4.658s] /usr/bin/cmake: /home/yug/agv-alpharacer/alpha-RACER/ros2_ws/install/libcurl_vendor/opt/libcurl_vendor/lib/libcurl.so.4: no version information available (required by /usr/bin/cmake)
[4.813s] /usr/bin/cmake: /home/yug/agv-alpharacer/alpha-RACER/ros2_ws/install/libcurl_vendor/opt/libcurl_vendor/lib/libcurl.so.4: no version information available (required by /usr/bin/cmake)
[4.815s] [100%] Built target resource_retriever_test
[4.819s] /usr/bin/cmake: /home/yug/agv-alpharacer/alpha-RACER/ros2_ws/install/libcurl_vendor/opt/libcurl_vendor/lib/libcurl.so.4: no version information available (required by /usr/bin/cmake)
[4.824s] Invoked command in '/home/yug/agv-alpharacer/alpha-RACER/ros2_ws/build/resource_retriever' returned '0': AMENT_PREFIX_PATH=/home/yug/agv-alpharacer/alpha-RACER/ros2_ws/install/libcurl_vendor:${AMENT_PREFIX_PATH} CMAKE_PREFIX_PATH=/home/yug/agv-alpharacer/alpha-RACER/ros2_ws/install/libcurl_vendor:/home/yug/agv-alpharacer/alpha-RACER/ros2_ws/install/ament_cmake:/home/yug/agv-alpharacer/alpha-RACER/ros2_ws/install/ament_cmake_gen_version_h:/home/yug/agv-alpharacer/alpha-RACER/ros2_ws/install/ament_cmake_pytest:/home/yug/agv-alpharacer/alpha-RACER/ros2_ws/install/ament_cmake_gtest:/home/yug/agv-alpharacer/alpha-RACER/ros2_ws/install/ament_cmake_test:/home/yug/agv-alpharacer/alpha-RACER/ros2_ws/install/ament_cmake_target_dependencies:/home/yug/agv-alpharacer/alpha-RACER/ros2_ws/install/ament_cmake_export_targets:/home/yug/agv-alpharacer/alpha-RACER/ros2_ws/install/ament_cmake_export_interfaces:/home/yug/agv-alpharacer/alpha-RACER/ros2_ws/install/ament_cmake_export_dependencies:/home/yug/agv-alpharacer/alpha-RACER/ros2_ws/install/ament_cmake_version:/home/yug/agv-alpharacer/alpha-RACER/ros2_ws/install/ament_cmake_python:/home/yug/agv-alpharacer/alpha-RACER/ros2_ws/install/ament_cmake_libraries:/home/yug/agv-alpharacer/alpha-RACER/ros2_ws/install/ament_cmake_include_directories:/home/yug/agv-alpharacer/alpha-RACER/ros2_ws/install/ament_cmake_export_link_flags:/home/yug/agv-alpharacer/alpha-RACER/ros2_ws/install/ament_cmake_export_libraries:/home/yug/agv-alpharacer/alpha-RACER/ros2_ws/install/ament_cmake_export_include_directories:/home/yug/agv-alpharacer/alpha-RACER/ros2_ws/install/ament_cmake_export_definitions:/home/yug/agv-alpharacer/alpha-RACER/ros2_ws/install/ament_cmake_core:/home/yug/agv-alpharacer/alpha-RACER/ros2_ws/install/geometry2:/home/yug/agv-alpharacer/alpha-RACER/ros2_ws/install/tf2_sensor_msgs:/home/yug/agv-alpharacer/alpha-RACER/ros2_ws/install/test_tf2:/home/yug/agv-alpharacer/alpha-RACER/ros2_ws/install/tf2_kdl:/home/yug/agv-alpharacer/alpha-RACER/ros2_ws/install/tf2_geometry_msgs:/home/yug/agv-alpharacer/alpha-RACER/ros2_ws/install/tf2_ros:/home/yug/agv-alpharacer/alpha-RACER/ros2_ws/install/tf2_py:/home/yug/agv-alpharacer/alpha-RACER/ros2_ws/install/tf2_msgs:/home/yug/agv-alpharacer/alpha-RACER/ros2_ws/install/tf2_eigen_kdl:/home/yug/agv-alpharacer/alpha-RACER/ros2_ws/install/tf2:/home/yug/agv-alpharacer/alpha-RACER/ros2_ws/install/foxglove_bridge:/home/yug/agv-alpharacer/alpha-RACER/ros2_ws/install/rosx_introspection:/home/yug/agv-alpharacer/alpha-RACER/ros2_ws/install/network_bridge:/home/yug/agv-alpharacer/alpha-RACER/ros2_ws/install/my_robot_description:/home/yug/agv-alpharacer/alpha-RACER/ros2_ws/install/my_custom_msgs:/home/yug/agv-alpharacer/alpha-RACER/ros2_ws/install/ament_cmake_google_benchmark:/home/yug/agv-alpharacer/alpha-RACER/ros2_ws/install/google_benchmark_vendor:/home/yug/agv-alpharacer/alpha-RACER/ros2_ws/install/ament_cmake_auto:/home/yug/agv-alpharacer/alpha-RACER/ros2_ws/install/ament_cmake_vendor_package:/home/yug/agv-alpharacer/alpha-RACER/ros2_ws/install/ament_cmake_nose:/home/yug/agv-alpharacer/alpha-RACER/ros2_ws/install/ament_cmake_gmock:/home/yug/agv-alpharacer/alpha-RACER/ros2_ws/install/ackermann_msgs:/home/yug/agv-alpharacer/alpha-RACER/ros2_ws/install/tf_transformations:/home/yug/agv-alpharacer/alpha-RACER/ros2_ws/install/tf2_tools:/home/yug/agv-alpharacer/alpha-RACER/ros2_ws/install/examples_tf2_py:/home/yug/agv-alpharacer/alpha-RACER/ros2_ws/install/tf2_ros_py:/home/yug/agv-alpharacer/alpha-RACER/ros2_ws/install/tf2_eigen:/home/yug/agv-alpharacer/alpha-RACER/ros2_ws/install/tf2_bullet:/opt/ros/humble CONDA_PROMPT_MODIFIER=(alpharacer) LD_LIBRARY_PATH=/home/yug/agv-alpharacer/alpha-RACER/ros2_ws/install/libcurl_vendor/opt/libcurl_vendor/lib:${LD_LIBRARY_PATH} /usr/bin/cmake --build /home/yug/agv-alpharacer/alpha-RACER/ros2_ws/build/resource_retriever -- -j16 -l16
[4.825s] Invoking command in '/home/yug/agv-alpharacer/alpha-RACER/ros2_ws/build/resource_retriever': AMENT_PREFIX_PATH=/home/yug/agv-alpharacer/alpha-RACER/ros2_ws/install/libcurl_vendor:${AMENT_PREFIX_PATH} CMAKE_PREFIX_PATH=/home/yug/agv-alpharacer/alpha-RACER/ros2_ws/install/libcurl_vendor:/home/yug/agv-alpharacer/alpha-RACER/ros2_ws/install/ament_cmake:/home/yug/agv-alpharacer/alpha-RACER/ros2_ws/install/ament_cmake_gen_version_h:/home/yug/agv-alpharacer/alpha-RACER/ros2_ws/install/ament_cmake_pytest:/home/yug/agv-alpharacer/alpha-RACER/ros2_ws/install/ament_cmake_gtest:/home/yug/agv-alpharacer/alpha-RACER/ros2_ws/install/ament_cmake_test:/home/yug/agv-alpharacer/alpha-RACER/ros2_ws/install/ament_cmake_target_dependencies:/home/yug/agv-alpharacer/alpha-RACER/ros2_ws/install/ament_cmake_export_targets:/home/yug/agv-alpharacer/alpha-RACER/ros2_ws/install/ament_cmake_export_interfaces:/home/yug/agv-alpharacer/alpha-RACER/ros2_ws/install/ament_cmake_export_dependencies:/home/yug/agv-alpharacer/alpha-RACER/ros2_ws/install/ament_cmake_version:/home/yug/agv-alpharacer/alpha-RACER/ros2_ws/install/ament_cmake_python:/home/yug/agv-alpharacer/alpha-RACER/ros2_ws/install/ament_cmake_libraries:/home/yug/agv-alpharacer/alpha-RACER/ros2_ws/install/ament_cmake_include_directories:/home/yug/agv-alpharacer/alpha-RACER/ros2_ws/install/ament_cmake_export_link_flags:/home/yug/agv-alpharacer/alpha-RACER/ros2_ws/install/ament_cmake_export_libraries:/home/yug/agv-alpharacer/alpha-RACER/ros2_ws/install/ament_cmake_export_include_directories:/home/yug/agv-alpharacer/alpha-RACER/ros2_ws/install/ament_cmake_export_definitions:/home/yug/agv-alpharacer/alpha-RACER/ros2_ws/install/ament_cmake_core:/home/yug/agv-alpharacer/alpha-RACER/ros2_ws/install/geometry2:/home/yug/agv-alpharacer/alpha-RACER/ros2_ws/install/tf2_sensor_msgs:/home/yug/agv-alpharacer/alpha-RACER/ros2_ws/install/test_tf2:/home/yug/agv-alpharacer/alpha-RACER/ros2_ws/install/tf2_kdl:/home/yug/agv-alpharacer/alpha-RACER/ros2_ws/install/tf2_geometry_msgs:/home/yug/agv-alpharacer/alpha-RACER/ros2_ws/install/tf2_ros:/home/yug/agv-alpharacer/alpha-RACER/ros2_ws/install/tf2_py:/home/yug/agv-alpharacer/alpha-RACER/ros2_ws/install/tf2_msgs:/home/yug/agv-alpharacer/alpha-RACER/ros2_ws/install/tf2_eigen_kdl:/home/yug/agv-alpharacer/alpha-RACER/ros2_ws/install/tf2:/home/yug/agv-alpharacer/alpha-RACER/ros2_ws/install/foxglove_bridge:/home/yug/agv-alpharacer/alpha-RACER/ros2_ws/install/rosx_introspection:/home/yug/agv-alpharacer/alpha-RACER/ros2_ws/install/network_bridge:/home/yug/agv-alpharacer/alpha-RACER/ros2_ws/install/my_robot_description:/home/yug/agv-alpharacer/alpha-RACER/ros2_ws/install/my_custom_msgs:/home/yug/agv-alpharacer/alpha-RACER/ros2_ws/install/ament_cmake_google_benchmark:/home/yug/agv-alpharacer/alpha-RACER/ros2_ws/install/google_benchmark_vendor:/home/yug/agv-alpharacer/alpha-RACER/ros2_ws/install/ament_cmake_auto:/home/yug/agv-alpharacer/alpha-RACER/ros2_ws/install/ament_cmake_vendor_package:/home/yug/agv-alpharacer/alpha-RACER/ros2_ws/install/ament_cmake_nose:/home/yug/agv-alpharacer/alpha-RACER/ros2_ws/install/ament_cmake_gmock:/home/yug/agv-alpharacer/alpha-RACER/ros2_ws/install/ackermann_msgs:/home/yug/agv-alpharacer/alpha-RACER/ros2_ws/install/tf_transformations:/home/yug/agv-alpharacer/alpha-RACER/ros2_ws/install/tf2_tools:/home/yug/agv-alpharacer/alpha-RACER/ros2_ws/install/examples_tf2_py:/home/yug/agv-alpharacer/alpha-RACER/ros2_ws/install/tf2_ros_py:/home/yug/agv-alpharacer/alpha-RACER/ros2_ws/install/tf2_eigen:/home/yug/agv-alpharacer/alpha-RACER/ros2_ws/install/tf2_bullet:/opt/ros/humble CONDA_PROMPT_MODIFIER=(alpharacer) LD_LIBRARY_PATH=/home/yug/agv-alpharacer/alpha-RACER/ros2_ws/install/libcurl_vendor/opt/libcurl_vendor/lib:${LD_LIBRARY_PATH} /usr/bin/cmake --install /home/yug/agv-alpharacer/alpha-RACER/ros2_ws/build/resource_retriever
[4.827s] /usr/bin/cmake: /home/yug/agv-alpharacer/alpha-RACER/ros2_ws/install/libcurl_vendor/opt/libcurl_vendor/lib/libcurl.so.4: no version information available (required by /usr/bin/cmake)
[4.830s] -- Install configuration: ""
[4.830s] -- Execute custom install script
[4.831s] -- Symlinking: /home/yug/agv-alpharacer/alpha-RACER/ros2_ws/install/resource_retriever/share/resource_retriever/environment/library_path.sh
[4.834s] /usr/bin/cmake: /home/yug/agv-alpharacer/alpha-RACER/ros2_ws/install/libcurl_vendor/opt/libcurl_vendor/lib/libcurl.so.4: no version information available (required by /usr/bin/cmake)
[4.837s] -- Symlinking: /home/yug/agv-alpharacer/alpha-RACER/ros2_ws/install/resource_retriever/share/resource_retriever/environment/library_path.dsv
[4.841s] /usr/bin/cmake: /home/yug/agv-alpharacer/alpha-RACER/ros2_ws/install/libcurl_vendor/opt/libcurl_vendor/lib/libcurl.so.4: no version information available (required by /usr/bin/cmake)
[4.844s] -- Symlinking: /home/yug/agv-alpharacer/alpha-RACER/ros2_ws/install/resource_retriever/share/resource_retriever/environment/pythonpath.sh
[4.848s] /usr/bin/cmake: /home/yug/agv-alpharacer/alpha-RACER/ros2_ws/install/libcurl_vendor/opt/libcurl_vendor/lib/libcurl.so.4: no version information available (required by /usr/bin/cmake)
[4.851s] -- Symlinking: /home/yug/agv-alpharacer/alpha-RACER/ros2_ws/install/resource_retriever/share/resource_retriever/environment/pythonpath.dsv
[4.854s] /usr/bin/cmake: /home/yug/agv-alpharacer/alpha-RACER/ros2_ws/install/libcurl_vendor/opt/libcurl_vendor/lib/libcurl.so.4: no version information available (required by /usr/bin/cmake)
[4.857s] -- Symlinking: /home/yug/agv-alpharacer/alpha-RACER/ros2_ws/install/resource_retriever/local/lib/python3.10/dist-packages/resource_retriever-3.1.3-py3.10.egg-info/PKG-INFO
[4.860s] /usr/bin/cmake: /home/yug/agv-alpharacer/alpha-RACER/ros2_ws/install/libcurl_vendor/opt/libcurl_vendor/lib/libcurl.so.4: no version information available (required by /usr/bin/cmake)
[4.863s] -- Symlinking: /home/yug/agv-alpharacer/alpha-RACER/ros2_ws/install/resource_retriever/local/lib/python3.10/dist-packages/resource_retriever-3.1.3-py3.10.egg-info/SOURCES.txt
[4.867s] /usr/bin/cmake: /home/yug/agv-alpharacer/alpha-RACER/ros2_ws/install/libcurl_vendor/opt/libcurl_vendor/lib/libcurl.so.4: no version information available (required by /usr/bin/cmake)
[4.870s] -- Symlinking: /home/yug/agv-alpharacer/alpha-RACER/ros2_ws/install/resource_retriever/local/lib/python3.10/dist-packages/resource_retriever-3.1.3-py3.10.egg-info/dependency_links.txt
[4.876s] /usr/bin/cmake: /home/yug/agv-alpharacer/alpha-RACER/ros2_ws/install/libcurl_vendor/opt/libcurl_vendor/lib/libcurl.so.4: no version information available (required by /usr/bin/cmake)
[4.878s] -- Symlinking: /home/yug/agv-alpharacer/alpha-RACER/ros2_ws/install/resource_retriever/local/lib/python3.10/dist-packages/resource_retriever-3.1.3-py3.10.egg-info/top_level.txt
[4.881s] /usr/bin/cmake: /home/yug/agv-alpharacer/alpha-RACER/ros2_ws/install/libcurl_vendor/opt/libcurl_vendor/lib/libcurl.so.4: no version information available (required by /usr/bin/cmake)
[4.884s] -- Symlinking: /home/yug/agv-alpharacer/alpha-RACER/ros2_ws/install/resource_retriever/local/lib/python3.10/dist-packages/resource_retriever/__init__.py
[4.887s] /usr/bin/cmake: /home/yug/agv-alpharacer/alpha-RACER/ros2_ws/install/libcurl_vendor/opt/libcurl_vendor/lib/libcurl.so.4: no version information available (required by /usr/bin/cmake)
[4.891s] -- Symlinking: /home/yug/agv-alpharacer/alpha-RACER/ros2_ws/install/resource_retriever/share/resource_retriever/test/test.txt
[4.893s] /usr/bin/cmake: /home/yug/agv-alpharacer/alpha-RACER/ros2_ws/install/libcurl_vendor/opt/libcurl_vendor/lib/libcurl.so.4: no version information available (required by /usr/bin/cmake)
[4.897s] -- Symlinking: /home/yug/agv-alpharacer/alpha-RACER/ros2_ws/install/resource_retriever/include/resource_retriever/resource_retriever/retriever.hpp
[4.900s] /usr/bin/cmake: /home/yug/agv-alpharacer/alpha-RACER/ros2_ws/install/libcurl_vendor/opt/libcurl_vendor/lib/libcurl.so.4: no version information available (required by /usr/bin/cmake)
[4.903s] -- Symlinking: /home/yug/agv-alpharacer/alpha-RACER/ros2_ws/install/resource_retriever/include/resource_retriever/resource_retriever/visibility_control.hpp
[4.906s] /usr/bin/cmake: /home/yug/agv-alpharacer/alpha-RACER/ros2_ws/install/libcurl_vendor/opt/libcurl_vendor/lib/libcurl.so.4: no version information available (required by /usr/bin/cmake)
[4.909s] -- Symlinking: /home/yug/agv-alpharacer/alpha-RACER/ros2_ws/install/resource_retriever/share/ament_index/resource_index/package_run_dependencies/resource_retriever
[4.912s] /usr/bin/cmake: /home/yug/agv-alpharacer/alpha-RACER/ros2_ws/install/libcurl_vendor/opt/libcurl_vendor/lib/libcurl.so.4: no version information available (required by /usr/bin/cmake)
[4.916s] -- Symlinking: /home/yug/agv-alpharacer/alpha-RACER/ros2_ws/install/resource_retriever/share/ament_index/resource_index/parent_prefix_path/resource_retriever
[4.919s] /usr/bin/cmake: /home/yug/agv-alpharacer/alpha-RACER/ros2_ws/install/libcurl_vendor/opt/libcurl_vendor/lib/libcurl.so.4: no version information available (required by /usr/bin/cmake)
[4.923s] -- Symlinking: /home/yug/agv-alpharacer/alpha-RACER/ros2_ws/install/resource_retriever/share/resource_retriever/environment/ament_prefix_path.sh
[4.926s] /usr/bin/cmake: /home/yug/agv-alpharacer/alpha-RACER/ros2_ws/install/libcurl_vendor/opt/libcurl_vendor/lib/libcurl.so.4: no version information available (required by /usr/bin/cmake)
[4.930s] -- Symlinking: /home/yug/agv-alpharacer/alpha-RACER/ros2_ws/install/resource_retriever/share/resource_retriever/environment/ament_prefix_path.dsv
[4.934s] /usr/bin/cmake: /home/yug/agv-alpharacer/alpha-RACER/ros2_ws/install/libcurl_vendor/opt/libcurl_vendor/lib/libcurl.so.4: no version information available (required by /usr/bin/cmake)
[4.938s] -- Symlinking: /home/yug/agv-alpharacer/alpha-RACER/ros2_ws/install/resource_retriever/share/resource_retriever/environment/path.sh
[4.941s] /usr/bin/cmake: /home/yug/agv-alpharacer/alpha-RACER/ros2_ws/install/libcurl_vendor/opt/libcurl_vendor/lib/libcurl.so.4: no version information available (required by /usr/bin/cmake)
[4.945s] -- Symlinking: /home/yug/agv-alpharacer/alpha-RACER/ros2_ws/install/resource_retriever/share/resource_retriever/environment/path.dsv
[4.948s] /usr/bin/cmake: /home/yug/agv-alpharacer/alpha-RACER/ros2_ws/install/libcurl_vendor/opt/libcurl_vendor/lib/libcurl.so.4: no version information available (required by /usr/bin/cmake)
[4.952s] -- Symlinking: /home/yug/agv-alpharacer/alpha-RACER/ros2_ws/install/resource_retriever/share/resource_retriever/local_setup.bash
[4.955s] /usr/bin/cmake: /home/yug/agv-alpharacer/alpha-RACER/ros2_ws/install/libcurl_vendor/opt/libcurl_vendor/lib/libcurl.so.4: no version information available (required by /usr/bin/cmake)
[4.959s] -- Symlinking: /home/yug/agv-alpharacer/alpha-RACER/ros2_ws/install/resource_retriever/share/resource_retriever/local_setup.sh
[4.963s] /usr/bin/cmake: /home/yug/agv-alpharacer/alpha-RACER/ros2_ws/install/libcurl_vendor/opt/libcurl_vendor/lib/libcurl.so.4: no version information available (required by /usr/bin/cmake)
[4.968s] -- Symlinking: /home/yug/agv-alpharacer/alpha-RACER/ros2_ws/install/resource_retriever/share/resource_retriever/local_setup.zsh
[4.971s] /usr/bin/cmake: /home/yug/agv-alpharacer/alpha-RACER/ros2_ws/install/libcurl_vendor/opt/libcurl_vendor/lib/libcurl.so.4: no version information available (required by /usr/bin/cmake)
[4.975s] -- Symlinking: /home/yug/agv-alpharacer/alpha-RACER/ros2_ws/install/resource_retriever/share/resource_retriever/local_setup.dsv
[4.979s] /usr/bin/cmake: /home/yug/agv-alpharacer/alpha-RACER/ros2_ws/install/libcurl_vendor/opt/libcurl_vendor/lib/libcurl.so.4: no version information available (required by /usr/bin/cmake)
[4.984s] -- Symlinking: /home/yug/agv-alpharacer/alpha-RACER/ros2_ws/install/resource_retriever/share/resource_retriever/package.dsv
[4.987s] /usr/bin/cmake: /home/yug/agv-alpharacer/alpha-RACER/ros2_ws/install/libcurl_vendor/opt/libcurl_vendor/lib/libcurl.so.4: no version information available (required by /usr/bin/cmake)
[4.992s] -- Symlinking: /home/yug/agv-alpharacer/alpha-RACER/ros2_ws/install/resource_retriever/share/ament_index/resource_index/packages/resource_retriever
[4.995s] /usr/bin/cmake: /home/yug/agv-alpharacer/alpha-RACER/ros2_ws/install/libcurl_vendor/opt/libcurl_vendor/lib/libcurl.so.4: no version information available (required by /usr/bin/cmake)
[5.000s] -- Symlinking: /home/yug/agv-alpharacer/alpha-RACER/ros2_ws/install/resource_retriever/share/resource_retriever/cmake/ament_cmake_export_include_directories-extras.cmake
[5.003s] /usr/bin/cmake: /home/yug/agv-alpharacer/alpha-RACER/ros2_ws/install/libcurl_vendor/opt/libcurl_vendor/lib/libcurl.so.4: no version information available (required by /usr/bin/cmake)
[5.007s] -- Symlinking: /home/yug/agv-alpharacer/alpha-RACER/ros2_ws/install/resource_retriever/share/resource_retriever/cmake/ament_cmake_export_targets-extras.cmake
[5.011s] /usr/bin/cmake: /home/yug/agv-alpharacer/alpha-RACER/ros2_ws/install/libcurl_vendor/opt/libcurl_vendor/lib/libcurl.so.4: no version information available (required by /usr/bin/cmake)
[5.015s] -- Symlinking: /home/yug/agv-alpharacer/alpha-RACER/ros2_ws/install/resource_retriever/share/resource_retriever/cmake/ament_cmake_export_dependencies-extras.cmake
[5.019s] /usr/bin/cmake: /home/yug/agv-alpharacer/alpha-RACER/ros2_ws/install/libcurl_vendor/opt/libcurl_vendor/lib/libcurl.so.4: no version information available (required by /usr/bin/cmake)
[5.023s] -- Symlinking: /home/yug/agv-alpharacer/alpha-RACER/ros2_ws/install/resource_retriever/share/resource_retriever/cmake/resource_retrieverConfig.cmake
[5.027s] /usr/bin/cmake: /home/yug/agv-alpharacer/alpha-RACER/ros2_ws/install/libcurl_vendor/opt/libcurl_vendor/lib/libcurl.so.4: no version information available (required by /usr/bin/cmake)
[5.031s] -- Symlinking: /home/yug/agv-alpharacer/alpha-RACER/ros2_ws/install/resource_retriever/share/resource_retriever/cmake/resource_retrieverConfig-version.cmake
[5.034s] /usr/bin/cmake: /home/yug/agv-alpharacer/alpha-RACER/ros2_ws/install/libcurl_vendor/opt/libcurl_vendor/lib/libcurl.so.4: no version information available (required by /usr/bin/cmake)
[5.040s] -- Symlinking: /home/yug/agv-alpharacer/alpha-RACER/ros2_ws/install/resource_retriever/share/resource_retriever/package.xml
[5.043s] /usr/bin/cmake: /home/yug/agv-alpharacer/alpha-RACER/ros2_ws/install/libcurl_vendor/opt/libcurl_vendor/lib/libcurl.so.4: no version information available (required by /usr/bin/cmake)
[5.090s] Listing '/home/yug/agv-alpharacer/alpha-RACER/ros2_ws/install/resource_retriever/local/lib/python3.10/dist-packages/resource_retriever'...
[5.090s] Compiling '/home/yug/agv-alpharacer/alpha-RACER/ros2_ws/install/resource_retriever/local/lib/python3.10/dist-packages/resource_retriever/__init__.py'...
[5.097s] -- Installing: /home/yug/agv-alpharacer/alpha-RACER/ros2_ws/install/resource_retriever/lib/libresource_retriever.so
[5.098s] -- Set runtime path of "/home/yug/agv-alpharacer/alpha-RACER/ros2_ws/install/resource_retriever/lib/libresource_retriever.so" to ""
[5.098s] -- Installing: /home/yug/agv-alpharacer/alpha-RACER/ros2_ws/install/resource_retriever/share/resource_retriever/cmake/resource_retrieverExport.cmake
[5.099s] -- Installing: /home/yug/agv-alpharacer/alpha-RACER/ros2_ws/install/resource_retriever/share/resource_retriever/cmake/resource_retrieverExport-noconfig.cmake
[5.102s] Invoked command in '/home/yug/agv-alpharacer/alpha-RACER/ros2_ws/build/resource_retriever' returned '0': AMENT_PREFIX_PATH=/home/yug/agv-alpharacer/alpha-RACER/ros2_ws/install/libcurl_vendor:${AMENT_PREFIX_PATH} CMAKE_PREFIX_PATH=/home/yug/agv-alpharacer/alpha-RACER/ros2_ws/install/libcurl_vendor:/home/yug/agv-alpharacer/alpha-RACER/ros2_ws/install/ament_cmake:/home/yug/agv-alpharacer/alpha-RACER/ros2_ws/install/ament_cmake_gen_version_h:/home/yug/agv-alpharacer/alpha-RACER/ros2_ws/install/ament_cmake_pytest:/home/yug/agv-alpharacer/alpha-RACER/ros2_ws/install/ament_cmake_gtest:/home/yug/agv-alpharacer/alpha-RACER/ros2_ws/install/ament_cmake_test:/home/yug/agv-alpharacer/alpha-RACER/ros2_ws/install/ament_cmake_target_dependencies:/home/yug/agv-alpharacer/alpha-RACER/ros2_ws/install/ament_cmake_export_targets:/home/yug/agv-alpharacer/alpha-RACER/ros2_ws/install/ament_cmake_export_interfaces:/home/yug/agv-alpharacer/alpha-RACER/ros2_ws/install/ament_cmake_export_dependencies:/home/yug/agv-alpharacer/alpha-RACER/ros2_ws/install/ament_cmake_version:/home/yug/agv-alpharacer/alpha-RACER/ros2_ws/install/ament_cmake_python:/home/yug/agv-alpharacer/alpha-RACER/ros2_ws/install/ament_cmake_libraries:/home/yug/agv-alpharacer/alpha-RACER/ros2_ws/install/ament_cmake_include_directories:/home/yug/agv-alpharacer/alpha-RACER/ros2_ws/install/ament_cmake_export_link_flags:/home/yug/agv-alpharacer/alpha-RACER/ros2_ws/install/ament_cmake_export_libraries:/home/yug/agv-alpharacer/alpha-RACER/ros2_ws/install/ament_cmake_export_include_directories:/home/yug/agv-alpharacer/alpha-RACER/ros2_ws/install/ament_cmake_export_definitions:/home/yug/agv-alpharacer/alpha-RACER/ros2_ws/install/ament_cmake_core:/home/yug/agv-alpharacer/alpha-RACER/ros2_ws/install/geometry2:/home/yug/agv-alpharacer/alpha-RACER/ros2_ws/install/tf2_sensor_msgs:/home/yug/agv-alpharacer/alpha-RACER/ros2_ws/install/test_tf2:/home/yug/agv-alpharacer/alpha-RACER/ros2_ws/install/tf2_kdl:/home/yug/agv-alpharacer/alpha-RACER/ros2_ws/install/tf2_geometry_msgs:/home/yug/agv-alpharacer/alpha-RACER/ros2_ws/install/tf2_ros:/home/yug/agv-alpharacer/alpha-RACER/ros2_ws/install/tf2_py:/home/yug/agv-alpharacer/alpha-RACER/ros2_ws/install/tf2_msgs:/home/yug/agv-alpharacer/alpha-RACER/ros2_ws/install/tf2_eigen_kdl:/home/yug/agv-alpharacer/alpha-RACER/ros2_ws/install/tf2:/home/yug/agv-alpharacer/alpha-RACER/ros2_ws/install/foxglove_bridge:/home/yug/agv-alpharacer/alpha-RACER/ros2_ws/install/rosx_introspection:/home/yug/agv-alpharacer/alpha-RACER/ros2_ws/install/network_bridge:/home/yug/agv-alpharacer/alpha-RACER/ros2_ws/install/my_robot_description:/home/yug/agv-alpharacer/alpha-RACER/ros2_ws/install/my_custom_msgs:/home/yug/agv-alpharacer/alpha-RACER/ros2_ws/install/ament_cmake_google_benchmark:/home/yug/agv-alpharacer/alpha-RACER/ros2_ws/install/google_benchmark_vendor:/home/yug/agv-alpharacer/alpha-RACER/ros2_ws/install/ament_cmake_auto:/home/yug/agv-alpharacer/alpha-RACER/ros2_ws/install/ament_cmake_vendor_package:/home/yug/agv-alpharacer/alpha-RACER/ros2_ws/install/ament_cmake_nose:/home/yug/agv-alpharacer/alpha-RACER/ros2_ws/install/ament_cmake_gmock:/home/yug/agv-alpharacer/alpha-RACER/ros2_ws/install/ackermann_msgs:/home/yug/agv-alpharacer/alpha-RACER/ros2_ws/install/tf_transformations:/home/yug/agv-alpharacer/alpha-RACER/ros2_ws/install/tf2_tools:/home/yug/agv-alpharacer/alpha-RACER/ros2_ws/install/examples_tf2_py:/home/yug/agv-alpharacer/alpha-RACER/ros2_ws/install/tf2_ros_py:/home/yug/agv-alpharacer/alpha-RACER/ros2_ws/install/tf2_eigen:/home/yug/agv-alpharacer/alpha-RACER/ros2_ws/install/tf2_bullet:/opt/ros/humble CONDA_PROMPT_MODIFIER=(alpharacer) LD_LIBRARY_PATH=/home/yug/agv-alpharacer/alpha-RACER/ros2_ws/install/libcurl_vendor/opt/libcurl_vendor/lib:${LD_LIBRARY_PATH} /usr/bin/cmake --install /home/yug/agv-alpharacer/alpha-RACER/ros2_ws/build/resource_retriever
