-- The CXX compiler identification is GNU 11.4.0
-- Detecting CXX compiler ABI info
-- Detecting CXX compiler ABI info - done
-- Check for working CXX compiler: /usr/bin/c++ - skipped
-- Detecting CXX compile features
-- Detecting CXX compile features - done
-- Found Python3: /usr/bin/python3 (found version "3.10.12") found components: Interpreter 
-- Override CMake install command with custom implementation using symlinks instead of copying resources
-- Found rosbag2_cpp: 0.15.14 (/opt/ros/humble/share/rosbag2_cpp/cmake)
-- Found rosidl_generator_c: 3.1.6 (/opt/ros/humble/share/rosidl_generator_c/cmake)
-- Found rosidl_adapter: 3.1.6 (/opt/ros/humble/share/rosidl_adapter/cmake)
-- Found rosidl_generator_cpp: 3.1.6 (/opt/ros/humble/share/rosidl_generator_cpp/cmake)
-- Using all available rosidl_typesupport_c: rosidl_typesupport_fastrtps_c;rosidl_typesupport_introspection_c
-- Using all available rosidl_typesupport_cpp: rosidl_typesupport_fastrtps_cpp;rosidl_typesupport_introspection_cpp
-- Found rmw_implementation_cmake: 6.1.2 (/opt/ros/humble/share/rmw_implementation_cmake/cmake)
-- Found rmw_fastrtps_cpp: 6.2.7 (/opt/ros/humble/share/rmw_fastrtps_cpp/cmake)
-- Found TinyXML2 via Config file: TinyXML2_DIR-NOTFOUND
-- Found OpenSSL: /usr/lib/x86_64-linux-gnu/libcrypto.so (found version "3.0.2")  
-- Found TinyXML2 via Config file: TinyXML2_DIR-NOTFOUND
-- Found FastRTPS: /opt/ros/humble/include  
-- Found TinyXML2 via Config file: TinyXML2_DIR-NOTFOUND
-- Found TinyXML2 via Config file: TinyXML2_DIR-NOTFOUND
-- Using RMW implementation 'rmw_fastrtps_cpp' as default
-- Looking for C++ include pthread.h
-- Looking for C++ include pthread.h - found
-- Performing Test CMAKE_HAVE_LIBC_PTHREAD
-- Performing Test CMAKE_HAVE_LIBC_PTHREAD - Success
-- Found Threads: TRUE  
-- RapidJSON found. Headers: /usr/include
-- Found sensor_msgs: 4.8.0 (/opt/ros/humble/share/sensor_msgs/cmake)
-- Found ament_cmake_gtest: 1.3.12 (/home/yug/agv-alpharacer/alpha-RACER/ros2_ws/install/ament_cmake_gtest/share/ament_cmake_gtest/cmake)
-- Found gtest sources under '/opt/ros/humble/src/gtest_vendor': C++ tests using 'Google Test' will be built
-- The C compiler identification is GNU 11.4.0
-- Detecting C compiler ABI info
-- Detecting C compiler ABI info - done
-- Check for working C compiler: /usr/bin/cc - skipped
-- Detecting C compile features
-- Detecting C compile features - done
-- Configuring done
-- Generating done
-- Build files have been written to: /home/yug/agv-alpharacer/alpha-RACER/ros2_ws/build/rosx_introspection
[  5%] [32mBuilding CXX object gtest/CMakeFiles/gtest.dir/src/gtest-all.cc.o[0m
[ 11%] [32mBuilding CXX object CMakeFiles/rosx_introspection.dir/src/ros_type.cpp.o[0m
[ 17%] [32mBuilding CXX object CMakeFiles/rosx_introspection.dir/src/stringtree_leaf.cpp.o[0m
[ 23%] [32mBuilding CXX object CMakeFiles/rosx_introspection.dir/src/ros_field.cpp.o[0m
[ 29%] [32mBuilding CXX object gtest/CMakeFiles/gtest_main.dir/src/gtest_main.cc.o[0m
[ 35%] [32mBuilding CXX object CMakeFiles/rosx_introspection.dir/src/ros_parser.cpp.o[0m
[ 41%] [32mBuilding CXX object CMakeFiles/rosx_introspection.dir/src/deserializer.cpp.o[0m
[ 47%] [32mBuilding CXX object CMakeFiles/rosx_introspection.dir/src/ros_utils/message_definition_cache.cpp.o[0m
[ 52%] [32mBuilding CXX object CMakeFiles/rosx_introspection.dir/src/ros_message.cpp.o[0m
[ 58%] [32mBuilding CXX object CMakeFiles/rosx_introspection.dir/src/serializer.cpp.o[0m
[ 64%] [32mBuilding CXX object CMakeFiles/rosx_introspection.dir/src/ros_utils/ros2_helpers.cpp.o[0m
[ 70%] [32m[1mLinking CXX static library libgtest_main.a[0m
[ 70%] Built target gtest_main
[ 76%] [32m[1mLinking CXX static library libgtest.a[0m
[ 76%] Built target gtest
[ 82%] [32m[1mLinking CXX static library librosx_introspection.a[0m
[ 82%] Built target rosx_introspection
[ 88%] [32mBuilding CXX object CMakeFiles/rosx_introspection_test.dir/test/test_parser.cpp.o[0m
[ 94%] [32mBuilding CXX object CMakeFiles/rosx_introspection_test.dir/test/test_ros2.cpp.o[0m
[100%] [32m[1mLinking CXX executable rosx_introspection_test[0m
[100%] Built target rosx_introspection_test
-- Install configuration: ""
-- Execute custom install script
-- Symlinking: /home/yug/agv-alpharacer/alpha-RACER/ros2_ws/install/rosx_introspection/share/rosx_introspection/environment/library_path.sh
-- Symlinking: /home/yug/agv-alpharacer/alpha-RACER/ros2_ws/install/rosx_introspection/share/rosx_introspection/environment/library_path.dsv
-- Symlinking: /home/yug/agv-alpharacer/alpha-RACER/ros2_ws/install/rosx_introspection/share/ament_index/resource_index/package_run_dependencies/rosx_introspection
-- Symlinking: /home/yug/agv-alpharacer/alpha-RACER/ros2_ws/install/rosx_introspection/share/ament_index/resource_index/parent_prefix_path/rosx_introspection
-- Symlinking: /home/yug/agv-alpharacer/alpha-RACER/ros2_ws/install/rosx_introspection/share/rosx_introspection/environment/ament_prefix_path.sh
-- Symlinking: /home/yug/agv-alpharacer/alpha-RACER/ros2_ws/install/rosx_introspection/share/rosx_introspection/environment/ament_prefix_path.dsv
-- Symlinking: /home/yug/agv-alpharacer/alpha-RACER/ros2_ws/install/rosx_introspection/share/rosx_introspection/environment/path.sh
-- Symlinking: /home/yug/agv-alpharacer/alpha-RACER/ros2_ws/install/rosx_introspection/share/rosx_introspection/environment/path.dsv
-- Symlinking: /home/yug/agv-alpharacer/alpha-RACER/ros2_ws/install/rosx_introspection/share/rosx_introspection/local_setup.bash
-- Symlinking: /home/yug/agv-alpharacer/alpha-RACER/ros2_ws/install/rosx_introspection/share/rosx_introspection/local_setup.sh
-- Symlinking: /home/yug/agv-alpharacer/alpha-RACER/ros2_ws/install/rosx_introspection/share/rosx_introspection/local_setup.zsh
-- Symlinking: /home/yug/agv-alpharacer/alpha-RACER/ros2_ws/install/rosx_introspection/share/rosx_introspection/local_setup.dsv
-- Symlinking: /home/yug/agv-alpharacer/alpha-RACER/ros2_ws/install/rosx_introspection/share/rosx_introspection/package.dsv
-- Symlinking: /home/yug/agv-alpharacer/alpha-RACER/ros2_ws/install/rosx_introspection/share/ament_index/resource_index/packages/rosx_introspection
-- Symlinking: /home/yug/agv-alpharacer/alpha-RACER/ros2_ws/install/rosx_introspection/share/rosx_introspection/cmake/ament_cmake_export_targets-extras.cmake
-- Symlinking: /home/yug/agv-alpharacer/alpha-RACER/ros2_ws/install/rosx_introspection/share/rosx_introspection/cmake/ament_cmake_export_dependencies-extras.cmake
-- Symlinking: /home/yug/agv-alpharacer/alpha-RACER/ros2_ws/install/rosx_introspection/share/rosx_introspection/cmake/rosx_introspectionConfig.cmake
-- Symlinking: /home/yug/agv-alpharacer/alpha-RACER/ros2_ws/install/rosx_introspection/share/rosx_introspection/cmake/rosx_introspectionConfig-version.cmake
-- Symlinking: /home/yug/agv-alpharacer/alpha-RACER/ros2_ws/install/rosx_introspection/share/rosx_introspection/package.xml
-- Symlinking: /home/yug/agv-alpharacer/alpha-RACER/ros2_ws/install/rosx_introspection/include/rosx_introspection/builtin_types.hpp
-- Symlinking: /home/yug/agv-alpharacer/alpha-RACER/ros2_ws/install/rosx_introspection/include/rosx_introspection/contrib/SmallVector.h
-- Symlinking: /home/yug/agv-alpharacer/alpha-RACER/ros2_ws/install/rosx_introspection/include/rosx_introspection/contrib/span.hpp
-- Symlinking: /home/yug/agv-alpharacer/alpha-RACER/ros2_ws/install/rosx_introspection/include/rosx_introspection/deserializer.hpp
-- Symlinking: /home/yug/agv-alpharacer/alpha-RACER/ros2_ws/install/rosx_introspection/include/rosx_introspection/details/conversion_impl.hpp
-- Symlinking: /home/yug/agv-alpharacer/alpha-RACER/ros2_ws/install/rosx_introspection/include/rosx_introspection/details/exceptions.hpp
-- Symlinking: /home/yug/agv-alpharacer/alpha-RACER/ros2_ws/install/rosx_introspection/include/rosx_introspection/ros_field.hpp
-- Symlinking: /home/yug/agv-alpharacer/alpha-RACER/ros2_ws/install/rosx_introspection/include/rosx_introspection/ros_message.hpp
-- Symlinking: /home/yug/agv-alpharacer/alpha-RACER/ros2_ws/install/rosx_introspection/include/rosx_introspection/ros_parser.hpp
-- Symlinking: /home/yug/agv-alpharacer/alpha-RACER/ros2_ws/install/rosx_introspection/include/rosx_introspection/ros_type.hpp
-- Symlinking: /home/yug/agv-alpharacer/alpha-RACER/ros2_ws/install/rosx_introspection/include/rosx_introspection/ros_utils/ros1_helpers.hpp
-- Symlinking: /home/yug/agv-alpharacer/alpha-RACER/ros2_ws/install/rosx_introspection/include/rosx_introspection/ros_utils/ros2_helpers.hpp
-- Symlinking: /home/yug/agv-alpharacer/alpha-RACER/ros2_ws/install/rosx_introspection/include/rosx_introspection/serializer.hpp
-- Symlinking: /home/yug/agv-alpharacer/alpha-RACER/ros2_ws/install/rosx_introspection/include/rosx_introspection/stringtree_leaf.hpp
-- Symlinking: /home/yug/agv-alpharacer/alpha-RACER/ros2_ws/install/rosx_introspection/include/rosx_introspection/tree.hpp
-- Symlinking: /home/yug/agv-alpharacer/alpha-RACER/ros2_ws/install/rosx_introspection/include/rosx_introspection/variant.hpp
-- Installing: /home/yug/agv-alpharacer/alpha-RACER/ros2_ws/install/rosx_introspection/share/rosx_introspection/cmake/rosx_introspectionTargetsExport.cmake
-- Installing: /home/yug/agv-alpharacer/alpha-RACER/ros2_ws/install/rosx_introspection/share/rosx_introspection/cmake/rosx_introspectionTargetsExport-noconfig.cmake
-- Installing: /home/yug/agv-alpharacer/alpha-RACER/ros2_ws/install/rosx_introspection/lib/librosx_introspection.a
