[0.043s] Invoking command in '/home/yug/agv-alpharacer/alpha-RACER/ros2_ws/build/rosx_introspection': CMAKE_PREFIX_PATH=/home/yug/agv-alpharacer/alpha-RACER/ros2_ws/install/ament_cmake:/home/yug/agv-alpharacer/alpha-RACER/ros2_ws/install/ament_cmake_gen_version_h:/home/yug/agv-alpharacer/alpha-RACER/ros2_ws/install/ament_cmake_gtest:/home/yug/agv-alpharacer/alpha-RACER/ros2_ws/install/ament_cmake_test:/home/yug/agv-alpharacer/alpha-RACER/ros2_ws/install/ament_cmake_target_dependencies:/home/yug/agv-alpharacer/alpha-RACER/ros2_ws/install/ament_cmake_export_targets:/home/yug/agv-alpharacer/alpha-RACER/ros2_ws/install/ament_cmake_export_interfaces:/home/yug/agv-alpharacer/alpha-RACER/ros2_ws/install/ament_cmake_export_dependencies:/home/yug/agv-alpharacer/alpha-RACER/ros2_ws/install/ament_cmake_version:/home/yug/agv-alpharacer/alpha-RACER/ros2_ws/install/ament_cmake_python:/home/yug/agv-alpharacer/alpha-RACER/ros2_ws/install/ament_cmake_libraries:/home/yug/agv-alpharacer/alpha-RACER/ros2_ws/install/ament_cmake_include_directories:/home/yug/agv-alpharacer/alpha-RACER/ros2_ws/install/ament_cmake_export_link_flags:/home/yug/agv-alpharacer/alpha-RACER/ros2_ws/install/ament_cmake_export_libraries:/home/yug/agv-alpharacer/alpha-RACER/ros2_ws/install/ament_cmake_export_include_directories:/home/yug/agv-alpharacer/alpha-RACER/ros2_ws/install/ament_cmake_export_definitions:/home/yug/agv-alpharacer/alpha-RACER/ros2_ws/install/ament_cmake_core:/home/yug/agv-alpharacer/alpha-RACER/ros2_ws/install/geometry2:/home/yug/agv-alpharacer/alpha-RACER/ros2_ws/install/tf2_sensor_msgs:/home/yug/agv-alpharacer/alpha-RACER/ros2_ws/install/test_tf2:/home/yug/agv-alpharacer/alpha-RACER/ros2_ws/install/tf2_kdl:/home/yug/agv-alpharacer/alpha-RACER/ros2_ws/install/tf2_geometry_msgs:/home/yug/agv-alpharacer/alpha-RACER/ros2_ws/install/tf2_ros:/home/yug/agv-alpharacer/alpha-RACER/ros2_ws/install/tf2_py:/home/yug/agv-alpharacer/alpha-RACER/ros2_ws/install/tf2_msgs:/home/yug/agv-alpharacer/alpha-RACER/ros2_ws/install/tf2_eigen_kdl:/home/yug/agv-alpharacer/alpha-RACER/ros2_ws/install/tf2:/home/yug/agv-alpharacer/alpha-RACER/ros2_ws/install/foxglove_bridge:/home/yug/agv-alpharacer/alpha-RACER/ros2_ws/install/rosx_introspection:/home/yug/agv-alpharacer/alpha-RACER/ros2_ws/install/network_bridge:/home/yug/agv-alpharacer/alpha-RACER/ros2_ws/install/my_robot_description:/home/yug/agv-alpharacer/alpha-RACER/ros2_ws/install/my_custom_msgs:/home/yug/agv-alpharacer/alpha-RACER/ros2_ws/install/ament_cmake_google_benchmark:/home/yug/agv-alpharacer/alpha-RACER/ros2_ws/install/google_benchmark_vendor:/home/yug/agv-alpharacer/alpha-RACER/ros2_ws/install/ament_cmake_auto:/home/yug/agv-alpharacer/alpha-RACER/ros2_ws/install/ament_cmake_vendor_package:/home/yug/agv-alpharacer/alpha-RACER/ros2_ws/install/ament_cmake_pytest:/home/yug/agv-alpharacer/alpha-RACER/ros2_ws/install/ament_cmake_nose:/home/yug/agv-alpharacer/alpha-RACER/ros2_ws/install/ament_cmake_gmock:/home/yug/agv-alpharacer/alpha-RACER/ros2_ws/install/ackermann_msgs:/home/yug/agv-alpharacer/alpha-RACER/ros2_ws/install/tf_transformations:/home/yug/agv-alpharacer/alpha-RACER/ros2_ws/install/tf2_tools:/home/yug/agv-alpharacer/alpha-RACER/ros2_ws/install/examples_tf2_py:/home/yug/agv-alpharacer/alpha-RACER/ros2_ws/install/tf2_ros_py:/home/yug/agv-alpharacer/alpha-RACER/ros2_ws/install/tf2_eigen:/home/yug/agv-alpharacer/alpha-RACER/ros2_ws/install/tf2_bullet:/opt/ros/humble CONDA_PROMPT_MODIFIER=(alpharacer) /usr/bin/cmake /home/yug/agv-alpharacer/alpha-RACER/ros2_ws/src/rosx_introspection -DAMENT_CMAKE_SYMLINK_INSTALL=1 -DCMAKE_INSTALL_PREFIX=/home/yug/agv-alpharacer/alpha-RACER/ros2_ws/install/rosx_introspection
[0.123s] -- The CXX compiler identification is GNU 11.4.0
[0.132s] -- Detecting CXX compiler ABI info
[0.243s] -- Detecting CXX compiler ABI info - done
[0.253s] -- Check for working CXX compiler: /usr/bin/c++ - skipped
[0.254s] -- Detecting CXX compile features
[0.254s] -- Detecting CXX compile features - done
[1.472s] -- Found Python3: /usr/bin/python3 (found version "3.10.12") found components: Interpreter 
[1.533s] -- Override CMake install command with custom implementation using symlinks instead of copying resources
[1.562s] -- Found rosbag2_cpp: 0.15.14 (/opt/ros/humble/share/rosbag2_cpp/cmake)
[1.670s] -- Found rosidl_generator_c: 3.1.6 (/opt/ros/humble/share/rosidl_generator_c/cmake)
[1.678s] -- Found rosidl_adapter: 3.1.6 (/opt/ros/humble/share/rosidl_adapter/cmake)
[1.690s] -- Found rosidl_generator_cpp: 3.1.6 (/opt/ros/humble/share/rosidl_generator_cpp/cmake)
[1.706s] -- Using all available rosidl_typesupport_c: rosidl_typesupport_fastrtps_c;rosidl_typesupport_introspection_c
[1.724s] -- Using all available rosidl_typesupport_cpp: rosidl_typesupport_fastrtps_cpp;rosidl_typesupport_introspection_cpp
[1.793s] -- Found rmw_implementation_cmake: 6.1.2 (/opt/ros/humble/share/rmw_implementation_cmake/cmake)
[1.801s] -- Found rmw_fastrtps_cpp: 6.2.7 (/opt/ros/humble/share/rmw_fastrtps_cpp/cmake)
[1.848s] -- Found TinyXML2 via Config file: TinyXML2_DIR-NOTFOUND
[1.934s] -- Found OpenSSL: /usr/lib/x86_64-linux-gnu/libcrypto.so (found version "3.0.2")  
[1.937s] -- Found TinyXML2 via Config file: TinyXML2_DIR-NOTFOUND
[1.975s] -- Found FastRTPS: /opt/ros/humble/include  
[1.981s] -- Found TinyXML2 via Config file: TinyXML2_DIR-NOTFOUND
[1.994s] -- Found TinyXML2 via Config file: TinyXML2_DIR-NOTFOUND
[2.016s] -- Using RMW implementation 'rmw_fastrtps_cpp' as default
[2.040s] -- Looking for C++ include pthread.h
[2.182s] -- Looking for C++ include pthread.h - found
[2.183s] -- Performing Test CMAKE_HAVE_LIBC_PTHREAD
[2.379s] -- Performing Test CMAKE_HAVE_LIBC_PTHREAD - Success
[2.385s] -- Found Threads: TRUE  
[2.569s] -- RapidJSON found. Headers: /usr/include
[2.574s] -- Found sensor_msgs: 4.8.0 (/opt/ros/humble/share/sensor_msgs/cmake)
[2.638s] -- Found ament_cmake_gtest: 1.3.12 (/home/yug/agv-alpharacer/alpha-RACER/ros2_ws/install/ament_cmake_gtest/share/ament_cmake_gtest/cmake)
[2.644s] -- Found gtest sources under '/opt/ros/humble/src/gtest_vendor': C++ tests using 'Google Test' will be built
[2.780s] -- The C compiler identification is GNU 11.4.0
[2.804s] -- Detecting C compiler ABI info
[3.004s] -- Detecting C compiler ABI info - done
[3.031s] -- Check for working C compiler: /usr/bin/cc - skipped
[3.031s] -- Detecting C compile features
[3.032s] -- Detecting C compile features - done
[3.486s] -- Configuring done
[3.523s] -- Generating done
[3.533s] -- Build files have been written to: /home/yug/agv-alpharacer/alpha-RACER/ros2_ws/build/rosx_introspection
[3.568s] Invoked command in '/home/yug/agv-alpharacer/alpha-RACER/ros2_ws/build/rosx_introspection' returned '0': CMAKE_PREFIX_PATH=/home/yug/agv-alpharacer/alpha-RACER/ros2_ws/install/ament_cmake:/home/yug/agv-alpharacer/alpha-RACER/ros2_ws/install/ament_cmake_gen_version_h:/home/yug/agv-alpharacer/alpha-RACER/ros2_ws/install/ament_cmake_gtest:/home/yug/agv-alpharacer/alpha-RACER/ros2_ws/install/ament_cmake_test:/home/yug/agv-alpharacer/alpha-RACER/ros2_ws/install/ament_cmake_target_dependencies:/home/yug/agv-alpharacer/alpha-RACER/ros2_ws/install/ament_cmake_export_targets:/home/yug/agv-alpharacer/alpha-RACER/ros2_ws/install/ament_cmake_export_interfaces:/home/yug/agv-alpharacer/alpha-RACER/ros2_ws/install/ament_cmake_export_dependencies:/home/yug/agv-alpharacer/alpha-RACER/ros2_ws/install/ament_cmake_version:/home/yug/agv-alpharacer/alpha-RACER/ros2_ws/install/ament_cmake_python:/home/yug/agv-alpharacer/alpha-RACER/ros2_ws/install/ament_cmake_libraries:/home/yug/agv-alpharacer/alpha-RACER/ros2_ws/install/ament_cmake_include_directories:/home/yug/agv-alpharacer/alpha-RACER/ros2_ws/install/ament_cmake_export_link_flags:/home/yug/agv-alpharacer/alpha-RACER/ros2_ws/install/ament_cmake_export_libraries:/home/yug/agv-alpharacer/alpha-RACER/ros2_ws/install/ament_cmake_export_include_directories:/home/yug/agv-alpharacer/alpha-RACER/ros2_ws/install/ament_cmake_export_definitions:/home/yug/agv-alpharacer/alpha-RACER/ros2_ws/install/ament_cmake_core:/home/yug/agv-alpharacer/alpha-RACER/ros2_ws/install/geometry2:/home/yug/agv-alpharacer/alpha-RACER/ros2_ws/install/tf2_sensor_msgs:/home/yug/agv-alpharacer/alpha-RACER/ros2_ws/install/test_tf2:/home/yug/agv-alpharacer/alpha-RACER/ros2_ws/install/tf2_kdl:/home/yug/agv-alpharacer/alpha-RACER/ros2_ws/install/tf2_geometry_msgs:/home/yug/agv-alpharacer/alpha-RACER/ros2_ws/install/tf2_ros:/home/yug/agv-alpharacer/alpha-RACER/ros2_ws/install/tf2_py:/home/yug/agv-alpharacer/alpha-RACER/ros2_ws/install/tf2_msgs:/home/yug/agv-alpharacer/alpha-RACER/ros2_ws/install/tf2_eigen_kdl:/home/yug/agv-alpharacer/alpha-RACER/ros2_ws/install/tf2:/home/yug/agv-alpharacer/alpha-RACER/ros2_ws/install/foxglove_bridge:/home/yug/agv-alpharacer/alpha-RACER/ros2_ws/install/rosx_introspection:/home/yug/agv-alpharacer/alpha-RACER/ros2_ws/install/network_bridge:/home/yug/agv-alpharacer/alpha-RACER/ros2_ws/install/my_robot_description:/home/yug/agv-alpharacer/alpha-RACER/ros2_ws/install/my_custom_msgs:/home/yug/agv-alpharacer/alpha-RACER/ros2_ws/install/ament_cmake_google_benchmark:/home/yug/agv-alpharacer/alpha-RACER/ros2_ws/install/google_benchmark_vendor:/home/yug/agv-alpharacer/alpha-RACER/ros2_ws/install/ament_cmake_auto:/home/yug/agv-alpharacer/alpha-RACER/ros2_ws/install/ament_cmake_vendor_package:/home/yug/agv-alpharacer/alpha-RACER/ros2_ws/install/ament_cmake_pytest:/home/yug/agv-alpharacer/alpha-RACER/ros2_ws/install/ament_cmake_nose:/home/yug/agv-alpharacer/alpha-RACER/ros2_ws/install/ament_cmake_gmock:/home/yug/agv-alpharacer/alpha-RACER/ros2_ws/install/ackermann_msgs:/home/yug/agv-alpharacer/alpha-RACER/ros2_ws/install/tf_transformations:/home/yug/agv-alpharacer/alpha-RACER/ros2_ws/install/tf2_tools:/home/yug/agv-alpharacer/alpha-RACER/ros2_ws/install/examples_tf2_py:/home/yug/agv-alpharacer/alpha-RACER/ros2_ws/install/tf2_ros_py:/home/yug/agv-alpharacer/alpha-RACER/ros2_ws/install/tf2_eigen:/home/yug/agv-alpharacer/alpha-RACER/ros2_ws/install/tf2_bullet:/opt/ros/humble CONDA_PROMPT_MODIFIER=(alpharacer) /usr/bin/cmake /home/yug/agv-alpharacer/alpha-RACER/ros2_ws/src/rosx_introspection -DAMENT_CMAKE_SYMLINK_INSTALL=1 -DCMAKE_INSTALL_PREFIX=/home/yug/agv-alpharacer/alpha-RACER/ros2_ws/install/rosx_introspection
[3.569s] Invoking command in '/home/yug/agv-alpharacer/alpha-RACER/ros2_ws/build/rosx_introspection': CMAKE_PREFIX_PATH=/home/yug/agv-alpharacer/alpha-RACER/ros2_ws/install/ament_cmake:/home/yug/agv-alpharacer/alpha-RACER/ros2_ws/install/ament_cmake_gen_version_h:/home/yug/agv-alpharacer/alpha-RACER/ros2_ws/install/ament_cmake_gtest:/home/yug/agv-alpharacer/alpha-RACER/ros2_ws/install/ament_cmake_test:/home/yug/agv-alpharacer/alpha-RACER/ros2_ws/install/ament_cmake_target_dependencies:/home/yug/agv-alpharacer/alpha-RACER/ros2_ws/install/ament_cmake_export_targets:/home/yug/agv-alpharacer/alpha-RACER/ros2_ws/install/ament_cmake_export_interfaces:/home/yug/agv-alpharacer/alpha-RACER/ros2_ws/install/ament_cmake_export_dependencies:/home/yug/agv-alpharacer/alpha-RACER/ros2_ws/install/ament_cmake_version:/home/yug/agv-alpharacer/alpha-RACER/ros2_ws/install/ament_cmake_python:/home/yug/agv-alpharacer/alpha-RACER/ros2_ws/install/ament_cmake_libraries:/home/yug/agv-alpharacer/alpha-RACER/ros2_ws/install/ament_cmake_include_directories:/home/yug/agv-alpharacer/alpha-RACER/ros2_ws/install/ament_cmake_export_link_flags:/home/yug/agv-alpharacer/alpha-RACER/ros2_ws/install/ament_cmake_export_libraries:/home/yug/agv-alpharacer/alpha-RACER/ros2_ws/install/ament_cmake_export_include_directories:/home/yug/agv-alpharacer/alpha-RACER/ros2_ws/install/ament_cmake_export_definitions:/home/yug/agv-alpharacer/alpha-RACER/ros2_ws/install/ament_cmake_core:/home/yug/agv-alpharacer/alpha-RACER/ros2_ws/install/geometry2:/home/yug/agv-alpharacer/alpha-RACER/ros2_ws/install/tf2_sensor_msgs:/home/yug/agv-alpharacer/alpha-RACER/ros2_ws/install/test_tf2:/home/yug/agv-alpharacer/alpha-RACER/ros2_ws/install/tf2_kdl:/home/yug/agv-alpharacer/alpha-RACER/ros2_ws/install/tf2_geometry_msgs:/home/yug/agv-alpharacer/alpha-RACER/ros2_ws/install/tf2_ros:/home/yug/agv-alpharacer/alpha-RACER/ros2_ws/install/tf2_py:/home/yug/agv-alpharacer/alpha-RACER/ros2_ws/install/tf2_msgs:/home/yug/agv-alpharacer/alpha-RACER/ros2_ws/install/tf2_eigen_kdl:/home/yug/agv-alpharacer/alpha-RACER/ros2_ws/install/tf2:/home/yug/agv-alpharacer/alpha-RACER/ros2_ws/install/foxglove_bridge:/home/yug/agv-alpharacer/alpha-RACER/ros2_ws/install/rosx_introspection:/home/yug/agv-alpharacer/alpha-RACER/ros2_ws/install/network_bridge:/home/yug/agv-alpharacer/alpha-RACER/ros2_ws/install/my_robot_description:/home/yug/agv-alpharacer/alpha-RACER/ros2_ws/install/my_custom_msgs:/home/yug/agv-alpharacer/alpha-RACER/ros2_ws/install/ament_cmake_google_benchmark:/home/yug/agv-alpharacer/alpha-RACER/ros2_ws/install/google_benchmark_vendor:/home/yug/agv-alpharacer/alpha-RACER/ros2_ws/install/ament_cmake_auto:/home/yug/agv-alpharacer/alpha-RACER/ros2_ws/install/ament_cmake_vendor_package:/home/yug/agv-alpharacer/alpha-RACER/ros2_ws/install/ament_cmake_pytest:/home/yug/agv-alpharacer/alpha-RACER/ros2_ws/install/ament_cmake_nose:/home/yug/agv-alpharacer/alpha-RACER/ros2_ws/install/ament_cmake_gmock:/home/yug/agv-alpharacer/alpha-RACER/ros2_ws/install/ackermann_msgs:/home/yug/agv-alpharacer/alpha-RACER/ros2_ws/install/tf_transformations:/home/yug/agv-alpharacer/alpha-RACER/ros2_ws/install/tf2_tools:/home/yug/agv-alpharacer/alpha-RACER/ros2_ws/install/examples_tf2_py:/home/yug/agv-alpharacer/alpha-RACER/ros2_ws/install/tf2_ros_py:/home/yug/agv-alpharacer/alpha-RACER/ros2_ws/install/tf2_eigen:/home/yug/agv-alpharacer/alpha-RACER/ros2_ws/install/tf2_bullet:/opt/ros/humble CONDA_PROMPT_MODIFIER=(alpharacer) /usr/bin/cmake --build /home/yug/agv-alpharacer/alpha-RACER/ros2_ws/build/rosx_introspection -- -j16 -l16
[3.733s] [  5%] [32mBuilding CXX object gtest/CMakeFiles/gtest.dir/src/gtest-all.cc.o[0m
[3.733s] [ 11%] [32mBuilding CXX object CMakeFiles/rosx_introspection.dir/src/ros_type.cpp.o[0m
[3.733s] [ 17%] [32mBuilding CXX object CMakeFiles/rosx_introspection.dir/src/stringtree_leaf.cpp.o[0m
[3.735s] [ 23%] [32mBuilding CXX object CMakeFiles/rosx_introspection.dir/src/ros_field.cpp.o[0m
[3.737s] [ 29%] [32mBuilding CXX object gtest/CMakeFiles/gtest_main.dir/src/gtest_main.cc.o[0m
[3.740s] [ 35%] [32mBuilding CXX object CMakeFiles/rosx_introspection.dir/src/ros_parser.cpp.o[0m
[3.748s] [ 41%] [32mBuilding CXX object CMakeFiles/rosx_introspection.dir/src/deserializer.cpp.o[0m
[3.751s] [ 47%] [32mBuilding CXX object CMakeFiles/rosx_introspection.dir/src/ros_utils/message_definition_cache.cpp.o[0m
[3.751s] [ 52%] [32mBuilding CXX object CMakeFiles/rosx_introspection.dir/src/ros_message.cpp.o[0m
[3.754s] [ 58%] [32mBuilding CXX object CMakeFiles/rosx_introspection.dir/src/serializer.cpp.o[0m
[3.777s] [ 64%] [32mBuilding CXX object CMakeFiles/rosx_introspection.dir/src/ros_utils/ros2_helpers.cpp.o[0m
[7.139s] [ 70%] [32m[1mLinking CXX static library libgtest_main.a[0m
[7.259s] [ 70%] Built target gtest_main
[11.103s] [ 76%] [32m[1mLinking CXX static library libgtest.a[0m
[11.187s] [ 76%] Built target gtest
[11.200s] [ 82%] [32m[1mLinking CXX static library librosx_introspection.a[0m
[11.351s] [ 82%] Built target rosx_introspection
[11.380s] [ 88%] [32mBuilding CXX object CMakeFiles/rosx_introspection_test.dir/test/test_parser.cpp.o[0m
[11.383s] [ 94%] [32mBuilding CXX object CMakeFiles/rosx_introspection_test.dir/test/test_ros2.cpp.o[0m
[16.829s] [100%] [32m[1mLinking CXX executable rosx_introspection_test[0m
[17.221s] [100%] Built target rosx_introspection_test
[17.235s] Invoked command in '/home/yug/agv-alpharacer/alpha-RACER/ros2_ws/build/rosx_introspection' returned '0': CMAKE_PREFIX_PATH=/home/yug/agv-alpharacer/alpha-RACER/ros2_ws/install/ament_cmake:/home/yug/agv-alpharacer/alpha-RACER/ros2_ws/install/ament_cmake_gen_version_h:/home/yug/agv-alpharacer/alpha-RACER/ros2_ws/install/ament_cmake_gtest:/home/yug/agv-alpharacer/alpha-RACER/ros2_ws/install/ament_cmake_test:/home/yug/agv-alpharacer/alpha-RACER/ros2_ws/install/ament_cmake_target_dependencies:/home/yug/agv-alpharacer/alpha-RACER/ros2_ws/install/ament_cmake_export_targets:/home/yug/agv-alpharacer/alpha-RACER/ros2_ws/install/ament_cmake_export_interfaces:/home/yug/agv-alpharacer/alpha-RACER/ros2_ws/install/ament_cmake_export_dependencies:/home/yug/agv-alpharacer/alpha-RACER/ros2_ws/install/ament_cmake_version:/home/yug/agv-alpharacer/alpha-RACER/ros2_ws/install/ament_cmake_python:/home/yug/agv-alpharacer/alpha-RACER/ros2_ws/install/ament_cmake_libraries:/home/yug/agv-alpharacer/alpha-RACER/ros2_ws/install/ament_cmake_include_directories:/home/yug/agv-alpharacer/alpha-RACER/ros2_ws/install/ament_cmake_export_link_flags:/home/yug/agv-alpharacer/alpha-RACER/ros2_ws/install/ament_cmake_export_libraries:/home/yug/agv-alpharacer/alpha-RACER/ros2_ws/install/ament_cmake_export_include_directories:/home/yug/agv-alpharacer/alpha-RACER/ros2_ws/install/ament_cmake_export_definitions:/home/yug/agv-alpharacer/alpha-RACER/ros2_ws/install/ament_cmake_core:/home/yug/agv-alpharacer/alpha-RACER/ros2_ws/install/geometry2:/home/yug/agv-alpharacer/alpha-RACER/ros2_ws/install/tf2_sensor_msgs:/home/yug/agv-alpharacer/alpha-RACER/ros2_ws/install/test_tf2:/home/yug/agv-alpharacer/alpha-RACER/ros2_ws/install/tf2_kdl:/home/yug/agv-alpharacer/alpha-RACER/ros2_ws/install/tf2_geometry_msgs:/home/yug/agv-alpharacer/alpha-RACER/ros2_ws/install/tf2_ros:/home/yug/agv-alpharacer/alpha-RACER/ros2_ws/install/tf2_py:/home/yug/agv-alpharacer/alpha-RACER/ros2_ws/install/tf2_msgs:/home/yug/agv-alpharacer/alpha-RACER/ros2_ws/install/tf2_eigen_kdl:/home/yug/agv-alpharacer/alpha-RACER/ros2_ws/install/tf2:/home/yug/agv-alpharacer/alpha-RACER/ros2_ws/install/foxglove_bridge:/home/yug/agv-alpharacer/alpha-RACER/ros2_ws/install/rosx_introspection:/home/yug/agv-alpharacer/alpha-RACER/ros2_ws/install/network_bridge:/home/yug/agv-alpharacer/alpha-RACER/ros2_ws/install/my_robot_description:/home/yug/agv-alpharacer/alpha-RACER/ros2_ws/install/my_custom_msgs:/home/yug/agv-alpharacer/alpha-RACER/ros2_ws/install/ament_cmake_google_benchmark:/home/yug/agv-alpharacer/alpha-RACER/ros2_ws/install/google_benchmark_vendor:/home/yug/agv-alpharacer/alpha-RACER/ros2_ws/install/ament_cmake_auto:/home/yug/agv-alpharacer/alpha-RACER/ros2_ws/install/ament_cmake_vendor_package:/home/yug/agv-alpharacer/alpha-RACER/ros2_ws/install/ament_cmake_pytest:/home/yug/agv-alpharacer/alpha-RACER/ros2_ws/install/ament_cmake_nose:/home/yug/agv-alpharacer/alpha-RACER/ros2_ws/install/ament_cmake_gmock:/home/yug/agv-alpharacer/alpha-RACER/ros2_ws/install/ackermann_msgs:/home/yug/agv-alpharacer/alpha-RACER/ros2_ws/install/tf_transformations:/home/yug/agv-alpharacer/alpha-RACER/ros2_ws/install/tf2_tools:/home/yug/agv-alpharacer/alpha-RACER/ros2_ws/install/examples_tf2_py:/home/yug/agv-alpharacer/alpha-RACER/ros2_ws/install/tf2_ros_py:/home/yug/agv-alpharacer/alpha-RACER/ros2_ws/install/tf2_eigen:/home/yug/agv-alpharacer/alpha-RACER/ros2_ws/install/tf2_bullet:/opt/ros/humble CONDA_PROMPT_MODIFIER=(alpharacer) /usr/bin/cmake --build /home/yug/agv-alpharacer/alpha-RACER/ros2_ws/build/rosx_introspection -- -j16 -l16
[17.237s] Invoking command in '/home/yug/agv-alpharacer/alpha-RACER/ros2_ws/build/rosx_introspection': CMAKE_PREFIX_PATH=/home/yug/agv-alpharacer/alpha-RACER/ros2_ws/install/ament_cmake:/home/yug/agv-alpharacer/alpha-RACER/ros2_ws/install/ament_cmake_gen_version_h:/home/yug/agv-alpharacer/alpha-RACER/ros2_ws/install/ament_cmake_gtest:/home/yug/agv-alpharacer/alpha-RACER/ros2_ws/install/ament_cmake_test:/home/yug/agv-alpharacer/alpha-RACER/ros2_ws/install/ament_cmake_target_dependencies:/home/yug/agv-alpharacer/alpha-RACER/ros2_ws/install/ament_cmake_export_targets:/home/yug/agv-alpharacer/alpha-RACER/ros2_ws/install/ament_cmake_export_interfaces:/home/yug/agv-alpharacer/alpha-RACER/ros2_ws/install/ament_cmake_export_dependencies:/home/yug/agv-alpharacer/alpha-RACER/ros2_ws/install/ament_cmake_version:/home/yug/agv-alpharacer/alpha-RACER/ros2_ws/install/ament_cmake_python:/home/yug/agv-alpharacer/alpha-RACER/ros2_ws/install/ament_cmake_libraries:/home/yug/agv-alpharacer/alpha-RACER/ros2_ws/install/ament_cmake_include_directories:/home/yug/agv-alpharacer/alpha-RACER/ros2_ws/install/ament_cmake_export_link_flags:/home/yug/agv-alpharacer/alpha-RACER/ros2_ws/install/ament_cmake_export_libraries:/home/yug/agv-alpharacer/alpha-RACER/ros2_ws/install/ament_cmake_export_include_directories:/home/yug/agv-alpharacer/alpha-RACER/ros2_ws/install/ament_cmake_export_definitions:/home/yug/agv-alpharacer/alpha-RACER/ros2_ws/install/ament_cmake_core:/home/yug/agv-alpharacer/alpha-RACER/ros2_ws/install/geometry2:/home/yug/agv-alpharacer/alpha-RACER/ros2_ws/install/tf2_sensor_msgs:/home/yug/agv-alpharacer/alpha-RACER/ros2_ws/install/test_tf2:/home/yug/agv-alpharacer/alpha-RACER/ros2_ws/install/tf2_kdl:/home/yug/agv-alpharacer/alpha-RACER/ros2_ws/install/tf2_geometry_msgs:/home/yug/agv-alpharacer/alpha-RACER/ros2_ws/install/tf2_ros:/home/yug/agv-alpharacer/alpha-RACER/ros2_ws/install/tf2_py:/home/yug/agv-alpharacer/alpha-RACER/ros2_ws/install/tf2_msgs:/home/yug/agv-alpharacer/alpha-RACER/ros2_ws/install/tf2_eigen_kdl:/home/yug/agv-alpharacer/alpha-RACER/ros2_ws/install/tf2:/home/yug/agv-alpharacer/alpha-RACER/ros2_ws/install/foxglove_bridge:/home/yug/agv-alpharacer/alpha-RACER/ros2_ws/install/rosx_introspection:/home/yug/agv-alpharacer/alpha-RACER/ros2_ws/install/network_bridge:/home/yug/agv-alpharacer/alpha-RACER/ros2_ws/install/my_robot_description:/home/yug/agv-alpharacer/alpha-RACER/ros2_ws/install/my_custom_msgs:/home/yug/agv-alpharacer/alpha-RACER/ros2_ws/install/ament_cmake_google_benchmark:/home/yug/agv-alpharacer/alpha-RACER/ros2_ws/install/google_benchmark_vendor:/home/yug/agv-alpharacer/alpha-RACER/ros2_ws/install/ament_cmake_auto:/home/yug/agv-alpharacer/alpha-RACER/ros2_ws/install/ament_cmake_vendor_package:/home/yug/agv-alpharacer/alpha-RACER/ros2_ws/install/ament_cmake_pytest:/home/yug/agv-alpharacer/alpha-RACER/ros2_ws/install/ament_cmake_nose:/home/yug/agv-alpharacer/alpha-RACER/ros2_ws/install/ament_cmake_gmock:/home/yug/agv-alpharacer/alpha-RACER/ros2_ws/install/ackermann_msgs:/home/yug/agv-alpharacer/alpha-RACER/ros2_ws/install/tf_transformations:/home/yug/agv-alpharacer/alpha-RACER/ros2_ws/install/tf2_tools:/home/yug/agv-alpharacer/alpha-RACER/ros2_ws/install/examples_tf2_py:/home/yug/agv-alpharacer/alpha-RACER/ros2_ws/install/tf2_ros_py:/home/yug/agv-alpharacer/alpha-RACER/ros2_ws/install/tf2_eigen:/home/yug/agv-alpharacer/alpha-RACER/ros2_ws/install/tf2_bullet:/opt/ros/humble CONDA_PROMPT_MODIFIER=(alpharacer) /usr/bin/cmake --install /home/yug/agv-alpharacer/alpha-RACER/ros2_ws/build/rosx_introspection
[17.245s] -- Install configuration: ""
[17.245s] -- Execute custom install script
[17.245s] -- Symlinking: /home/yug/agv-alpharacer/alpha-RACER/ros2_ws/install/rosx_introspection/share/rosx_introspection/environment/library_path.sh
[17.256s] -- Symlinking: /home/yug/agv-alpharacer/alpha-RACER/ros2_ws/install/rosx_introspection/share/rosx_introspection/environment/library_path.dsv
[17.267s] -- Symlinking: /home/yug/agv-alpharacer/alpha-RACER/ros2_ws/install/rosx_introspection/share/ament_index/resource_index/package_run_dependencies/rosx_introspection
[17.278s] -- Symlinking: /home/yug/agv-alpharacer/alpha-RACER/ros2_ws/install/rosx_introspection/share/ament_index/resource_index/parent_prefix_path/rosx_introspection
[17.288s] -- Symlinking: /home/yug/agv-alpharacer/alpha-RACER/ros2_ws/install/rosx_introspection/share/rosx_introspection/environment/ament_prefix_path.sh
[17.300s] -- Symlinking: /home/yug/agv-alpharacer/alpha-RACER/ros2_ws/install/rosx_introspection/share/rosx_introspection/environment/ament_prefix_path.dsv
[17.311s] -- Symlinking: /home/yug/agv-alpharacer/alpha-RACER/ros2_ws/install/rosx_introspection/share/rosx_introspection/environment/path.sh
[17.325s] -- Symlinking: /home/yug/agv-alpharacer/alpha-RACER/ros2_ws/install/rosx_introspection/share/rosx_introspection/environment/path.dsv
[17.332s] -- Symlinking: /home/yug/agv-alpharacer/alpha-RACER/ros2_ws/install/rosx_introspection/share/rosx_introspection/local_setup.bash
[17.342s] -- Symlinking: /home/yug/agv-alpharacer/alpha-RACER/ros2_ws/install/rosx_introspection/share/rosx_introspection/local_setup.sh
[17.352s] -- Symlinking: /home/yug/agv-alpharacer/alpha-RACER/ros2_ws/install/rosx_introspection/share/rosx_introspection/local_setup.zsh
[17.361s] -- Symlinking: /home/yug/agv-alpharacer/alpha-RACER/ros2_ws/install/rosx_introspection/share/rosx_introspection/local_setup.dsv
[17.371s] -- Symlinking: /home/yug/agv-alpharacer/alpha-RACER/ros2_ws/install/rosx_introspection/share/rosx_introspection/package.dsv
[17.382s] -- Symlinking: /home/yug/agv-alpharacer/alpha-RACER/ros2_ws/install/rosx_introspection/share/ament_index/resource_index/packages/rosx_introspection
[17.393s] -- Symlinking: /home/yug/agv-alpharacer/alpha-RACER/ros2_ws/install/rosx_introspection/share/rosx_introspection/cmake/ament_cmake_export_targets-extras.cmake
[17.403s] -- Symlinking: /home/yug/agv-alpharacer/alpha-RACER/ros2_ws/install/rosx_introspection/share/rosx_introspection/cmake/ament_cmake_export_dependencies-extras.cmake
[17.414s] -- Symlinking: /home/yug/agv-alpharacer/alpha-RACER/ros2_ws/install/rosx_introspection/share/rosx_introspection/cmake/rosx_introspectionConfig.cmake
[17.425s] -- Symlinking: /home/yug/agv-alpharacer/alpha-RACER/ros2_ws/install/rosx_introspection/share/rosx_introspection/cmake/rosx_introspectionConfig-version.cmake
[17.436s] -- Symlinking: /home/yug/agv-alpharacer/alpha-RACER/ros2_ws/install/rosx_introspection/share/rosx_introspection/package.xml
[17.447s] -- Symlinking: /home/yug/agv-alpharacer/alpha-RACER/ros2_ws/install/rosx_introspection/include/rosx_introspection/builtin_types.hpp
[17.458s] -- Symlinking: /home/yug/agv-alpharacer/alpha-RACER/ros2_ws/install/rosx_introspection/include/rosx_introspection/contrib/SmallVector.h
[17.469s] -- Symlinking: /home/yug/agv-alpharacer/alpha-RACER/ros2_ws/install/rosx_introspection/include/rosx_introspection/contrib/span.hpp
[17.481s] -- Symlinking: /home/yug/agv-alpharacer/alpha-RACER/ros2_ws/install/rosx_introspection/include/rosx_introspection/deserializer.hpp
[17.492s] -- Symlinking: /home/yug/agv-alpharacer/alpha-RACER/ros2_ws/install/rosx_introspection/include/rosx_introspection/details/conversion_impl.hpp
[17.502s] -- Symlinking: /home/yug/agv-alpharacer/alpha-RACER/ros2_ws/install/rosx_introspection/include/rosx_introspection/details/exceptions.hpp
[17.513s] -- Symlinking: /home/yug/agv-alpharacer/alpha-RACER/ros2_ws/install/rosx_introspection/include/rosx_introspection/ros_field.hpp
[17.524s] -- Symlinking: /home/yug/agv-alpharacer/alpha-RACER/ros2_ws/install/rosx_introspection/include/rosx_introspection/ros_message.hpp
[17.536s] -- Symlinking: /home/yug/agv-alpharacer/alpha-RACER/ros2_ws/install/rosx_introspection/include/rosx_introspection/ros_parser.hpp
[17.547s] -- Symlinking: /home/yug/agv-alpharacer/alpha-RACER/ros2_ws/install/rosx_introspection/include/rosx_introspection/ros_type.hpp
[17.557s] -- Symlinking: /home/yug/agv-alpharacer/alpha-RACER/ros2_ws/install/rosx_introspection/include/rosx_introspection/ros_utils/ros1_helpers.hpp
[17.568s] -- Symlinking: /home/yug/agv-alpharacer/alpha-RACER/ros2_ws/install/rosx_introspection/include/rosx_introspection/ros_utils/ros2_helpers.hpp
[17.579s] -- Symlinking: /home/yug/agv-alpharacer/alpha-RACER/ros2_ws/install/rosx_introspection/include/rosx_introspection/serializer.hpp
[17.589s] -- Symlinking: /home/yug/agv-alpharacer/alpha-RACER/ros2_ws/install/rosx_introspection/include/rosx_introspection/stringtree_leaf.hpp
[17.600s] -- Symlinking: /home/yug/agv-alpharacer/alpha-RACER/ros2_ws/install/rosx_introspection/include/rosx_introspection/tree.hpp
[17.611s] -- Symlinking: /home/yug/agv-alpharacer/alpha-RACER/ros2_ws/install/rosx_introspection/include/rosx_introspection/variant.hpp
[17.622s] -- Installing: /home/yug/agv-alpharacer/alpha-RACER/ros2_ws/install/rosx_introspection/share/rosx_introspection/cmake/rosx_introspectionTargetsExport.cmake
[17.622s] -- Installing: /home/yug/agv-alpharacer/alpha-RACER/ros2_ws/install/rosx_introspection/share/rosx_introspection/cmake/rosx_introspectionTargetsExport-noconfig.cmake
[17.623s] -- Installing: /home/yug/agv-alpharacer/alpha-RACER/ros2_ws/install/rosx_introspection/lib/librosx_introspection.a
[17.639s] Invoked command in '/home/yug/agv-alpharacer/alpha-RACER/ros2_ws/build/rosx_introspection' returned '0': CMAKE_PREFIX_PATH=/home/yug/agv-alpharacer/alpha-RACER/ros2_ws/install/ament_cmake:/home/yug/agv-alpharacer/alpha-RACER/ros2_ws/install/ament_cmake_gen_version_h:/home/yug/agv-alpharacer/alpha-RACER/ros2_ws/install/ament_cmake_gtest:/home/yug/agv-alpharacer/alpha-RACER/ros2_ws/install/ament_cmake_test:/home/yug/agv-alpharacer/alpha-RACER/ros2_ws/install/ament_cmake_target_dependencies:/home/yug/agv-alpharacer/alpha-RACER/ros2_ws/install/ament_cmake_export_targets:/home/yug/agv-alpharacer/alpha-RACER/ros2_ws/install/ament_cmake_export_interfaces:/home/yug/agv-alpharacer/alpha-RACER/ros2_ws/install/ament_cmake_export_dependencies:/home/yug/agv-alpharacer/alpha-RACER/ros2_ws/install/ament_cmake_version:/home/yug/agv-alpharacer/alpha-RACER/ros2_ws/install/ament_cmake_python:/home/yug/agv-alpharacer/alpha-RACER/ros2_ws/install/ament_cmake_libraries:/home/yug/agv-alpharacer/alpha-RACER/ros2_ws/install/ament_cmake_include_directories:/home/yug/agv-alpharacer/alpha-RACER/ros2_ws/install/ament_cmake_export_link_flags:/home/yug/agv-alpharacer/alpha-RACER/ros2_ws/install/ament_cmake_export_libraries:/home/yug/agv-alpharacer/alpha-RACER/ros2_ws/install/ament_cmake_export_include_directories:/home/yug/agv-alpharacer/alpha-RACER/ros2_ws/install/ament_cmake_export_definitions:/home/yug/agv-alpharacer/alpha-RACER/ros2_ws/install/ament_cmake_core:/home/yug/agv-alpharacer/alpha-RACER/ros2_ws/install/geometry2:/home/yug/agv-alpharacer/alpha-RACER/ros2_ws/install/tf2_sensor_msgs:/home/yug/agv-alpharacer/alpha-RACER/ros2_ws/install/test_tf2:/home/yug/agv-alpharacer/alpha-RACER/ros2_ws/install/tf2_kdl:/home/yug/agv-alpharacer/alpha-RACER/ros2_ws/install/tf2_geometry_msgs:/home/yug/agv-alpharacer/alpha-RACER/ros2_ws/install/tf2_ros:/home/yug/agv-alpharacer/alpha-RACER/ros2_ws/install/tf2_py:/home/yug/agv-alpharacer/alpha-RACER/ros2_ws/install/tf2_msgs:/home/yug/agv-alpharacer/alpha-RACER/ros2_ws/install/tf2_eigen_kdl:/home/yug/agv-alpharacer/alpha-RACER/ros2_ws/install/tf2:/home/yug/agv-alpharacer/alpha-RACER/ros2_ws/install/foxglove_bridge:/home/yug/agv-alpharacer/alpha-RACER/ros2_ws/install/rosx_introspection:/home/yug/agv-alpharacer/alpha-RACER/ros2_ws/install/network_bridge:/home/yug/agv-alpharacer/alpha-RACER/ros2_ws/install/my_robot_description:/home/yug/agv-alpharacer/alpha-RACER/ros2_ws/install/my_custom_msgs:/home/yug/agv-alpharacer/alpha-RACER/ros2_ws/install/ament_cmake_google_benchmark:/home/yug/agv-alpharacer/alpha-RACER/ros2_ws/install/google_benchmark_vendor:/home/yug/agv-alpharacer/alpha-RACER/ros2_ws/install/ament_cmake_auto:/home/yug/agv-alpharacer/alpha-RACER/ros2_ws/install/ament_cmake_vendor_package:/home/yug/agv-alpharacer/alpha-RACER/ros2_ws/install/ament_cmake_pytest:/home/yug/agv-alpharacer/alpha-RACER/ros2_ws/install/ament_cmake_nose:/home/yug/agv-alpharacer/alpha-RACER/ros2_ws/install/ament_cmake_gmock:/home/yug/agv-alpharacer/alpha-RACER/ros2_ws/install/ackermann_msgs:/home/yug/agv-alpharacer/alpha-RACER/ros2_ws/install/tf_transformations:/home/yug/agv-alpharacer/alpha-RACER/ros2_ws/install/tf2_tools:/home/yug/agv-alpharacer/alpha-RACER/ros2_ws/install/examples_tf2_py:/home/yug/agv-alpharacer/alpha-RACER/ros2_ws/install/tf2_ros_py:/home/yug/agv-alpharacer/alpha-RACER/ros2_ws/install/tf2_eigen:/home/yug/agv-alpharacer/alpha-RACER/ros2_ws/install/tf2_bullet:/opt/ros/humble CONDA_PROMPT_MODIFIER=(alpharacer) /usr/bin/cmake --install /home/yug/agv-alpharacer/alpha-RACER/ros2_ws/build/rosx_introspection
