[0.014s] Invoking command in '/home/yug/agv-alpharacer/alpha-RACER/ros2_ws/build/ament_cmake_vendor_package': CMAKE_PREFIX_PATH=/home/yug/agv-alpharacer/alpha-RACER/ros2_ws/install/ament_cmake_test:/home/yug/agv-alpharacer/alpha-RACER/ros2_ws/install/ament_cmake_export_dependencies:/home/yug/agv-alpharacer/alpha-RACER/ros2_ws/install/ament_cmake_python:/home/yug/agv-alpharacer/alpha-RACER/ros2_ws/install/ament_cmake_libraries:/home/yug/agv-alpharacer/alpha-RACER/ros2_ws/install/ament_cmake_core:/home/yug/agv-alpharacer/alpha-RACER/ros2_ws/install/geometry2:/home/yug/agv-alpharacer/alpha-RACER/ros2_ws/install/tf2_sensor_msgs:/home/yug/agv-alpharacer/alpha-RACER/ros2_ws/install/test_tf2:/home/yug/agv-alpharacer/alpha-RACER/ros2_ws/install/tf2_kdl:/home/yug/agv-alpharacer/alpha-RACER/ros2_ws/install/tf2_geometry_msgs:/home/yug/agv-alpharacer/alpha-RACER/ros2_ws/install/tf2_ros:/home/yug/agv-alpharacer/alpha-RACER/ros2_ws/install/tf2_py:/home/yug/agv-alpharacer/alpha-RACER/ros2_ws/install/tf2_msgs:/home/yug/agv-alpharacer/alpha-RACER/ros2_ws/install/tf2_eigen_kdl:/home/yug/agv-alpharacer/alpha-RACER/ros2_ws/install/tf2:/home/yug/agv-alpharacer/alpha-RACER/ros2_ws/install/foxglove_bridge:/home/yug/agv-alpharacer/alpha-RACER/ros2_ws/install/rosx_introspection:/home/yug/agv-alpharacer/alpha-RACER/ros2_ws/install/network_bridge:/home/yug/agv-alpharacer/alpha-RACER/ros2_ws/install/my_robot_description:/home/yug/agv-alpharacer/alpha-RACER/ros2_ws/install/my_custom_msgs:/home/yug/agv-alpharacer/alpha-RACER/ros2_ws/install/ament_cmake_google_benchmark:/home/yug/agv-alpharacer/alpha-RACER/ros2_ws/install/google_benchmark_vendor:/home/yug/agv-alpharacer/alpha-RACER/ros2_ws/install/ament_cmake_auto:/home/yug/agv-alpharacer/alpha-RACER/ros2_ws/install/ament_cmake:/home/yug/agv-alpharacer/alpha-RACER/ros2_ws/install/ament_cmake_version:/home/yug/agv-alpharacer/alpha-RACER/ros2_ws/install/ament_cmake_vendor_package:/home/yug/agv-alpharacer/alpha-RACER/ros2_ws/install/ament_cmake_pytest:/home/yug/agv-alpharacer/alpha-RACER/ros2_ws/install/ament_cmake_nose:/home/yug/agv-alpharacer/alpha-RACER/ros2_ws/install/ament_cmake_gmock:/home/yug/agv-alpharacer/alpha-RACER/ros2_ws/install/ament_cmake_gtest:/home/yug/agv-alpharacer/alpha-RACER/ros2_ws/install/ament_cmake_target_dependencies:/home/yug/agv-alpharacer/alpha-RACER/ros2_ws/install/ament_cmake_include_directories:/home/yug/agv-alpharacer/alpha-RACER/ros2_ws/install/ament_cmake_gen_version_h:/home/yug/agv-alpharacer/alpha-RACER/ros2_ws/install/ament_cmake_export_targets:/home/yug/agv-alpharacer/alpha-RACER/ros2_ws/install/ament_cmake_export_link_flags:/home/yug/agv-alpharacer/alpha-RACER/ros2_ws/install/ament_cmake_export_interfaces:/home/yug/agv-alpharacer/alpha-RACER/ros2_ws/install/ament_cmake_export_libraries:/home/yug/agv-alpharacer/alpha-RACER/ros2_ws/install/ament_cmake_export_include_directories:/home/yug/agv-alpharacer/alpha-RACER/ros2_ws/install/ament_cmake_export_definitions:/home/yug/agv-alpharacer/alpha-RACER/ros2_ws/install/ackermann_msgs:/home/yug/agv-alpharacer/alpha-RACER/ros2_ws/install/tf_transformations:/home/yug/agv-alpharacer/alpha-RACER/ros2_ws/install/tf2_tools:/home/yug/agv-alpharacer/alpha-RACER/ros2_ws/install/examples_tf2_py:/home/yug/agv-alpharacer/alpha-RACER/ros2_ws/install/tf2_ros_py:/home/yug/agv-alpharacer/alpha-RACER/ros2_ws/install/tf2_eigen:/home/yug/agv-alpharacer/alpha-RACER/ros2_ws/install/tf2_bullet:/opt/ros/humble CONDA_PROMPT_MODIFIER=(alpharacer) /usr/bin/cmake /home/yug/agv-alpharacer/alpha-RACER/ros2_ws/src/ament_cmake/ament_cmake_vendor_package -DAMENT_CMAKE_SYMLINK_INSTALL=1 -DCMAKE_INSTALL_PREFIX=/home/yug/agv-alpharacer/alpha-RACER/ros2_ws/install/ament_cmake_vendor_package
[0.030s] -- Found ament_cmake_core: 1.3.12 (/home/yug/agv-alpharacer/alpha-RACER/ros2_ws/install/ament_cmake_core/share/ament_cmake_core/cmake)
[0.170s] -- Found Python3: /usr/bin/python3 (found version "3.10.12") found components: Interpreter 
[0.234s] -- Override CMake install command with custom implementation using symlinks instead of copying resources
[0.236s] -- Found ament_cmake_export_dependencies: 1.3.12 (/home/yug/agv-alpharacer/alpha-RACER/ros2_ws/install/ament_cmake_export_dependencies/share/ament_cmake_export_dependencies/cmake)
[0.377s] -- The C compiler identification is GNU 11.4.0
[0.432s] -- The CXX compiler identification is GNU 11.4.0
[0.439s] -- Detecting C compiler ABI info
[0.510s] -- Detecting C compiler ABI info - done
[0.516s] -- Check for working C compiler: /usr/bin/cc - skipped
[0.516s] -- Detecting C compile features
[0.517s] -- Detecting C compile features - done
[0.520s] -- Detecting CXX compiler ABI info
[0.604s] -- Detecting CXX compiler ABI info - done
[0.611s] -- Check for working CXX compiler: /usr/bin/c++ - skipped
[0.612s] -- Detecting CXX compile features
[0.612s] -- Detecting CXX compile features - done
[0.613s] -- Found ament_cmake_test: 1.3.12 (/home/yug/agv-alpharacer/alpha-RACER/ros2_ws/install/ament_cmake_test/share/ament_cmake_test/cmake)
[0.645s] -- Configuring done
[0.664s] -- Generating done
[0.672s] -- Build files have been written to: /home/yug/agv-alpharacer/alpha-RACER/ros2_ws/build/ament_cmake_vendor_package
[0.679s] Invoked command in '/home/yug/agv-alpharacer/alpha-RACER/ros2_ws/build/ament_cmake_vendor_package' returned '0': CMAKE_PREFIX_PATH=/home/yug/agv-alpharacer/alpha-RACER/ros2_ws/install/ament_cmake_test:/home/yug/agv-alpharacer/alpha-RACER/ros2_ws/install/ament_cmake_export_dependencies:/home/yug/agv-alpharacer/alpha-RACER/ros2_ws/install/ament_cmake_python:/home/yug/agv-alpharacer/alpha-RACER/ros2_ws/install/ament_cmake_libraries:/home/yug/agv-alpharacer/alpha-RACER/ros2_ws/install/ament_cmake_core:/home/yug/agv-alpharacer/alpha-RACER/ros2_ws/install/geometry2:/home/yug/agv-alpharacer/alpha-RACER/ros2_ws/install/tf2_sensor_msgs:/home/yug/agv-alpharacer/alpha-RACER/ros2_ws/install/test_tf2:/home/yug/agv-alpharacer/alpha-RACER/ros2_ws/install/tf2_kdl:/home/yug/agv-alpharacer/alpha-RACER/ros2_ws/install/tf2_geometry_msgs:/home/yug/agv-alpharacer/alpha-RACER/ros2_ws/install/tf2_ros:/home/yug/agv-alpharacer/alpha-RACER/ros2_ws/install/tf2_py:/home/yug/agv-alpharacer/alpha-RACER/ros2_ws/install/tf2_msgs:/home/yug/agv-alpharacer/alpha-RACER/ros2_ws/install/tf2_eigen_kdl:/home/yug/agv-alpharacer/alpha-RACER/ros2_ws/install/tf2:/home/yug/agv-alpharacer/alpha-RACER/ros2_ws/install/foxglove_bridge:/home/yug/agv-alpharacer/alpha-RACER/ros2_ws/install/rosx_introspection:/home/yug/agv-alpharacer/alpha-RACER/ros2_ws/install/network_bridge:/home/yug/agv-alpharacer/alpha-RACER/ros2_ws/install/my_robot_description:/home/yug/agv-alpharacer/alpha-RACER/ros2_ws/install/my_custom_msgs:/home/yug/agv-alpharacer/alpha-RACER/ros2_ws/install/ament_cmake_google_benchmark:/home/yug/agv-alpharacer/alpha-RACER/ros2_ws/install/google_benchmark_vendor:/home/yug/agv-alpharacer/alpha-RACER/ros2_ws/install/ament_cmake_auto:/home/yug/agv-alpharacer/alpha-RACER/ros2_ws/install/ament_cmake:/home/yug/agv-alpharacer/alpha-RACER/ros2_ws/install/ament_cmake_version:/home/yug/agv-alpharacer/alpha-RACER/ros2_ws/install/ament_cmake_vendor_package:/home/yug/agv-alpharacer/alpha-RACER/ros2_ws/install/ament_cmake_pytest:/home/yug/agv-alpharacer/alpha-RACER/ros2_ws/install/ament_cmake_nose:/home/yug/agv-alpharacer/alpha-RACER/ros2_ws/install/ament_cmake_gmock:/home/yug/agv-alpharacer/alpha-RACER/ros2_ws/install/ament_cmake_gtest:/home/yug/agv-alpharacer/alpha-RACER/ros2_ws/install/ament_cmake_target_dependencies:/home/yug/agv-alpharacer/alpha-RACER/ros2_ws/install/ament_cmake_include_directories:/home/yug/agv-alpharacer/alpha-RACER/ros2_ws/install/ament_cmake_gen_version_h:/home/yug/agv-alpharacer/alpha-RACER/ros2_ws/install/ament_cmake_export_targets:/home/yug/agv-alpharacer/alpha-RACER/ros2_ws/install/ament_cmake_export_link_flags:/home/yug/agv-alpharacer/alpha-RACER/ros2_ws/install/ament_cmake_export_interfaces:/home/yug/agv-alpharacer/alpha-RACER/ros2_ws/install/ament_cmake_export_libraries:/home/yug/agv-alpharacer/alpha-RACER/ros2_ws/install/ament_cmake_export_include_directories:/home/yug/agv-alpharacer/alpha-RACER/ros2_ws/install/ament_cmake_export_definitions:/home/yug/agv-alpharacer/alpha-RACER/ros2_ws/install/ackermann_msgs:/home/yug/agv-alpharacer/alpha-RACER/ros2_ws/install/tf_transformations:/home/yug/agv-alpharacer/alpha-RACER/ros2_ws/install/tf2_tools:/home/yug/agv-alpharacer/alpha-RACER/ros2_ws/install/examples_tf2_py:/home/yug/agv-alpharacer/alpha-RACER/ros2_ws/install/tf2_ros_py:/home/yug/agv-alpharacer/alpha-RACER/ros2_ws/install/tf2_eigen:/home/yug/agv-alpharacer/alpha-RACER/ros2_ws/install/tf2_bullet:/opt/ros/humble CONDA_PROMPT_MODIFIER=(alpharacer) /usr/bin/cmake /home/yug/agv-alpharacer/alpha-RACER/ros2_ws/src/ament_cmake/ament_cmake_vendor_package -DAMENT_CMAKE_SYMLINK_INSTALL=1 -DCMAKE_INSTALL_PREFIX=/home/yug/agv-alpharacer/alpha-RACER/ros2_ws/install/ament_cmake_vendor_package
[0.681s] Invoking command in '/home/yug/agv-alpharacer/alpha-RACER/ros2_ws/build/ament_cmake_vendor_package': CMAKE_PREFIX_PATH=/home/yug/agv-alpharacer/alpha-RACER/ros2_ws/install/ament_cmake_test:/home/yug/agv-alpharacer/alpha-RACER/ros2_ws/install/ament_cmake_export_dependencies:/home/yug/agv-alpharacer/alpha-RACER/ros2_ws/install/ament_cmake_python:/home/yug/agv-alpharacer/alpha-RACER/ros2_ws/install/ament_cmake_libraries:/home/yug/agv-alpharacer/alpha-RACER/ros2_ws/install/ament_cmake_core:/home/yug/agv-alpharacer/alpha-RACER/ros2_ws/install/geometry2:/home/yug/agv-alpharacer/alpha-RACER/ros2_ws/install/tf2_sensor_msgs:/home/yug/agv-alpharacer/alpha-RACER/ros2_ws/install/test_tf2:/home/yug/agv-alpharacer/alpha-RACER/ros2_ws/install/tf2_kdl:/home/yug/agv-alpharacer/alpha-RACER/ros2_ws/install/tf2_geometry_msgs:/home/yug/agv-alpharacer/alpha-RACER/ros2_ws/install/tf2_ros:/home/yug/agv-alpharacer/alpha-RACER/ros2_ws/install/tf2_py:/home/yug/agv-alpharacer/alpha-RACER/ros2_ws/install/tf2_msgs:/home/yug/agv-alpharacer/alpha-RACER/ros2_ws/install/tf2_eigen_kdl:/home/yug/agv-alpharacer/alpha-RACER/ros2_ws/install/tf2:/home/yug/agv-alpharacer/alpha-RACER/ros2_ws/install/foxglove_bridge:/home/yug/agv-alpharacer/alpha-RACER/ros2_ws/install/rosx_introspection:/home/yug/agv-alpharacer/alpha-RACER/ros2_ws/install/network_bridge:/home/yug/agv-alpharacer/alpha-RACER/ros2_ws/install/my_robot_description:/home/yug/agv-alpharacer/alpha-RACER/ros2_ws/install/my_custom_msgs:/home/yug/agv-alpharacer/alpha-RACER/ros2_ws/install/ament_cmake_google_benchmark:/home/yug/agv-alpharacer/alpha-RACER/ros2_ws/install/google_benchmark_vendor:/home/yug/agv-alpharacer/alpha-RACER/ros2_ws/install/ament_cmake_auto:/home/yug/agv-alpharacer/alpha-RACER/ros2_ws/install/ament_cmake:/home/yug/agv-alpharacer/alpha-RACER/ros2_ws/install/ament_cmake_version:/home/yug/agv-alpharacer/alpha-RACER/ros2_ws/install/ament_cmake_vendor_package:/home/yug/agv-alpharacer/alpha-RACER/ros2_ws/install/ament_cmake_pytest:/home/yug/agv-alpharacer/alpha-RACER/ros2_ws/install/ament_cmake_nose:/home/yug/agv-alpharacer/alpha-RACER/ros2_ws/install/ament_cmake_gmock:/home/yug/agv-alpharacer/alpha-RACER/ros2_ws/install/ament_cmake_gtest:/home/yug/agv-alpharacer/alpha-RACER/ros2_ws/install/ament_cmake_target_dependencies:/home/yug/agv-alpharacer/alpha-RACER/ros2_ws/install/ament_cmake_include_directories:/home/yug/agv-alpharacer/alpha-RACER/ros2_ws/install/ament_cmake_gen_version_h:/home/yug/agv-alpharacer/alpha-RACER/ros2_ws/install/ament_cmake_export_targets:/home/yug/agv-alpharacer/alpha-RACER/ros2_ws/install/ament_cmake_export_link_flags:/home/yug/agv-alpharacer/alpha-RACER/ros2_ws/install/ament_cmake_export_interfaces:/home/yug/agv-alpharacer/alpha-RACER/ros2_ws/install/ament_cmake_export_libraries:/home/yug/agv-alpharacer/alpha-RACER/ros2_ws/install/ament_cmake_export_include_directories:/home/yug/agv-alpharacer/alpha-RACER/ros2_ws/install/ament_cmake_export_definitions:/home/yug/agv-alpharacer/alpha-RACER/ros2_ws/install/ackermann_msgs:/home/yug/agv-alpharacer/alpha-RACER/ros2_ws/install/tf_transformations:/home/yug/agv-alpharacer/alpha-RACER/ros2_ws/install/tf2_tools:/home/yug/agv-alpharacer/alpha-RACER/ros2_ws/install/examples_tf2_py:/home/yug/agv-alpharacer/alpha-RACER/ros2_ws/install/tf2_ros_py:/home/yug/agv-alpharacer/alpha-RACER/ros2_ws/install/tf2_eigen:/home/yug/agv-alpharacer/alpha-RACER/ros2_ws/install/tf2_bullet:/opt/ros/humble CONDA_PROMPT_MODIFIER=(alpharacer) /usr/bin/cmake --build /home/yug/agv-alpharacer/alpha-RACER/ros2_ws/build/ament_cmake_vendor_package -- -j16 -l16
[0.729s] [  4%] [34m[1mCreating directories for 'exlib_bad'[0m
[0.730s] [  9%] [34m[1mCreating directories for 'exlib_good'[0m
[0.809s] [ 19%] [34m[1mNo download step for 'exlib_good'[0m
[0.809s] [ 19%] [34m[1mNo download step for 'exlib_bad'[0m
[0.834s] [ 28%] [34m[1mNo patch step for 'exlib_good'[0m
[0.834s] [ 28%] [34m[1mNo patch step for 'exlib_bad'[0m
[0.861s] [ 38%] [34m[1mPerforming configure step for 'exlib_bad'[0m
[0.861s] [ 38%] [34m[1mPerforming configure step for 'exlib_good'[0m
[0.870s] loading initial cache file /home/yug/agv-alpharacer/alpha-RACER/ros2_ws/build/ament_cmake_vendor_package/test/exlib_bad-config.cmake
[0.870s] loading initial cache file /home/yug/agv-alpharacer/alpha-RACER/ros2_ws/build/ament_cmake_vendor_package/test/exlib_good-config.cmake
[0.920s] -- The C compiler identification is GNU 11.4.0
[0.921s] -- The C compiler identification is GNU 11.4.0
[0.974s] -- The CXX compiler identification is GNU 11.4.0
[0.977s] -- The CXX compiler identification is GNU 11.4.0
[0.981s] -- Detecting C compiler ABI info
[0.984s] -- Detecting C compiler ABI info
[1.051s] -- Detecting C compiler ABI info - done
[1.051s] -- Detecting C compiler ABI info - done
[1.057s] -- Check for working C compiler: /usr/bin/cc - skipped
[1.057s] -- Check for working C compiler: /usr/bin/cc - skipped
[1.058s] -- Detecting C compile features
[1.058s] -- Detecting C compile features
[1.058s] -- Detecting C compile features - done
[1.058s] -- Detecting C compile features - done
[1.060s] -- Detecting CXX compiler ABI info
[1.060s] -- Detecting CXX compiler ABI info
[1.137s] -- Detecting CXX compiler ABI info - done
[1.138s] -- Detecting CXX compiler ABI info - done
[1.146s] -- Check for working CXX compiler: /usr/bin/c++ - skipped
[1.146s] -- Detecting CXX compile features
[1.146s] -- Detecting CXX compile features - done
[1.147s] -- Check for working CXX compiler: /usr/bin/c++ - skipped
[1.147s] -- Detecting CXX compile features
[1.148s] -- Detecting CXX compile features - done
[1.148s] -- Configuring done
[1.149s] -- Configuring done
[1.150s] -- Generating done
[1.151s] -- Build files have been written to: /home/yug/agv-alpharacer/alpha-RACER/ros2_ws/build/ament_cmake_vendor_package/test/exlib_good-prefix/src/exlib_good-build
[1.151s] -- Generating done
[1.152s] -- Build files have been written to: /home/yug/agv-alpharacer/alpha-RACER/ros2_ws/build/ament_cmake_vendor_package/test/exlib_bad-prefix/src/exlib_bad-build
[1.171s] [ 47%] [34m[1mPerforming build step for 'exlib_good'[0m
[1.171s] [ 47%] [34m[1mPerforming build step for 'exlib_bad'[0m
[1.211s] [ 50%] [32mBuilding C object CMakeFiles/exlib.dir/src/exlib.c.o[0m
[1.212s] [ 50%] [32mBuilding C object CMakeFiles/exlib.dir/src/exlib.c.o[0m
[1.234s] [100%] [32m[1mLinking C shared library libexlib.so[0m
[1.234s] [100%] [32m[1mLinking C shared library libexlib.so[0m
[1.264s] [100%] Built target exlib
[1.265s] [100%] Built target exlib
[1.289s] [ 52%] [34m[1mPerforming install step for 'exlib_good'[0m
[1.292s] [ 57%] [34m[1mPerforming install step for 'exlib_bad'[0m
[1.323s] [35m[1mConsolidate compiler generated dependencies of target exlib[0m
[1.324s] [35m[1mConsolidate compiler generated dependencies of target exlib[0m
[1.335s] [100%] Built target exlib
[1.335s] [100%] Built target exlib
[1.353s] [36mInstall the project...[0m
[1.353s] [36mInstall the project...[0m
[1.361s] -- Install configuration: ""
[1.361s] -- Installing: /home/yug/agv-alpharacer/alpha-RACER/ros2_ws/build/ament_cmake_vendor_package/test/exlib_good-prefix/install/lib/libexlib.so
[1.361s] -- Installing: /home/yug/agv-alpharacer/alpha-RACER/ros2_ws/build/ament_cmake_vendor_package/test/exlib_good-prefix/install/include
[1.361s] -- Installing: /home/yug/agv-alpharacer/alpha-RACER/ros2_ws/build/ament_cmake_vendor_package/test/exlib_good-prefix/install/include/exlib
[1.361s] -- Installing: /home/yug/agv-alpharacer/alpha-RACER/ros2_ws/build/ament_cmake_vendor_package/test/exlib_good-prefix/install/include/exlib/visibility_control.h
[1.361s] -- Installing: /home/yug/agv-alpharacer/alpha-RACER/ros2_ws/build/ament_cmake_vendor_package/test/exlib_good-prefix/install/include/exlib/exlib.h
[1.361s] -- Installing: /home/yug/agv-alpharacer/alpha-RACER/ros2_ws/build/ament_cmake_vendor_package/test/exlib_good-prefix/install/lib/cmake/exlib/exlibTargets.cmake
[1.362s] -- Installing: /home/yug/agv-alpharacer/alpha-RACER/ros2_ws/build/ament_cmake_vendor_package/test/exlib_good-prefix/install/lib/cmake/exlib/exlibTargets-noconfig.cmake
[1.362s] -- Installing: /home/yug/agv-alpharacer/alpha-RACER/ros2_ws/build/ament_cmake_vendor_package/test/exlib_good-prefix/install/lib/cmake/exlib/exlibConfig.cmake
[1.362s] -- Install configuration: ""
[1.362s] -- Installing: /home/yug/agv-alpharacer/alpha-RACER/ros2_ws/build/ament_cmake_vendor_package/test/exlib_bad-prefix/install/lib/libexlib.so
[1.362s] -- Installing: /home/yug/agv-alpharacer/alpha-RACER/ros2_ws/build/ament_cmake_vendor_package/test/exlib_bad-prefix/install/include
[1.362s] -- Installing: /home/yug/agv-alpharacer/alpha-RACER/ros2_ws/build/ament_cmake_vendor_package/test/exlib_bad-prefix/install/include/exlib
[1.362s] -- Installing: /home/yug/agv-alpharacer/alpha-RACER/ros2_ws/build/ament_cmake_vendor_package/test/exlib_bad-prefix/install/include/exlib/visibility_control.h
[1.362s] -- Installing: /home/yug/agv-alpharacer/alpha-RACER/ros2_ws/build/ament_cmake_vendor_package/test/exlib_bad-prefix/install/include/exlib/exlib.h
[1.363s] -- Installing: /home/yug/agv-alpharacer/alpha-RACER/ros2_ws/build/ament_cmake_vendor_package/test/exlib_bad-prefix/install/lib/cmake/exlib/exlibTargets.cmake
[1.363s] -- Installing: /home/yug/agv-alpharacer/alpha-RACER/ros2_ws/build/ament_cmake_vendor_package/test/exlib_bad-prefix/install/lib/cmake/exlib/exlibTargets-noconfig.cmake
[1.363s] -- Installing: /home/yug/agv-alpharacer/alpha-RACER/ros2_ws/build/ament_cmake_vendor_package/test/exlib_bad-prefix/install/lib/cmake/exlib/exlibConfig.cmake
[1.381s] [ 61%] [34m[1mCompleted 'exlib_good'[0m
[1.382s] [ 66%] [34m[1mCompleted 'exlib_bad'[0m
[1.416s] [ 66%] Built target exlib_bad
[1.416s] [ 66%] Built target exlib_good
[1.436s] [ 71%] [34m[1mCreating directories for 'depender'[0m
[1.519s] [ 76%] [34m[1mNo download step for 'depender'[0m
[1.546s] [ 80%] [34m[1mNo patch step for 'depender'[0m
[1.575s] [ 85%] [34m[1mPerforming configure step for 'depender'[0m
[1.585s] loading initial cache file /home/yug/agv-alpharacer/alpha-RACER/ros2_ws/build/ament_cmake_vendor_package/test/depender-config.cmake
[1.635s] -- The C compiler identification is GNU 11.4.0
[1.693s] -- The CXX compiler identification is GNU 11.4.0
[1.700s] -- Detecting C compiler ABI info
[1.771s] -- Detecting C compiler ABI info - done
[1.776s] -- Check for working C compiler: /usr/bin/cc - skipped
[1.777s] -- Detecting C compile features
[1.777s] -- Detecting C compile features - done
[1.780s] -- Detecting CXX compiler ABI info
[1.857s] -- Detecting CXX compiler ABI info - done
[1.863s] -- Check for working CXX compiler: /usr/bin/c++ - skipped
[1.863s] -- Detecting CXX compile features
[1.864s] -- Detecting CXX compile features - done
[1.865s] -- Configuring done
[1.867s] -- Generating done
[1.868s] -- Build files have been written to: /home/yug/agv-alpharacer/alpha-RACER/ros2_ws/build/ament_cmake_vendor_package/test/depender-prefix/src/depender-build
[1.888s] [ 90%] [34m[1mPerforming build step for 'depender'[0m
[1.933s] [ 50%] [32mBuilding C object CMakeFiles/depender.dir/src/depender.c.o[0m
[1.959s] [100%] [32m[1mLinking C executable depender[0m
[1.998s] [100%] Built target depender
[2.026s] [ 95%] [34m[1mPerforming install step for 'depender'[0m
[2.061s] [35m[1mConsolidate compiler generated dependencies of target depender[0m
[2.074s] [100%] Built target depender
[2.095s] [36mInstall the project...[0m
[2.105s] -- Install configuration: ""
[2.105s] -- Installing: /home/yug/agv-alpharacer/alpha-RACER/ros2_ws/build/ament_cmake_vendor_package/test/depender-prefix/install/bin/depender
[2.106s] -- Set runtime path of "/home/yug/agv-alpharacer/alpha-RACER/ros2_ws/build/ament_cmake_vendor_package/test/depender-prefix/install/bin/depender" to ""
[2.126s] [100%] [34m[1mCompleted 'depender'[0m
[2.163s] [100%] Built target depender
[2.177s] Invoked command in '/home/yug/agv-alpharacer/alpha-RACER/ros2_ws/build/ament_cmake_vendor_package' returned '0': CMAKE_PREFIX_PATH=/home/yug/agv-alpharacer/alpha-RACER/ros2_ws/install/ament_cmake_test:/home/yug/agv-alpharacer/alpha-RACER/ros2_ws/install/ament_cmake_export_dependencies:/home/yug/agv-alpharacer/alpha-RACER/ros2_ws/install/ament_cmake_python:/home/yug/agv-alpharacer/alpha-RACER/ros2_ws/install/ament_cmake_libraries:/home/yug/agv-alpharacer/alpha-RACER/ros2_ws/install/ament_cmake_core:/home/yug/agv-alpharacer/alpha-RACER/ros2_ws/install/geometry2:/home/yug/agv-alpharacer/alpha-RACER/ros2_ws/install/tf2_sensor_msgs:/home/yug/agv-alpharacer/alpha-RACER/ros2_ws/install/test_tf2:/home/yug/agv-alpharacer/alpha-RACER/ros2_ws/install/tf2_kdl:/home/yug/agv-alpharacer/alpha-RACER/ros2_ws/install/tf2_geometry_msgs:/home/yug/agv-alpharacer/alpha-RACER/ros2_ws/install/tf2_ros:/home/yug/agv-alpharacer/alpha-RACER/ros2_ws/install/tf2_py:/home/yug/agv-alpharacer/alpha-RACER/ros2_ws/install/tf2_msgs:/home/yug/agv-alpharacer/alpha-RACER/ros2_ws/install/tf2_eigen_kdl:/home/yug/agv-alpharacer/alpha-RACER/ros2_ws/install/tf2:/home/yug/agv-alpharacer/alpha-RACER/ros2_ws/install/foxglove_bridge:/home/yug/agv-alpharacer/alpha-RACER/ros2_ws/install/rosx_introspection:/home/yug/agv-alpharacer/alpha-RACER/ros2_ws/install/network_bridge:/home/yug/agv-alpharacer/alpha-RACER/ros2_ws/install/my_robot_description:/home/yug/agv-alpharacer/alpha-RACER/ros2_ws/install/my_custom_msgs:/home/yug/agv-alpharacer/alpha-RACER/ros2_ws/install/ament_cmake_google_benchmark:/home/yug/agv-alpharacer/alpha-RACER/ros2_ws/install/google_benchmark_vendor:/home/yug/agv-alpharacer/alpha-RACER/ros2_ws/install/ament_cmake_auto:/home/yug/agv-alpharacer/alpha-RACER/ros2_ws/install/ament_cmake:/home/yug/agv-alpharacer/alpha-RACER/ros2_ws/install/ament_cmake_version:/home/yug/agv-alpharacer/alpha-RACER/ros2_ws/install/ament_cmake_vendor_package:/home/yug/agv-alpharacer/alpha-RACER/ros2_ws/install/ament_cmake_pytest:/home/yug/agv-alpharacer/alpha-RACER/ros2_ws/install/ament_cmake_nose:/home/yug/agv-alpharacer/alpha-RACER/ros2_ws/install/ament_cmake_gmock:/home/yug/agv-alpharacer/alpha-RACER/ros2_ws/install/ament_cmake_gtest:/home/yug/agv-alpharacer/alpha-RACER/ros2_ws/install/ament_cmake_target_dependencies:/home/yug/agv-alpharacer/alpha-RACER/ros2_ws/install/ament_cmake_include_directories:/home/yug/agv-alpharacer/alpha-RACER/ros2_ws/install/ament_cmake_gen_version_h:/home/yug/agv-alpharacer/alpha-RACER/ros2_ws/install/ament_cmake_export_targets:/home/yug/agv-alpharacer/alpha-RACER/ros2_ws/install/ament_cmake_export_link_flags:/home/yug/agv-alpharacer/alpha-RACER/ros2_ws/install/ament_cmake_export_interfaces:/home/yug/agv-alpharacer/alpha-RACER/ros2_ws/install/ament_cmake_export_libraries:/home/yug/agv-alpharacer/alpha-RACER/ros2_ws/install/ament_cmake_export_include_directories:/home/yug/agv-alpharacer/alpha-RACER/ros2_ws/install/ament_cmake_export_definitions:/home/yug/agv-alpharacer/alpha-RACER/ros2_ws/install/ackermann_msgs:/home/yug/agv-alpharacer/alpha-RACER/ros2_ws/install/tf_transformations:/home/yug/agv-alpharacer/alpha-RACER/ros2_ws/install/tf2_tools:/home/yug/agv-alpharacer/alpha-RACER/ros2_ws/install/examples_tf2_py:/home/yug/agv-alpharacer/alpha-RACER/ros2_ws/install/tf2_ros_py:/home/yug/agv-alpharacer/alpha-RACER/ros2_ws/install/tf2_eigen:/home/yug/agv-alpharacer/alpha-RACER/ros2_ws/install/tf2_bullet:/opt/ros/humble CONDA_PROMPT_MODIFIER=(alpharacer) /usr/bin/cmake --build /home/yug/agv-alpharacer/alpha-RACER/ros2_ws/build/ament_cmake_vendor_package -- -j16 -l16
[2.179s] Invoking command in '/home/yug/agv-alpharacer/alpha-RACER/ros2_ws/build/ament_cmake_vendor_package': CMAKE_PREFIX_PATH=/home/yug/agv-alpharacer/alpha-RACER/ros2_ws/install/ament_cmake_test:/home/yug/agv-alpharacer/alpha-RACER/ros2_ws/install/ament_cmake_export_dependencies:/home/yug/agv-alpharacer/alpha-RACER/ros2_ws/install/ament_cmake_python:/home/yug/agv-alpharacer/alpha-RACER/ros2_ws/install/ament_cmake_libraries:/home/yug/agv-alpharacer/alpha-RACER/ros2_ws/install/ament_cmake_core:/home/yug/agv-alpharacer/alpha-RACER/ros2_ws/install/geometry2:/home/yug/agv-alpharacer/alpha-RACER/ros2_ws/install/tf2_sensor_msgs:/home/yug/agv-alpharacer/alpha-RACER/ros2_ws/install/test_tf2:/home/yug/agv-alpharacer/alpha-RACER/ros2_ws/install/tf2_kdl:/home/yug/agv-alpharacer/alpha-RACER/ros2_ws/install/tf2_geometry_msgs:/home/yug/agv-alpharacer/alpha-RACER/ros2_ws/install/tf2_ros:/home/yug/agv-alpharacer/alpha-RACER/ros2_ws/install/tf2_py:/home/yug/agv-alpharacer/alpha-RACER/ros2_ws/install/tf2_msgs:/home/yug/agv-alpharacer/alpha-RACER/ros2_ws/install/tf2_eigen_kdl:/home/yug/agv-alpharacer/alpha-RACER/ros2_ws/install/tf2:/home/yug/agv-alpharacer/alpha-RACER/ros2_ws/install/foxglove_bridge:/home/yug/agv-alpharacer/alpha-RACER/ros2_ws/install/rosx_introspection:/home/yug/agv-alpharacer/alpha-RACER/ros2_ws/install/network_bridge:/home/yug/agv-alpharacer/alpha-RACER/ros2_ws/install/my_robot_description:/home/yug/agv-alpharacer/alpha-RACER/ros2_ws/install/my_custom_msgs:/home/yug/agv-alpharacer/alpha-RACER/ros2_ws/install/ament_cmake_google_benchmark:/home/yug/agv-alpharacer/alpha-RACER/ros2_ws/install/google_benchmark_vendor:/home/yug/agv-alpharacer/alpha-RACER/ros2_ws/install/ament_cmake_auto:/home/yug/agv-alpharacer/alpha-RACER/ros2_ws/install/ament_cmake:/home/yug/agv-alpharacer/alpha-RACER/ros2_ws/install/ament_cmake_version:/home/yug/agv-alpharacer/alpha-RACER/ros2_ws/install/ament_cmake_vendor_package:/home/yug/agv-alpharacer/alpha-RACER/ros2_ws/install/ament_cmake_pytest:/home/yug/agv-alpharacer/alpha-RACER/ros2_ws/install/ament_cmake_nose:/home/yug/agv-alpharacer/alpha-RACER/ros2_ws/install/ament_cmake_gmock:/home/yug/agv-alpharacer/alpha-RACER/ros2_ws/install/ament_cmake_gtest:/home/yug/agv-alpharacer/alpha-RACER/ros2_ws/install/ament_cmake_target_dependencies:/home/yug/agv-alpharacer/alpha-RACER/ros2_ws/install/ament_cmake_include_directories:/home/yug/agv-alpharacer/alpha-RACER/ros2_ws/install/ament_cmake_gen_version_h:/home/yug/agv-alpharacer/alpha-RACER/ros2_ws/install/ament_cmake_export_targets:/home/yug/agv-alpharacer/alpha-RACER/ros2_ws/install/ament_cmake_export_link_flags:/home/yug/agv-alpharacer/alpha-RACER/ros2_ws/install/ament_cmake_export_interfaces:/home/yug/agv-alpharacer/alpha-RACER/ros2_ws/install/ament_cmake_export_libraries:/home/yug/agv-alpharacer/alpha-RACER/ros2_ws/install/ament_cmake_export_include_directories:/home/yug/agv-alpharacer/alpha-RACER/ros2_ws/install/ament_cmake_export_definitions:/home/yug/agv-alpharacer/alpha-RACER/ros2_ws/install/ackermann_msgs:/home/yug/agv-alpharacer/alpha-RACER/ros2_ws/install/tf_transformations:/home/yug/agv-alpharacer/alpha-RACER/ros2_ws/install/tf2_tools:/home/yug/agv-alpharacer/alpha-RACER/ros2_ws/install/examples_tf2_py:/home/yug/agv-alpharacer/alpha-RACER/ros2_ws/install/tf2_ros_py:/home/yug/agv-alpharacer/alpha-RACER/ros2_ws/install/tf2_eigen:/home/yug/agv-alpharacer/alpha-RACER/ros2_ws/install/tf2_bullet:/opt/ros/humble CONDA_PROMPT_MODIFIER=(alpharacer) /usr/bin/cmake --install /home/yug/agv-alpharacer/alpha-RACER/ros2_ws/build/ament_cmake_vendor_package
[2.186s] -- Install configuration: ""
[2.187s] -- Execute custom install script
[2.187s] -- Symlinking: /home/yug/agv-alpharacer/alpha-RACER/ros2_ws/install/ament_cmake_vendor_package/share/ament_index/resource_index/package_run_dependencies/ament_cmake_vendor_package
[2.196s] -- Symlinking: /home/yug/agv-alpharacer/alpha-RACER/ros2_ws/install/ament_cmake_vendor_package/share/ament_index/resource_index/parent_prefix_path/ament_cmake_vendor_package
[2.206s] -- Symlinking: /home/yug/agv-alpharacer/alpha-RACER/ros2_ws/install/ament_cmake_vendor_package/share/ament_cmake_vendor_package/environment/ament_prefix_path.sh
[2.216s] -- Symlinking: /home/yug/agv-alpharacer/alpha-RACER/ros2_ws/install/ament_cmake_vendor_package/share/ament_cmake_vendor_package/environment/ament_prefix_path.dsv
[2.226s] -- Symlinking: /home/yug/agv-alpharacer/alpha-RACER/ros2_ws/install/ament_cmake_vendor_package/share/ament_cmake_vendor_package/environment/path.sh
[2.236s] -- Symlinking: /home/yug/agv-alpharacer/alpha-RACER/ros2_ws/install/ament_cmake_vendor_package/share/ament_cmake_vendor_package/environment/path.dsv
[2.246s] -- Symlinking: /home/yug/agv-alpharacer/alpha-RACER/ros2_ws/install/ament_cmake_vendor_package/share/ament_cmake_vendor_package/local_setup.bash
[2.256s] -- Symlinking: /home/yug/agv-alpharacer/alpha-RACER/ros2_ws/install/ament_cmake_vendor_package/share/ament_cmake_vendor_package/local_setup.sh
[2.265s] -- Symlinking: /home/yug/agv-alpharacer/alpha-RACER/ros2_ws/install/ament_cmake_vendor_package/share/ament_cmake_vendor_package/local_setup.zsh
[2.273s] -- Symlinking: /home/yug/agv-alpharacer/alpha-RACER/ros2_ws/install/ament_cmake_vendor_package/share/ament_cmake_vendor_package/local_setup.dsv
[2.282s] -- Symlinking: /home/yug/agv-alpharacer/alpha-RACER/ros2_ws/install/ament_cmake_vendor_package/share/ament_cmake_vendor_package/package.dsv
[2.291s] -- Symlinking: /home/yug/agv-alpharacer/alpha-RACER/ros2_ws/install/ament_cmake_vendor_package/share/ament_index/resource_index/packages/ament_cmake_vendor_package
[2.300s] -- Symlinking: /home/yug/agv-alpharacer/alpha-RACER/ros2_ws/install/ament_cmake_vendor_package/share/ament_cmake_vendor_package/cmake/ament_cmake_vendor_package-extras.cmake
[2.307s] -- Symlinking: /home/yug/agv-alpharacer/alpha-RACER/ros2_ws/install/ament_cmake_vendor_package/share/ament_cmake_vendor_package/cmake/ament_cmake_export_dependencies-extras.cmake
[2.316s] -- Symlinking: /home/yug/agv-alpharacer/alpha-RACER/ros2_ws/install/ament_cmake_vendor_package/share/ament_cmake_vendor_package/cmake/ament_cmake_vendor_packageConfig.cmake
[2.326s] -- Symlinking: /home/yug/agv-alpharacer/alpha-RACER/ros2_ws/install/ament_cmake_vendor_package/share/ament_cmake_vendor_package/cmake/ament_cmake_vendor_packageConfig-version.cmake
[2.335s] -- Symlinking: /home/yug/agv-alpharacer/alpha-RACER/ros2_ws/install/ament_cmake_vendor_package/share/ament_cmake_vendor_package/package.xml
[2.346s] -- Symlinking: /home/yug/agv-alpharacer/alpha-RACER/ros2_ws/install/ament_cmake_vendor_package/share/ament_cmake_vendor_package/cmake/ament_vendor.cmake
[2.355s] -- Symlinking: /home/yug/agv-alpharacer/alpha-RACER/ros2_ws/install/ament_cmake_vendor_package/share/ament_cmake_vendor_package/cmake/templates/target.repos.in
[2.365s] -- Symlinking: /home/yug/agv-alpharacer/alpha-RACER/ros2_ws/install/ament_cmake_vendor_package/share/ament_cmake_vendor_package/cmake/templates/vendor_package.bat.in
[2.374s] -- Symlinking: /home/yug/agv-alpharacer/alpha-RACER/ros2_ws/install/ament_cmake_vendor_package/share/ament_cmake_vendor_package/cmake/templates/vendor_package.dsv.in
[2.383s] -- Symlinking: /home/yug/agv-alpharacer/alpha-RACER/ros2_ws/install/ament_cmake_vendor_package/share/ament_cmake_vendor_package/cmake/templates/vendor_package.sh.in
[2.392s] -- Symlinking: /home/yug/agv-alpharacer/alpha-RACER/ros2_ws/install/ament_cmake_vendor_package/share/ament_cmake_vendor_package/cmake/templates/vendor_package_cmake_prefix.bat.in
[2.400s] -- Symlinking: /home/yug/agv-alpharacer/alpha-RACER/ros2_ws/install/ament_cmake_vendor_package/share/ament_cmake_vendor_package/cmake/templates/vendor_package_cmake_prefix.cmake.in
[2.410s] -- Symlinking: /home/yug/agv-alpharacer/alpha-RACER/ros2_ws/install/ament_cmake_vendor_package/share/ament_cmake_vendor_package/cmake/templates/vendor_package_cmake_prefix.dsv.in
[2.420s] -- Symlinking: /home/yug/agv-alpharacer/alpha-RACER/ros2_ws/install/ament_cmake_vendor_package/share/ament_cmake_vendor_package/cmake/templates/vendor_package_cmake_prefix.sh.in
[2.433s] Invoked command in '/home/yug/agv-alpharacer/alpha-RACER/ros2_ws/build/ament_cmake_vendor_package' returned '0': CMAKE_PREFIX_PATH=/home/yug/agv-alpharacer/alpha-RACER/ros2_ws/install/ament_cmake_test:/home/yug/agv-alpharacer/alpha-RACER/ros2_ws/install/ament_cmake_export_dependencies:/home/yug/agv-alpharacer/alpha-RACER/ros2_ws/install/ament_cmake_python:/home/yug/agv-alpharacer/alpha-RACER/ros2_ws/install/ament_cmake_libraries:/home/yug/agv-alpharacer/alpha-RACER/ros2_ws/install/ament_cmake_core:/home/yug/agv-alpharacer/alpha-RACER/ros2_ws/install/geometry2:/home/yug/agv-alpharacer/alpha-RACER/ros2_ws/install/tf2_sensor_msgs:/home/yug/agv-alpharacer/alpha-RACER/ros2_ws/install/test_tf2:/home/yug/agv-alpharacer/alpha-RACER/ros2_ws/install/tf2_kdl:/home/yug/agv-alpharacer/alpha-RACER/ros2_ws/install/tf2_geometry_msgs:/home/yug/agv-alpharacer/alpha-RACER/ros2_ws/install/tf2_ros:/home/yug/agv-alpharacer/alpha-RACER/ros2_ws/install/tf2_py:/home/yug/agv-alpharacer/alpha-RACER/ros2_ws/install/tf2_msgs:/home/yug/agv-alpharacer/alpha-RACER/ros2_ws/install/tf2_eigen_kdl:/home/yug/agv-alpharacer/alpha-RACER/ros2_ws/install/tf2:/home/yug/agv-alpharacer/alpha-RACER/ros2_ws/install/foxglove_bridge:/home/yug/agv-alpharacer/alpha-RACER/ros2_ws/install/rosx_introspection:/home/yug/agv-alpharacer/alpha-RACER/ros2_ws/install/network_bridge:/home/yug/agv-alpharacer/alpha-RACER/ros2_ws/install/my_robot_description:/home/yug/agv-alpharacer/alpha-RACER/ros2_ws/install/my_custom_msgs:/home/yug/agv-alpharacer/alpha-RACER/ros2_ws/install/ament_cmake_google_benchmark:/home/yug/agv-alpharacer/alpha-RACER/ros2_ws/install/google_benchmark_vendor:/home/yug/agv-alpharacer/alpha-RACER/ros2_ws/install/ament_cmake_auto:/home/yug/agv-alpharacer/alpha-RACER/ros2_ws/install/ament_cmake:/home/yug/agv-alpharacer/alpha-RACER/ros2_ws/install/ament_cmake_version:/home/yug/agv-alpharacer/alpha-RACER/ros2_ws/install/ament_cmake_vendor_package:/home/yug/agv-alpharacer/alpha-RACER/ros2_ws/install/ament_cmake_pytest:/home/yug/agv-alpharacer/alpha-RACER/ros2_ws/install/ament_cmake_nose:/home/yug/agv-alpharacer/alpha-RACER/ros2_ws/install/ament_cmake_gmock:/home/yug/agv-alpharacer/alpha-RACER/ros2_ws/install/ament_cmake_gtest:/home/yug/agv-alpharacer/alpha-RACER/ros2_ws/install/ament_cmake_target_dependencies:/home/yug/agv-alpharacer/alpha-RACER/ros2_ws/install/ament_cmake_include_directories:/home/yug/agv-alpharacer/alpha-RACER/ros2_ws/install/ament_cmake_gen_version_h:/home/yug/agv-alpharacer/alpha-RACER/ros2_ws/install/ament_cmake_export_targets:/home/yug/agv-alpharacer/alpha-RACER/ros2_ws/install/ament_cmake_export_link_flags:/home/yug/agv-alpharacer/alpha-RACER/ros2_ws/install/ament_cmake_export_interfaces:/home/yug/agv-alpharacer/alpha-RACER/ros2_ws/install/ament_cmake_export_libraries:/home/yug/agv-alpharacer/alpha-RACER/ros2_ws/install/ament_cmake_export_include_directories:/home/yug/agv-alpharacer/alpha-RACER/ros2_ws/install/ament_cmake_export_definitions:/home/yug/agv-alpharacer/alpha-RACER/ros2_ws/install/ackermann_msgs:/home/yug/agv-alpharacer/alpha-RACER/ros2_ws/install/tf_transformations:/home/yug/agv-alpharacer/alpha-RACER/ros2_ws/install/tf2_tools:/home/yug/agv-alpharacer/alpha-RACER/ros2_ws/install/examples_tf2_py:/home/yug/agv-alpharacer/alpha-RACER/ros2_ws/install/tf2_ros_py:/home/yug/agv-alpharacer/alpha-RACER/ros2_ws/install/tf2_eigen:/home/yug/agv-alpharacer/alpha-RACER/ros2_ws/install/tf2_bullet:/opt/ros/humble CONDA_PROMPT_MODIFIER=(alpharacer) /usr/bin/cmake --install /home/yug/agv-alpharacer/alpha-RACER/ros2_ws/build/ament_cmake_vendor_package
