[1.185s] Invoking command in '/home/dvij/multi-car-racing/car_ros2': PYTHONPATH=/home/dvij/multi-car-racing/build/car_ros2/prefix_override:/usr/lib/python3/dist-packages/colcon_core/task/python/colcon_distutils_commands:/home/dvij/multi-car-racing/install/car_ros2/lib/python3.10/site-packages:${PYTHONPATH} /usr/bin/python3 -W ignore:setup.py install is deprecated -W ignore:easy_install command is deprecated setup.py egg_info --egg-base ../build/car_ros2 build --build-base /home/dvij/multi-car-racing/build/car_ros2/build install --record /home/dvij/multi-car-racing/build/car_ros2/install.log --single-version-externally-managed install_data
[1.440s] running egg_info
[1.440s] creating ../build/car_ros2/car_ros2.egg-info
[1.441s] writing ../build/car_ros2/car_ros2.egg-info/PKG-INFO
[1.441s] writing dependency_links to ../build/car_ros2/car_ros2.egg-info/dependency_links.txt
[1.442s] writing entry points to ../build/car_ros2/car_ros2.egg-info/entry_points.txt
[1.442s] writing requirements to ../build/car_ros2/car_ros2.egg-info/requires.txt
[1.442s] writing top-level names to ../build/car_ros2/car_ros2.egg-info/top_level.txt
[1.442s] writing manifest file '../build/car_ros2/car_ros2.egg-info/SOURCES.txt'
[1.445s] reading manifest file '../build/car_ros2/car_ros2.egg-info/SOURCES.txt'
[1.445s] writing manifest file '../build/car_ros2/car_ros2.egg-info/SOURCES.txt'
[1.446s] running build
[1.446s] running build_py
[1.446s] creating /home/dvij/multi-car-racing/build/car_ros2/build
[1.446s] creating /home/dvij/multi-car-racing/build/car_ros2/build/lib
[1.446s] creating /home/dvij/multi-car-racing/build/car_ros2/build/lib/car_ros2
[1.446s] copying car_ros2/create_smiley_video.py -> /home/dvij/multi-car-racing/build/car_ros2/build/lib/car_ros2
[1.446s] copying car_ros2/create_teaser_data.py -> /home/dvij/multi-car-racing/build/car_ros2/build/lib/car_ros2
[1.447s] copying car_ros2/merge_data.py -> /home/dvij/multi-car-racing/build/car_ros2/build/lib/car_ros2
[1.447s] copying car_ros2/model_arch.py -> /home/dvij/multi-car-racing/build/car_ros2/build/lib/car_ros2
[1.447s] copying car_ros2/mpc_controller.py -> /home/dvij/multi-car-racing/build/car_ros2/build/lib/car_ros2
[1.447s] copying car_ros2/multi_car_blocking.py -> /home/dvij/multi-car-racing/build/car_ros2/build/lib/car_ros2
[1.447s] copying car_ros2/multi_car_comp_blocking.py -> /home/dvij/multi-car-racing/build/car_ros2/build/lib/car_ros2
[1.447s] copying car_ros2/plot_teaser_data.py -> /home/dvij/multi-car-racing/build/car_ros2/build/lib/car_ros2
[1.448s] copying car_ros2/rerun_races.py -> /home/dvij/multi-car-racing/build/car_ros2/build/lib/car_ros2
[1.448s] copying car_ros2/trained_p_model_analysis.py -> /home/dvij/multi-car-racing/build/car_ros2/build/lib/car_ros2
[1.448s] copying car_ros2/train_p_model_multi_dist.py -> /home/dvij/multi-car-racing/build/car_ros2/build/lib/car_ros2
[1.448s] copying car_ros2/train_q_model_multi.py -> /home/dvij/multi-car-racing/build/car_ros2/build/lib/car_ros2
[1.448s] copying car_ros2/train_q_model_multi_rel.py -> /home/dvij/multi-car-racing/build/car_ros2/build/lib/car_ros2
[1.448s] copying car_ros2/__init__.py -> /home/dvij/multi-car-racing/build/car_ros2/build/lib/car_ros2
[1.449s] running install
[1.449s] running install_lib
[1.450s] creating /home/dvij/multi-car-racing/install/car_ros2/lib/python3.10/site-packages/car_ros2
[1.451s] copying /home/dvij/multi-car-racing/build/car_ros2/build/lib/car_ros2/create_smiley_video.py -> /home/dvij/multi-car-racing/install/car_ros2/lib/python3.10/site-packages/car_ros2
[1.451s] copying /home/dvij/multi-car-racing/build/car_ros2/build/lib/car_ros2/create_teaser_data.py -> /home/dvij/multi-car-racing/install/car_ros2/lib/python3.10/site-packages/car_ros2
[1.451s] copying /home/dvij/multi-car-racing/build/car_ros2/build/lib/car_ros2/merge_data.py -> /home/dvij/multi-car-racing/install/car_ros2/lib/python3.10/site-packages/car_ros2
[1.451s] copying /home/dvij/multi-car-racing/build/car_ros2/build/lib/car_ros2/model_arch.py -> /home/dvij/multi-car-racing/install/car_ros2/lib/python3.10/site-packages/car_ros2
[1.451s] copying /home/dvij/multi-car-racing/build/car_ros2/build/lib/car_ros2/mpc_controller.py -> /home/dvij/multi-car-racing/install/car_ros2/lib/python3.10/site-packages/car_ros2
[1.451s] copying /home/dvij/multi-car-racing/build/car_ros2/build/lib/car_ros2/multi_car_blocking.py -> /home/dvij/multi-car-racing/install/car_ros2/lib/python3.10/site-packages/car_ros2
[1.451s] copying /home/dvij/multi-car-racing/build/car_ros2/build/lib/car_ros2/multi_car_comp_blocking.py -> /home/dvij/multi-car-racing/install/car_ros2/lib/python3.10/site-packages/car_ros2
[1.451s] copying /home/dvij/multi-car-racing/build/car_ros2/build/lib/car_ros2/plot_teaser_data.py -> /home/dvij/multi-car-racing/install/car_ros2/lib/python3.10/site-packages/car_ros2
[1.451s] copying /home/dvij/multi-car-racing/build/car_ros2/build/lib/car_ros2/rerun_races.py -> /home/dvij/multi-car-racing/install/car_ros2/lib/python3.10/site-packages/car_ros2
[1.451s] copying /home/dvij/multi-car-racing/build/car_ros2/build/lib/car_ros2/trained_p_model_analysis.py -> /home/dvij/multi-car-racing/install/car_ros2/lib/python3.10/site-packages/car_ros2
[1.452s] copying /home/dvij/multi-car-racing/build/car_ros2/build/lib/car_ros2/train_p_model_multi_dist.py -> /home/dvij/multi-car-racing/install/car_ros2/lib/python3.10/site-packages/car_ros2
[1.452s] copying /home/dvij/multi-car-racing/build/car_ros2/build/lib/car_ros2/train_q_model_multi.py -> /home/dvij/multi-car-racing/install/car_ros2/lib/python3.10/site-packages/car_ros2
[1.452s] copying /home/dvij/multi-car-racing/build/car_ros2/build/lib/car_ros2/train_q_model_multi_rel.py -> /home/dvij/multi-car-racing/install/car_ros2/lib/python3.10/site-packages/car_ros2
[1.452s] copying /home/dvij/multi-car-racing/build/car_ros2/build/lib/car_ros2/__init__.py -> /home/dvij/multi-car-racing/install/car_ros2/lib/python3.10/site-packages/car_ros2
[1.453s] byte-compiling /home/dvij/multi-car-racing/install/car_ros2/lib/python3.10/site-packages/car_ros2/create_smiley_video.py to create_smiley_video.cpython-310.pyc
[1.454s] byte-compiling /home/dvij/multi-car-racing/install/car_ros2/lib/python3.10/site-packages/car_ros2/create_teaser_data.py to create_teaser_data.cpython-310.pyc
[1.464s] byte-compiling /home/dvij/multi-car-racing/install/car_ros2/lib/python3.10/site-packages/car_ros2/merge_data.py to merge_data.cpython-310.pyc
[1.464s] byte-compiling /home/dvij/multi-car-racing/install/car_ros2/lib/python3.10/site-packages/car_ros2/model_arch.py to model_arch.cpython-310.pyc
[1.464s] byte-compiling /home/dvij/multi-car-racing/install/car_ros2/lib/python3.10/site-packages/car_ros2/mpc_controller.py to mpc_controller.cpython-310.pyc
[1.465s] byte-compiling /home/dvij/multi-car-racing/install/car_ros2/lib/python3.10/site-packages/car_ros2/multi_car_blocking.py to multi_car_blocking.cpython-310.pyc
[1.472s] byte-compiling /home/dvij/multi-car-racing/install/car_ros2/lib/python3.10/site-packages/car_ros2/multi_car_comp_blocking.py to multi_car_comp_blocking.cpython-310.pyc
[1.490s] byte-compiling /home/dvij/multi-car-racing/install/car_ros2/lib/python3.10/site-packages/car_ros2/plot_teaser_data.py to plot_teaser_data.cpython-310.pyc
[1.491s] byte-compiling /home/dvij/multi-car-racing/install/car_ros2/lib/python3.10/site-packages/car_ros2/rerun_races.py to rerun_races.cpython-310.pyc
[1.494s] byte-compiling /home/dvij/multi-car-racing/install/car_ros2/lib/python3.10/site-packages/car_ros2/trained_p_model_analysis.py to trained_p_model_analysis.cpython-310.pyc
[1.496s] byte-compiling /home/dvij/multi-car-racing/install/car_ros2/lib/python3.10/site-packages/car_ros2/train_p_model_multi_dist.py to train_p_model_multi_dist.cpython-310.pyc
[1.499s] byte-compiling /home/dvij/multi-car-racing/install/car_ros2/lib/python3.10/site-packages/car_ros2/train_q_model_multi.py to train_q_model_multi.cpython-310.pyc
[1.500s] byte-compiling /home/dvij/multi-car-racing/install/car_ros2/lib/python3.10/site-packages/car_ros2/train_q_model_multi_rel.py to train_q_model_multi_rel.cpython-310.pyc
[1.502s] byte-compiling /home/dvij/multi-car-racing/install/car_ros2/lib/python3.10/site-packages/car_ros2/__init__.py to __init__.cpython-310.pyc
[1.502s] running install_data
[1.502s] creating /home/dvij/multi-car-racing/install/car_ros2/share/ament_index
[1.502s] creating /home/dvij/multi-car-racing/install/car_ros2/share/ament_index/resource_index
[1.502s] creating /home/dvij/multi-car-racing/install/car_ros2/share/ament_index/resource_index/packages
[1.502s] copying resource/car_ros2 -> /home/dvij/multi-car-racing/install/car_ros2/share/ament_index/resource_index/packages
[1.502s] copying package.xml -> /home/dvij/multi-car-racing/install/car_ros2/share/car_ros2
[1.503s] running install_egg_info
[1.505s] Copying ../build/car_ros2/car_ros2.egg-info to /home/dvij/multi-car-racing/install/car_ros2/lib/python3.10/site-packages/car_ros2-0.0.0-py3.10.egg-info
[1.507s] running install_scripts
[1.527s] Installing car_node script to /home/dvij/multi-car-racing/install/car_ros2/lib/car_ros2
[1.528s] writing list of installed files to '/home/dvij/multi-car-racing/build/car_ros2/install.log'
[1.556s] Invoked command in '/home/dvij/multi-car-racing/car_ros2' returned '0': PYTHONPATH=/home/dvij/multi-car-racing/build/car_ros2/prefix_override:/usr/lib/python3/dist-packages/colcon_core/task/python/colcon_distutils_commands:/home/dvij/multi-car-racing/install/car_ros2/lib/python3.10/site-packages:${PYTHONPATH} /usr/bin/python3 -W ignore:setup.py install is deprecated -W ignore:easy_install command is deprecated setup.py egg_info --egg-base ../build/car_ros2 build --build-base /home/dvij/multi-car-racing/build/car_ros2/build install --record /home/dvij/multi-car-racing/build/car_ros2/install.log --single-version-externally-managed install_data
