[0.046s] Invoking command in '/home/yug/agv-alpharacer/alpha-RACER/ros2_ws/build/tf2_msgs': CMAKE_PREFIX_PATH=/home/yug/agv-alpharacer/alpha-RACER/ros2_ws/install/ament_cmake:/home/yug/agv-alpharacer/alpha-RACER/ros2_ws/install/ament_cmake_gen_version_h:/home/yug/agv-alpharacer/alpha-RACER/ros2_ws/install/ament_cmake_gtest:/home/yug/agv-alpharacer/alpha-RACER/ros2_ws/install/ament_cmake_test:/home/yug/agv-alpharacer/alpha-RACER/ros2_ws/install/ament_cmake_target_dependencies:/home/yug/agv-alpharacer/alpha-RACER/ros2_ws/install/ament_cmake_export_targets:/home/yug/agv-alpharacer/alpha-RACER/ros2_ws/install/ament_cmake_export_interfaces:/home/yug/agv-alpharacer/alpha-RACER/ros2_ws/install/ament_cmake_export_dependencies:/home/yug/agv-alpharacer/alpha-RACER/ros2_ws/install/ament_cmake_version:/home/yug/agv-alpharacer/alpha-RACER/ros2_ws/install/ament_cmake_python:/home/yug/agv-alpharacer/alpha-RACER/ros2_ws/install/ament_cmake_libraries:/home/yug/agv-alpharacer/alpha-RACER/ros2_ws/install/ament_cmake_include_directories:/home/yug/agv-alpharacer/alpha-RACER/ros2_ws/install/ament_cmake_export_link_flags:/home/yug/agv-alpharacer/alpha-RACER/ros2_ws/install/ament_cmake_export_libraries:/home/yug/agv-alpharacer/alpha-RACER/ros2_ws/install/ament_cmake_export_include_directories:/home/yug/agv-alpharacer/alpha-RACER/ros2_ws/install/ament_cmake_export_definitions:/home/yug/agv-alpharacer/alpha-RACER/ros2_ws/install/ament_cmake_core:/home/yug/agv-alpharacer/alpha-RACER/ros2_ws/install/geometry2:/home/yug/agv-alpharacer/alpha-RACER/ros2_ws/install/tf2_sensor_msgs:/home/yug/agv-alpharacer/alpha-RACER/ros2_ws/install/test_tf2:/home/yug/agv-alpharacer/alpha-RACER/ros2_ws/install/tf2_kdl:/home/yug/agv-alpharacer/alpha-RACER/ros2_ws/install/tf2_geometry_msgs:/home/yug/agv-alpharacer/alpha-RACER/ros2_ws/install/tf2_ros:/home/yug/agv-alpharacer/alpha-RACER/ros2_ws/install/tf2_py:/home/yug/agv-alpharacer/alpha-RACER/ros2_ws/install/tf2_msgs:/home/yug/agv-alpharacer/alpha-RACER/ros2_ws/install/tf2_eigen_kdl:/home/yug/agv-alpharacer/alpha-RACER/ros2_ws/install/tf2:/home/yug/agv-alpharacer/alpha-RACER/ros2_ws/install/foxglove_bridge:/home/yug/agv-alpharacer/alpha-RACER/ros2_ws/install/rosx_introspection:/home/yug/agv-alpharacer/alpha-RACER/ros2_ws/install/network_bridge:/home/yug/agv-alpharacer/alpha-RACER/ros2_ws/install/my_robot_description:/home/yug/agv-alpharacer/alpha-RACER/ros2_ws/install/my_custom_msgs:/home/yug/agv-alpharacer/alpha-RACER/ros2_ws/install/ament_cmake_google_benchmark:/home/yug/agv-alpharacer/alpha-RACER/ros2_ws/install/google_benchmark_vendor:/home/yug/agv-alpharacer/alpha-RACER/ros2_ws/install/ament_cmake_auto:/home/yug/agv-alpharacer/alpha-RACER/ros2_ws/install/ament_cmake_vendor_package:/home/yug/agv-alpharacer/alpha-RACER/ros2_ws/install/ament_cmake_pytest:/home/yug/agv-alpharacer/alpha-RACER/ros2_ws/install/ament_cmake_nose:/home/yug/agv-alpharacer/alpha-RACER/ros2_ws/install/ament_cmake_gmock:/home/yug/agv-alpharacer/alpha-RACER/ros2_ws/install/ackermann_msgs:/home/yug/agv-alpharacer/alpha-RACER/ros2_ws/install/tf_transformations:/home/yug/agv-alpharacer/alpha-RACER/ros2_ws/install/tf2_tools:/home/yug/agv-alpharacer/alpha-RACER/ros2_ws/install/examples_tf2_py:/home/yug/agv-alpharacer/alpha-RACER/ros2_ws/install/tf2_ros_py:/home/yug/agv-alpharacer/alpha-RACER/ros2_ws/install/tf2_eigen:/home/yug/agv-alpharacer/alpha-RACER/ros2_ws/install/tf2_bullet:/opt/ros/humble CONDA_PROMPT_MODIFIER=(alpharacer) /usr/bin/cmake /home/yug/agv-alpharacer/alpha-RACER/ros2_ws/src/geometry2/tf2_msgs -DAMENT_CMAKE_SYMLINK_INSTALL=1 -DCMAKE_INSTALL_PREFIX=/home/yug/agv-alpharacer/alpha-RACER/ros2_ws/install/tf2_msgs
[0.111s] -- The C compiler identification is GNU 11.4.0
[0.193s] -- The CXX compiler identification is GNU 11.4.0
[0.203s] -- Detecting C compiler ABI info
[0.302s] -- Detecting C compiler ABI info - done
[0.309s] -- Check for working C compiler: /usr/bin/cc - skipped
[0.310s] -- Detecting C compile features
[0.310s] -- Detecting C compile features - done
[0.313s] -- Detecting CXX compiler ABI info
[0.408s] -- Detecting CXX compiler ABI info - done
[0.415s] -- Check for working CXX compiler: /usr/bin/c++ - skipped
[0.416s] -- Detecting CXX compile features
[0.416s] -- Detecting CXX compile features - done
[0.417s] -- Found ament_cmake: 1.3.12 (/home/yug/agv-alpharacer/alpha-RACER/ros2_ws/install/ament_cmake/share/ament_cmake/cmake)
[0.590s] -- Found Python3: /usr/bin/python3 (found version "3.10.12") found components: Interpreter 
[0.668s] -- Override CMake install command with custom implementation using symlinks instead of copying resources
[0.699s] -- Found rosidl_default_generators: 1.2.0 (/opt/ros/humble/share/rosidl_default_generators/cmake)
[0.712s] -- Using all available rosidl_typesupport_c: rosidl_typesupport_fastrtps_c;rosidl_typesupport_introspection_c
[0.726s] -- Found rosidl_adapter: 3.1.6 (/opt/ros/humble/share/rosidl_adapter/cmake)
[0.785s] -- Using all available rosidl_typesupport_cpp: rosidl_typesupport_fastrtps_cpp;rosidl_typesupport_introspection_cpp
[0.838s] -- Found builtin_interfaces: 1.2.1 (/opt/ros/humble/share/builtin_interfaces/cmake)
[0.857s] -- Found geometry_msgs: 4.8.0 (/opt/ros/humble/share/geometry_msgs/cmake)
[1.254s] -- Found ament_cmake_cppcheck: 0.12.12 (/opt/ros/humble/share/ament_cmake_cppcheck/cmake)
[1.259s] -- Found ament_cmake_cpplint: 0.12.12 (/opt/ros/humble/share/ament_cmake_cpplint/cmake)
[1.264s] -- Found ament_cmake_uncrustify: 0.12.12 (/opt/ros/humble/share/ament_cmake_uncrustify/cmake)
[1.269s] -- Found ament_cmake_ros: 0.10.0 (/opt/ros/humble/share/ament_cmake_ros/cmake)
[1.515s] -- Using all available rosidl_typesupport_c: rosidl_typesupport_fastrtps_c;rosidl_typesupport_introspection_c
[1.830s] -- Using all available rosidl_typesupport_cpp: rosidl_typesupport_fastrtps_cpp;rosidl_typesupport_introspection_cpp
[1.855s] -- Found PythonInterp: /usr/bin/python3 (found suitable version "3.10.12", minimum required is "3.6") 
[1.860s] -- Found python_cmake_module: 0.10.0 (/opt/ros/humble/share/python_cmake_module/cmake)
[1.891s] -- Found PythonLibs: /usr/lib/x86_64-linux-gnu/libpython3.10.so (found suitable version "3.10.12", minimum required is "3.5") 
[1.891s] -- Using PYTHON_EXECUTABLE: /usr/bin/python3
[1.891s] -- Using PYTHON_INCLUDE_DIRS: /usr/include/python3.10
[1.891s] -- Using PYTHON_LIBRARIES: /usr/lib/x86_64-linux-gnu/libpython3.10.so
[1.916s] -- Found PythonExtra: .so  
[2.051s] -- Found ament_cmake_flake8: 0.12.12 (/opt/ros/humble/share/ament_cmake_flake8/cmake)
[2.058s] -- Found ament_cmake_pep257: 0.12.12 (/opt/ros/humble/share/ament_cmake_pep257/cmake)
[2.076s] -- Configuring done
[2.141s] -- Generating done
[2.161s] -- Build files have been written to: /home/yug/agv-alpharacer/alpha-RACER/ros2_ws/build/tf2_msgs
[2.182s] Invoked command in '/home/yug/agv-alpharacer/alpha-RACER/ros2_ws/build/tf2_msgs' returned '0': CMAKE_PREFIX_PATH=/home/yug/agv-alpharacer/alpha-RACER/ros2_ws/install/ament_cmake:/home/yug/agv-alpharacer/alpha-RACER/ros2_ws/install/ament_cmake_gen_version_h:/home/yug/agv-alpharacer/alpha-RACER/ros2_ws/install/ament_cmake_gtest:/home/yug/agv-alpharacer/alpha-RACER/ros2_ws/install/ament_cmake_test:/home/yug/agv-alpharacer/alpha-RACER/ros2_ws/install/ament_cmake_target_dependencies:/home/yug/agv-alpharacer/alpha-RACER/ros2_ws/install/ament_cmake_export_targets:/home/yug/agv-alpharacer/alpha-RACER/ros2_ws/install/ament_cmake_export_interfaces:/home/yug/agv-alpharacer/alpha-RACER/ros2_ws/install/ament_cmake_export_dependencies:/home/yug/agv-alpharacer/alpha-RACER/ros2_ws/install/ament_cmake_version:/home/yug/agv-alpharacer/alpha-RACER/ros2_ws/install/ament_cmake_python:/home/yug/agv-alpharacer/alpha-RACER/ros2_ws/install/ament_cmake_libraries:/home/yug/agv-alpharacer/alpha-RACER/ros2_ws/install/ament_cmake_include_directories:/home/yug/agv-alpharacer/alpha-RACER/ros2_ws/install/ament_cmake_export_link_flags:/home/yug/agv-alpharacer/alpha-RACER/ros2_ws/install/ament_cmake_export_libraries:/home/yug/agv-alpharacer/alpha-RACER/ros2_ws/install/ament_cmake_export_include_directories:/home/yug/agv-alpharacer/alpha-RACER/ros2_ws/install/ament_cmake_export_definitions:/home/yug/agv-alpharacer/alpha-RACER/ros2_ws/install/ament_cmake_core:/home/yug/agv-alpharacer/alpha-RACER/ros2_ws/install/geometry2:/home/yug/agv-alpharacer/alpha-RACER/ros2_ws/install/tf2_sensor_msgs:/home/yug/agv-alpharacer/alpha-RACER/ros2_ws/install/test_tf2:/home/yug/agv-alpharacer/alpha-RACER/ros2_ws/install/tf2_kdl:/home/yug/agv-alpharacer/alpha-RACER/ros2_ws/install/tf2_geometry_msgs:/home/yug/agv-alpharacer/alpha-RACER/ros2_ws/install/tf2_ros:/home/yug/agv-alpharacer/alpha-RACER/ros2_ws/install/tf2_py:/home/yug/agv-alpharacer/alpha-RACER/ros2_ws/install/tf2_msgs:/home/yug/agv-alpharacer/alpha-RACER/ros2_ws/install/tf2_eigen_kdl:/home/yug/agv-alpharacer/alpha-RACER/ros2_ws/install/tf2:/home/yug/agv-alpharacer/alpha-RACER/ros2_ws/install/foxglove_bridge:/home/yug/agv-alpharacer/alpha-RACER/ros2_ws/install/rosx_introspection:/home/yug/agv-alpharacer/alpha-RACER/ros2_ws/install/network_bridge:/home/yug/agv-alpharacer/alpha-RACER/ros2_ws/install/my_robot_description:/home/yug/agv-alpharacer/alpha-RACER/ros2_ws/install/my_custom_msgs:/home/yug/agv-alpharacer/alpha-RACER/ros2_ws/install/ament_cmake_google_benchmark:/home/yug/agv-alpharacer/alpha-RACER/ros2_ws/install/google_benchmark_vendor:/home/yug/agv-alpharacer/alpha-RACER/ros2_ws/install/ament_cmake_auto:/home/yug/agv-alpharacer/alpha-RACER/ros2_ws/install/ament_cmake_vendor_package:/home/yug/agv-alpharacer/alpha-RACER/ros2_ws/install/ament_cmake_pytest:/home/yug/agv-alpharacer/alpha-RACER/ros2_ws/install/ament_cmake_nose:/home/yug/agv-alpharacer/alpha-RACER/ros2_ws/install/ament_cmake_gmock:/home/yug/agv-alpharacer/alpha-RACER/ros2_ws/install/ackermann_msgs:/home/yug/agv-alpharacer/alpha-RACER/ros2_ws/install/tf_transformations:/home/yug/agv-alpharacer/alpha-RACER/ros2_ws/install/tf2_tools:/home/yug/agv-alpharacer/alpha-RACER/ros2_ws/install/examples_tf2_py:/home/yug/agv-alpharacer/alpha-RACER/ros2_ws/install/tf2_ros_py:/home/yug/agv-alpharacer/alpha-RACER/ros2_ws/install/tf2_eigen:/home/yug/agv-alpharacer/alpha-RACER/ros2_ws/install/tf2_bullet:/opt/ros/humble CONDA_PROMPT_MODIFIER=(alpharacer) /usr/bin/cmake /home/yug/agv-alpharacer/alpha-RACER/ros2_ws/src/geometry2/tf2_msgs -DAMENT_CMAKE_SYMLINK_INSTALL=1 -DCMAKE_INSTALL_PREFIX=/home/yug/agv-alpharacer/alpha-RACER/ros2_ws/install/tf2_msgs
[2.184s] Invoking command in '/home/yug/agv-alpharacer/alpha-RACER/ros2_ws/build/tf2_msgs': CMAKE_PREFIX_PATH=/home/yug/agv-alpharacer/alpha-RACER/ros2_ws/install/ament_cmake:/home/yug/agv-alpharacer/alpha-RACER/ros2_ws/install/ament_cmake_gen_version_h:/home/yug/agv-alpharacer/alpha-RACER/ros2_ws/install/ament_cmake_gtest:/home/yug/agv-alpharacer/alpha-RACER/ros2_ws/install/ament_cmake_test:/home/yug/agv-alpharacer/alpha-RACER/ros2_ws/install/ament_cmake_target_dependencies:/home/yug/agv-alpharacer/alpha-RACER/ros2_ws/install/ament_cmake_export_targets:/home/yug/agv-alpharacer/alpha-RACER/ros2_ws/install/ament_cmake_export_interfaces:/home/yug/agv-alpharacer/alpha-RACER/ros2_ws/install/ament_cmake_export_dependencies:/home/yug/agv-alpharacer/alpha-RACER/ros2_ws/install/ament_cmake_version:/home/yug/agv-alpharacer/alpha-RACER/ros2_ws/install/ament_cmake_python:/home/yug/agv-alpharacer/alpha-RACER/ros2_ws/install/ament_cmake_libraries:/home/yug/agv-alpharacer/alpha-RACER/ros2_ws/install/ament_cmake_include_directories:/home/yug/agv-alpharacer/alpha-RACER/ros2_ws/install/ament_cmake_export_link_flags:/home/yug/agv-alpharacer/alpha-RACER/ros2_ws/install/ament_cmake_export_libraries:/home/yug/agv-alpharacer/alpha-RACER/ros2_ws/install/ament_cmake_export_include_directories:/home/yug/agv-alpharacer/alpha-RACER/ros2_ws/install/ament_cmake_export_definitions:/home/yug/agv-alpharacer/alpha-RACER/ros2_ws/install/ament_cmake_core:/home/yug/agv-alpharacer/alpha-RACER/ros2_ws/install/geometry2:/home/yug/agv-alpharacer/alpha-RACER/ros2_ws/install/tf2_sensor_msgs:/home/yug/agv-alpharacer/alpha-RACER/ros2_ws/install/test_tf2:/home/yug/agv-alpharacer/alpha-RACER/ros2_ws/install/tf2_kdl:/home/yug/agv-alpharacer/alpha-RACER/ros2_ws/install/tf2_geometry_msgs:/home/yug/agv-alpharacer/alpha-RACER/ros2_ws/install/tf2_ros:/home/yug/agv-alpharacer/alpha-RACER/ros2_ws/install/tf2_py:/home/yug/agv-alpharacer/alpha-RACER/ros2_ws/install/tf2_msgs:/home/yug/agv-alpharacer/alpha-RACER/ros2_ws/install/tf2_eigen_kdl:/home/yug/agv-alpharacer/alpha-RACER/ros2_ws/install/tf2:/home/yug/agv-alpharacer/alpha-RACER/ros2_ws/install/foxglove_bridge:/home/yug/agv-alpharacer/alpha-RACER/ros2_ws/install/rosx_introspection:/home/yug/agv-alpharacer/alpha-RACER/ros2_ws/install/network_bridge:/home/yug/agv-alpharacer/alpha-RACER/ros2_ws/install/my_robot_description:/home/yug/agv-alpharacer/alpha-RACER/ros2_ws/install/my_custom_msgs:/home/yug/agv-alpharacer/alpha-RACER/ros2_ws/install/ament_cmake_google_benchmark:/home/yug/agv-alpharacer/alpha-RACER/ros2_ws/install/google_benchmark_vendor:/home/yug/agv-alpharacer/alpha-RACER/ros2_ws/install/ament_cmake_auto:/home/yug/agv-alpharacer/alpha-RACER/ros2_ws/install/ament_cmake_vendor_package:/home/yug/agv-alpharacer/alpha-RACER/ros2_ws/install/ament_cmake_pytest:/home/yug/agv-alpharacer/alpha-RACER/ros2_ws/install/ament_cmake_nose:/home/yug/agv-alpharacer/alpha-RACER/ros2_ws/install/ament_cmake_gmock:/home/yug/agv-alpharacer/alpha-RACER/ros2_ws/install/ackermann_msgs:/home/yug/agv-alpharacer/alpha-RACER/ros2_ws/install/tf_transformations:/home/yug/agv-alpharacer/alpha-RACER/ros2_ws/install/tf2_tools:/home/yug/agv-alpharacer/alpha-RACER/ros2_ws/install/examples_tf2_py:/home/yug/agv-alpharacer/alpha-RACER/ros2_ws/install/tf2_ros_py:/home/yug/agv-alpharacer/alpha-RACER/ros2_ws/install/tf2_eigen:/home/yug/agv-alpharacer/alpha-RACER/ros2_ws/install/tf2_bullet:/opt/ros/humble CONDA_PROMPT_MODIFIER=(alpharacer) /usr/bin/cmake --build /home/yug/agv-alpharacer/alpha-RACER/ros2_ws/build/tf2_msgs -- -j16 -l16
[2.261s] [  1%] [34m[1mGenerating C code for ROS interfaces[0m
[2.286s] [  3%] [34m[1mGenerating C++ code for ROS interfaces[0m
[2.293s] [  3%] Built target ament_cmake_python_symlink_tf2_msgs
[2.802s] running egg_info
[2.803s] creating tf2_msgs.egg-info
[2.804s] writing tf2_msgs.egg-info/PKG-INFO
[2.804s] writing dependency_links to tf2_msgs.egg-info/dependency_links.txt
[2.804s] writing top-level names to tf2_msgs.egg-info/top_level.txt
[2.805s] writing manifest file 'tf2_msgs.egg-info/SOURCES.txt'
[2.811s] reading manifest file 'tf2_msgs.egg-info/SOURCES.txt'
[2.811s] writing manifest file 'tf2_msgs.egg-info/SOURCES.txt'
[2.913s] [  3%] Built target ament_cmake_python_build_tf2_msgs_egg
[3.630s] [  5%] [32mBuilding C object CMakeFiles/tf2_msgs__rosidl_generator_c.dir/rosidl_generator_c/tf2_msgs/action/detail/lookup_transform__functions.c.o[0m
[3.636s] [  7%] [32mBuilding C object CMakeFiles/tf2_msgs__rosidl_generator_c.dir/rosidl_generator_c/tf2_msgs/msg/detail/tf2_error__functions.c.o[0m
[3.643s] [  9%] [32mBuilding C object CMakeFiles/tf2_msgs__rosidl_generator_c.dir/rosidl_generator_c/tf2_msgs/msg/detail/tf_message__functions.c.o[0m
[3.643s] [ 10%] [32mBuilding C object CMakeFiles/tf2_msgs__rosidl_generator_c.dir/rosidl_generator_c/tf2_msgs/srv/detail/frame_graph__functions.c.o[0m
[3.749s] [ 10%] Built target tf2_msgs__cpp
[3.800s] [ 12%] [34m[1mGenerating C++ type support for eProsima Fast-RTPS[0m
[3.805s] [ 14%] [34m[1mGenerating C++ introspection for ROS interfaces[0m
[3.812s] [ 16%] [34m[1mGenerating C++ type support dispatch for ROS interfaces[0m
[4.186s] [ 18%] [32m[1mLinking C shared library libtf2_msgs__rosidl_generator_c.so[0m
[4.297s] [ 18%] Built target tf2_msgs__rosidl_generator_c
[4.340s] [ 20%] [34m[1mGenerating C type support for eProsima Fast-RTPS[0m
[4.356s] [ 21%] [34m[1mGenerating C type support dispatch for ROS interfaces[0m
[4.363s] [ 23%] [34m[1mGenerating C introspection for ROS interfaces[0m
[5.553s] [ 25%] [32mBuilding CXX object CMakeFiles/tf2_msgs__rosidl_typesupport_cpp.dir/rosidl_typesupport_cpp/tf2_msgs/msg/tf2_error__type_support.cpp.o[0m
[5.562s] [ 27%] [32mBuilding CXX object CMakeFiles/tf2_msgs__rosidl_typesupport_cpp.dir/rosidl_typesupport_cpp/tf2_msgs/msg/tf_message__type_support.cpp.o[0m
[5.565s] [ 29%] [32mBuilding CXX object CMakeFiles/tf2_msgs__rosidl_typesupport_cpp.dir/rosidl_typesupport_cpp/tf2_msgs/srv/frame_graph__type_support.cpp.o[0m
[5.570s] [ 30%] [32mBuilding CXX object CMakeFiles/tf2_msgs__rosidl_typesupport_cpp.dir/rosidl_typesupport_cpp/tf2_msgs/action/lookup_transform__type_support.cpp.o[0m
[5.590s] [ 32%] [32mBuilding CXX object CMakeFiles/tf2_msgs__rosidl_typesupport_introspection_cpp.dir/rosidl_typesupport_introspection_cpp/tf2_msgs/msg/detail/tf2_error__type_support.cpp.o[0m
[5.594s] [ 34%] [32mBuilding CXX object CMakeFiles/tf2_msgs__rosidl_typesupport_introspection_cpp.dir/rosidl_typesupport_introspection_cpp/tf2_msgs/msg/detail/tf_message__type_support.cpp.o[0m
[5.620s] [ 38%] [32mBuilding CXX object CMakeFiles/tf2_msgs__rosidl_typesupport_introspection_cpp.dir/rosidl_typesupport_introspection_cpp/tf2_msgs/srv/detail/frame_graph__type_support.cpp.o[0m
[5.620s] [ 38%] [32mBuilding CXX object CMakeFiles/tf2_msgs__rosidl_typesupport_introspection_cpp.dir/rosidl_typesupport_introspection_cpp/tf2_msgs/action/detail/lookup_transform__type_support.cpp.o[0m
[5.943s] [ 40%] [32mBuilding CXX object CMakeFiles/tf2_msgs__rosidl_typesupport_c.dir/rosidl_typesupport_c/tf2_msgs/msg/tf2_error__type_support.cpp.o[0m
[5.959s] [ 41%] [32mBuilding CXX object CMakeFiles/tf2_msgs__rosidl_typesupport_c.dir/rosidl_typesupport_c/tf2_msgs/msg/tf_message__type_support.cpp.o[0m
[5.967s] [ 43%] [32mBuilding CXX object CMakeFiles/tf2_msgs__rosidl_typesupport_c.dir/rosidl_typesupport_c/tf2_msgs/action/lookup_transform__type_support.cpp.o[0m
[5.968s] [ 45%] [32mBuilding CXX object CMakeFiles/tf2_msgs__rosidl_typesupport_c.dir/rosidl_typesupport_c/tf2_msgs/srv/frame_graph__type_support.cpp.o[0m
[6.209s] [ 47%] [32m[1mLinking CXX shared library libtf2_msgs__rosidl_typesupport_c.so[0m
[6.239s] [ 49%] [32mBuilding C object CMakeFiles/tf2_msgs__rosidl_typesupport_introspection_c.dir/rosidl_typesupport_introspection_c/tf2_msgs/msg/detail/tf2_error__type_support.c.o[0m
[6.240s] [ 50%] [32mBuilding C object CMakeFiles/tf2_msgs__rosidl_typesupport_introspection_c.dir/rosidl_typesupport_introspection_c/tf2_msgs/srv/detail/frame_graph__type_support.c.o[0m
[6.245s] [ 52%] [32mBuilding C object CMakeFiles/tf2_msgs__rosidl_typesupport_introspection_c.dir/rosidl_typesupport_introspection_c/tf2_msgs/msg/detail/tf_message__type_support.c.o[0m
[6.250s] [ 54%] [32mBuilding C object CMakeFiles/tf2_msgs__rosidl_typesupport_introspection_c.dir/rosidl_typesupport_introspection_c/tf2_msgs/action/detail/lookup_transform__type_support.c.o[0m
[6.274s] [ 56%] [32mBuilding CXX object CMakeFiles/tf2_msgs__rosidl_typesupport_fastrtps_cpp.dir/rosidl_typesupport_fastrtps_cpp/tf2_msgs/msg/detail/dds_fastrtps/tf2_error__type_support.cpp.o[0m
[6.287s] [ 58%] [32mBuilding CXX object CMakeFiles/tf2_msgs__rosidl_typesupport_fastrtps_cpp.dir/rosidl_typesupport_fastrtps_cpp/tf2_msgs/msg/detail/dds_fastrtps/tf_message__type_support.cpp.o[0m
[6.363s] [ 60%] [32mBuilding CXX object CMakeFiles/tf2_msgs__rosidl_typesupport_fastrtps_cpp.dir/rosidl_typesupport_fastrtps_cpp/tf2_msgs/srv/detail/dds_fastrtps/frame_graph__type_support.cpp.o[0m
[6.391s] [ 60%] Built target tf2_msgs__rosidl_typesupport_c
[6.394s] [ 61%] [32mBuilding CXX object CMakeFiles/tf2_msgs__rosidl_typesupport_fastrtps_cpp.dir/rosidl_typesupport_fastrtps_cpp/tf2_msgs/action/detail/dds_fastrtps/lookup_transform__type_support.cpp.o[0m
[6.487s] [ 63%] [32m[1mLinking C shared library libtf2_msgs__rosidl_typesupport_introspection_c.so[0m
[6.632s] [ 63%] Built target tf2_msgs__rosidl_typesupport_introspection_c
[6.937s] [ 65%] [32mBuilding CXX object CMakeFiles/tf2_msgs__rosidl_typesupport_fastrtps_c.dir/rosidl_typesupport_fastrtps_c/tf2_msgs/msg/detail/tf_message__type_support_c.cpp.o[0m
[6.937s] [ 67%] [32mBuilding CXX object CMakeFiles/tf2_msgs__rosidl_typesupport_fastrtps_c.dir/rosidl_typesupport_fastrtps_c/tf2_msgs/srv/detail/frame_graph__type_support_c.cpp.o[0m
[6.944s] [ 69%] [32mBuilding CXX object CMakeFiles/tf2_msgs__rosidl_typesupport_fastrtps_c.dir/rosidl_typesupport_fastrtps_c/tf2_msgs/msg/detail/tf2_error__type_support_c.cpp.o[0m
[6.945s] [ 70%] [32mBuilding CXX object CMakeFiles/tf2_msgs__rosidl_typesupport_fastrtps_c.dir/rosidl_typesupport_fastrtps_c/tf2_msgs/action/detail/lookup_transform__type_support_c.cpp.o[0m
[7.262s] [ 72%] [32m[1mLinking CXX shared library libtf2_msgs__rosidl_typesupport_cpp.so[0m
[7.439s] [ 72%] Built target tf2_msgs__rosidl_typesupport_cpp
[7.842s] [ 74%] [32m[1mLinking CXX shared library libtf2_msgs__rosidl_typesupport_fastrtps_cpp.so[0m
[7.850s] [ 76%] [32m[1mLinking CXX shared library libtf2_msgs__rosidl_typesupport_introspection_cpp.so[0m
[7.927s] [ 78%] [32m[1mLinking CXX shared library libtf2_msgs__rosidl_typesupport_fastrtps_c.so[0m
[8.037s] [ 78%] Built target tf2_msgs__rosidl_typesupport_fastrtps_cpp
[8.062s] [ 78%] Built target tf2_msgs__rosidl_typesupport_introspection_cpp
[8.131s] [ 78%] Built target tf2_msgs__rosidl_typesupport_fastrtps_c
[8.173s] [ 78%] Built target tf2_msgs
[8.219s] [ 80%] [34m[1mGenerating Python code for ROS interfaces[0m
[10.360s] [ 80%] Built target tf2_msgs__py
[10.395s] [ 81%] [32mBuilding C object CMakeFiles/tf2_msgs__rosidl_generator_py.dir/rosidl_generator_py/tf2_msgs/msg/_tf2_error_s.c.o[0m
[10.395s] [ 83%] [32mBuilding C object CMakeFiles/tf2_msgs__rosidl_generator_py.dir/rosidl_generator_py/tf2_msgs/msg/_tf_message_s.c.o[0m
[10.395s] [ 85%] [32mBuilding C object CMakeFiles/tf2_msgs__rosidl_generator_py.dir/rosidl_generator_py/tf2_msgs/action/_lookup_transform_s.c.o[0m
[10.396s] [ 87%] [32mBuilding C object CMakeFiles/tf2_msgs__rosidl_generator_py.dir/rosidl_generator_py/tf2_msgs/srv/_frame_graph_s.c.o[0m
[10.625s] [ 89%] [32m[1mLinking C shared library rosidl_generator_py/tf2_msgs/libtf2_msgs__rosidl_generator_py.so[0m
[10.716s] [ 89%] Built target tf2_msgs__rosidl_generator_py
[10.752s] [ 92%] [32mBuilding C object CMakeFiles/tf2_msgs__rosidl_typesupport_introspection_c__pyext.dir/rosidl_generator_py/tf2_msgs/_tf2_msgs_s.ep.rosidl_typesupport_introspection_c.c.o[0m
[10.753s] [ 92%] [32mBuilding C object CMakeFiles/tf2_msgs__rosidl_typesupport_c__pyext.dir/rosidl_generator_py/tf2_msgs/_tf2_msgs_s.ep.rosidl_typesupport_c.c.o[0m
[10.753s] [ 94%] [32mBuilding C object CMakeFiles/tf2_msgs__rosidl_typesupport_fastrtps_c__pyext.dir/rosidl_generator_py/tf2_msgs/_tf2_msgs_s.ep.rosidl_typesupport_fastrtps_c.c.o[0m
[10.917s] [ 96%] [32m[1mLinking C shared library rosidl_generator_py/tf2_msgs/tf2_msgs_s__rosidl_typesupport_introspection_c.cpython-310-x86_64-linux-gnu.so[0m
[10.976s] [ 98%] [32m[1mLinking C shared library rosidl_generator_py/tf2_msgs/tf2_msgs_s__rosidl_typesupport_c.cpython-310-x86_64-linux-gnu.so[0m
[10.981s] [100%] [32m[1mLinking C shared library rosidl_generator_py/tf2_msgs/tf2_msgs_s__rosidl_typesupport_fastrtps_c.cpython-310-x86_64-linux-gnu.so[0m
[10.990s] [100%] Built target tf2_msgs__rosidl_typesupport_introspection_c__pyext
[11.049s] [100%] Built target tf2_msgs__rosidl_typesupport_fastrtps_c__pyext
[11.060s] [100%] Built target tf2_msgs__rosidl_typesupport_c__pyext
[11.079s] Invoked command in '/home/yug/agv-alpharacer/alpha-RACER/ros2_ws/build/tf2_msgs' returned '0': CMAKE_PREFIX_PATH=/home/yug/agv-alpharacer/alpha-RACER/ros2_ws/install/ament_cmake:/home/yug/agv-alpharacer/alpha-RACER/ros2_ws/install/ament_cmake_gen_version_h:/home/yug/agv-alpharacer/alpha-RACER/ros2_ws/install/ament_cmake_gtest:/home/yug/agv-alpharacer/alpha-RACER/ros2_ws/install/ament_cmake_test:/home/yug/agv-alpharacer/alpha-RACER/ros2_ws/install/ament_cmake_target_dependencies:/home/yug/agv-alpharacer/alpha-RACER/ros2_ws/install/ament_cmake_export_targets:/home/yug/agv-alpharacer/alpha-RACER/ros2_ws/install/ament_cmake_export_interfaces:/home/yug/agv-alpharacer/alpha-RACER/ros2_ws/install/ament_cmake_export_dependencies:/home/yug/agv-alpharacer/alpha-RACER/ros2_ws/install/ament_cmake_version:/home/yug/agv-alpharacer/alpha-RACER/ros2_ws/install/ament_cmake_python:/home/yug/agv-alpharacer/alpha-RACER/ros2_ws/install/ament_cmake_libraries:/home/yug/agv-alpharacer/alpha-RACER/ros2_ws/install/ament_cmake_include_directories:/home/yug/agv-alpharacer/alpha-RACER/ros2_ws/install/ament_cmake_export_link_flags:/home/yug/agv-alpharacer/alpha-RACER/ros2_ws/install/ament_cmake_export_libraries:/home/yug/agv-alpharacer/alpha-RACER/ros2_ws/install/ament_cmake_export_include_directories:/home/yug/agv-alpharacer/alpha-RACER/ros2_ws/install/ament_cmake_export_definitions:/home/yug/agv-alpharacer/alpha-RACER/ros2_ws/install/ament_cmake_core:/home/yug/agv-alpharacer/alpha-RACER/ros2_ws/install/geometry2:/home/yug/agv-alpharacer/alpha-RACER/ros2_ws/install/tf2_sensor_msgs:/home/yug/agv-alpharacer/alpha-RACER/ros2_ws/install/test_tf2:/home/yug/agv-alpharacer/alpha-RACER/ros2_ws/install/tf2_kdl:/home/yug/agv-alpharacer/alpha-RACER/ros2_ws/install/tf2_geometry_msgs:/home/yug/agv-alpharacer/alpha-RACER/ros2_ws/install/tf2_ros:/home/yug/agv-alpharacer/alpha-RACER/ros2_ws/install/tf2_py:/home/yug/agv-alpharacer/alpha-RACER/ros2_ws/install/tf2_msgs:/home/yug/agv-alpharacer/alpha-RACER/ros2_ws/install/tf2_eigen_kdl:/home/yug/agv-alpharacer/alpha-RACER/ros2_ws/install/tf2:/home/yug/agv-alpharacer/alpha-RACER/ros2_ws/install/foxglove_bridge:/home/yug/agv-alpharacer/alpha-RACER/ros2_ws/install/rosx_introspection:/home/yug/agv-alpharacer/alpha-RACER/ros2_ws/install/network_bridge:/home/yug/agv-alpharacer/alpha-RACER/ros2_ws/install/my_robot_description:/home/yug/agv-alpharacer/alpha-RACER/ros2_ws/install/my_custom_msgs:/home/yug/agv-alpharacer/alpha-RACER/ros2_ws/install/ament_cmake_google_benchmark:/home/yug/agv-alpharacer/alpha-RACER/ros2_ws/install/google_benchmark_vendor:/home/yug/agv-alpharacer/alpha-RACER/ros2_ws/install/ament_cmake_auto:/home/yug/agv-alpharacer/alpha-RACER/ros2_ws/install/ament_cmake_vendor_package:/home/yug/agv-alpharacer/alpha-RACER/ros2_ws/install/ament_cmake_pytest:/home/yug/agv-alpharacer/alpha-RACER/ros2_ws/install/ament_cmake_nose:/home/yug/agv-alpharacer/alpha-RACER/ros2_ws/install/ament_cmake_gmock:/home/yug/agv-alpharacer/alpha-RACER/ros2_ws/install/ackermann_msgs:/home/yug/agv-alpharacer/alpha-RACER/ros2_ws/install/tf_transformations:/home/yug/agv-alpharacer/alpha-RACER/ros2_ws/install/tf2_tools:/home/yug/agv-alpharacer/alpha-RACER/ros2_ws/install/examples_tf2_py:/home/yug/agv-alpharacer/alpha-RACER/ros2_ws/install/tf2_ros_py:/home/yug/agv-alpharacer/alpha-RACER/ros2_ws/install/tf2_eigen:/home/yug/agv-alpharacer/alpha-RACER/ros2_ws/install/tf2_bullet:/opt/ros/humble CONDA_PROMPT_MODIFIER=(alpharacer) /usr/bin/cmake --build /home/yug/agv-alpharacer/alpha-RACER/ros2_ws/build/tf2_msgs -- -j16 -l16
[11.083s] Invoking command in '/home/yug/agv-alpharacer/alpha-RACER/ros2_ws/build/tf2_msgs': CMAKE_PREFIX_PATH=/home/yug/agv-alpharacer/alpha-RACER/ros2_ws/install/ament_cmake:/home/yug/agv-alpharacer/alpha-RACER/ros2_ws/install/ament_cmake_gen_version_h:/home/yug/agv-alpharacer/alpha-RACER/ros2_ws/install/ament_cmake_gtest:/home/yug/agv-alpharacer/alpha-RACER/ros2_ws/install/ament_cmake_test:/home/yug/agv-alpharacer/alpha-RACER/ros2_ws/install/ament_cmake_target_dependencies:/home/yug/agv-alpharacer/alpha-RACER/ros2_ws/install/ament_cmake_export_targets:/home/yug/agv-alpharacer/alpha-RACER/ros2_ws/install/ament_cmake_export_interfaces:/home/yug/agv-alpharacer/alpha-RACER/ros2_ws/install/ament_cmake_export_dependencies:/home/yug/agv-alpharacer/alpha-RACER/ros2_ws/install/ament_cmake_version:/home/yug/agv-alpharacer/alpha-RACER/ros2_ws/install/ament_cmake_python:/home/yug/agv-alpharacer/alpha-RACER/ros2_ws/install/ament_cmake_libraries:/home/yug/agv-alpharacer/alpha-RACER/ros2_ws/install/ament_cmake_include_directories:/home/yug/agv-alpharacer/alpha-RACER/ros2_ws/install/ament_cmake_export_link_flags:/home/yug/agv-alpharacer/alpha-RACER/ros2_ws/install/ament_cmake_export_libraries:/home/yug/agv-alpharacer/alpha-RACER/ros2_ws/install/ament_cmake_export_include_directories:/home/yug/agv-alpharacer/alpha-RACER/ros2_ws/install/ament_cmake_export_definitions:/home/yug/agv-alpharacer/alpha-RACER/ros2_ws/install/ament_cmake_core:/home/yug/agv-alpharacer/alpha-RACER/ros2_ws/install/geometry2:/home/yug/agv-alpharacer/alpha-RACER/ros2_ws/install/tf2_sensor_msgs:/home/yug/agv-alpharacer/alpha-RACER/ros2_ws/install/test_tf2:/home/yug/agv-alpharacer/alpha-RACER/ros2_ws/install/tf2_kdl:/home/yug/agv-alpharacer/alpha-RACER/ros2_ws/install/tf2_geometry_msgs:/home/yug/agv-alpharacer/alpha-RACER/ros2_ws/install/tf2_ros:/home/yug/agv-alpharacer/alpha-RACER/ros2_ws/install/tf2_py:/home/yug/agv-alpharacer/alpha-RACER/ros2_ws/install/tf2_msgs:/home/yug/agv-alpharacer/alpha-RACER/ros2_ws/install/tf2_eigen_kdl:/home/yug/agv-alpharacer/alpha-RACER/ros2_ws/install/tf2:/home/yug/agv-alpharacer/alpha-RACER/ros2_ws/install/foxglove_bridge:/home/yug/agv-alpharacer/alpha-RACER/ros2_ws/install/rosx_introspection:/home/yug/agv-alpharacer/alpha-RACER/ros2_ws/install/network_bridge:/home/yug/agv-alpharacer/alpha-RACER/ros2_ws/install/my_robot_description:/home/yug/agv-alpharacer/alpha-RACER/ros2_ws/install/my_custom_msgs:/home/yug/agv-alpharacer/alpha-RACER/ros2_ws/install/ament_cmake_google_benchmark:/home/yug/agv-alpharacer/alpha-RACER/ros2_ws/install/google_benchmark_vendor:/home/yug/agv-alpharacer/alpha-RACER/ros2_ws/install/ament_cmake_auto:/home/yug/agv-alpharacer/alpha-RACER/ros2_ws/install/ament_cmake_vendor_package:/home/yug/agv-alpharacer/alpha-RACER/ros2_ws/install/ament_cmake_pytest:/home/yug/agv-alpharacer/alpha-RACER/ros2_ws/install/ament_cmake_nose:/home/yug/agv-alpharacer/alpha-RACER/ros2_ws/install/ament_cmake_gmock:/home/yug/agv-alpharacer/alpha-RACER/ros2_ws/install/ackermann_msgs:/home/yug/agv-alpharacer/alpha-RACER/ros2_ws/install/tf_transformations:/home/yug/agv-alpharacer/alpha-RACER/ros2_ws/install/tf2_tools:/home/yug/agv-alpharacer/alpha-RACER/ros2_ws/install/examples_tf2_py:/home/yug/agv-alpharacer/alpha-RACER/ros2_ws/install/tf2_ros_py:/home/yug/agv-alpharacer/alpha-RACER/ros2_ws/install/tf2_eigen:/home/yug/agv-alpharacer/alpha-RACER/ros2_ws/install/tf2_bullet:/opt/ros/humble CONDA_PROMPT_MODIFIER=(alpharacer) /usr/bin/cmake --install /home/yug/agv-alpharacer/alpha-RACER/ros2_ws/build/tf2_msgs
[11.096s] -- Install configuration: ""
[11.097s] -- Execute custom install script
[11.098s] -- Symlinking: /home/yug/agv-alpharacer/alpha-RACER/ros2_ws/install/tf2_msgs/share/ament_index/resource_index/rosidl_interfaces/tf2_msgs
[11.112s] -- Symlinking: /home/yug/agv-alpharacer/alpha-RACER/ros2_ws/install/tf2_msgs/include/tf2_msgs/tf2_msgs/action/detail/lookup_transform__functions.h
[11.126s] -- Symlinking: /home/yug/agv-alpharacer/alpha-RACER/ros2_ws/install/tf2_msgs/include/tf2_msgs/tf2_msgs/action/detail/lookup_transform__struct.h
[11.137s] -- Symlinking: /home/yug/agv-alpharacer/alpha-RACER/ros2_ws/install/tf2_msgs/include/tf2_msgs/tf2_msgs/action/detail/lookup_transform__type_support.h
[11.150s] -- Symlinking: /home/yug/agv-alpharacer/alpha-RACER/ros2_ws/install/tf2_msgs/include/tf2_msgs/tf2_msgs/action/lookup_transform.h
[11.164s] -- Symlinking: /home/yug/agv-alpharacer/alpha-RACER/ros2_ws/install/tf2_msgs/include/tf2_msgs/tf2_msgs/msg/detail/tf2_error__functions.h
[11.177s] -- Symlinking: /home/yug/agv-alpharacer/alpha-RACER/ros2_ws/install/tf2_msgs/include/tf2_msgs/tf2_msgs/msg/detail/tf2_error__struct.h
[11.190s] -- Symlinking: /home/yug/agv-alpharacer/alpha-RACER/ros2_ws/install/tf2_msgs/include/tf2_msgs/tf2_msgs/msg/detail/tf2_error__type_support.h
[11.202s] -- Symlinking: /home/yug/agv-alpharacer/alpha-RACER/ros2_ws/install/tf2_msgs/include/tf2_msgs/tf2_msgs/msg/detail/tf_message__functions.h
[11.213s] -- Symlinking: /home/yug/agv-alpharacer/alpha-RACER/ros2_ws/install/tf2_msgs/include/tf2_msgs/tf2_msgs/msg/detail/tf_message__struct.h
[11.225s] -- Symlinking: /home/yug/agv-alpharacer/alpha-RACER/ros2_ws/install/tf2_msgs/include/tf2_msgs/tf2_msgs/msg/detail/tf_message__type_support.h
[11.236s] -- Symlinking: /home/yug/agv-alpharacer/alpha-RACER/ros2_ws/install/tf2_msgs/include/tf2_msgs/tf2_msgs/msg/rosidl_generator_c__visibility_control.h
[11.249s] -- Symlinking: /home/yug/agv-alpharacer/alpha-RACER/ros2_ws/install/tf2_msgs/include/tf2_msgs/tf2_msgs/msg/tf2_error.h
[11.261s] -- Symlinking: /home/yug/agv-alpharacer/alpha-RACER/ros2_ws/install/tf2_msgs/include/tf2_msgs/tf2_msgs/msg/tf_message.h
[11.273s] -- Symlinking: /home/yug/agv-alpharacer/alpha-RACER/ros2_ws/install/tf2_msgs/include/tf2_msgs/tf2_msgs/srv/detail/frame_graph__functions.h
[11.285s] -- Symlinking: /home/yug/agv-alpharacer/alpha-RACER/ros2_ws/install/tf2_msgs/include/tf2_msgs/tf2_msgs/srv/detail/frame_graph__struct.h
[11.298s] -- Symlinking: /home/yug/agv-alpharacer/alpha-RACER/ros2_ws/install/tf2_msgs/include/tf2_msgs/tf2_msgs/srv/detail/frame_graph__type_support.h
[11.310s] -- Symlinking: /home/yug/agv-alpharacer/alpha-RACER/ros2_ws/install/tf2_msgs/include/tf2_msgs/tf2_msgs/srv/frame_graph.h
[11.323s] -- Symlinking: /home/yug/agv-alpharacer/alpha-RACER/ros2_ws/install/tf2_msgs/share/tf2_msgs/environment/library_path.sh
[11.339s] -- Symlinking: /home/yug/agv-alpharacer/alpha-RACER/ros2_ws/install/tf2_msgs/share/tf2_msgs/environment/library_path.dsv
[11.353s] -- Symlinking: /home/yug/agv-alpharacer/alpha-RACER/ros2_ws/install/tf2_msgs/include/tf2_msgs/tf2_msgs/action/detail/lookup_transform__rosidl_typesupport_fastrtps_c.h
[11.365s] -- Symlinking: /home/yug/agv-alpharacer/alpha-RACER/ros2_ws/install/tf2_msgs/include/tf2_msgs/tf2_msgs/msg/detail/tf2_error__rosidl_typesupport_fastrtps_c.h
[11.376s] -- Symlinking: /home/yug/agv-alpharacer/alpha-RACER/ros2_ws/install/tf2_msgs/include/tf2_msgs/tf2_msgs/msg/detail/tf_message__rosidl_typesupport_fastrtps_c.h
[11.391s] -- Symlinking: /home/yug/agv-alpharacer/alpha-RACER/ros2_ws/install/tf2_msgs/include/tf2_msgs/tf2_msgs/msg/rosidl_typesupport_fastrtps_c__visibility_control.h
[11.406s] -- Symlinking: /home/yug/agv-alpharacer/alpha-RACER/ros2_ws/install/tf2_msgs/include/tf2_msgs/tf2_msgs/srv/detail/frame_graph__rosidl_typesupport_fastrtps_c.h
[11.423s] -- Symlinking: /home/yug/agv-alpharacer/alpha-RACER/ros2_ws/install/tf2_msgs/include/tf2_msgs/tf2_msgs/action/detail/lookup_transform__rosidl_typesupport_introspection_c.h
[11.437s] -- Symlinking: /home/yug/agv-alpharacer/alpha-RACER/ros2_ws/install/tf2_msgs/include/tf2_msgs/tf2_msgs/msg/detail/tf2_error__rosidl_typesupport_introspection_c.h
[11.452s] -- Symlinking: /home/yug/agv-alpharacer/alpha-RACER/ros2_ws/install/tf2_msgs/include/tf2_msgs/tf2_msgs/msg/detail/tf_message__rosidl_typesupport_introspection_c.h
[11.466s] -- Symlinking: /home/yug/agv-alpharacer/alpha-RACER/ros2_ws/install/tf2_msgs/include/tf2_msgs/tf2_msgs/msg/rosidl_typesupport_introspection_c__visibility_control.h
[11.481s] -- Symlinking: /home/yug/agv-alpharacer/alpha-RACER/ros2_ws/install/tf2_msgs/include/tf2_msgs/tf2_msgs/srv/detail/frame_graph__rosidl_typesupport_introspection_c.h
[11.497s] -- Symlinking: /home/yug/agv-alpharacer/alpha-RACER/ros2_ws/install/tf2_msgs/include/tf2_msgs/tf2_msgs/action/detail/lookup_transform__builder.hpp
[11.513s] -- Symlinking: /home/yug/agv-alpharacer/alpha-RACER/ros2_ws/install/tf2_msgs/include/tf2_msgs/tf2_msgs/action/detail/lookup_transform__struct.hpp
[11.528s] -- Symlinking: /home/yug/agv-alpharacer/alpha-RACER/ros2_ws/install/tf2_msgs/include/tf2_msgs/tf2_msgs/action/detail/lookup_transform__traits.hpp
[11.543s] -- Symlinking: /home/yug/agv-alpharacer/alpha-RACER/ros2_ws/install/tf2_msgs/include/tf2_msgs/tf2_msgs/action/detail/lookup_transform__type_support.hpp
[11.559s] -- Symlinking: /home/yug/agv-alpharacer/alpha-RACER/ros2_ws/install/tf2_msgs/include/tf2_msgs/tf2_msgs/action/lookup_transform.hpp
[11.574s] -- Symlinking: /home/yug/agv-alpharacer/alpha-RACER/ros2_ws/install/tf2_msgs/include/tf2_msgs/tf2_msgs/msg/detail/tf2_error__builder.hpp
[11.590s] -- Symlinking: /home/yug/agv-alpharacer/alpha-RACER/ros2_ws/install/tf2_msgs/include/tf2_msgs/tf2_msgs/msg/detail/tf2_error__struct.hpp
[11.605s] -- Symlinking: /home/yug/agv-alpharacer/alpha-RACER/ros2_ws/install/tf2_msgs/include/tf2_msgs/tf2_msgs/msg/detail/tf2_error__traits.hpp
[11.622s] -- Symlinking: /home/yug/agv-alpharacer/alpha-RACER/ros2_ws/install/tf2_msgs/include/tf2_msgs/tf2_msgs/msg/detail/tf2_error__type_support.hpp
[11.637s] -- Symlinking: /home/yug/agv-alpharacer/alpha-RACER/ros2_ws/install/tf2_msgs/include/tf2_msgs/tf2_msgs/msg/detail/tf_message__builder.hpp
[11.649s] -- Symlinking: /home/yug/agv-alpharacer/alpha-RACER/ros2_ws/install/tf2_msgs/include/tf2_msgs/tf2_msgs/msg/detail/tf_message__struct.hpp
[11.663s] -- Symlinking: /home/yug/agv-alpharacer/alpha-RACER/ros2_ws/install/tf2_msgs/include/tf2_msgs/tf2_msgs/msg/detail/tf_message__traits.hpp
[11.676s] -- Symlinking: /home/yug/agv-alpharacer/alpha-RACER/ros2_ws/install/tf2_msgs/include/tf2_msgs/tf2_msgs/msg/detail/tf_message__type_support.hpp
[11.689s] -- Symlinking: /home/yug/agv-alpharacer/alpha-RACER/ros2_ws/install/tf2_msgs/include/tf2_msgs/tf2_msgs/msg/rosidl_generator_cpp__visibility_control.hpp
[11.705s] -- Symlinking: /home/yug/agv-alpharacer/alpha-RACER/ros2_ws/install/tf2_msgs/include/tf2_msgs/tf2_msgs/msg/tf2_error.hpp
[11.721s] -- Symlinking: /home/yug/agv-alpharacer/alpha-RACER/ros2_ws/install/tf2_msgs/include/tf2_msgs/tf2_msgs/msg/tf_message.hpp
[11.738s] -- Symlinking: /home/yug/agv-alpharacer/alpha-RACER/ros2_ws/install/tf2_msgs/include/tf2_msgs/tf2_msgs/srv/detail/frame_graph__builder.hpp
[11.752s] -- Symlinking: /home/yug/agv-alpharacer/alpha-RACER/ros2_ws/install/tf2_msgs/include/tf2_msgs/tf2_msgs/srv/detail/frame_graph__struct.hpp
[11.764s] -- Symlinking: /home/yug/agv-alpharacer/alpha-RACER/ros2_ws/install/tf2_msgs/include/tf2_msgs/tf2_msgs/srv/detail/frame_graph__traits.hpp
[11.779s] -- Symlinking: /home/yug/agv-alpharacer/alpha-RACER/ros2_ws/install/tf2_msgs/include/tf2_msgs/tf2_msgs/srv/detail/frame_graph__type_support.hpp
[11.794s] -- Symlinking: /home/yug/agv-alpharacer/alpha-RACER/ros2_ws/install/tf2_msgs/include/tf2_msgs/tf2_msgs/srv/frame_graph.hpp
[11.811s] -- Symlinking: /home/yug/agv-alpharacer/alpha-RACER/ros2_ws/install/tf2_msgs/include/tf2_msgs/tf2_msgs/action/detail/lookup_transform__rosidl_typesupport_fastrtps_cpp.hpp
[11.828s] -- Symlinking: /home/yug/agv-alpharacer/alpha-RACER/ros2_ws/install/tf2_msgs/include/tf2_msgs/tf2_msgs/msg/detail/tf2_error__rosidl_typesupport_fastrtps_cpp.hpp
[11.844s] -- Symlinking: /home/yug/agv-alpharacer/alpha-RACER/ros2_ws/install/tf2_msgs/include/tf2_msgs/tf2_msgs/msg/detail/tf_message__rosidl_typesupport_fastrtps_cpp.hpp
[11.859s] -- Symlinking: /home/yug/agv-alpharacer/alpha-RACER/ros2_ws/install/tf2_msgs/include/tf2_msgs/tf2_msgs/msg/rosidl_typesupport_fastrtps_cpp__visibility_control.h
[11.874s] -- Symlinking: /home/yug/agv-alpharacer/alpha-RACER/ros2_ws/install/tf2_msgs/include/tf2_msgs/tf2_msgs/srv/detail/frame_graph__rosidl_typesupport_fastrtps_cpp.hpp
[11.889s] -- Symlinking: /home/yug/agv-alpharacer/alpha-RACER/ros2_ws/install/tf2_msgs/include/tf2_msgs/tf2_msgs/action/detail/lookup_transform__rosidl_typesupport_introspection_cpp.hpp
[11.900s] -- Symlinking: /home/yug/agv-alpharacer/alpha-RACER/ros2_ws/install/tf2_msgs/include/tf2_msgs/tf2_msgs/msg/detail/tf2_error__rosidl_typesupport_introspection_cpp.hpp
[11.915s] -- Symlinking: /home/yug/agv-alpharacer/alpha-RACER/ros2_ws/install/tf2_msgs/include/tf2_msgs/tf2_msgs/msg/detail/tf_message__rosidl_typesupport_introspection_cpp.hpp
[11.929s] -- Symlinking: /home/yug/agv-alpharacer/alpha-RACER/ros2_ws/install/tf2_msgs/include/tf2_msgs/tf2_msgs/srv/detail/frame_graph__rosidl_typesupport_introspection_cpp.hpp
[11.944s] -- Symlinking: /home/yug/agv-alpharacer/alpha-RACER/ros2_ws/install/tf2_msgs/share/tf2_msgs/environment/pythonpath.sh
[11.960s] -- Symlinking: /home/yug/agv-alpharacer/alpha-RACER/ros2_ws/install/tf2_msgs/share/tf2_msgs/environment/pythonpath.dsv
[11.976s] -- Symlinking: /home/yug/agv-alpharacer/alpha-RACER/ros2_ws/install/tf2_msgs/local/lib/python3.10/dist-packages/tf2_msgs-0.44.0-py3.10.egg-info/PKG-INFO
[11.992s] -- Symlinking: /home/yug/agv-alpharacer/alpha-RACER/ros2_ws/install/tf2_msgs/local/lib/python3.10/dist-packages/tf2_msgs-0.44.0-py3.10.egg-info/SOURCES.txt
[12.007s] -- Symlinking: /home/yug/agv-alpharacer/alpha-RACER/ros2_ws/install/tf2_msgs/local/lib/python3.10/dist-packages/tf2_msgs-0.44.0-py3.10.egg-info/dependency_links.txt
[12.023s] -- Symlinking: /home/yug/agv-alpharacer/alpha-RACER/ros2_ws/install/tf2_msgs/local/lib/python3.10/dist-packages/tf2_msgs-0.44.0-py3.10.egg-info/top_level.txt
[12.036s] -- Symlinking: /home/yug/agv-alpharacer/alpha-RACER/ros2_ws/install/tf2_msgs/local/lib/python3.10/dist-packages/tf2_msgs/__init__.py
[12.048s] -- Symlinking: /home/yug/agv-alpharacer/alpha-RACER/ros2_ws/install/tf2_msgs/local/lib/python3.10/dist-packages/tf2_msgs/_tf2_msgs_s.ep.rosidl_typesupport_c.c
[12.061s] -- Symlinking: /home/yug/agv-alpharacer/alpha-RACER/ros2_ws/install/tf2_msgs/local/lib/python3.10/dist-packages/tf2_msgs/_tf2_msgs_s.ep.rosidl_typesupport_fastrtps_c.c
[12.075s] -- Symlinking: /home/yug/agv-alpharacer/alpha-RACER/ros2_ws/install/tf2_msgs/local/lib/python3.10/dist-packages/tf2_msgs/_tf2_msgs_s.ep.rosidl_typesupport_introspection_c.c
[12.088s] -- Symlinking: /home/yug/agv-alpharacer/alpha-RACER/ros2_ws/install/tf2_msgs/local/lib/python3.10/dist-packages/tf2_msgs/action/__init__.py
[12.099s] -- Symlinking: /home/yug/agv-alpharacer/alpha-RACER/ros2_ws/install/tf2_msgs/local/lib/python3.10/dist-packages/tf2_msgs/action/_lookup_transform.py
[12.115s] -- Symlinking: /home/yug/agv-alpharacer/alpha-RACER/ros2_ws/install/tf2_msgs/local/lib/python3.10/dist-packages/tf2_msgs/action/_lookup_transform_s.c
[12.129s] -- Symlinking: /home/yug/agv-alpharacer/alpha-RACER/ros2_ws/install/tf2_msgs/local/lib/python3.10/dist-packages/tf2_msgs/libtf2_msgs__rosidl_generator_py.so
[12.143s] -- Symlinking: /home/yug/agv-alpharacer/alpha-RACER/ros2_ws/install/tf2_msgs/local/lib/python3.10/dist-packages/tf2_msgs/msg/__init__.py
[12.155s] -- Symlinking: /home/yug/agv-alpharacer/alpha-RACER/ros2_ws/install/tf2_msgs/local/lib/python3.10/dist-packages/tf2_msgs/msg/_tf2_error.py
[12.170s] -- Symlinking: /home/yug/agv-alpharacer/alpha-RACER/ros2_ws/install/tf2_msgs/local/lib/python3.10/dist-packages/tf2_msgs/msg/_tf2_error_s.c
[12.183s] -- Symlinking: /home/yug/agv-alpharacer/alpha-RACER/ros2_ws/install/tf2_msgs/local/lib/python3.10/dist-packages/tf2_msgs/msg/_tf_message.py
[12.196s] -- Symlinking: /home/yug/agv-alpharacer/alpha-RACER/ros2_ws/install/tf2_msgs/local/lib/python3.10/dist-packages/tf2_msgs/msg/_tf_message_s.c
[12.209s] -- Symlinking: /home/yug/agv-alpharacer/alpha-RACER/ros2_ws/install/tf2_msgs/local/lib/python3.10/dist-packages/tf2_msgs/srv/__init__.py
[12.221s] -- Symlinking: /home/yug/agv-alpharacer/alpha-RACER/ros2_ws/install/tf2_msgs/local/lib/python3.10/dist-packages/tf2_msgs/srv/_frame_graph.py
[12.236s] -- Symlinking: /home/yug/agv-alpharacer/alpha-RACER/ros2_ws/install/tf2_msgs/local/lib/python3.10/dist-packages/tf2_msgs/srv/_frame_graph_s.c
[12.249s] -- Symlinking: /home/yug/agv-alpharacer/alpha-RACER/ros2_ws/install/tf2_msgs/local/lib/python3.10/dist-packages/tf2_msgs/tf2_msgs_s__rosidl_typesupport_c.cpython-310-x86_64-linux-gnu.so
[12.264s] -- Symlinking: /home/yug/agv-alpharacer/alpha-RACER/ros2_ws/install/tf2_msgs/local/lib/python3.10/dist-packages/tf2_msgs/tf2_msgs_s__rosidl_typesupport_fastrtps_c.cpython-310-x86_64-linux-gnu.so
[12.276s] -- Symlinking: /home/yug/agv-alpharacer/alpha-RACER/ros2_ws/install/tf2_msgs/local/lib/python3.10/dist-packages/tf2_msgs/tf2_msgs_s__rosidl_typesupport_introspection_c.cpython-310-x86_64-linux-gnu.so
[12.290s] -- Up-to-date symlink: /home/yug/agv-alpharacer/alpha-RACER/ros2_ws/install/tf2_msgs/local/lib/python3.10/dist-packages/tf2_msgs/tf2_msgs_s__rosidl_typesupport_fastrtps_c.cpython-310-x86_64-linux-gnu.so
[12.291s] -- Up-to-date symlink: /home/yug/agv-alpharacer/alpha-RACER/ros2_ws/install/tf2_msgs/local/lib/python3.10/dist-packages/tf2_msgs/tf2_msgs_s__rosidl_typesupport_introspection_c.cpython-310-x86_64-linux-gnu.so
[12.291s] -- Up-to-date symlink: /home/yug/agv-alpharacer/alpha-RACER/ros2_ws/install/tf2_msgs/local/lib/python3.10/dist-packages/tf2_msgs/tf2_msgs_s__rosidl_typesupport_c.cpython-310-x86_64-linux-gnu.so
[12.291s] -- Symlinking: /home/yug/agv-alpharacer/alpha-RACER/ros2_ws/install/tf2_msgs/share/tf2_msgs/msg/TF2Error.idl
[12.307s] -- Symlinking: /home/yug/agv-alpharacer/alpha-RACER/ros2_ws/install/tf2_msgs/share/tf2_msgs/msg/TFMessage.idl
[12.324s] -- Symlinking: /home/yug/agv-alpharacer/alpha-RACER/ros2_ws/install/tf2_msgs/share/tf2_msgs/srv/FrameGraph.idl
[12.340s] -- Symlinking: /home/yug/agv-alpharacer/alpha-RACER/ros2_ws/install/tf2_msgs/share/tf2_msgs/action/LookupTransform.idl
[12.352s] -- Symlinking: /home/yug/agv-alpharacer/alpha-RACER/ros2_ws/install/tf2_msgs/share/tf2_msgs/msg/TF2Error.msg
[12.365s] -- Symlinking: /home/yug/agv-alpharacer/alpha-RACER/ros2_ws/install/tf2_msgs/share/tf2_msgs/msg/TFMessage.msg
[12.378s] -- Symlinking: /home/yug/agv-alpharacer/alpha-RACER/ros2_ws/install/tf2_msgs/share/tf2_msgs/srv/FrameGraph.srv
[12.390s] -- Symlinking: /home/yug/agv-alpharacer/alpha-RACER/ros2_ws/install/tf2_msgs/share/tf2_msgs/srv/FrameGraph_Request.msg
[12.403s] -- Symlinking: /home/yug/agv-alpharacer/alpha-RACER/ros2_ws/install/tf2_msgs/share/tf2_msgs/srv/FrameGraph_Response.msg
[12.415s] -- Symlinking: /home/yug/agv-alpharacer/alpha-RACER/ros2_ws/install/tf2_msgs/share/tf2_msgs/action/LookupTransform.action
[12.427s] -- Symlinking: /home/yug/agv-alpharacer/alpha-RACER/ros2_ws/install/tf2_msgs/share/tf2_msgs/tfmessage_bridge_mapping_rule.yaml
[12.440s] -- Symlinking: /home/yug/agv-alpharacer/alpha-RACER/ros2_ws/install/tf2_msgs/share/ament_index/resource_index/package_run_dependencies/tf2_msgs
[12.454s] -- Symlinking: /home/yug/agv-alpharacer/alpha-RACER/ros2_ws/install/tf2_msgs/share/ament_index/resource_index/parent_prefix_path/tf2_msgs
[12.465s] -- Symlinking: /home/yug/agv-alpharacer/alpha-RACER/ros2_ws/install/tf2_msgs/share/tf2_msgs/environment/ament_prefix_path.sh
[12.478s] -- Symlinking: /home/yug/agv-alpharacer/alpha-RACER/ros2_ws/install/tf2_msgs/share/tf2_msgs/environment/ament_prefix_path.dsv
[12.491s] -- Symlinking: /home/yug/agv-alpharacer/alpha-RACER/ros2_ws/install/tf2_msgs/share/tf2_msgs/environment/path.sh
[12.503s] -- Symlinking: /home/yug/agv-alpharacer/alpha-RACER/ros2_ws/install/tf2_msgs/share/tf2_msgs/environment/path.dsv
[12.515s] -- Symlinking: /home/yug/agv-alpharacer/alpha-RACER/ros2_ws/install/tf2_msgs/share/tf2_msgs/local_setup.bash
[12.528s] -- Symlinking: /home/yug/agv-alpharacer/alpha-RACER/ros2_ws/install/tf2_msgs/share/tf2_msgs/local_setup.sh
[12.540s] -- Symlinking: /home/yug/agv-alpharacer/alpha-RACER/ros2_ws/install/tf2_msgs/share/tf2_msgs/local_setup.zsh
[12.553s] -- Symlinking: /home/yug/agv-alpharacer/alpha-RACER/ros2_ws/install/tf2_msgs/share/tf2_msgs/local_setup.dsv
[12.564s] -- Symlinking: /home/yug/agv-alpharacer/alpha-RACER/ros2_ws/install/tf2_msgs/share/tf2_msgs/package.dsv
[12.576s] -- Symlinking: /home/yug/agv-alpharacer/alpha-RACER/ros2_ws/install/tf2_msgs/share/ament_index/resource_index/packages/tf2_msgs
[12.589s] -- Symlinking: /home/yug/agv-alpharacer/alpha-RACER/ros2_ws/install/tf2_msgs/share/tf2_msgs/cmake/rosidl_cmake-extras.cmake
[12.602s] -- Symlinking: /home/yug/agv-alpharacer/alpha-RACER/ros2_ws/install/tf2_msgs/share/tf2_msgs/cmake/ament_cmake_export_dependencies-extras.cmake
[12.614s] -- Symlinking: /home/yug/agv-alpharacer/alpha-RACER/ros2_ws/install/tf2_msgs/share/tf2_msgs/cmake/ament_cmake_export_include_directories-extras.cmake
[12.627s] -- Symlinking: /home/yug/agv-alpharacer/alpha-RACER/ros2_ws/install/tf2_msgs/share/tf2_msgs/cmake/ament_cmake_export_libraries-extras.cmake
[12.640s] -- Symlinking: /home/yug/agv-alpharacer/alpha-RACER/ros2_ws/install/tf2_msgs/share/tf2_msgs/cmake/ament_cmake_export_targets-extras.cmake
[12.652s] -- Symlinking: /home/yug/agv-alpharacer/alpha-RACER/ros2_ws/install/tf2_msgs/share/tf2_msgs/cmake/rosidl_cmake_export_typesupport_targets-extras.cmake
[12.664s] -- Symlinking: /home/yug/agv-alpharacer/alpha-RACER/ros2_ws/install/tf2_msgs/share/tf2_msgs/cmake/rosidl_cmake_export_typesupport_libraries-extras.cmake
[12.676s] -- Symlinking: /home/yug/agv-alpharacer/alpha-RACER/ros2_ws/install/tf2_msgs/share/tf2_msgs/cmake/tf2_msgsConfig.cmake
[12.689s] -- Symlinking: /home/yug/agv-alpharacer/alpha-RACER/ros2_ws/install/tf2_msgs/share/tf2_msgs/cmake/tf2_msgsConfig-version.cmake
[12.704s] -- Symlinking: /home/yug/agv-alpharacer/alpha-RACER/ros2_ws/install/tf2_msgs/share/tf2_msgs/package.xml
[12.720s] -- Installing: /home/yug/agv-alpharacer/alpha-RACER/ros2_ws/install/tf2_msgs/lib/libtf2_msgs__rosidl_generator_c.so
[12.720s] -- Set runtime path of "/home/yug/agv-alpharacer/alpha-RACER/ros2_ws/install/tf2_msgs/lib/libtf2_msgs__rosidl_generator_c.so" to ""
[12.721s] -- Installing: /home/yug/agv-alpharacer/alpha-RACER/ros2_ws/install/tf2_msgs/lib/libtf2_msgs__rosidl_typesupport_fastrtps_c.so
[12.721s] -- Set runtime path of "/home/yug/agv-alpharacer/alpha-RACER/ros2_ws/install/tf2_msgs/lib/libtf2_msgs__rosidl_typesupport_fastrtps_c.so" to ""
[12.721s] -- Installing: /home/yug/agv-alpharacer/alpha-RACER/ros2_ws/install/tf2_msgs/lib/libtf2_msgs__rosidl_typesupport_introspection_c.so
[12.722s] -- Set runtime path of "/home/yug/agv-alpharacer/alpha-RACER/ros2_ws/install/tf2_msgs/lib/libtf2_msgs__rosidl_typesupport_introspection_c.so" to ""
[12.722s] -- Installing: /home/yug/agv-alpharacer/alpha-RACER/ros2_ws/install/tf2_msgs/lib/libtf2_msgs__rosidl_typesupport_c.so
[12.722s] -- Set runtime path of "/home/yug/agv-alpharacer/alpha-RACER/ros2_ws/install/tf2_msgs/lib/libtf2_msgs__rosidl_typesupport_c.so" to ""
[12.723s] -- Installing: /home/yug/agv-alpharacer/alpha-RACER/ros2_ws/install/tf2_msgs/lib/libtf2_msgs__rosidl_typesupport_fastrtps_cpp.so
[12.723s] -- Set runtime path of "/home/yug/agv-alpharacer/alpha-RACER/ros2_ws/install/tf2_msgs/lib/libtf2_msgs__rosidl_typesupport_fastrtps_cpp.so" to ""
[12.724s] -- Installing: /home/yug/agv-alpharacer/alpha-RACER/ros2_ws/install/tf2_msgs/lib/libtf2_msgs__rosidl_typesupport_introspection_cpp.so
[12.724s] -- Set runtime path of "/home/yug/agv-alpharacer/alpha-RACER/ros2_ws/install/tf2_msgs/lib/libtf2_msgs__rosidl_typesupport_introspection_cpp.so" to ""
[12.724s] -- Installing: /home/yug/agv-alpharacer/alpha-RACER/ros2_ws/install/tf2_msgs/lib/libtf2_msgs__rosidl_typesupport_cpp.so
[12.725s] -- Set runtime path of "/home/yug/agv-alpharacer/alpha-RACER/ros2_ws/install/tf2_msgs/lib/libtf2_msgs__rosidl_typesupport_cpp.so" to ""
[12.795s] Listing '/home/yug/agv-alpharacer/alpha-RACER/ros2_ws/install/tf2_msgs/local/lib/python3.10/dist-packages/tf2_msgs'...
[12.795s] Compiling '/home/yug/agv-alpharacer/alpha-RACER/ros2_ws/install/tf2_msgs/local/lib/python3.10/dist-packages/tf2_msgs/__init__.py'...
[12.795s] Listing '/home/yug/agv-alpharacer/alpha-RACER/ros2_ws/install/tf2_msgs/local/lib/python3.10/dist-packages/tf2_msgs/action'...
[12.795s] Compiling '/home/yug/agv-alpharacer/alpha-RACER/ros2_ws/install/tf2_msgs/local/lib/python3.10/dist-packages/tf2_msgs/action/__init__.py'...
[12.795s] Compiling '/home/yug/agv-alpharacer/alpha-RACER/ros2_ws/install/tf2_msgs/local/lib/python3.10/dist-packages/tf2_msgs/action/_lookup_transform.py'...
[12.795s] Listing '/home/yug/agv-alpharacer/alpha-RACER/ros2_ws/install/tf2_msgs/local/lib/python3.10/dist-packages/tf2_msgs/msg'...
[12.796s] Compiling '/home/yug/agv-alpharacer/alpha-RACER/ros2_ws/install/tf2_msgs/local/lib/python3.10/dist-packages/tf2_msgs/msg/__init__.py'...
[12.796s] Compiling '/home/yug/agv-alpharacer/alpha-RACER/ros2_ws/install/tf2_msgs/local/lib/python3.10/dist-packages/tf2_msgs/msg/_tf2_error.py'...
[12.796s] Compiling '/home/yug/agv-alpharacer/alpha-RACER/ros2_ws/install/tf2_msgs/local/lib/python3.10/dist-packages/tf2_msgs/msg/_tf_message.py'...
[12.796s] Listing '/home/yug/agv-alpharacer/alpha-RACER/ros2_ws/install/tf2_msgs/local/lib/python3.10/dist-packages/tf2_msgs/srv'...
[12.796s] Compiling '/home/yug/agv-alpharacer/alpha-RACER/ros2_ws/install/tf2_msgs/local/lib/python3.10/dist-packages/tf2_msgs/srv/__init__.py'...
[12.796s] Compiling '/home/yug/agv-alpharacer/alpha-RACER/ros2_ws/install/tf2_msgs/local/lib/python3.10/dist-packages/tf2_msgs/srv/_frame_graph.py'...
[12.803s] -- Installing: /home/yug/agv-alpharacer/alpha-RACER/ros2_ws/install/tf2_msgs/lib/libtf2_msgs__rosidl_generator_py.so
[12.804s] -- Set runtime path of "/home/yug/agv-alpharacer/alpha-RACER/ros2_ws/install/tf2_msgs/lib/libtf2_msgs__rosidl_generator_py.so" to ""
[12.804s] -- Installing: /home/yug/agv-alpharacer/alpha-RACER/ros2_ws/install/tf2_msgs/share/tf2_msgs/cmake/export_tf2_msgs__rosidl_generator_cExport.cmake
[12.804s] -- Installing: /home/yug/agv-alpharacer/alpha-RACER/ros2_ws/install/tf2_msgs/share/tf2_msgs/cmake/export_tf2_msgs__rosidl_generator_cExport-noconfig.cmake
[12.804s] -- Installing: /home/yug/agv-alpharacer/alpha-RACER/ros2_ws/install/tf2_msgs/share/tf2_msgs/cmake/export_tf2_msgs__rosidl_typesupport_fastrtps_cExport.cmake
[12.805s] -- Installing: /home/yug/agv-alpharacer/alpha-RACER/ros2_ws/install/tf2_msgs/share/tf2_msgs/cmake/export_tf2_msgs__rosidl_typesupport_fastrtps_cExport-noconfig.cmake
[12.805s] -- Installing: /home/yug/agv-alpharacer/alpha-RACER/ros2_ws/install/tf2_msgs/share/tf2_msgs/cmake/tf2_msgs__rosidl_typesupport_introspection_cExport.cmake
[12.805s] -- Installing: /home/yug/agv-alpharacer/alpha-RACER/ros2_ws/install/tf2_msgs/share/tf2_msgs/cmake/tf2_msgs__rosidl_typesupport_introspection_cExport-noconfig.cmake
[12.805s] -- Installing: /home/yug/agv-alpharacer/alpha-RACER/ros2_ws/install/tf2_msgs/share/tf2_msgs/cmake/tf2_msgs__rosidl_typesupport_cExport.cmake
[12.805s] -- Installing: /home/yug/agv-alpharacer/alpha-RACER/ros2_ws/install/tf2_msgs/share/tf2_msgs/cmake/tf2_msgs__rosidl_typesupport_cExport-noconfig.cmake
[12.806s] -- Installing: /home/yug/agv-alpharacer/alpha-RACER/ros2_ws/install/tf2_msgs/share/tf2_msgs/cmake/export_tf2_msgs__rosidl_generator_cppExport.cmake
[12.806s] -- Installing: /home/yug/agv-alpharacer/alpha-RACER/ros2_ws/install/tf2_msgs/share/tf2_msgs/cmake/export_tf2_msgs__rosidl_typesupport_fastrtps_cppExport.cmake
[12.806s] -- Installing: /home/yug/agv-alpharacer/alpha-RACER/ros2_ws/install/tf2_msgs/share/tf2_msgs/cmake/export_tf2_msgs__rosidl_typesupport_fastrtps_cppExport-noconfig.cmake
[12.806s] -- Installing: /home/yug/agv-alpharacer/alpha-RACER/ros2_ws/install/tf2_msgs/share/tf2_msgs/cmake/tf2_msgs__rosidl_typesupport_introspection_cppExport.cmake
[12.807s] -- Installing: /home/yug/agv-alpharacer/alpha-RACER/ros2_ws/install/tf2_msgs/share/tf2_msgs/cmake/tf2_msgs__rosidl_typesupport_introspection_cppExport-noconfig.cmake
[12.807s] -- Installing: /home/yug/agv-alpharacer/alpha-RACER/ros2_ws/install/tf2_msgs/share/tf2_msgs/cmake/tf2_msgs__rosidl_typesupport_cppExport.cmake
[12.807s] -- Installing: /home/yug/agv-alpharacer/alpha-RACER/ros2_ws/install/tf2_msgs/share/tf2_msgs/cmake/tf2_msgs__rosidl_typesupport_cppExport-noconfig.cmake
[12.807s] -- Installing: /home/yug/agv-alpharacer/alpha-RACER/ros2_ws/install/tf2_msgs/share/tf2_msgs/cmake/export_tf2_msgs__rosidl_generator_pyExport.cmake
[12.808s] -- Installing: /home/yug/agv-alpharacer/alpha-RACER/ros2_ws/install/tf2_msgs/share/tf2_msgs/cmake/export_tf2_msgs__rosidl_generator_pyExport-noconfig.cmake
[12.812s] Invoked command in '/home/yug/agv-alpharacer/alpha-RACER/ros2_ws/build/tf2_msgs' returned '0': CMAKE_PREFIX_PATH=/home/yug/agv-alpharacer/alpha-RACER/ros2_ws/install/ament_cmake:/home/yug/agv-alpharacer/alpha-RACER/ros2_ws/install/ament_cmake_gen_version_h:/home/yug/agv-alpharacer/alpha-RACER/ros2_ws/install/ament_cmake_gtest:/home/yug/agv-alpharacer/alpha-RACER/ros2_ws/install/ament_cmake_test:/home/yug/agv-alpharacer/alpha-RACER/ros2_ws/install/ament_cmake_target_dependencies:/home/yug/agv-alpharacer/alpha-RACER/ros2_ws/install/ament_cmake_export_targets:/home/yug/agv-alpharacer/alpha-RACER/ros2_ws/install/ament_cmake_export_interfaces:/home/yug/agv-alpharacer/alpha-RACER/ros2_ws/install/ament_cmake_export_dependencies:/home/yug/agv-alpharacer/alpha-RACER/ros2_ws/install/ament_cmake_version:/home/yug/agv-alpharacer/alpha-RACER/ros2_ws/install/ament_cmake_python:/home/yug/agv-alpharacer/alpha-RACER/ros2_ws/install/ament_cmake_libraries:/home/yug/agv-alpharacer/alpha-RACER/ros2_ws/install/ament_cmake_include_directories:/home/yug/agv-alpharacer/alpha-RACER/ros2_ws/install/ament_cmake_export_link_flags:/home/yug/agv-alpharacer/alpha-RACER/ros2_ws/install/ament_cmake_export_libraries:/home/yug/agv-alpharacer/alpha-RACER/ros2_ws/install/ament_cmake_export_include_directories:/home/yug/agv-alpharacer/alpha-RACER/ros2_ws/install/ament_cmake_export_definitions:/home/yug/agv-alpharacer/alpha-RACER/ros2_ws/install/ament_cmake_core:/home/yug/agv-alpharacer/alpha-RACER/ros2_ws/install/geometry2:/home/yug/agv-alpharacer/alpha-RACER/ros2_ws/install/tf2_sensor_msgs:/home/yug/agv-alpharacer/alpha-RACER/ros2_ws/install/test_tf2:/home/yug/agv-alpharacer/alpha-RACER/ros2_ws/install/tf2_kdl:/home/yug/agv-alpharacer/alpha-RACER/ros2_ws/install/tf2_geometry_msgs:/home/yug/agv-alpharacer/alpha-RACER/ros2_ws/install/tf2_ros:/home/yug/agv-alpharacer/alpha-RACER/ros2_ws/install/tf2_py:/home/yug/agv-alpharacer/alpha-RACER/ros2_ws/install/tf2_msgs:/home/yug/agv-alpharacer/alpha-RACER/ros2_ws/install/tf2_eigen_kdl:/home/yug/agv-alpharacer/alpha-RACER/ros2_ws/install/tf2:/home/yug/agv-alpharacer/alpha-RACER/ros2_ws/install/foxglove_bridge:/home/yug/agv-alpharacer/alpha-RACER/ros2_ws/install/rosx_introspection:/home/yug/agv-alpharacer/alpha-RACER/ros2_ws/install/network_bridge:/home/yug/agv-alpharacer/alpha-RACER/ros2_ws/install/my_robot_description:/home/yug/agv-alpharacer/alpha-RACER/ros2_ws/install/my_custom_msgs:/home/yug/agv-alpharacer/alpha-RACER/ros2_ws/install/ament_cmake_google_benchmark:/home/yug/agv-alpharacer/alpha-RACER/ros2_ws/install/google_benchmark_vendor:/home/yug/agv-alpharacer/alpha-RACER/ros2_ws/install/ament_cmake_auto:/home/yug/agv-alpharacer/alpha-RACER/ros2_ws/install/ament_cmake_vendor_package:/home/yug/agv-alpharacer/alpha-RACER/ros2_ws/install/ament_cmake_pytest:/home/yug/agv-alpharacer/alpha-RACER/ros2_ws/install/ament_cmake_nose:/home/yug/agv-alpharacer/alpha-RACER/ros2_ws/install/ament_cmake_gmock:/home/yug/agv-alpharacer/alpha-RACER/ros2_ws/install/ackermann_msgs:/home/yug/agv-alpharacer/alpha-RACER/ros2_ws/install/tf_transformations:/home/yug/agv-alpharacer/alpha-RACER/ros2_ws/install/tf2_tools:/home/yug/agv-alpharacer/alpha-RACER/ros2_ws/install/examples_tf2_py:/home/yug/agv-alpharacer/alpha-RACER/ros2_ws/install/tf2_ros_py:/home/yug/agv-alpharacer/alpha-RACER/ros2_ws/install/tf2_eigen:/home/yug/agv-alpharacer/alpha-RACER/ros2_ws/install/tf2_bullet:/opt/ros/humble CONDA_PROMPT_MODIFIER=(alpharacer) /usr/bin/cmake --install /home/yug/agv-alpharacer/alpha-RACER/ros2_ws/build/tf2_msgs
