[0.042s] Invoking command in '/home/yug/agv-alpharacer/alpha-RACER/ros2_ws/build/ackermann_msgs': CMAKE_PREFIX_PATH=/home/yug/agv-alpharacer/alpha-RACER/ros2_ws/install/ament_cmake:/home/yug/agv-alpharacer/alpha-RACER/ros2_ws/install/ament_cmake_gen_version_h:/home/yug/agv-alpharacer/alpha-RACER/ros2_ws/install/ament_cmake_gtest:/home/yug/agv-alpharacer/alpha-RACER/ros2_ws/install/ament_cmake_test:/home/yug/agv-alpharacer/alpha-RACER/ros2_ws/install/ament_cmake_target_dependencies:/home/yug/agv-alpharacer/alpha-RACER/ros2_ws/install/ament_cmake_export_targets:/home/yug/agv-alpharacer/alpha-RACER/ros2_ws/install/ament_cmake_export_interfaces:/home/yug/agv-alpharacer/alpha-RACER/ros2_ws/install/ament_cmake_export_dependencies:/home/yug/agv-alpharacer/alpha-RACER/ros2_ws/install/ament_cmake_version:/home/yug/agv-alpharacer/alpha-RACER/ros2_ws/install/ament_cmake_python:/home/yug/agv-alpharacer/alpha-RACER/ros2_ws/install/ament_cmake_libraries:/home/yug/agv-alpharacer/alpha-RACER/ros2_ws/install/ament_cmake_include_directories:/home/yug/agv-alpharacer/alpha-RACER/ros2_ws/install/ament_cmake_export_link_flags:/home/yug/agv-alpharacer/alpha-RACER/ros2_ws/install/ament_cmake_export_libraries:/home/yug/agv-alpharacer/alpha-RACER/ros2_ws/install/ament_cmake_export_include_directories:/home/yug/agv-alpharacer/alpha-RACER/ros2_ws/install/ament_cmake_export_definitions:/home/yug/agv-alpharacer/alpha-RACER/ros2_ws/install/ament_cmake_core:/home/yug/agv-alpharacer/alpha-RACER/ros2_ws/install/geometry2:/home/yug/agv-alpharacer/alpha-RACER/ros2_ws/install/tf2_sensor_msgs:/home/yug/agv-alpharacer/alpha-RACER/ros2_ws/install/test_tf2:/home/yug/agv-alpharacer/alpha-RACER/ros2_ws/install/tf2_kdl:/home/yug/agv-alpharacer/alpha-RACER/ros2_ws/install/tf2_geometry_msgs:/home/yug/agv-alpharacer/alpha-RACER/ros2_ws/install/tf2_ros:/home/yug/agv-alpharacer/alpha-RACER/ros2_ws/install/tf2_py:/home/yug/agv-alpharacer/alpha-RACER/ros2_ws/install/tf2_msgs:/home/yug/agv-alpharacer/alpha-RACER/ros2_ws/install/tf2_eigen_kdl:/home/yug/agv-alpharacer/alpha-RACER/ros2_ws/install/tf2:/home/yug/agv-alpharacer/alpha-RACER/ros2_ws/install/foxglove_bridge:/home/yug/agv-alpharacer/alpha-RACER/ros2_ws/install/rosx_introspection:/home/yug/agv-alpharacer/alpha-RACER/ros2_ws/install/network_bridge:/home/yug/agv-alpharacer/alpha-RACER/ros2_ws/install/my_robot_description:/home/yug/agv-alpharacer/alpha-RACER/ros2_ws/install/my_custom_msgs:/home/yug/agv-alpharacer/alpha-RACER/ros2_ws/install/ament_cmake_google_benchmark:/home/yug/agv-alpharacer/alpha-RACER/ros2_ws/install/google_benchmark_vendor:/home/yug/agv-alpharacer/alpha-RACER/ros2_ws/install/ament_cmake_auto:/home/yug/agv-alpharacer/alpha-RACER/ros2_ws/install/ament_cmake_vendor_package:/home/yug/agv-alpharacer/alpha-RACER/ros2_ws/install/ament_cmake_pytest:/home/yug/agv-alpharacer/alpha-RACER/ros2_ws/install/ament_cmake_nose:/home/yug/agv-alpharacer/alpha-RACER/ros2_ws/install/ament_cmake_gmock:/home/yug/agv-alpharacer/alpha-RACER/ros2_ws/install/ackermann_msgs:/home/yug/agv-alpharacer/alpha-RACER/ros2_ws/install/tf_transformations:/home/yug/agv-alpharacer/alpha-RACER/ros2_ws/install/tf2_tools:/home/yug/agv-alpharacer/alpha-RACER/ros2_ws/install/examples_tf2_py:/home/yug/agv-alpharacer/alpha-RACER/ros2_ws/install/tf2_ros_py:/home/yug/agv-alpharacer/alpha-RACER/ros2_ws/install/tf2_eigen:/home/yug/agv-alpharacer/alpha-RACER/ros2_ws/install/tf2_bullet:/opt/ros/humble CONDA_PROMPT_MODIFIER=(alpharacer) /usr/bin/cmake /home/yug/agv-alpharacer/alpha-RACER/ros2_ws/src/ackermann_msgs -DAMENT_CMAKE_SYMLINK_INSTALL=1 -DCMAKE_INSTALL_PREFIX=/home/yug/agv-alpharacer/alpha-RACER/ros2_ws/install/ackermann_msgs
[0.119s] -- The C compiler identification is GNU 11.4.0
[0.200s] -- The CXX compiler identification is GNU 11.4.0
[0.211s] -- Detecting C compiler ABI info
[0.309s] -- Detecting C compiler ABI info - done
[0.319s] -- Check for working C compiler: /usr/bin/cc - skipped
[0.320s] -- Detecting C compile features
[0.320s] -- Detecting C compile features - done
[0.325s] -- Detecting CXX compiler ABI info
[0.427s] -- Detecting CXX compiler ABI info - done
[0.435s] -- Check for working CXX compiler: /usr/bin/c++ - skipped
[0.435s] -- Detecting CXX compile features
[0.436s] -- Detecting CXX compile features - done
[0.437s] -- Found ament_cmake: 1.3.12 (/home/yug/agv-alpharacer/alpha-RACER/ros2_ws/install/ament_cmake/share/ament_cmake/cmake)
[0.605s] -- Found Python3: /usr/bin/python3 (found version "3.10.12") found components: Interpreter 
[0.682s] -- Override CMake install command with custom implementation using symlinks instead of copying resources
[0.710s] -- Found rosidl_default_generators: 1.2.0 (/opt/ros/humble/share/rosidl_default_generators/cmake)
[0.719s] -- Using all available rosidl_typesupport_c: rosidl_typesupport_fastrtps_c;rosidl_typesupport_introspection_c
[0.731s] -- Found rosidl_adapter: 3.1.6 (/opt/ros/humble/share/rosidl_adapter/cmake)
[0.789s] -- Using all available rosidl_typesupport_cpp: rosidl_typesupport_fastrtps_cpp;rosidl_typesupport_introspection_cpp
[0.838s] -- Found std_msgs: 4.8.0 (/opt/ros/humble/share/std_msgs/cmake)
[1.170s] -- Found ament_cmake_cppcheck: 0.12.12 (/opt/ros/humble/share/ament_cmake_cppcheck/cmake)
[1.175s] -- Found ament_cmake_cpplint: 0.12.12 (/opt/ros/humble/share/ament_cmake_cpplint/cmake)
[1.180s] -- Found ament_cmake_uncrustify: 0.12.12 (/opt/ros/humble/share/ament_cmake_uncrustify/cmake)
[1.185s] -- Found ament_cmake_ros: 0.10.0 (/opt/ros/humble/share/ament_cmake_ros/cmake)
[1.392s] -- Using all available rosidl_typesupport_c: rosidl_typesupport_fastrtps_c;rosidl_typesupport_introspection_c
[1.657s] -- Using all available rosidl_typesupport_cpp: rosidl_typesupport_fastrtps_cpp;rosidl_typesupport_introspection_cpp
[1.679s] -- Found PythonInterp: /usr/bin/python3 (found suitable version "3.10.12", minimum required is "3.6") 
[1.682s] -- Found python_cmake_module: 0.10.0 (/opt/ros/humble/share/python_cmake_module/cmake)
[1.706s] -- Found PythonLibs: /usr/lib/x86_64-linux-gnu/libpython3.10.so (found suitable version "3.10.12", minimum required is "3.5") 
[1.706s] -- Using PYTHON_EXECUTABLE: /usr/bin/python3
[1.706s] -- Using PYTHON_INCLUDE_DIRS: /usr/include/python3.10
[1.706s] -- Using PYTHON_LIBRARIES: /usr/lib/x86_64-linux-gnu/libpython3.10.so
[1.725s] -- Found PythonExtra: .so  
[1.795s] -- Found ament_cmake_flake8: 0.12.12 (/opt/ros/humble/share/ament_cmake_flake8/cmake)
[1.800s] -- Found ament_cmake_pep257: 0.12.12 (/opt/ros/humble/share/ament_cmake_pep257/cmake)
[1.813s] -- Configuring done
[1.853s] -- Generating done
[1.865s] -- Build files have been written to: /home/yug/agv-alpharacer/alpha-RACER/ros2_ws/build/ackermann_msgs
[1.874s] Invoked command in '/home/yug/agv-alpharacer/alpha-RACER/ros2_ws/build/ackermann_msgs' returned '0': CMAKE_PREFIX_PATH=/home/yug/agv-alpharacer/alpha-RACER/ros2_ws/install/ament_cmake:/home/yug/agv-alpharacer/alpha-RACER/ros2_ws/install/ament_cmake_gen_version_h:/home/yug/agv-alpharacer/alpha-RACER/ros2_ws/install/ament_cmake_gtest:/home/yug/agv-alpharacer/alpha-RACER/ros2_ws/install/ament_cmake_test:/home/yug/agv-alpharacer/alpha-RACER/ros2_ws/install/ament_cmake_target_dependencies:/home/yug/agv-alpharacer/alpha-RACER/ros2_ws/install/ament_cmake_export_targets:/home/yug/agv-alpharacer/alpha-RACER/ros2_ws/install/ament_cmake_export_interfaces:/home/yug/agv-alpharacer/alpha-RACER/ros2_ws/install/ament_cmake_export_dependencies:/home/yug/agv-alpharacer/alpha-RACER/ros2_ws/install/ament_cmake_version:/home/yug/agv-alpharacer/alpha-RACER/ros2_ws/install/ament_cmake_python:/home/yug/agv-alpharacer/alpha-RACER/ros2_ws/install/ament_cmake_libraries:/home/yug/agv-alpharacer/alpha-RACER/ros2_ws/install/ament_cmake_include_directories:/home/yug/agv-alpharacer/alpha-RACER/ros2_ws/install/ament_cmake_export_link_flags:/home/yug/agv-alpharacer/alpha-RACER/ros2_ws/install/ament_cmake_export_libraries:/home/yug/agv-alpharacer/alpha-RACER/ros2_ws/install/ament_cmake_export_include_directories:/home/yug/agv-alpharacer/alpha-RACER/ros2_ws/install/ament_cmake_export_definitions:/home/yug/agv-alpharacer/alpha-RACER/ros2_ws/install/ament_cmake_core:/home/yug/agv-alpharacer/alpha-RACER/ros2_ws/install/geometry2:/home/yug/agv-alpharacer/alpha-RACER/ros2_ws/install/tf2_sensor_msgs:/home/yug/agv-alpharacer/alpha-RACER/ros2_ws/install/test_tf2:/home/yug/agv-alpharacer/alpha-RACER/ros2_ws/install/tf2_kdl:/home/yug/agv-alpharacer/alpha-RACER/ros2_ws/install/tf2_geometry_msgs:/home/yug/agv-alpharacer/alpha-RACER/ros2_ws/install/tf2_ros:/home/yug/agv-alpharacer/alpha-RACER/ros2_ws/install/tf2_py:/home/yug/agv-alpharacer/alpha-RACER/ros2_ws/install/tf2_msgs:/home/yug/agv-alpharacer/alpha-RACER/ros2_ws/install/tf2_eigen_kdl:/home/yug/agv-alpharacer/alpha-RACER/ros2_ws/install/tf2:/home/yug/agv-alpharacer/alpha-RACER/ros2_ws/install/foxglove_bridge:/home/yug/agv-alpharacer/alpha-RACER/ros2_ws/install/rosx_introspection:/home/yug/agv-alpharacer/alpha-RACER/ros2_ws/install/network_bridge:/home/yug/agv-alpharacer/alpha-RACER/ros2_ws/install/my_robot_description:/home/yug/agv-alpharacer/alpha-RACER/ros2_ws/install/my_custom_msgs:/home/yug/agv-alpharacer/alpha-RACER/ros2_ws/install/ament_cmake_google_benchmark:/home/yug/agv-alpharacer/alpha-RACER/ros2_ws/install/google_benchmark_vendor:/home/yug/agv-alpharacer/alpha-RACER/ros2_ws/install/ament_cmake_auto:/home/yug/agv-alpharacer/alpha-RACER/ros2_ws/install/ament_cmake_vendor_package:/home/yug/agv-alpharacer/alpha-RACER/ros2_ws/install/ament_cmake_pytest:/home/yug/agv-alpharacer/alpha-RACER/ros2_ws/install/ament_cmake_nose:/home/yug/agv-alpharacer/alpha-RACER/ros2_ws/install/ament_cmake_gmock:/home/yug/agv-alpharacer/alpha-RACER/ros2_ws/install/ackermann_msgs:/home/yug/agv-alpharacer/alpha-RACER/ros2_ws/install/tf_transformations:/home/yug/agv-alpharacer/alpha-RACER/ros2_ws/install/tf2_tools:/home/yug/agv-alpharacer/alpha-RACER/ros2_ws/install/examples_tf2_py:/home/yug/agv-alpharacer/alpha-RACER/ros2_ws/install/tf2_ros_py:/home/yug/agv-alpharacer/alpha-RACER/ros2_ws/install/tf2_eigen:/home/yug/agv-alpharacer/alpha-RACER/ros2_ws/install/tf2_bullet:/opt/ros/humble CONDA_PROMPT_MODIFIER=(alpharacer) /usr/bin/cmake /home/yug/agv-alpharacer/alpha-RACER/ros2_ws/src/ackermann_msgs -DAMENT_CMAKE_SYMLINK_INSTALL=1 -DCMAKE_INSTALL_PREFIX=/home/yug/agv-alpharacer/alpha-RACER/ros2_ws/install/ackermann_msgs
[1.876s] Invoking command in '/home/yug/agv-alpharacer/alpha-RACER/ros2_ws/build/ackermann_msgs': CMAKE_PREFIX_PATH=/home/yug/agv-alpharacer/alpha-RACER/ros2_ws/install/ament_cmake:/home/yug/agv-alpharacer/alpha-RACER/ros2_ws/install/ament_cmake_gen_version_h:/home/yug/agv-alpharacer/alpha-RACER/ros2_ws/install/ament_cmake_gtest:/home/yug/agv-alpharacer/alpha-RACER/ros2_ws/install/ament_cmake_test:/home/yug/agv-alpharacer/alpha-RACER/ros2_ws/install/ament_cmake_target_dependencies:/home/yug/agv-alpharacer/alpha-RACER/ros2_ws/install/ament_cmake_export_targets:/home/yug/agv-alpharacer/alpha-RACER/ros2_ws/install/ament_cmake_export_interfaces:/home/yug/agv-alpharacer/alpha-RACER/ros2_ws/install/ament_cmake_export_dependencies:/home/yug/agv-alpharacer/alpha-RACER/ros2_ws/install/ament_cmake_version:/home/yug/agv-alpharacer/alpha-RACER/ros2_ws/install/ament_cmake_python:/home/yug/agv-alpharacer/alpha-RACER/ros2_ws/install/ament_cmake_libraries:/home/yug/agv-alpharacer/alpha-RACER/ros2_ws/install/ament_cmake_include_directories:/home/yug/agv-alpharacer/alpha-RACER/ros2_ws/install/ament_cmake_export_link_flags:/home/yug/agv-alpharacer/alpha-RACER/ros2_ws/install/ament_cmake_export_libraries:/home/yug/agv-alpharacer/alpha-RACER/ros2_ws/install/ament_cmake_export_include_directories:/home/yug/agv-alpharacer/alpha-RACER/ros2_ws/install/ament_cmake_export_definitions:/home/yug/agv-alpharacer/alpha-RACER/ros2_ws/install/ament_cmake_core:/home/yug/agv-alpharacer/alpha-RACER/ros2_ws/install/geometry2:/home/yug/agv-alpharacer/alpha-RACER/ros2_ws/install/tf2_sensor_msgs:/home/yug/agv-alpharacer/alpha-RACER/ros2_ws/install/test_tf2:/home/yug/agv-alpharacer/alpha-RACER/ros2_ws/install/tf2_kdl:/home/yug/agv-alpharacer/alpha-RACER/ros2_ws/install/tf2_geometry_msgs:/home/yug/agv-alpharacer/alpha-RACER/ros2_ws/install/tf2_ros:/home/yug/agv-alpharacer/alpha-RACER/ros2_ws/install/tf2_py:/home/yug/agv-alpharacer/alpha-RACER/ros2_ws/install/tf2_msgs:/home/yug/agv-alpharacer/alpha-RACER/ros2_ws/install/tf2_eigen_kdl:/home/yug/agv-alpharacer/alpha-RACER/ros2_ws/install/tf2:/home/yug/agv-alpharacer/alpha-RACER/ros2_ws/install/foxglove_bridge:/home/yug/agv-alpharacer/alpha-RACER/ros2_ws/install/rosx_introspection:/home/yug/agv-alpharacer/alpha-RACER/ros2_ws/install/network_bridge:/home/yug/agv-alpharacer/alpha-RACER/ros2_ws/install/my_robot_description:/home/yug/agv-alpharacer/alpha-RACER/ros2_ws/install/my_custom_msgs:/home/yug/agv-alpharacer/alpha-RACER/ros2_ws/install/ament_cmake_google_benchmark:/home/yug/agv-alpharacer/alpha-RACER/ros2_ws/install/google_benchmark_vendor:/home/yug/agv-alpharacer/alpha-RACER/ros2_ws/install/ament_cmake_auto:/home/yug/agv-alpharacer/alpha-RACER/ros2_ws/install/ament_cmake_vendor_package:/home/yug/agv-alpharacer/alpha-RACER/ros2_ws/install/ament_cmake_pytest:/home/yug/agv-alpharacer/alpha-RACER/ros2_ws/install/ament_cmake_nose:/home/yug/agv-alpharacer/alpha-RACER/ros2_ws/install/ament_cmake_gmock:/home/yug/agv-alpharacer/alpha-RACER/ros2_ws/install/ackermann_msgs:/home/yug/agv-alpharacer/alpha-RACER/ros2_ws/install/tf_transformations:/home/yug/agv-alpharacer/alpha-RACER/ros2_ws/install/tf2_tools:/home/yug/agv-alpharacer/alpha-RACER/ros2_ws/install/examples_tf2_py:/home/yug/agv-alpharacer/alpha-RACER/ros2_ws/install/tf2_ros_py:/home/yug/agv-alpharacer/alpha-RACER/ros2_ws/install/tf2_eigen:/home/yug/agv-alpharacer/alpha-RACER/ros2_ws/install/tf2_bullet:/opt/ros/humble CONDA_PROMPT_MODIFIER=(alpharacer) /usr/bin/cmake --build /home/yug/agv-alpharacer/alpha-RACER/ros2_ws/build/ackermann_msgs -- -j16 -l16
[1.923s] [  2%] [34m[1mGenerating C code for ROS interfaces[0m
[1.936s] [  5%] [34m[1mGenerating C++ code for ROS interfaces[0m
[1.951s] [  5%] Built target ament_cmake_python_symlink_ackermann_msgs
[2.379s] running egg_info
[2.379s] creating ackermann_msgs.egg-info
[2.380s] writing ackermann_msgs.egg-info/PKG-INFO
[2.380s] writing dependency_links to ackermann_msgs.egg-info/dependency_links.txt
[2.380s] writing top-level names to ackermann_msgs.egg-info/top_level.txt
[2.380s] writing manifest file 'ackermann_msgs.egg-info/SOURCES.txt'
[2.385s] reading manifest file 'ackermann_msgs.egg-info/SOURCES.txt'
[2.388s] writing manifest file 'ackermann_msgs.egg-info/SOURCES.txt'
[2.470s] [  5%] Built target ament_cmake_python_build_ackermann_msgs_egg
[2.686s] [  5%] Built target ackermann_msgs__cpp
[2.727s] [ 10%] [34m[1mGenerating C++ introspection for ROS interfaces[0m
[2.727s] [ 10%] [34m[1mGenerating C++ type support for eProsima Fast-RTPS[0m
[2.727s] [ 12%] [34m[1mGenerating C++ type support dispatch for ROS interfaces[0m
[2.822s] [ 15%] [32mBuilding C object CMakeFiles/ackermann_msgs__rosidl_generator_c.dir/rosidl_generator_c/ackermann_msgs/msg/detail/ackermann_drive_stamped__functions.c.o[0m
[2.828s] [ 17%] [32mBuilding C object CMakeFiles/ackermann_msgs__rosidl_generator_c.dir/rosidl_generator_c/ackermann_msgs/msg/detail/ackermann_drive__functions.c.o[0m
[3.015s] [ 20%] [32m[1mLinking C shared library libackermann_msgs__rosidl_generator_c.so[0m
[3.146s] [ 20%] Built target ackermann_msgs__rosidl_generator_c
[3.176s] [ 23%] [34m[1mGenerating C type support dispatch for ROS interfaces[0m
[3.183s] [ 25%] [34m[1mGenerating C type support for eProsima Fast-RTPS[0m
[3.187s] [ 28%] [34m[1mGenerating C introspection for ROS interfaces[0m
[3.597s] [ 30%] [32mBuilding CXX object CMakeFiles/ackermann_msgs__rosidl_typesupport_cpp.dir/rosidl_typesupport_cpp/ackermann_msgs/msg/ackermann_drive__type_support.cpp.o[0m
[3.611s] [ 33%] [32mBuilding CXX object CMakeFiles/ackermann_msgs__rosidl_typesupport_cpp.dir/rosidl_typesupport_cpp/ackermann_msgs/msg/ackermann_drive_stamped__type_support.cpp.o[0m
[3.793s] [ 35%] [32mBuilding CXX object CMakeFiles/ackermann_msgs__rosidl_typesupport_fastrtps_cpp.dir/rosidl_typesupport_fastrtps_cpp/ackermann_msgs/msg/detail/dds_fastrtps/ackermann_drive__type_support.cpp.o[0m
[3.807s] [ 38%] [32mBuilding CXX object CMakeFiles/ackermann_msgs__rosidl_typesupport_fastrtps_cpp.dir/rosidl_typesupport_fastrtps_cpp/ackermann_msgs/msg/detail/dds_fastrtps/ackermann_drive_stamped__type_support.cpp.o[0m
[3.808s] [ 41%] [32mBuilding CXX object CMakeFiles/ackermann_msgs__rosidl_typesupport_introspection_cpp.dir/rosidl_typesupport_introspection_cpp/ackermann_msgs/msg/detail/ackermann_drive__type_support.cpp.o[0m
[3.849s] [ 43%] [32mBuilding CXX object CMakeFiles/ackermann_msgs__rosidl_typesupport_introspection_cpp.dir/rosidl_typesupport_introspection_cpp/ackermann_msgs/msg/detail/ackermann_drive_stamped__type_support.cpp.o[0m
[4.415s] [ 46%] [32mBuilding CXX object CMakeFiles/ackermann_msgs__rosidl_typesupport_fastrtps_c.dir/rosidl_typesupport_fastrtps_c/ackermann_msgs/msg/detail/ackermann_drive__type_support_c.cpp.o[0m
[4.422s] [ 48%] [32mBuilding CXX object CMakeFiles/ackermann_msgs__rosidl_typesupport_fastrtps_c.dir/rosidl_typesupport_fastrtps_c/ackermann_msgs/msg/detail/ackermann_drive_stamped__type_support_c.cpp.o[0m
[4.554s] [ 51%] [32m[1mLinking CXX shared library libackermann_msgs__rosidl_typesupport_cpp.so[0m
[4.565s] [ 53%] [32mBuilding C object CMakeFiles/ackermann_msgs__rosidl_typesupport_introspection_c.dir/rosidl_typesupport_introspection_c/ackermann_msgs/msg/detail/ackermann_drive__type_support.c.o[0m
[4.569s] [ 56%] [32mBuilding C object CMakeFiles/ackermann_msgs__rosidl_typesupport_introspection_c.dir/rosidl_typesupport_introspection_c/ackermann_msgs/msg/detail/ackermann_drive_stamped__type_support.c.o[0m
[4.599s] [ 58%] [32mBuilding CXX object CMakeFiles/ackermann_msgs__rosidl_typesupport_c.dir/rosidl_typesupport_c/ackermann_msgs/msg/ackermann_drive__type_support.cpp.o[0m
[4.615s] [ 61%] [32mBuilding CXX object CMakeFiles/ackermann_msgs__rosidl_typesupport_c.dir/rosidl_typesupport_c/ackermann_msgs/msg/ackermann_drive_stamped__type_support.cpp.o[0m
[4.693s] [ 64%] [32m[1mLinking C shared library libackermann_msgs__rosidl_typesupport_introspection_c.so[0m
[4.718s] [ 66%] [32m[1mLinking CXX shared library libackermann_msgs__rosidl_typesupport_c.so[0m
[4.742s] [ 66%] Built target ackermann_msgs__rosidl_typesupport_cpp
[4.785s] [ 66%] Built target ackermann_msgs__rosidl_typesupport_introspection_c
[4.883s] [ 66%] Built target ackermann_msgs__rosidl_typesupport_c
[5.015s] [ 69%] [32m[1mLinking CXX shared library libackermann_msgs__rosidl_typesupport_fastrtps_cpp.so[0m
[5.360s] [ 69%] Built target ackermann_msgs__rosidl_typesupport_fastrtps_cpp
[5.428s] [ 71%] [32m[1mLinking CXX shared library libackermann_msgs__rosidl_typesupport_introspection_cpp.so[0m
[5.534s] [ 74%] [32m[1mLinking CXX shared library libackermann_msgs__rosidl_typesupport_fastrtps_c.so[0m
[5.720s] [ 74%] Built target ackermann_msgs__rosidl_typesupport_introspection_cpp
[5.824s] [ 74%] Built target ackermann_msgs__rosidl_typesupport_fastrtps_c
[5.927s] [ 74%] Built target ackermann_msgs
[6.016s] [ 76%] [34m[1mGenerating Python code for ROS interfaces[0m
[7.928s] [ 76%] Built target ackermann_msgs__py
[7.971s] [ 79%] [32mBuilding C object CMakeFiles/ackermann_msgs__rosidl_generator_py.dir/rosidl_generator_py/ackermann_msgs/msg/_ackermann_drive_s.c.o[0m
[7.982s] [ 82%] [32mBuilding C object CMakeFiles/ackermann_msgs__rosidl_generator_py.dir/rosidl_generator_py/ackermann_msgs/msg/_ackermann_drive_stamped_s.c.o[0m
[8.174s] [ 84%] [32m[1mLinking C shared library rosidl_generator_py/ackermann_msgs/libackermann_msgs__rosidl_generator_py.so[0m
[8.254s] [ 84%] Built target ackermann_msgs__rosidl_generator_py
[8.294s] [ 87%] [32mBuilding C object CMakeFiles/ackermann_msgs__rosidl_typesupport_fastrtps_c__pyext.dir/rosidl_generator_py/ackermann_msgs/_ackermann_msgs_s.ep.rosidl_typesupport_fastrtps_c.c.o[0m
[8.295s] [ 89%] [32mBuilding C object CMakeFiles/ackermann_msgs__rosidl_typesupport_introspection_c__pyext.dir/rosidl_generator_py/ackermann_msgs/_ackermann_msgs_s.ep.rosidl_typesupport_introspection_c.c.o[0m
[8.299s] [ 92%] [32mBuilding C object CMakeFiles/ackermann_msgs__rosidl_typesupport_c__pyext.dir/rosidl_generator_py/ackermann_msgs/_ackermann_msgs_s.ep.rosidl_typesupport_c.c.o[0m
[8.462s] [ 94%] [32m[1mLinking C shared library rosidl_generator_py/ackermann_msgs/ackermann_msgs_s__rosidl_typesupport_fastrtps_c.cpython-310-x86_64-linux-gnu.so[0m
[8.463s] [ 97%] [32m[1mLinking C shared library rosidl_generator_py/ackermann_msgs/ackermann_msgs_s__rosidl_typesupport_introspection_c.cpython-310-x86_64-linux-gnu.so[0m
[8.486s] [100%] [32m[1mLinking C shared library rosidl_generator_py/ackermann_msgs/ackermann_msgs_s__rosidl_typesupport_c.cpython-310-x86_64-linux-gnu.so[0m
[8.561s] [100%] Built target ackermann_msgs__rosidl_typesupport_introspection_c__pyext
[8.569s] [100%] Built target ackermann_msgs__rosidl_typesupport_fastrtps_c__pyext
[8.571s] [100%] Built target ackermann_msgs__rosidl_typesupport_c__pyext
[8.602s] Invoked command in '/home/yug/agv-alpharacer/alpha-RACER/ros2_ws/build/ackermann_msgs' returned '0': CMAKE_PREFIX_PATH=/home/yug/agv-alpharacer/alpha-RACER/ros2_ws/install/ament_cmake:/home/yug/agv-alpharacer/alpha-RACER/ros2_ws/install/ament_cmake_gen_version_h:/home/yug/agv-alpharacer/alpha-RACER/ros2_ws/install/ament_cmake_gtest:/home/yug/agv-alpharacer/alpha-RACER/ros2_ws/install/ament_cmake_test:/home/yug/agv-alpharacer/alpha-RACER/ros2_ws/install/ament_cmake_target_dependencies:/home/yug/agv-alpharacer/alpha-RACER/ros2_ws/install/ament_cmake_export_targets:/home/yug/agv-alpharacer/alpha-RACER/ros2_ws/install/ament_cmake_export_interfaces:/home/yug/agv-alpharacer/alpha-RACER/ros2_ws/install/ament_cmake_export_dependencies:/home/yug/agv-alpharacer/alpha-RACER/ros2_ws/install/ament_cmake_version:/home/yug/agv-alpharacer/alpha-RACER/ros2_ws/install/ament_cmake_python:/home/yug/agv-alpharacer/alpha-RACER/ros2_ws/install/ament_cmake_libraries:/home/yug/agv-alpharacer/alpha-RACER/ros2_ws/install/ament_cmake_include_directories:/home/yug/agv-alpharacer/alpha-RACER/ros2_ws/install/ament_cmake_export_link_flags:/home/yug/agv-alpharacer/alpha-RACER/ros2_ws/install/ament_cmake_export_libraries:/home/yug/agv-alpharacer/alpha-RACER/ros2_ws/install/ament_cmake_export_include_directories:/home/yug/agv-alpharacer/alpha-RACER/ros2_ws/install/ament_cmake_export_definitions:/home/yug/agv-alpharacer/alpha-RACER/ros2_ws/install/ament_cmake_core:/home/yug/agv-alpharacer/alpha-RACER/ros2_ws/install/geometry2:/home/yug/agv-alpharacer/alpha-RACER/ros2_ws/install/tf2_sensor_msgs:/home/yug/agv-alpharacer/alpha-RACER/ros2_ws/install/test_tf2:/home/yug/agv-alpharacer/alpha-RACER/ros2_ws/install/tf2_kdl:/home/yug/agv-alpharacer/alpha-RACER/ros2_ws/install/tf2_geometry_msgs:/home/yug/agv-alpharacer/alpha-RACER/ros2_ws/install/tf2_ros:/home/yug/agv-alpharacer/alpha-RACER/ros2_ws/install/tf2_py:/home/yug/agv-alpharacer/alpha-RACER/ros2_ws/install/tf2_msgs:/home/yug/agv-alpharacer/alpha-RACER/ros2_ws/install/tf2_eigen_kdl:/home/yug/agv-alpharacer/alpha-RACER/ros2_ws/install/tf2:/home/yug/agv-alpharacer/alpha-RACER/ros2_ws/install/foxglove_bridge:/home/yug/agv-alpharacer/alpha-RACER/ros2_ws/install/rosx_introspection:/home/yug/agv-alpharacer/alpha-RACER/ros2_ws/install/network_bridge:/home/yug/agv-alpharacer/alpha-RACER/ros2_ws/install/my_robot_description:/home/yug/agv-alpharacer/alpha-RACER/ros2_ws/install/my_custom_msgs:/home/yug/agv-alpharacer/alpha-RACER/ros2_ws/install/ament_cmake_google_benchmark:/home/yug/agv-alpharacer/alpha-RACER/ros2_ws/install/google_benchmark_vendor:/home/yug/agv-alpharacer/alpha-RACER/ros2_ws/install/ament_cmake_auto:/home/yug/agv-alpharacer/alpha-RACER/ros2_ws/install/ament_cmake_vendor_package:/home/yug/agv-alpharacer/alpha-RACER/ros2_ws/install/ament_cmake_pytest:/home/yug/agv-alpharacer/alpha-RACER/ros2_ws/install/ament_cmake_nose:/home/yug/agv-alpharacer/alpha-RACER/ros2_ws/install/ament_cmake_gmock:/home/yug/agv-alpharacer/alpha-RACER/ros2_ws/install/ackermann_msgs:/home/yug/agv-alpharacer/alpha-RACER/ros2_ws/install/tf_transformations:/home/yug/agv-alpharacer/alpha-RACER/ros2_ws/install/tf2_tools:/home/yug/agv-alpharacer/alpha-RACER/ros2_ws/install/examples_tf2_py:/home/yug/agv-alpharacer/alpha-RACER/ros2_ws/install/tf2_ros_py:/home/yug/agv-alpharacer/alpha-RACER/ros2_ws/install/tf2_eigen:/home/yug/agv-alpharacer/alpha-RACER/ros2_ws/install/tf2_bullet:/opt/ros/humble CONDA_PROMPT_MODIFIER=(alpharacer) /usr/bin/cmake --build /home/yug/agv-alpharacer/alpha-RACER/ros2_ws/build/ackermann_msgs -- -j16 -l16
[8.605s] Invoking command in '/home/yug/agv-alpharacer/alpha-RACER/ros2_ws/build/ackermann_msgs': CMAKE_PREFIX_PATH=/home/yug/agv-alpharacer/alpha-RACER/ros2_ws/install/ament_cmake:/home/yug/agv-alpharacer/alpha-RACER/ros2_ws/install/ament_cmake_gen_version_h:/home/yug/agv-alpharacer/alpha-RACER/ros2_ws/install/ament_cmake_gtest:/home/yug/agv-alpharacer/alpha-RACER/ros2_ws/install/ament_cmake_test:/home/yug/agv-alpharacer/alpha-RACER/ros2_ws/install/ament_cmake_target_dependencies:/home/yug/agv-alpharacer/alpha-RACER/ros2_ws/install/ament_cmake_export_targets:/home/yug/agv-alpharacer/alpha-RACER/ros2_ws/install/ament_cmake_export_interfaces:/home/yug/agv-alpharacer/alpha-RACER/ros2_ws/install/ament_cmake_export_dependencies:/home/yug/agv-alpharacer/alpha-RACER/ros2_ws/install/ament_cmake_version:/home/yug/agv-alpharacer/alpha-RACER/ros2_ws/install/ament_cmake_python:/home/yug/agv-alpharacer/alpha-RACER/ros2_ws/install/ament_cmake_libraries:/home/yug/agv-alpharacer/alpha-RACER/ros2_ws/install/ament_cmake_include_directories:/home/yug/agv-alpharacer/alpha-RACER/ros2_ws/install/ament_cmake_export_link_flags:/home/yug/agv-alpharacer/alpha-RACER/ros2_ws/install/ament_cmake_export_libraries:/home/yug/agv-alpharacer/alpha-RACER/ros2_ws/install/ament_cmake_export_include_directories:/home/yug/agv-alpharacer/alpha-RACER/ros2_ws/install/ament_cmake_export_definitions:/home/yug/agv-alpharacer/alpha-RACER/ros2_ws/install/ament_cmake_core:/home/yug/agv-alpharacer/alpha-RACER/ros2_ws/install/geometry2:/home/yug/agv-alpharacer/alpha-RACER/ros2_ws/install/tf2_sensor_msgs:/home/yug/agv-alpharacer/alpha-RACER/ros2_ws/install/test_tf2:/home/yug/agv-alpharacer/alpha-RACER/ros2_ws/install/tf2_kdl:/home/yug/agv-alpharacer/alpha-RACER/ros2_ws/install/tf2_geometry_msgs:/home/yug/agv-alpharacer/alpha-RACER/ros2_ws/install/tf2_ros:/home/yug/agv-alpharacer/alpha-RACER/ros2_ws/install/tf2_py:/home/yug/agv-alpharacer/alpha-RACER/ros2_ws/install/tf2_msgs:/home/yug/agv-alpharacer/alpha-RACER/ros2_ws/install/tf2_eigen_kdl:/home/yug/agv-alpharacer/alpha-RACER/ros2_ws/install/tf2:/home/yug/agv-alpharacer/alpha-RACER/ros2_ws/install/foxglove_bridge:/home/yug/agv-alpharacer/alpha-RACER/ros2_ws/install/rosx_introspection:/home/yug/agv-alpharacer/alpha-RACER/ros2_ws/install/network_bridge:/home/yug/agv-alpharacer/alpha-RACER/ros2_ws/install/my_robot_description:/home/yug/agv-alpharacer/alpha-RACER/ros2_ws/install/my_custom_msgs:/home/yug/agv-alpharacer/alpha-RACER/ros2_ws/install/ament_cmake_google_benchmark:/home/yug/agv-alpharacer/alpha-RACER/ros2_ws/install/google_benchmark_vendor:/home/yug/agv-alpharacer/alpha-RACER/ros2_ws/install/ament_cmake_auto:/home/yug/agv-alpharacer/alpha-RACER/ros2_ws/install/ament_cmake_vendor_package:/home/yug/agv-alpharacer/alpha-RACER/ros2_ws/install/ament_cmake_pytest:/home/yug/agv-alpharacer/alpha-RACER/ros2_ws/install/ament_cmake_nose:/home/yug/agv-alpharacer/alpha-RACER/ros2_ws/install/ament_cmake_gmock:/home/yug/agv-alpharacer/alpha-RACER/ros2_ws/install/ackermann_msgs:/home/yug/agv-alpharacer/alpha-RACER/ros2_ws/install/tf_transformations:/home/yug/agv-alpharacer/alpha-RACER/ros2_ws/install/tf2_tools:/home/yug/agv-alpharacer/alpha-RACER/ros2_ws/install/examples_tf2_py:/home/yug/agv-alpharacer/alpha-RACER/ros2_ws/install/tf2_ros_py:/home/yug/agv-alpharacer/alpha-RACER/ros2_ws/install/tf2_eigen:/home/yug/agv-alpharacer/alpha-RACER/ros2_ws/install/tf2_bullet:/opt/ros/humble CONDA_PROMPT_MODIFIER=(alpharacer) /usr/bin/cmake --install /home/yug/agv-alpharacer/alpha-RACER/ros2_ws/build/ackermann_msgs
[8.623s] -- Install configuration: ""
[8.623s] -- Execute custom install script
[8.623s] -- Symlinking: /home/yug/agv-alpharacer/alpha-RACER/ros2_ws/install/ackermann_msgs/share/ament_index/resource_index/rosidl_interfaces/ackermann_msgs
[8.641s] -- Symlinking: /home/yug/agv-alpharacer/alpha-RACER/ros2_ws/install/ackermann_msgs/include/ackermann_msgs/ackermann_msgs/msg/ackermann_drive.h
[8.661s] -- Symlinking: /home/yug/agv-alpharacer/alpha-RACER/ros2_ws/install/ackermann_msgs/include/ackermann_msgs/ackermann_msgs/msg/ackermann_drive_stamped.h
[8.679s] -- Symlinking: /home/yug/agv-alpharacer/alpha-RACER/ros2_ws/install/ackermann_msgs/include/ackermann_msgs/ackermann_msgs/msg/detail/ackermann_drive__functions.h
[8.697s] -- Symlinking: /home/yug/agv-alpharacer/alpha-RACER/ros2_ws/install/ackermann_msgs/include/ackermann_msgs/ackermann_msgs/msg/detail/ackermann_drive__struct.h
[8.716s] -- Symlinking: /home/yug/agv-alpharacer/alpha-RACER/ros2_ws/install/ackermann_msgs/include/ackermann_msgs/ackermann_msgs/msg/detail/ackermann_drive__type_support.h
[8.735s] -- Symlinking: /home/yug/agv-alpharacer/alpha-RACER/ros2_ws/install/ackermann_msgs/include/ackermann_msgs/ackermann_msgs/msg/detail/ackermann_drive_stamped__functions.h
[8.754s] -- Symlinking: /home/yug/agv-alpharacer/alpha-RACER/ros2_ws/install/ackermann_msgs/include/ackermann_msgs/ackermann_msgs/msg/detail/ackermann_drive_stamped__struct.h
[8.770s] -- Symlinking: /home/yug/agv-alpharacer/alpha-RACER/ros2_ws/install/ackermann_msgs/include/ackermann_msgs/ackermann_msgs/msg/detail/ackermann_drive_stamped__type_support.h
[8.790s] -- Symlinking: /home/yug/agv-alpharacer/alpha-RACER/ros2_ws/install/ackermann_msgs/include/ackermann_msgs/ackermann_msgs/msg/rosidl_generator_c__visibility_control.h
[8.806s] -- Symlinking: /home/yug/agv-alpharacer/alpha-RACER/ros2_ws/install/ackermann_msgs/share/ackermann_msgs/environment/library_path.sh
[8.827s] -- Symlinking: /home/yug/agv-alpharacer/alpha-RACER/ros2_ws/install/ackermann_msgs/share/ackermann_msgs/environment/library_path.dsv
[8.847s] -- Symlinking: /home/yug/agv-alpharacer/alpha-RACER/ros2_ws/install/ackermann_msgs/include/ackermann_msgs/ackermann_msgs/msg/detail/ackermann_drive__rosidl_typesupport_fastrtps_c.h
[8.863s] -- Symlinking: /home/yug/agv-alpharacer/alpha-RACER/ros2_ws/install/ackermann_msgs/include/ackermann_msgs/ackermann_msgs/msg/detail/ackermann_drive_stamped__rosidl_typesupport_fastrtps_c.h
[8.878s] -- Symlinking: /home/yug/agv-alpharacer/alpha-RACER/ros2_ws/install/ackermann_msgs/include/ackermann_msgs/ackermann_msgs/msg/rosidl_typesupport_fastrtps_c__visibility_control.h
[8.892s] -- Symlinking: /home/yug/agv-alpharacer/alpha-RACER/ros2_ws/install/ackermann_msgs/include/ackermann_msgs/ackermann_msgs/msg/detail/ackermann_drive__rosidl_typesupport_introspection_c.h
[8.908s] -- Symlinking: /home/yug/agv-alpharacer/alpha-RACER/ros2_ws/install/ackermann_msgs/include/ackermann_msgs/ackermann_msgs/msg/detail/ackermann_drive_stamped__rosidl_typesupport_introspection_c.h
[8.925s] -- Symlinking: /home/yug/agv-alpharacer/alpha-RACER/ros2_ws/install/ackermann_msgs/include/ackermann_msgs/ackermann_msgs/msg/rosidl_typesupport_introspection_c__visibility_control.h
[8.947s] -- Symlinking: /home/yug/agv-alpharacer/alpha-RACER/ros2_ws/install/ackermann_msgs/include/ackermann_msgs/ackermann_msgs/msg/ackermann_drive.hpp
[8.966s] -- Symlinking: /home/yug/agv-alpharacer/alpha-RACER/ros2_ws/install/ackermann_msgs/include/ackermann_msgs/ackermann_msgs/msg/ackermann_drive_stamped.hpp
[8.994s] -- Symlinking: /home/yug/agv-alpharacer/alpha-RACER/ros2_ws/install/ackermann_msgs/include/ackermann_msgs/ackermann_msgs/msg/detail/ackermann_drive__builder.hpp
[9.021s] -- Symlinking: /home/yug/agv-alpharacer/alpha-RACER/ros2_ws/install/ackermann_msgs/include/ackermann_msgs/ackermann_msgs/msg/detail/ackermann_drive__struct.hpp
[9.044s] -- Symlinking: /home/yug/agv-alpharacer/alpha-RACER/ros2_ws/install/ackermann_msgs/include/ackermann_msgs/ackermann_msgs/msg/detail/ackermann_drive__traits.hpp
[9.064s] -- Symlinking: /home/yug/agv-alpharacer/alpha-RACER/ros2_ws/install/ackermann_msgs/include/ackermann_msgs/ackermann_msgs/msg/detail/ackermann_drive__type_support.hpp
[9.088s] -- Symlinking: /home/yug/agv-alpharacer/alpha-RACER/ros2_ws/install/ackermann_msgs/include/ackermann_msgs/ackermann_msgs/msg/detail/ackermann_drive_stamped__builder.hpp
[9.121s] -- Symlinking: /home/yug/agv-alpharacer/alpha-RACER/ros2_ws/install/ackermann_msgs/include/ackermann_msgs/ackermann_msgs/msg/detail/ackermann_drive_stamped__struct.hpp
[9.162s] -- Symlinking: /home/yug/agv-alpharacer/alpha-RACER/ros2_ws/install/ackermann_msgs/include/ackermann_msgs/ackermann_msgs/msg/detail/ackermann_drive_stamped__traits.hpp
[9.205s] -- Symlinking: /home/yug/agv-alpharacer/alpha-RACER/ros2_ws/install/ackermann_msgs/include/ackermann_msgs/ackermann_msgs/msg/detail/ackermann_drive_stamped__type_support.hpp
[9.243s] -- Symlinking: /home/yug/agv-alpharacer/alpha-RACER/ros2_ws/install/ackermann_msgs/include/ackermann_msgs/ackermann_msgs/msg/rosidl_generator_cpp__visibility_control.hpp
[9.279s] -- Symlinking: /home/yug/agv-alpharacer/alpha-RACER/ros2_ws/install/ackermann_msgs/include/ackermann_msgs/ackermann_msgs/msg/detail/ackermann_drive__rosidl_typesupport_fastrtps_cpp.hpp
[9.314s] -- Symlinking: /home/yug/agv-alpharacer/alpha-RACER/ros2_ws/install/ackermann_msgs/include/ackermann_msgs/ackermann_msgs/msg/detail/ackermann_drive_stamped__rosidl_typesupport_fastrtps_cpp.hpp
[9.353s] -- Symlinking: /home/yug/agv-alpharacer/alpha-RACER/ros2_ws/install/ackermann_msgs/include/ackermann_msgs/ackermann_msgs/msg/rosidl_typesupport_fastrtps_cpp__visibility_control.h
[9.392s] -- Symlinking: /home/yug/agv-alpharacer/alpha-RACER/ros2_ws/install/ackermann_msgs/include/ackermann_msgs/ackermann_msgs/msg/detail/ackermann_drive__rosidl_typesupport_introspection_cpp.hpp
[9.426s] -- Symlinking: /home/yug/agv-alpharacer/alpha-RACER/ros2_ws/install/ackermann_msgs/include/ackermann_msgs/ackermann_msgs/msg/detail/ackermann_drive_stamped__rosidl_typesupport_introspection_cpp.hpp
[9.456s] -- Symlinking: /home/yug/agv-alpharacer/alpha-RACER/ros2_ws/install/ackermann_msgs/share/ackermann_msgs/environment/pythonpath.sh
[9.480s] -- Symlinking: /home/yug/agv-alpharacer/alpha-RACER/ros2_ws/install/ackermann_msgs/share/ackermann_msgs/environment/pythonpath.dsv
[9.516s] -- Symlinking: /home/yug/agv-alpharacer/alpha-RACER/ros2_ws/install/ackermann_msgs/local/lib/python3.10/dist-packages/ackermann_msgs-2.0.2-py3.10.egg-info/PKG-INFO
[9.553s] -- Symlinking: /home/yug/agv-alpharacer/alpha-RACER/ros2_ws/install/ackermann_msgs/local/lib/python3.10/dist-packages/ackermann_msgs-2.0.2-py3.10.egg-info/SOURCES.txt
[9.595s] -- Symlinking: /home/yug/agv-alpharacer/alpha-RACER/ros2_ws/install/ackermann_msgs/local/lib/python3.10/dist-packages/ackermann_msgs-2.0.2-py3.10.egg-info/dependency_links.txt
[9.618s] -- Symlinking: /home/yug/agv-alpharacer/alpha-RACER/ros2_ws/install/ackermann_msgs/local/lib/python3.10/dist-packages/ackermann_msgs-2.0.2-py3.10.egg-info/top_level.txt
[9.638s] -- Symlinking: /home/yug/agv-alpharacer/alpha-RACER/ros2_ws/install/ackermann_msgs/local/lib/python3.10/dist-packages/ackermann_msgs/__init__.py
[9.658s] -- Symlinking: /home/yug/agv-alpharacer/alpha-RACER/ros2_ws/install/ackermann_msgs/local/lib/python3.10/dist-packages/ackermann_msgs/_ackermann_msgs_s.ep.rosidl_typesupport_c.c
[9.680s] -- Symlinking: /home/yug/agv-alpharacer/alpha-RACER/ros2_ws/install/ackermann_msgs/local/lib/python3.10/dist-packages/ackermann_msgs/_ackermann_msgs_s.ep.rosidl_typesupport_fastrtps_c.c
[9.706s] -- Symlinking: /home/yug/agv-alpharacer/alpha-RACER/ros2_ws/install/ackermann_msgs/local/lib/python3.10/dist-packages/ackermann_msgs/_ackermann_msgs_s.ep.rosidl_typesupport_introspection_c.c
[9.733s] -- Symlinking: /home/yug/agv-alpharacer/alpha-RACER/ros2_ws/install/ackermann_msgs/local/lib/python3.10/dist-packages/ackermann_msgs/ackermann_msgs_s__rosidl_typesupport_c.cpython-310-x86_64-linux-gnu.so
[9.756s] -- Symlinking: /home/yug/agv-alpharacer/alpha-RACER/ros2_ws/install/ackermann_msgs/local/lib/python3.10/dist-packages/ackermann_msgs/ackermann_msgs_s__rosidl_typesupport_fastrtps_c.cpython-310-x86_64-linux-gnu.so
[9.795s] -- Symlinking: /home/yug/agv-alpharacer/alpha-RACER/ros2_ws/install/ackermann_msgs/local/lib/python3.10/dist-packages/ackermann_msgs/ackermann_msgs_s__rosidl_typesupport_introspection_c.cpython-310-x86_64-linux-gnu.so
[9.820s] -- Symlinking: /home/yug/agv-alpharacer/alpha-RACER/ros2_ws/install/ackermann_msgs/local/lib/python3.10/dist-packages/ackermann_msgs/libackermann_msgs__rosidl_generator_py.so
[9.847s] -- Symlinking: /home/yug/agv-alpharacer/alpha-RACER/ros2_ws/install/ackermann_msgs/local/lib/python3.10/dist-packages/ackermann_msgs/msg/__init__.py
[9.865s] -- Symlinking: /home/yug/agv-alpharacer/alpha-RACER/ros2_ws/install/ackermann_msgs/local/lib/python3.10/dist-packages/ackermann_msgs/msg/_ackermann_drive.py
[9.884s] -- Symlinking: /home/yug/agv-alpharacer/alpha-RACER/ros2_ws/install/ackermann_msgs/local/lib/python3.10/dist-packages/ackermann_msgs/msg/_ackermann_drive_s.c
[9.899s] -- Symlinking: /home/yug/agv-alpharacer/alpha-RACER/ros2_ws/install/ackermann_msgs/local/lib/python3.10/dist-packages/ackermann_msgs/msg/_ackermann_drive_stamped.py
[9.916s] -- Symlinking: /home/yug/agv-alpharacer/alpha-RACER/ros2_ws/install/ackermann_msgs/local/lib/python3.10/dist-packages/ackermann_msgs/msg/_ackermann_drive_stamped_s.c
[9.934s] -- Up-to-date symlink: /home/yug/agv-alpharacer/alpha-RACER/ros2_ws/install/ackermann_msgs/local/lib/python3.10/dist-packages/ackermann_msgs/ackermann_msgs_s__rosidl_typesupport_fastrtps_c.cpython-310-x86_64-linux-gnu.so
[9.935s] -- Up-to-date symlink: /home/yug/agv-alpharacer/alpha-RACER/ros2_ws/install/ackermann_msgs/local/lib/python3.10/dist-packages/ackermann_msgs/ackermann_msgs_s__rosidl_typesupport_introspection_c.cpython-310-x86_64-linux-gnu.so
[9.935s] -- Up-to-date symlink: /home/yug/agv-alpharacer/alpha-RACER/ros2_ws/install/ackermann_msgs/local/lib/python3.10/dist-packages/ackermann_msgs/ackermann_msgs_s__rosidl_typesupport_c.cpython-310-x86_64-linux-gnu.so
[9.936s] -- Symlinking: /home/yug/agv-alpharacer/alpha-RACER/ros2_ws/install/ackermann_msgs/share/ackermann_msgs/msg/AckermannDrive.idl
[9.953s] -- Symlinking: /home/yug/agv-alpharacer/alpha-RACER/ros2_ws/install/ackermann_msgs/share/ackermann_msgs/msg/AckermannDriveStamped.idl
[9.972s] -- Symlinking: /home/yug/agv-alpharacer/alpha-RACER/ros2_ws/install/ackermann_msgs/share/ackermann_msgs/msg/AckermannDrive.msg
[9.987s] -- Symlinking: /home/yug/agv-alpharacer/alpha-RACER/ros2_ws/install/ackermann_msgs/share/ackermann_msgs/msg/AckermannDriveStamped.msg
[10.013s] -- Symlinking: /home/yug/agv-alpharacer/alpha-RACER/ros2_ws/install/ackermann_msgs/share/ament_index/resource_index/package_run_dependencies/ackermann_msgs
[10.030s] -- Symlinking: /home/yug/agv-alpharacer/alpha-RACER/ros2_ws/install/ackermann_msgs/share/ament_index/resource_index/parent_prefix_path/ackermann_msgs
[10.049s] -- Symlinking: /home/yug/agv-alpharacer/alpha-RACER/ros2_ws/install/ackermann_msgs/share/ackermann_msgs/environment/ament_prefix_path.sh
[10.068s] -- Symlinking: /home/yug/agv-alpharacer/alpha-RACER/ros2_ws/install/ackermann_msgs/share/ackermann_msgs/environment/ament_prefix_path.dsv
[10.083s] -- Symlinking: /home/yug/agv-alpharacer/alpha-RACER/ros2_ws/install/ackermann_msgs/share/ackermann_msgs/environment/path.sh
[10.100s] -- Symlinking: /home/yug/agv-alpharacer/alpha-RACER/ros2_ws/install/ackermann_msgs/share/ackermann_msgs/environment/path.dsv
[10.118s] -- Symlinking: /home/yug/agv-alpharacer/alpha-RACER/ros2_ws/install/ackermann_msgs/share/ackermann_msgs/local_setup.bash
[10.136s] -- Symlinking: /home/yug/agv-alpharacer/alpha-RACER/ros2_ws/install/ackermann_msgs/share/ackermann_msgs/local_setup.sh
[10.152s] -- Symlinking: /home/yug/agv-alpharacer/alpha-RACER/ros2_ws/install/ackermann_msgs/share/ackermann_msgs/local_setup.zsh
[10.170s] -- Symlinking: /home/yug/agv-alpharacer/alpha-RACER/ros2_ws/install/ackermann_msgs/share/ackermann_msgs/local_setup.dsv
[10.187s] -- Symlinking: /home/yug/agv-alpharacer/alpha-RACER/ros2_ws/install/ackermann_msgs/share/ackermann_msgs/package.dsv
[10.206s] -- Symlinking: /home/yug/agv-alpharacer/alpha-RACER/ros2_ws/install/ackermann_msgs/share/ament_index/resource_index/packages/ackermann_msgs
[10.224s] -- Symlinking: /home/yug/agv-alpharacer/alpha-RACER/ros2_ws/install/ackermann_msgs/share/ackermann_msgs/cmake/rosidl_cmake-extras.cmake
[10.242s] -- Symlinking: /home/yug/agv-alpharacer/alpha-RACER/ros2_ws/install/ackermann_msgs/share/ackermann_msgs/cmake/ament_cmake_export_dependencies-extras.cmake
[10.260s] -- Symlinking: /home/yug/agv-alpharacer/alpha-RACER/ros2_ws/install/ackermann_msgs/share/ackermann_msgs/cmake/ament_cmake_export_include_directories-extras.cmake
[10.277s] -- Symlinking: /home/yug/agv-alpharacer/alpha-RACER/ros2_ws/install/ackermann_msgs/share/ackermann_msgs/cmake/ament_cmake_export_libraries-extras.cmake
[10.297s] -- Symlinking: /home/yug/agv-alpharacer/alpha-RACER/ros2_ws/install/ackermann_msgs/share/ackermann_msgs/cmake/ament_cmake_export_targets-extras.cmake
[10.314s] -- Symlinking: /home/yug/agv-alpharacer/alpha-RACER/ros2_ws/install/ackermann_msgs/share/ackermann_msgs/cmake/rosidl_cmake_export_typesupport_targets-extras.cmake
[10.332s] -- Symlinking: /home/yug/agv-alpharacer/alpha-RACER/ros2_ws/install/ackermann_msgs/share/ackermann_msgs/cmake/rosidl_cmake_export_typesupport_libraries-extras.cmake
[10.348s] -- Symlinking: /home/yug/agv-alpharacer/alpha-RACER/ros2_ws/install/ackermann_msgs/share/ackermann_msgs/cmake/ackermann_msgsConfig.cmake
[10.365s] -- Symlinking: /home/yug/agv-alpharacer/alpha-RACER/ros2_ws/install/ackermann_msgs/share/ackermann_msgs/cmake/ackermann_msgsConfig-version.cmake
[10.381s] -- Symlinking: /home/yug/agv-alpharacer/alpha-RACER/ros2_ws/install/ackermann_msgs/share/ackermann_msgs/package.xml
[10.400s] -- Installing: /home/yug/agv-alpharacer/alpha-RACER/ros2_ws/install/ackermann_msgs/lib/libackermann_msgs__rosidl_generator_c.so
[10.401s] -- Set runtime path of "/home/yug/agv-alpharacer/alpha-RACER/ros2_ws/install/ackermann_msgs/lib/libackermann_msgs__rosidl_generator_c.so" to ""
[10.401s] -- Installing: /home/yug/agv-alpharacer/alpha-RACER/ros2_ws/install/ackermann_msgs/lib/libackermann_msgs__rosidl_typesupport_fastrtps_c.so
[10.402s] -- Set runtime path of "/home/yug/agv-alpharacer/alpha-RACER/ros2_ws/install/ackermann_msgs/lib/libackermann_msgs__rosidl_typesupport_fastrtps_c.so" to ""
[10.402s] -- Installing: /home/yug/agv-alpharacer/alpha-RACER/ros2_ws/install/ackermann_msgs/lib/libackermann_msgs__rosidl_typesupport_introspection_c.so
[10.402s] -- Set runtime path of "/home/yug/agv-alpharacer/alpha-RACER/ros2_ws/install/ackermann_msgs/lib/libackermann_msgs__rosidl_typesupport_introspection_c.so" to ""
[10.403s] -- Installing: /home/yug/agv-alpharacer/alpha-RACER/ros2_ws/install/ackermann_msgs/lib/libackermann_msgs__rosidl_typesupport_c.so
[10.403s] -- Set runtime path of "/home/yug/agv-alpharacer/alpha-RACER/ros2_ws/install/ackermann_msgs/lib/libackermann_msgs__rosidl_typesupport_c.so" to ""
[10.409s] -- Installing: /home/yug/agv-alpharacer/alpha-RACER/ros2_ws/install/ackermann_msgs/lib/libackermann_msgs__rosidl_typesupport_fastrtps_cpp.so
[10.411s] -- Set runtime path of "/home/yug/agv-alpharacer/alpha-RACER/ros2_ws/install/ackermann_msgs/lib/libackermann_msgs__rosidl_typesupport_fastrtps_cpp.so" to ""
[10.413s] -- Installing: /home/yug/agv-alpharacer/alpha-RACER/ros2_ws/install/ackermann_msgs/lib/libackermann_msgs__rosidl_typesupport_introspection_cpp.so
[10.415s] -- Set runtime path of "/home/yug/agv-alpharacer/alpha-RACER/ros2_ws/install/ackermann_msgs/lib/libackermann_msgs__rosidl_typesupport_introspection_cpp.so" to ""
[10.416s] -- Installing: /home/yug/agv-alpharacer/alpha-RACER/ros2_ws/install/ackermann_msgs/lib/libackermann_msgs__rosidl_typesupport_cpp.so
[10.416s] -- Set runtime path of "/home/yug/agv-alpharacer/alpha-RACER/ros2_ws/install/ackermann_msgs/lib/libackermann_msgs__rosidl_typesupport_cpp.so" to ""
[10.493s] Listing '/home/yug/agv-alpharacer/alpha-RACER/ros2_ws/install/ackermann_msgs/local/lib/python3.10/dist-packages/ackermann_msgs'...
[10.493s] Compiling '/home/yug/agv-alpharacer/alpha-RACER/ros2_ws/install/ackermann_msgs/local/lib/python3.10/dist-packages/ackermann_msgs/__init__.py'...
[10.493s] Listing '/home/yug/agv-alpharacer/alpha-RACER/ros2_ws/install/ackermann_msgs/local/lib/python3.10/dist-packages/ackermann_msgs/msg'...
[10.494s] Compiling '/home/yug/agv-alpharacer/alpha-RACER/ros2_ws/install/ackermann_msgs/local/lib/python3.10/dist-packages/ackermann_msgs/msg/__init__.py'...
[10.494s] Compiling '/home/yug/agv-alpharacer/alpha-RACER/ros2_ws/install/ackermann_msgs/local/lib/python3.10/dist-packages/ackermann_msgs/msg/_ackermann_drive.py'...
[10.495s] Compiling '/home/yug/agv-alpharacer/alpha-RACER/ros2_ws/install/ackermann_msgs/local/lib/python3.10/dist-packages/ackermann_msgs/msg/_ackermann_drive_stamped.py'...
[10.512s] -- Installing: /home/yug/agv-alpharacer/alpha-RACER/ros2_ws/install/ackermann_msgs/lib/libackermann_msgs__rosidl_generator_py.so
[10.515s] -- Set runtime path of "/home/yug/agv-alpharacer/alpha-RACER/ros2_ws/install/ackermann_msgs/lib/libackermann_msgs__rosidl_generator_py.so" to ""
[10.515s] -- Installing: /home/yug/agv-alpharacer/alpha-RACER/ros2_ws/install/ackermann_msgs/share/ackermann_msgs/cmake/export_ackermann_msgs__rosidl_generator_cExport.cmake
[10.516s] -- Installing: /home/yug/agv-alpharacer/alpha-RACER/ros2_ws/install/ackermann_msgs/share/ackermann_msgs/cmake/export_ackermann_msgs__rosidl_generator_cExport-noconfig.cmake
[10.517s] -- Installing: /home/yug/agv-alpharacer/alpha-RACER/ros2_ws/install/ackermann_msgs/share/ackermann_msgs/cmake/export_ackermann_msgs__rosidl_typesupport_fastrtps_cExport.cmake
[10.518s] -- Installing: /home/yug/agv-alpharacer/alpha-RACER/ros2_ws/install/ackermann_msgs/share/ackermann_msgs/cmake/export_ackermann_msgs__rosidl_typesupport_fastrtps_cExport-noconfig.cmake
[10.518s] -- Installing: /home/yug/agv-alpharacer/alpha-RACER/ros2_ws/install/ackermann_msgs/share/ackermann_msgs/cmake/ackermann_msgs__rosidl_typesupport_introspection_cExport.cmake
[10.519s] -- Installing: /home/yug/agv-alpharacer/alpha-RACER/ros2_ws/install/ackermann_msgs/share/ackermann_msgs/cmake/ackermann_msgs__rosidl_typesupport_introspection_cExport-noconfig.cmake
[10.521s] -- Installing: /home/yug/agv-alpharacer/alpha-RACER/ros2_ws/install/ackermann_msgs/share/ackermann_msgs/cmake/ackermann_msgs__rosidl_typesupport_cExport.cmake
[10.521s] -- Installing: /home/yug/agv-alpharacer/alpha-RACER/ros2_ws/install/ackermann_msgs/share/ackermann_msgs/cmake/ackermann_msgs__rosidl_typesupport_cExport-noconfig.cmake
[10.525s] -- Installing: /home/yug/agv-alpharacer/alpha-RACER/ros2_ws/install/ackermann_msgs/share/ackermann_msgs/cmake/export_ackermann_msgs__rosidl_generator_cppExport.cmake
[10.525s] -- Installing: /home/yug/agv-alpharacer/alpha-RACER/ros2_ws/install/ackermann_msgs/share/ackermann_msgs/cmake/export_ackermann_msgs__rosidl_typesupport_fastrtps_cppExport.cmake
[10.525s] -- Installing: /home/yug/agv-alpharacer/alpha-RACER/ros2_ws/install/ackermann_msgs/share/ackermann_msgs/cmake/export_ackermann_msgs__rosidl_typesupport_fastrtps_cppExport-noconfig.cmake
[10.526s] -- Installing: /home/yug/agv-alpharacer/alpha-RACER/ros2_ws/install/ackermann_msgs/share/ackermann_msgs/cmake/ackermann_msgs__rosidl_typesupport_introspection_cppExport.cmake
[10.526s] -- Installing: /home/yug/agv-alpharacer/alpha-RACER/ros2_ws/install/ackermann_msgs/share/ackermann_msgs/cmake/ackermann_msgs__rosidl_typesupport_introspection_cppExport-noconfig.cmake
[10.526s] -- Installing: /home/yug/agv-alpharacer/alpha-RACER/ros2_ws/install/ackermann_msgs/share/ackermann_msgs/cmake/ackermann_msgs__rosidl_typesupport_cppExport.cmake
[10.527s] -- Installing: /home/yug/agv-alpharacer/alpha-RACER/ros2_ws/install/ackermann_msgs/share/ackermann_msgs/cmake/ackermann_msgs__rosidl_typesupport_cppExport-noconfig.cmake
[10.527s] -- Installing: /home/yug/agv-alpharacer/alpha-RACER/ros2_ws/install/ackermann_msgs/share/ackermann_msgs/cmake/export_ackermann_msgs__rosidl_generator_pyExport.cmake
[10.528s] -- Installing: /home/yug/agv-alpharacer/alpha-RACER/ros2_ws/install/ackermann_msgs/share/ackermann_msgs/cmake/export_ackermann_msgs__rosidl_generator_pyExport-noconfig.cmake
[10.536s] Invoked command in '/home/yug/agv-alpharacer/alpha-RACER/ros2_ws/build/ackermann_msgs' returned '0': CMAKE_PREFIX_PATH=/home/yug/agv-alpharacer/alpha-RACER/ros2_ws/install/ament_cmake:/home/yug/agv-alpharacer/alpha-RACER/ros2_ws/install/ament_cmake_gen_version_h:/home/yug/agv-alpharacer/alpha-RACER/ros2_ws/install/ament_cmake_gtest:/home/yug/agv-alpharacer/alpha-RACER/ros2_ws/install/ament_cmake_test:/home/yug/agv-alpharacer/alpha-RACER/ros2_ws/install/ament_cmake_target_dependencies:/home/yug/agv-alpharacer/alpha-RACER/ros2_ws/install/ament_cmake_export_targets:/home/yug/agv-alpharacer/alpha-RACER/ros2_ws/install/ament_cmake_export_interfaces:/home/yug/agv-alpharacer/alpha-RACER/ros2_ws/install/ament_cmake_export_dependencies:/home/yug/agv-alpharacer/alpha-RACER/ros2_ws/install/ament_cmake_version:/home/yug/agv-alpharacer/alpha-RACER/ros2_ws/install/ament_cmake_python:/home/yug/agv-alpharacer/alpha-RACER/ros2_ws/install/ament_cmake_libraries:/home/yug/agv-alpharacer/alpha-RACER/ros2_ws/install/ament_cmake_include_directories:/home/yug/agv-alpharacer/alpha-RACER/ros2_ws/install/ament_cmake_export_link_flags:/home/yug/agv-alpharacer/alpha-RACER/ros2_ws/install/ament_cmake_export_libraries:/home/yug/agv-alpharacer/alpha-RACER/ros2_ws/install/ament_cmake_export_include_directories:/home/yug/agv-alpharacer/alpha-RACER/ros2_ws/install/ament_cmake_export_definitions:/home/yug/agv-alpharacer/alpha-RACER/ros2_ws/install/ament_cmake_core:/home/yug/agv-alpharacer/alpha-RACER/ros2_ws/install/geometry2:/home/yug/agv-alpharacer/alpha-RACER/ros2_ws/install/tf2_sensor_msgs:/home/yug/agv-alpharacer/alpha-RACER/ros2_ws/install/test_tf2:/home/yug/agv-alpharacer/alpha-RACER/ros2_ws/install/tf2_kdl:/home/yug/agv-alpharacer/alpha-RACER/ros2_ws/install/tf2_geometry_msgs:/home/yug/agv-alpharacer/alpha-RACER/ros2_ws/install/tf2_ros:/home/yug/agv-alpharacer/alpha-RACER/ros2_ws/install/tf2_py:/home/yug/agv-alpharacer/alpha-RACER/ros2_ws/install/tf2_msgs:/home/yug/agv-alpharacer/alpha-RACER/ros2_ws/install/tf2_eigen_kdl:/home/yug/agv-alpharacer/alpha-RACER/ros2_ws/install/tf2:/home/yug/agv-alpharacer/alpha-RACER/ros2_ws/install/foxglove_bridge:/home/yug/agv-alpharacer/alpha-RACER/ros2_ws/install/rosx_introspection:/home/yug/agv-alpharacer/alpha-RACER/ros2_ws/install/network_bridge:/home/yug/agv-alpharacer/alpha-RACER/ros2_ws/install/my_robot_description:/home/yug/agv-alpharacer/alpha-RACER/ros2_ws/install/my_custom_msgs:/home/yug/agv-alpharacer/alpha-RACER/ros2_ws/install/ament_cmake_google_benchmark:/home/yug/agv-alpharacer/alpha-RACER/ros2_ws/install/google_benchmark_vendor:/home/yug/agv-alpharacer/alpha-RACER/ros2_ws/install/ament_cmake_auto:/home/yug/agv-alpharacer/alpha-RACER/ros2_ws/install/ament_cmake_vendor_package:/home/yug/agv-alpharacer/alpha-RACER/ros2_ws/install/ament_cmake_pytest:/home/yug/agv-alpharacer/alpha-RACER/ros2_ws/install/ament_cmake_nose:/home/yug/agv-alpharacer/alpha-RACER/ros2_ws/install/ament_cmake_gmock:/home/yug/agv-alpharacer/alpha-RACER/ros2_ws/install/ackermann_msgs:/home/yug/agv-alpharacer/alpha-RACER/ros2_ws/install/tf_transformations:/home/yug/agv-alpharacer/alpha-RACER/ros2_ws/install/tf2_tools:/home/yug/agv-alpharacer/alpha-RACER/ros2_ws/install/examples_tf2_py:/home/yug/agv-alpharacer/alpha-RACER/ros2_ws/install/tf2_ros_py:/home/yug/agv-alpharacer/alpha-RACER/ros2_ws/install/tf2_eigen:/home/yug/agv-alpharacer/alpha-RACER/ros2_ws/install/tf2_bullet:/opt/ros/humble CONDA_PROMPT_MODIFIER=(alpharacer) /usr/bin/cmake --install /home/yug/agv-alpharacer/alpha-RACER/ros2_ws/build/ackermann_msgs
