[0.026s] Invoking command in '/home/dvij/multi-car-racing/build/npc_controller_msgs': CMAKE_PREFIX_PATH=/opt/ros/humble /usr/bin/cmake /home/dvij/multi-car-racing/SimulationPackage_v2.1/ros_ws_aux/src/npc_controller_msgs -DCMAKE_INSTALL_PREFIX=/home/dvij/multi-car-racing/install/npc_controller_msgs
[0.509s] -- The C compiler identification is GNU 11.4.0
[0.509s] -- The CXX compiler identification is GNU 11.4.0
[0.509s] -- Detecting C compiler ABI info
[0.509s] -- Detecting C compiler ABI info - done
[0.509s] -- Check for working C compiler: /usr/bin/cc - skipped
[0.509s] -- Detecting C compile features
[0.510s] -- Detecting C compile features - done
[0.510s] -- Detecting CXX compiler ABI info
[0.510s] -- Detecting CXX compiler ABI info - done
[0.510s] -- Check for working CXX compiler: /usr/bin/c++ - skipped
[0.510s] -- Detecting CXX compile features
[0.510s] -- Detecting CXX compile features - done
[0.510s] -- Found ament_cmake: 1.3.12 (/opt/ros/humble/share/ament_cmake/cmake)
[0.510s] -- Found Python3: /usr/bin/python3 (found version "3.10.12") found components: Interpreter 
[0.548s] -- Found ament_cmake_auto: 1.3.12 (/opt/ros/humble/share/ament_cmake_auto/cmake)
[0.552s] -- Found std_msgs: 4.9.0 (/opt/ros/humble/share/std_msgs/cmake)
[0.591s] -- Found rosidl_generator_c: 3.1.7 (/opt/ros/humble/share/rosidl_generator_c/cmake)
[0.598s] -- Found rosidl_adapter: 3.1.7 (/opt/ros/humble/share/rosidl_adapter/cmake)
[0.608s] -- Found rosidl_generator_cpp: 3.1.7 (/opt/ros/humble/share/rosidl_generator_cpp/cmake)
[0.624s] -- Using all available rosidl_typesupport_c: rosidl_typesupport_fastrtps_c;rosidl_typesupport_introspection_c
[0.646s] -- Using all available rosidl_typesupport_cpp: rosidl_typesupport_fastrtps_cpp;rosidl_typesupport_introspection_cpp
[0.681s] -- Found geometry_msgs: 4.9.0 (/opt/ros/humble/share/geometry_msgs/cmake)
[0.699s] -- Found rosidl_default_generators: 1.2.0 (/opt/ros/humble/share/rosidl_default_generators/cmake)
[1.114s] -- Found ament_cmake_ros: 0.10.0 (/opt/ros/humble/share/ament_cmake_ros/cmake)
[1.620s] -- Using all available rosidl_typesupport_c: rosidl_typesupport_fastrtps_c;rosidl_typesupport_introspection_c
[1.782s] -- Using all available rosidl_typesupport_cpp: rosidl_typesupport_fastrtps_cpp;rosidl_typesupport_introspection_cpp
[1.805s] -- Found PythonInterp: /usr/bin/python3 (found suitable version "3.10.12", minimum required is "3.6") 
[1.806s] -- Found python_cmake_module: 0.10.0 (/opt/ros/humble/share/python_cmake_module/cmake)
[1.830s] -- Found PythonLibs: /usr/lib/x86_64-linux-gnu/libpython3.10.so (found suitable version "3.10.12", minimum required is "3.5") 
[1.830s] -- Using PYTHON_EXECUTABLE: /usr/bin/python3
[1.830s] -- Using PYTHON_INCLUDE_DIRS: /usr/include/python3.10
[1.830s] -- Using PYTHON_LIBRARIES: /usr/lib/x86_64-linux-gnu/libpython3.10.so
[1.850s] -- Found PythonExtra: .so  
[1.952s] -- Configuring done
[2.022s] -- Generating done
[2.053s] -- Build files have been written to: /home/dvij/multi-car-racing/build/npc_controller_msgs
[2.065s] Invoked command in '/home/dvij/multi-car-racing/build/npc_controller_msgs' returned '0': CMAKE_PREFIX_PATH=/opt/ros/humble /usr/bin/cmake /home/dvij/multi-car-racing/SimulationPackage_v2.1/ros_ws_aux/src/npc_controller_msgs -DCMAKE_INSTALL_PREFIX=/home/dvij/multi-car-racing/install/npc_controller_msgs
[2.066s] Invoking command in '/home/dvij/multi-car-racing/build/npc_controller_msgs': CMAKE_PREFIX_PATH=/opt/ros/humble /usr/bin/cmake --build /home/dvij/multi-car-racing/build/npc_controller_msgs -- -j12 -l12
[2.127s] [  1%] [34m[1mGenerating C code for ROS interfaces[0m
[2.149s] [  2%] [34m[1mGenerating C++ code for ROS interfaces[0m
[2.156s] [  2%] Built target ament_cmake_python_copy_npc_controller_msgs
[2.466s] running egg_info
[2.467s] creating npc_controller_msgs.egg-info
[2.467s] writing npc_controller_msgs.egg-info/PKG-INFO
[2.468s] writing dependency_links to npc_controller_msgs.egg-info/dependency_links.txt
[2.475s] writing top-level names to npc_controller_msgs.egg-info/top_level.txt
[2.475s] writing manifest file 'npc_controller_msgs.egg-info/SOURCES.txt'
[2.475s] reading manifest file 'npc_controller_msgs.egg-info/SOURCES.txt'
[2.475s] writing manifest file 'npc_controller_msgs.egg-info/SOURCES.txt'
[2.556s] [  2%] Built target ament_cmake_python_build_npc_controller_msgs_egg
[3.458s] [  2%] Built target npc_controller_msgs__cpp
[3.517s] [  4%] [34m[1mGenerating C++ type support for eProsima Fast-RTPS[0m
[3.524s] [  5%] [34m[1mGenerating C++ type support dispatch for ROS interfaces[0m
[3.524s] [  7%] [34m[1mGenerating C++ introspection for ROS interfaces[0m
[3.632s] [  8%] [32mBuilding C object CMakeFiles/npc_controller_msgs__rosidl_generator_c.dir/rosidl_generator_c/npc_controller_msgs/msg/detail/npc_debug__functions.c.o[0m
[3.639s] [  9%] [32mBuilding C object CMakeFiles/npc_controller_msgs__rosidl_generator_c.dir/rosidl_generator_c/npc_controller_msgs/msg/detail/misc_report__functions.c.o[0m
[3.651s] [ 11%] [32mBuilding C object CMakeFiles/npc_controller_msgs__rosidl_generator_c.dir/rosidl_generator_c/npc_controller_msgs/msg/detail/pt_report__functions.c.o[0m
[3.651s] [ 12%] [32mBuilding C object CMakeFiles/npc_controller_msgs__rosidl_generator_c.dir/rosidl_generator_c/npc_controller_msgs/msg/detail/rc_to_ct__functions.c.o[0m
[3.651s] [ 14%] [32mBuilding C object CMakeFiles/npc_controller_msgs__rosidl_generator_c.dir/rosidl_generator_c/npc_controller_msgs/msg/detail/tire_report__functions.c.o[0m
[3.661s] [ 15%] [32mBuilding C object CMakeFiles/npc_controller_msgs__rosidl_generator_c.dir/rosidl_generator_c/npc_controller_msgs/msg/detail/ct_report__functions.c.o[0m
[3.852s] [ 16%] [32m[1mLinking C shared library libnpc_controller_msgs__rosidl_generator_c.so[0m
[3.953s] [ 16%] Built target npc_controller_msgs__rosidl_generator_c
[3.993s] [ 18%] [34m[1mGenerating C type support dispatch for ROS interfaces[0m
[4.028s] [ 19%] [34m[1mGenerating C type support for eProsima Fast-RTPS[0m
[4.033s] [ 21%] [34m[1mGenerating C introspection for ROS interfaces[0m
[4.562s] [ 22%] [32mBuilding CXX object CMakeFiles/npc_controller_msgs__rosidl_typesupport_cpp.dir/rosidl_typesupport_cpp/npc_controller_msgs/msg/npc_debug__type_support.cpp.o[0m
[4.572s] [ 23%] [32mBuilding CXX object CMakeFiles/npc_controller_msgs__rosidl_typesupport_cpp.dir/rosidl_typesupport_cpp/npc_controller_msgs/msg/misc_report__type_support.cpp.o[0m
[4.599s] [ 25%] [32mBuilding CXX object CMakeFiles/npc_controller_msgs__rosidl_typesupport_cpp.dir/rosidl_typesupport_cpp/npc_controller_msgs/msg/rc_to_ct__type_support.cpp.o[0m
[4.603s] [ 26%] [32mBuilding CXX object CMakeFiles/npc_controller_msgs__rosidl_typesupport_cpp.dir/rosidl_typesupport_cpp/npc_controller_msgs/msg/ct_report__type_support.cpp.o[0m
[4.607s] [ 28%] [32mBuilding CXX object CMakeFiles/npc_controller_msgs__rosidl_typesupport_cpp.dir/rosidl_typesupport_cpp/npc_controller_msgs/msg/pt_report__type_support.cpp.o[0m
[4.615s] [ 29%] [32mBuilding CXX object CMakeFiles/npc_controller_msgs__rosidl_typesupport_cpp.dir/rosidl_typesupport_cpp/npc_controller_msgs/msg/tire_report__type_support.cpp.o[0m
[4.659s] [ 32%] [32mBuilding CXX object CMakeFiles/npc_controller_msgs__rosidl_typesupport_introspection_cpp.dir/rosidl_typesupport_introspection_cpp/npc_controller_msgs/msg/detail/npc_debug__type_support.cpp.o[0m
[4.659s] [ 32%] [32mBuilding CXX object CMakeFiles/npc_controller_msgs__rosidl_typesupport_introspection_cpp.dir/rosidl_typesupport_introspection_cpp/npc_controller_msgs/msg/detail/misc_report__type_support.cpp.o[0m
[5.200s] [ 33%] [32mBuilding CXX object CMakeFiles/npc_controller_msgs__rosidl_typesupport_fastrtps_cpp.dir/rosidl_typesupport_fastrtps_cpp/npc_controller_msgs/msg/detail/dds_fastrtps/npc_debug__type_support.cpp.o[0m
[5.618s] [ 35%] [32mBuilding CXX object CMakeFiles/npc_controller_msgs__rosidl_typesupport_fastrtps_cpp.dir/rosidl_typesupport_fastrtps_cpp/npc_controller_msgs/msg/detail/dds_fastrtps/misc_report__type_support.cpp.o[0m
[5.640s] [ 36%] [32mBuilding CXX object CMakeFiles/npc_controller_msgs__rosidl_typesupport_fastrtps_cpp.dir/rosidl_typesupport_fastrtps_cpp/npc_controller_msgs/msg/detail/dds_fastrtps/ct_report__type_support.cpp.o[0m
[5.668s] [ 38%] [32mBuilding CXX object CMakeFiles/npc_controller_msgs__rosidl_typesupport_introspection_cpp.dir/rosidl_typesupport_introspection_cpp/npc_controller_msgs/msg/detail/ct_report__type_support.cpp.o[0m
[5.709s] [ 39%] [32mBuilding CXX object CMakeFiles/npc_controller_msgs__rosidl_typesupport_fastrtps_cpp.dir/rosidl_typesupport_fastrtps_cpp/npc_controller_msgs/msg/detail/dds_fastrtps/pt_report__type_support.cpp.o[0m
[5.800s] [ 40%] [32mBuilding CXX object CMakeFiles/npc_controller_msgs__rosidl_typesupport_fastrtps_c.dir/rosidl_typesupport_fastrtps_c/npc_controller_msgs/msg/detail/npc_debug__type_support_c.cpp.o[0m
[6.036s] [ 42%] [32mBuilding CXX object CMakeFiles/npc_controller_msgs__rosidl_typesupport_fastrtps_cpp.dir/rosidl_typesupport_fastrtps_cpp/npc_controller_msgs/msg/detail/dds_fastrtps/rc_to_ct__type_support.cpp.o[0m
[6.447s] [ 43%] [32mBuilding CXX object CMakeFiles/npc_controller_msgs__rosidl_typesupport_introspection_cpp.dir/rosidl_typesupport_introspection_cpp/npc_controller_msgs/msg/detail/pt_report__type_support.cpp.o[0m
[6.498s] [ 45%] [32mBuilding CXX object CMakeFiles/npc_controller_msgs__rosidl_typesupport_introspection_cpp.dir/rosidl_typesupport_introspection_cpp/npc_controller_msgs/msg/detail/rc_to_ct__type_support.cpp.o[0m
[6.499s] [ 46%] [32m[1mLinking CXX shared library libnpc_controller_msgs__rosidl_typesupport_cpp.so[0m
[6.607s] [ 46%] Built target npc_controller_msgs__rosidl_typesupport_cpp
[6.618s] [ 47%] [32mBuilding CXX object CMakeFiles/npc_controller_msgs__rosidl_typesupport_fastrtps_cpp.dir/rosidl_typesupport_fastrtps_cpp/npc_controller_msgs/msg/detail/dds_fastrtps/tire_report__type_support.cpp.o[0m
[6.726s] [ 49%] [32mBuilding CXX object CMakeFiles/npc_controller_msgs__rosidl_typesupport_introspection_cpp.dir/rosidl_typesupport_introspection_cpp/npc_controller_msgs/msg/detail/tire_report__type_support.cpp.o[0m
[6.884s] [ 50%] [32mBuilding CXX object CMakeFiles/npc_controller_msgs__rosidl_typesupport_c.dir/rosidl_typesupport_c/npc_controller_msgs/msg/npc_debug__type_support.cpp.o[0m
[6.949s] [ 52%] [32mBuilding CXX object CMakeFiles/npc_controller_msgs__rosidl_typesupport_c.dir/rosidl_typesupport_c/npc_controller_msgs/msg/misc_report__type_support.cpp.o[0m
[7.062s] [ 53%] [32mBuilding CXX object CMakeFiles/npc_controller_msgs__rosidl_typesupport_fastrtps_c.dir/rosidl_typesupport_fastrtps_c/npc_controller_msgs/msg/detail/misc_report__type_support_c.cpp.o[0m
[7.115s] [ 54%] [32mBuilding CXX object CMakeFiles/npc_controller_msgs__rosidl_typesupport_c.dir/rosidl_typesupport_c/npc_controller_msgs/msg/ct_report__type_support.cpp.o[0m
[7.203s] [ 56%] [32mBuilding CXX object CMakeFiles/npc_controller_msgs__rosidl_typesupport_c.dir/rosidl_typesupport_c/npc_controller_msgs/msg/pt_report__type_support.cpp.o[0m
[7.297s] [ 59%] [32mBuilding CXX object CMakeFiles/npc_controller_msgs__rosidl_typesupport_c.dir/rosidl_typesupport_c/npc_controller_msgs/msg/rc_to_ct__type_support.cpp.o[0m
[7.298s] [ 59%] [32mBuilding CXX object CMakeFiles/npc_controller_msgs__rosidl_typesupport_fastrtps_c.dir/rosidl_typesupport_fastrtps_c/npc_controller_msgs/msg/detail/ct_report__type_support_c.cpp.o[0m
[7.391s] [ 60%] [32mBuilding CXX object CMakeFiles/npc_controller_msgs__rosidl_typesupport_c.dir/rosidl_typesupport_c/npc_controller_msgs/msg/tire_report__type_support.cpp.o[0m
[7.460s] [ 61%] [32mBuilding CXX object CMakeFiles/npc_controller_msgs__rosidl_typesupport_fastrtps_c.dir/rosidl_typesupport_fastrtps_c/npc_controller_msgs/msg/detail/pt_report__type_support_c.cpp.o[0m
[7.542s] [ 63%] [32m[1mLinking CXX shared library libnpc_controller_msgs__rosidl_typesupport_c.so[0m
[7.636s] [ 64%] [32mBuilding CXX object CMakeFiles/npc_controller_msgs__rosidl_typesupport_fastrtps_c.dir/rosidl_typesupport_fastrtps_c/npc_controller_msgs/msg/detail/rc_to_ct__type_support_c.cpp.o[0m
[7.804s] [ 66%] [32mBuilding C object CMakeFiles/npc_controller_msgs__rosidl_typesupport_introspection_c.dir/rosidl_typesupport_introspection_c/npc_controller_msgs/msg/detail/npc_debug__type_support.c.o[0m
[7.836s] [ 66%] Built target npc_controller_msgs__rosidl_typesupport_c
[7.868s] [ 67%] [32mBuilding C object CMakeFiles/npc_controller_msgs__rosidl_typesupport_introspection_c.dir/rosidl_typesupport_introspection_c/npc_controller_msgs/msg/detail/misc_report__type_support.c.o[0m
[7.975s] [ 69%] [32mBuilding C object CMakeFiles/npc_controller_msgs__rosidl_typesupport_introspection_c.dir/rosidl_typesupport_introspection_c/npc_controller_msgs/msg/detail/ct_report__type_support.c.o[0m
[8.016s] [ 70%] [32mBuilding C object CMakeFiles/npc_controller_msgs__rosidl_typesupport_introspection_c.dir/rosidl_typesupport_introspection_c/npc_controller_msgs/msg/detail/pt_report__type_support.c.o[0m
[8.103s] [ 71%] [32mBuilding CXX object CMakeFiles/npc_controller_msgs__rosidl_typesupport_fastrtps_c.dir/rosidl_typesupport_fastrtps_c/npc_controller_msgs/msg/detail/tire_report__type_support_c.cpp.o[0m
[8.111s] [ 73%] [32mBuilding C object CMakeFiles/npc_controller_msgs__rosidl_typesupport_introspection_c.dir/rosidl_typesupport_introspection_c/npc_controller_msgs/msg/detail/rc_to_ct__type_support.c.o[0m
[8.142s] [ 74%] [32m[1mLinking CXX shared library libnpc_controller_msgs__rosidl_typesupport_fastrtps_cpp.so[0m
[8.165s] [ 76%] [32mBuilding C object CMakeFiles/npc_controller_msgs__rosidl_typesupport_introspection_c.dir/rosidl_typesupport_introspection_c/npc_controller_msgs/msg/detail/tire_report__type_support.c.o[0m
[8.350s] [ 76%] Built target npc_controller_msgs__rosidl_typesupport_fastrtps_cpp
[8.444s] [ 77%] [32m[1mLinking C shared library libnpc_controller_msgs__rosidl_typesupport_introspection_c.so[0m
[8.570s] [ 77%] Built target npc_controller_msgs__rosidl_typesupport_introspection_c
[8.810s] [ 78%] [32m[1mLinking CXX shared library libnpc_controller_msgs__rosidl_typesupport_introspection_cpp.so[0m
[9.206s] [ 78%] Built target npc_controller_msgs__rosidl_typesupport_introspection_cpp
[9.363s] [ 80%] [32m[1mLinking CXX shared library libnpc_controller_msgs__rosidl_typesupport_fastrtps_c.so[0m
[9.511s] [ 80%] Built target npc_controller_msgs__rosidl_typesupport_fastrtps_c
[9.574s] [ 80%] Built target npc_controller_msgs
[9.666s] [ 81%] [34m[1mGenerating Python code for ROS interfaces[0m
[13.173s] [ 81%] Built target npc_controller_msgs__py
[13.274s] [ 83%] [32mBuilding C object CMakeFiles/npc_controller_msgs__rosidl_generator_py.dir/rosidl_generator_py/npc_controller_msgs/msg/_pt_report_s.c.o[0m
[13.274s] [ 84%] [32mBuilding C object CMakeFiles/npc_controller_msgs__rosidl_generator_py.dir/rosidl_generator_py/npc_controller_msgs/msg/_npc_debug_s.c.o[0m
[13.276s] [ 85%] [32mBuilding C object CMakeFiles/npc_controller_msgs__rosidl_generator_py.dir/rosidl_generator_py/npc_controller_msgs/msg/_misc_report_s.c.o[0m
[13.282s] [ 87%] [32mBuilding C object CMakeFiles/npc_controller_msgs__rosidl_generator_py.dir/rosidl_generator_py/npc_controller_msgs/msg/_ct_report_s.c.o[0m
[13.287s] [ 88%] [32mBuilding C object CMakeFiles/npc_controller_msgs__rosidl_generator_py.dir/rosidl_generator_py/npc_controller_msgs/msg/_tire_report_s.c.o[0m
[13.292s] [ 90%] [32mBuilding C object CMakeFiles/npc_controller_msgs__rosidl_generator_py.dir/rosidl_generator_py/npc_controller_msgs/msg/_rc_to_ct_s.c.o[0m
[14.090s] [ 91%] [32m[1mLinking C shared library rosidl_generator_py/npc_controller_msgs/libnpc_controller_msgs__rosidl_generator_py.so[0m
[14.306s] [ 91%] Built target npc_controller_msgs__rosidl_generator_py
[14.369s] [ 92%] [32mBuilding C object CMakeFiles/npc_controller_msgs__rosidl_typesupport_c__pyext.dir/rosidl_generator_py/npc_controller_msgs/_npc_controller_msgs_s.ep.rosidl_typesupport_c.c.o[0m
[14.379s] [ 94%] [32mBuilding C object CMakeFiles/npc_controller_msgs__rosidl_typesupport_introspection_c__pyext.dir/rosidl_generator_py/npc_controller_msgs/_npc_controller_msgs_s.ep.rosidl_typesupport_introspection_c.c.o[0m
[14.407s] [ 95%] [32mBuilding C object CMakeFiles/npc_controller_msgs__rosidl_typesupport_fastrtps_c__pyext.dir/rosidl_generator_py/npc_controller_msgs/_npc_controller_msgs_s.ep.rosidl_typesupport_fastrtps_c.c.o[0m
[14.607s] [ 97%] [32m[1mLinking C shared library rosidl_generator_py/npc_controller_msgs/npc_controller_msgs_s__rosidl_typesupport_fastrtps_c.cpython-310-x86_64-linux-gnu.so[0m
[14.698s] [ 97%] Built target npc_controller_msgs__rosidl_typesupport_fastrtps_c__pyext
[14.709s] [ 98%] [32m[1mLinking C shared library rosidl_generator_py/npc_controller_msgs/npc_controller_msgs_s__rosidl_typesupport_c.cpython-310-x86_64-linux-gnu.so[0m
[14.823s] [ 98%] Built target npc_controller_msgs__rosidl_typesupport_c__pyext
[14.864s] [100%] [32m[1mLinking C shared library rosidl_generator_py/npc_controller_msgs/npc_controller_msgs_s__rosidl_typesupport_introspection_c.cpython-310-x86_64-linux-gnu.so[0m
[14.943s] [100%] Built target npc_controller_msgs__rosidl_typesupport_introspection_c__pyext
[14.960s] Invoked command in '/home/dvij/multi-car-racing/build/npc_controller_msgs' returned '0': CMAKE_PREFIX_PATH=/opt/ros/humble /usr/bin/cmake --build /home/dvij/multi-car-racing/build/npc_controller_msgs -- -j12 -l12
[14.967s] Invoking command in '/home/dvij/multi-car-racing/build/npc_controller_msgs': CMAKE_PREFIX_PATH=/opt/ros/humble /usr/bin/cmake --install /home/dvij/multi-car-racing/build/npc_controller_msgs
[14.982s] -- Install configuration: ""
[14.982s] -- Installing: /home/dvij/multi-car-racing/install/npc_controller_msgs/share/ament_index/resource_index/rosidl_interfaces/npc_controller_msgs
[14.983s] -- Installing: /home/dvij/multi-car-racing/install/npc_controller_msgs/include/npc_controller_msgs/npc_controller_msgs
[14.983s] -- Installing: /home/dvij/multi-car-racing/install/npc_controller_msgs/include/npc_controller_msgs/npc_controller_msgs/msg
[14.983s] -- Installing: /home/dvij/multi-car-racing/install/npc_controller_msgs/include/npc_controller_msgs/npc_controller_msgs/msg/ct_report.h
[14.984s] -- Installing: /home/dvij/multi-car-racing/install/npc_controller_msgs/include/npc_controller_msgs/npc_controller_msgs/msg/detail
[14.984s] -- Installing: /home/dvij/multi-car-racing/install/npc_controller_msgs/include/npc_controller_msgs/npc_controller_msgs/msg/detail/ct_report__functions.c
[14.985s] -- Installing: /home/dvij/multi-car-racing/install/npc_controller_msgs/include/npc_controller_msgs/npc_controller_msgs/msg/detail/ct_report__functions.h
[14.985s] -- Installing: /home/dvij/multi-car-racing/install/npc_controller_msgs/include/npc_controller_msgs/npc_controller_msgs/msg/detail/ct_report__struct.h
[14.986s] -- Installing: /home/dvij/multi-car-racing/install/npc_controller_msgs/include/npc_controller_msgs/npc_controller_msgs/msg/detail/ct_report__type_support.h
[14.986s] -- Installing: /home/dvij/multi-car-racing/install/npc_controller_msgs/include/npc_controller_msgs/npc_controller_msgs/msg/detail/misc_report__functions.c
[14.987s] -- Installing: /home/dvij/multi-car-racing/install/npc_controller_msgs/include/npc_controller_msgs/npc_controller_msgs/msg/detail/misc_report__functions.h
[14.987s] -- Installing: /home/dvij/multi-car-racing/install/npc_controller_msgs/include/npc_controller_msgs/npc_controller_msgs/msg/detail/misc_report__struct.h
[14.987s] -- Installing: /home/dvij/multi-car-racing/install/npc_controller_msgs/include/npc_controller_msgs/npc_controller_msgs/msg/detail/misc_report__type_support.h
[14.988s] -- Installing: /home/dvij/multi-car-racing/install/npc_controller_msgs/include/npc_controller_msgs/npc_controller_msgs/msg/detail/npc_debug__functions.c
[14.988s] -- Installing: /home/dvij/multi-car-racing/install/npc_controller_msgs/include/npc_controller_msgs/npc_controller_msgs/msg/detail/npc_debug__functions.h
[14.989s] -- Installing: /home/dvij/multi-car-racing/install/npc_controller_msgs/include/npc_controller_msgs/npc_controller_msgs/msg/detail/npc_debug__struct.h
[14.989s] -- Installing: /home/dvij/multi-car-racing/install/npc_controller_msgs/include/npc_controller_msgs/npc_controller_msgs/msg/detail/npc_debug__type_support.h
[14.989s] -- Installing: /home/dvij/multi-car-racing/install/npc_controller_msgs/include/npc_controller_msgs/npc_controller_msgs/msg/detail/pt_report__functions.c
[14.990s] -- Installing: /home/dvij/multi-car-racing/install/npc_controller_msgs/include/npc_controller_msgs/npc_controller_msgs/msg/detail/pt_report__functions.h
[14.990s] -- Installing: /home/dvij/multi-car-racing/install/npc_controller_msgs/include/npc_controller_msgs/npc_controller_msgs/msg/detail/pt_report__struct.h
[14.991s] -- Installing: /home/dvij/multi-car-racing/install/npc_controller_msgs/include/npc_controller_msgs/npc_controller_msgs/msg/detail/pt_report__type_support.h
[14.991s] -- Installing: /home/dvij/multi-car-racing/install/npc_controller_msgs/include/npc_controller_msgs/npc_controller_msgs/msg/detail/rc_to_ct__functions.c
[14.992s] -- Installing: /home/dvij/multi-car-racing/install/npc_controller_msgs/include/npc_controller_msgs/npc_controller_msgs/msg/detail/rc_to_ct__functions.h
[14.992s] -- Installing: /home/dvij/multi-car-racing/install/npc_controller_msgs/include/npc_controller_msgs/npc_controller_msgs/msg/detail/rc_to_ct__struct.h
[14.992s] -- Installing: /home/dvij/multi-car-racing/install/npc_controller_msgs/include/npc_controller_msgs/npc_controller_msgs/msg/detail/rc_to_ct__type_support.h
[14.993s] -- Installing: /home/dvij/multi-car-racing/install/npc_controller_msgs/include/npc_controller_msgs/npc_controller_msgs/msg/detail/tire_report__functions.c
[14.993s] -- Installing: /home/dvij/multi-car-racing/install/npc_controller_msgs/include/npc_controller_msgs/npc_controller_msgs/msg/detail/tire_report__functions.h
[14.993s] -- Installing: /home/dvij/multi-car-racing/install/npc_controller_msgs/include/npc_controller_msgs/npc_controller_msgs/msg/detail/tire_report__struct.h
[14.994s] -- Installing: /home/dvij/multi-car-racing/install/npc_controller_msgs/include/npc_controller_msgs/npc_controller_msgs/msg/detail/tire_report__type_support.h
[14.994s] -- Installing: /home/dvij/multi-car-racing/install/npc_controller_msgs/include/npc_controller_msgs/npc_controller_msgs/msg/misc_report.h
[14.994s] -- Installing: /home/dvij/multi-car-racing/install/npc_controller_msgs/include/npc_controller_msgs/npc_controller_msgs/msg/npc_debug.h
[14.995s] -- Installing: /home/dvij/multi-car-racing/install/npc_controller_msgs/include/npc_controller_msgs/npc_controller_msgs/msg/pt_report.h
[14.995s] -- Installing: /home/dvij/multi-car-racing/install/npc_controller_msgs/include/npc_controller_msgs/npc_controller_msgs/msg/rc_to_ct.h
[14.996s] -- Installing: /home/dvij/multi-car-racing/install/npc_controller_msgs/include/npc_controller_msgs/npc_controller_msgs/msg/rosidl_generator_c__visibility_control.h
[14.996s] -- Installing: /home/dvij/multi-car-racing/install/npc_controller_msgs/include/npc_controller_msgs/npc_controller_msgs/msg/tire_report.h
[14.997s] -- Installing: /home/dvij/multi-car-racing/install/npc_controller_msgs/share/npc_controller_msgs/environment/library_path.sh
[14.997s] -- Installing: /home/dvij/multi-car-racing/install/npc_controller_msgs/share/npc_controller_msgs/environment/library_path.dsv
[14.997s] -- Installing: /home/dvij/multi-car-racing/install/npc_controller_msgs/lib/libnpc_controller_msgs__rosidl_generator_c.so
[14.998s] -- Set runtime path of "/home/dvij/multi-car-racing/install/npc_controller_msgs/lib/libnpc_controller_msgs__rosidl_generator_c.so" to ""
[14.999s] -- Up-to-date: /home/dvij/multi-car-racing/install/npc_controller_msgs/include/npc_controller_msgs/npc_controller_msgs
[14.999s] -- Up-to-date: /home/dvij/multi-car-racing/install/npc_controller_msgs/include/npc_controller_msgs/npc_controller_msgs/msg
[14.999s] -- Up-to-date: /home/dvij/multi-car-racing/install/npc_controller_msgs/include/npc_controller_msgs/npc_controller_msgs/msg/detail
[15.000s] -- Installing: /home/dvij/multi-car-racing/install/npc_controller_msgs/include/npc_controller_msgs/npc_controller_msgs/msg/detail/ct_report__rosidl_typesupport_fastrtps_c.h
[15.000s] -- Installing: /home/dvij/multi-car-racing/install/npc_controller_msgs/include/npc_controller_msgs/npc_controller_msgs/msg/detail/misc_report__rosidl_typesupport_fastrtps_c.h
[15.001s] -- Installing: /home/dvij/multi-car-racing/install/npc_controller_msgs/include/npc_controller_msgs/npc_controller_msgs/msg/detail/npc_debug__rosidl_typesupport_fastrtps_c.h
[15.001s] -- Installing: /home/dvij/multi-car-racing/install/npc_controller_msgs/include/npc_controller_msgs/npc_controller_msgs/msg/detail/pt_report__rosidl_typesupport_fastrtps_c.h
[15.002s] -- Installing: /home/dvij/multi-car-racing/install/npc_controller_msgs/include/npc_controller_msgs/npc_controller_msgs/msg/detail/rc_to_ct__rosidl_typesupport_fastrtps_c.h
[15.002s] -- Installing: /home/dvij/multi-car-racing/install/npc_controller_msgs/include/npc_controller_msgs/npc_controller_msgs/msg/detail/tire_report__rosidl_typesupport_fastrtps_c.h
[15.002s] -- Installing: /home/dvij/multi-car-racing/install/npc_controller_msgs/include/npc_controller_msgs/npc_controller_msgs/msg/rosidl_typesupport_fastrtps_c__visibility_control.h
[15.003s] -- Installing: /home/dvij/multi-car-racing/install/npc_controller_msgs/lib/libnpc_controller_msgs__rosidl_typesupport_fastrtps_c.so
[15.005s] -- Set runtime path of "/home/dvij/multi-car-racing/install/npc_controller_msgs/lib/libnpc_controller_msgs__rosidl_typesupport_fastrtps_c.so" to ""
[15.005s] -- Up-to-date: /home/dvij/multi-car-racing/install/npc_controller_msgs/include/npc_controller_msgs/npc_controller_msgs
[15.006s] -- Up-to-date: /home/dvij/multi-car-racing/install/npc_controller_msgs/include/npc_controller_msgs/npc_controller_msgs/msg
[15.006s] -- Installing: /home/dvij/multi-car-racing/install/npc_controller_msgs/include/npc_controller_msgs/npc_controller_msgs/msg/ct_report.hpp
[15.006s] -- Up-to-date: /home/dvij/multi-car-racing/install/npc_controller_msgs/include/npc_controller_msgs/npc_controller_msgs/msg/detail
[15.007s] -- Installing: /home/dvij/multi-car-racing/install/npc_controller_msgs/include/npc_controller_msgs/npc_controller_msgs/msg/detail/ct_report__builder.hpp
[15.007s] -- Installing: /home/dvij/multi-car-racing/install/npc_controller_msgs/include/npc_controller_msgs/npc_controller_msgs/msg/detail/ct_report__struct.hpp
[15.007s] -- Installing: /home/dvij/multi-car-racing/install/npc_controller_msgs/include/npc_controller_msgs/npc_controller_msgs/msg/detail/ct_report__traits.hpp
[15.008s] -- Installing: /home/dvij/multi-car-racing/install/npc_controller_msgs/include/npc_controller_msgs/npc_controller_msgs/msg/detail/ct_report__type_support.hpp
[15.008s] -- Installing: /home/dvij/multi-car-racing/install/npc_controller_msgs/include/npc_controller_msgs/npc_controller_msgs/msg/detail/misc_report__builder.hpp
[15.009s] -- Installing: /home/dvij/multi-car-racing/install/npc_controller_msgs/include/npc_controller_msgs/npc_controller_msgs/msg/detail/misc_report__struct.hpp
[15.009s] -- Installing: /home/dvij/multi-car-racing/install/npc_controller_msgs/include/npc_controller_msgs/npc_controller_msgs/msg/detail/misc_report__traits.hpp
[15.009s] -- Installing: /home/dvij/multi-car-racing/install/npc_controller_msgs/include/npc_controller_msgs/npc_controller_msgs/msg/detail/misc_report__type_support.hpp
[15.010s] -- Installing: /home/dvij/multi-car-racing/install/npc_controller_msgs/include/npc_controller_msgs/npc_controller_msgs/msg/detail/npc_debug__builder.hpp
[15.010s] -- Installing: /home/dvij/multi-car-racing/install/npc_controller_msgs/include/npc_controller_msgs/npc_controller_msgs/msg/detail/npc_debug__struct.hpp
[15.010s] -- Installing: /home/dvij/multi-car-racing/install/npc_controller_msgs/include/npc_controller_msgs/npc_controller_msgs/msg/detail/npc_debug__traits.hpp
[15.011s] -- Installing: /home/dvij/multi-car-racing/install/npc_controller_msgs/include/npc_controller_msgs/npc_controller_msgs/msg/detail/npc_debug__type_support.hpp
[15.011s] -- Installing: /home/dvij/multi-car-racing/install/npc_controller_msgs/include/npc_controller_msgs/npc_controller_msgs/msg/detail/pt_report__builder.hpp
[15.012s] -- Installing: /home/dvij/multi-car-racing/install/npc_controller_msgs/include/npc_controller_msgs/npc_controller_msgs/msg/detail/pt_report__struct.hpp
[15.012s] -- Installing: /home/dvij/multi-car-racing/install/npc_controller_msgs/include/npc_controller_msgs/npc_controller_msgs/msg/detail/pt_report__traits.hpp
[15.012s] -- Installing: /home/dvij/multi-car-racing/install/npc_controller_msgs/include/npc_controller_msgs/npc_controller_msgs/msg/detail/pt_report__type_support.hpp
[15.013s] -- Installing: /home/dvij/multi-car-racing/install/npc_controller_msgs/include/npc_controller_msgs/npc_controller_msgs/msg/detail/rc_to_ct__builder.hpp
[15.013s] -- Installing: /home/dvij/multi-car-racing/install/npc_controller_msgs/include/npc_controller_msgs/npc_controller_msgs/msg/detail/rc_to_ct__struct.hpp
[15.013s] -- Installing: /home/dvij/multi-car-racing/install/npc_controller_msgs/include/npc_controller_msgs/npc_controller_msgs/msg/detail/rc_to_ct__traits.hpp
[15.014s] -- Installing: /home/dvij/multi-car-racing/install/npc_controller_msgs/include/npc_controller_msgs/npc_controller_msgs/msg/detail/rc_to_ct__type_support.hpp
[15.014s] -- Installing: /home/dvij/multi-car-racing/install/npc_controller_msgs/include/npc_controller_msgs/npc_controller_msgs/msg/detail/tire_report__builder.hpp
[15.015s] -- Installing: /home/dvij/multi-car-racing/install/npc_controller_msgs/include/npc_controller_msgs/npc_controller_msgs/msg/detail/tire_report__struct.hpp
[15.015s] -- Installing: /home/dvij/multi-car-racing/install/npc_controller_msgs/include/npc_controller_msgs/npc_controller_msgs/msg/detail/tire_report__traits.hpp
[15.015s] -- Installing: /home/dvij/multi-car-racing/install/npc_controller_msgs/include/npc_controller_msgs/npc_controller_msgs/msg/detail/tire_report__type_support.hpp
[15.016s] -- Installing: /home/dvij/multi-car-racing/install/npc_controller_msgs/include/npc_controller_msgs/npc_controller_msgs/msg/misc_report.hpp
[15.016s] -- Installing: /home/dvij/multi-car-racing/install/npc_controller_msgs/include/npc_controller_msgs/npc_controller_msgs/msg/npc_debug.hpp
[15.016s] -- Installing: /home/dvij/multi-car-racing/install/npc_controller_msgs/include/npc_controller_msgs/npc_controller_msgs/msg/pt_report.hpp
[15.017s] -- Installing: /home/dvij/multi-car-racing/install/npc_controller_msgs/include/npc_controller_msgs/npc_controller_msgs/msg/rc_to_ct.hpp
[15.017s] -- Installing: /home/dvij/multi-car-racing/install/npc_controller_msgs/include/npc_controller_msgs/npc_controller_msgs/msg/rosidl_generator_cpp__visibility_control.hpp
[15.018s] -- Installing: /home/dvij/multi-car-racing/install/npc_controller_msgs/include/npc_controller_msgs/npc_controller_msgs/msg/tire_report.hpp
[15.018s] -- Up-to-date: /home/dvij/multi-car-racing/install/npc_controller_msgs/include/npc_controller_msgs/npc_controller_msgs
[15.018s] -- Up-to-date: /home/dvij/multi-car-racing/install/npc_controller_msgs/include/npc_controller_msgs/npc_controller_msgs/msg
[15.019s] -- Up-to-date: /home/dvij/multi-car-racing/install/npc_controller_msgs/include/npc_controller_msgs/npc_controller_msgs/msg/detail
[15.019s] -- Installing: /home/dvij/multi-car-racing/install/npc_controller_msgs/include/npc_controller_msgs/npc_controller_msgs/msg/detail/ct_report__rosidl_typesupport_fastrtps_cpp.hpp
[15.019s] -- Installing: /home/dvij/multi-car-racing/install/npc_controller_msgs/include/npc_controller_msgs/npc_controller_msgs/msg/detail/dds_fastrtps
[15.019s] -- Installing: /home/dvij/multi-car-racing/install/npc_controller_msgs/include/npc_controller_msgs/npc_controller_msgs/msg/detail/misc_report__rosidl_typesupport_fastrtps_cpp.hpp
[15.020s] -- Installing: /home/dvij/multi-car-racing/install/npc_controller_msgs/include/npc_controller_msgs/npc_controller_msgs/msg/detail/npc_debug__rosidl_typesupport_fastrtps_cpp.hpp
[15.020s] -- Installing: /home/dvij/multi-car-racing/install/npc_controller_msgs/include/npc_controller_msgs/npc_controller_msgs/msg/detail/pt_report__rosidl_typesupport_fastrtps_cpp.hpp
[15.020s] -- Installing: /home/dvij/multi-car-racing/install/npc_controller_msgs/include/npc_controller_msgs/npc_controller_msgs/msg/detail/rc_to_ct__rosidl_typesupport_fastrtps_cpp.hpp
[15.021s] -- Installing: /home/dvij/multi-car-racing/install/npc_controller_msgs/include/npc_controller_msgs/npc_controller_msgs/msg/detail/tire_report__rosidl_typesupport_fastrtps_cpp.hpp
[15.021s] -- Installing: /home/dvij/multi-car-racing/install/npc_controller_msgs/include/npc_controller_msgs/npc_controller_msgs/msg/rosidl_typesupport_fastrtps_cpp__visibility_control.h
[15.022s] -- Installing: /home/dvij/multi-car-racing/install/npc_controller_msgs/lib/libnpc_controller_msgs__rosidl_typesupport_fastrtps_cpp.so
[15.023s] -- Set runtime path of "/home/dvij/multi-car-racing/install/npc_controller_msgs/lib/libnpc_controller_msgs__rosidl_typesupport_fastrtps_cpp.so" to ""
[15.023s] -- Up-to-date: /home/dvij/multi-car-racing/install/npc_controller_msgs/include/npc_controller_msgs/npc_controller_msgs
[15.023s] -- Up-to-date: /home/dvij/multi-car-racing/install/npc_controller_msgs/include/npc_controller_msgs/npc_controller_msgs/msg
[15.024s] -- Up-to-date: /home/dvij/multi-car-racing/install/npc_controller_msgs/include/npc_controller_msgs/npc_controller_msgs/msg/detail
[15.024s] -- Installing: /home/dvij/multi-car-racing/install/npc_controller_msgs/include/npc_controller_msgs/npc_controller_msgs/msg/detail/ct_report__rosidl_typesupport_introspection_c.h
[15.024s] -- Installing: /home/dvij/multi-car-racing/install/npc_controller_msgs/include/npc_controller_msgs/npc_controller_msgs/msg/detail/ct_report__type_support.c
[15.025s] -- Installing: /home/dvij/multi-car-racing/install/npc_controller_msgs/include/npc_controller_msgs/npc_controller_msgs/msg/detail/misc_report__rosidl_typesupport_introspection_c.h
[15.025s] -- Installing: /home/dvij/multi-car-racing/install/npc_controller_msgs/include/npc_controller_msgs/npc_controller_msgs/msg/detail/misc_report__type_support.c
[15.026s] -- Installing: /home/dvij/multi-car-racing/install/npc_controller_msgs/include/npc_controller_msgs/npc_controller_msgs/msg/detail/npc_debug__rosidl_typesupport_introspection_c.h
[15.026s] -- Installing: /home/dvij/multi-car-racing/install/npc_controller_msgs/include/npc_controller_msgs/npc_controller_msgs/msg/detail/npc_debug__type_support.c
[15.026s] -- Installing: /home/dvij/multi-car-racing/install/npc_controller_msgs/include/npc_controller_msgs/npc_controller_msgs/msg/detail/pt_report__rosidl_typesupport_introspection_c.h
[15.027s] -- Installing: /home/dvij/multi-car-racing/install/npc_controller_msgs/include/npc_controller_msgs/npc_controller_msgs/msg/detail/pt_report__type_support.c
[15.027s] -- Installing: /home/dvij/multi-car-racing/install/npc_controller_msgs/include/npc_controller_msgs/npc_controller_msgs/msg/detail/rc_to_ct__rosidl_typesupport_introspection_c.h
[15.027s] -- Installing: /home/dvij/multi-car-racing/install/npc_controller_msgs/include/npc_controller_msgs/npc_controller_msgs/msg/detail/rc_to_ct__type_support.c
[15.028s] -- Installing: /home/dvij/multi-car-racing/install/npc_controller_msgs/include/npc_controller_msgs/npc_controller_msgs/msg/detail/tire_report__rosidl_typesupport_introspection_c.h
[15.028s] -- Installing: /home/dvij/multi-car-racing/install/npc_controller_msgs/include/npc_controller_msgs/npc_controller_msgs/msg/detail/tire_report__type_support.c
[15.029s] -- Installing: /home/dvij/multi-car-racing/install/npc_controller_msgs/include/npc_controller_msgs/npc_controller_msgs/msg/rosidl_typesupport_introspection_c__visibility_control.h
[15.029s] -- Installing: /home/dvij/multi-car-racing/install/npc_controller_msgs/lib/libnpc_controller_msgs__rosidl_typesupport_introspection_c.so
[15.030s] -- Set runtime path of "/home/dvij/multi-car-racing/install/npc_controller_msgs/lib/libnpc_controller_msgs__rosidl_typesupport_introspection_c.so" to ""
[15.030s] -- Installing: /home/dvij/multi-car-racing/install/npc_controller_msgs/lib/libnpc_controller_msgs__rosidl_typesupport_c.so
[15.031s] -- Set runtime path of "/home/dvij/multi-car-racing/install/npc_controller_msgs/lib/libnpc_controller_msgs__rosidl_typesupport_c.so" to ""
[15.031s] -- Up-to-date: /home/dvij/multi-car-racing/install/npc_controller_msgs/include/npc_controller_msgs/npc_controller_msgs
[15.032s] -- Up-to-date: /home/dvij/multi-car-racing/install/npc_controller_msgs/include/npc_controller_msgs/npc_controller_msgs/msg
[15.032s] -- Up-to-date: /home/dvij/multi-car-racing/install/npc_controller_msgs/include/npc_controller_msgs/npc_controller_msgs/msg/detail
[15.032s] -- Installing: /home/dvij/multi-car-racing/install/npc_controller_msgs/include/npc_controller_msgs/npc_controller_msgs/msg/detail/ct_report__rosidl_typesupport_introspection_cpp.hpp
[15.033s] -- Installing: /home/dvij/multi-car-racing/install/npc_controller_msgs/include/npc_controller_msgs/npc_controller_msgs/msg/detail/ct_report__type_support.cpp
[15.033s] -- Installing: /home/dvij/multi-car-racing/install/npc_controller_msgs/include/npc_controller_msgs/npc_controller_msgs/msg/detail/misc_report__rosidl_typesupport_introspection_cpp.hpp
[15.034s] -- Installing: /home/dvij/multi-car-racing/install/npc_controller_msgs/include/npc_controller_msgs/npc_controller_msgs/msg/detail/misc_report__type_support.cpp
[15.034s] -- Installing: /home/dvij/multi-car-racing/install/npc_controller_msgs/include/npc_controller_msgs/npc_controller_msgs/msg/detail/npc_debug__rosidl_typesupport_introspection_cpp.hpp
[15.035s] -- Installing: /home/dvij/multi-car-racing/install/npc_controller_msgs/include/npc_controller_msgs/npc_controller_msgs/msg/detail/npc_debug__type_support.cpp
[15.039s] -- Installing: /home/dvij/multi-car-racing/install/npc_controller_msgs/include/npc_controller_msgs/npc_controller_msgs/msg/detail/pt_report__rosidl_typesupport_introspection_cpp.hpp
[15.039s] -- Installing: /home/dvij/multi-car-racing/install/npc_controller_msgs/include/npc_controller_msgs/npc_controller_msgs/msg/detail/pt_report__type_support.cpp
[15.040s] -- Installing: /home/dvij/multi-car-racing/install/npc_controller_msgs/include/npc_controller_msgs/npc_controller_msgs/msg/detail/rc_to_ct__rosidl_typesupport_introspection_cpp.hpp
[15.040s] -- Installing: /home/dvij/multi-car-racing/install/npc_controller_msgs/include/npc_controller_msgs/npc_controller_msgs/msg/detail/rc_to_ct__type_support.cpp
[15.041s] -- Installing: /home/dvij/multi-car-racing/install/npc_controller_msgs/include/npc_controller_msgs/npc_controller_msgs/msg/detail/tire_report__rosidl_typesupport_introspection_cpp.hpp
[15.041s] -- Installing: /home/dvij/multi-car-racing/install/npc_controller_msgs/include/npc_controller_msgs/npc_controller_msgs/msg/detail/tire_report__type_support.cpp
[15.042s] -- Installing: /home/dvij/multi-car-racing/install/npc_controller_msgs/lib/libnpc_controller_msgs__rosidl_typesupport_introspection_cpp.so
[15.046s] -- Set runtime path of "/home/dvij/multi-car-racing/install/npc_controller_msgs/lib/libnpc_controller_msgs__rosidl_typesupport_introspection_cpp.so" to ""
[15.047s] -- Installing: /home/dvij/multi-car-racing/install/npc_controller_msgs/lib/libnpc_controller_msgs__rosidl_typesupport_cpp.so
[15.048s] -- Set runtime path of "/home/dvij/multi-car-racing/install/npc_controller_msgs/lib/libnpc_controller_msgs__rosidl_typesupport_cpp.so" to ""
[15.049s] -- Installing: /home/dvij/multi-car-racing/install/npc_controller_msgs/share/npc_controller_msgs/environment/pythonpath.sh
[15.049s] -- Installing: /home/dvij/multi-car-racing/install/npc_controller_msgs/share/npc_controller_msgs/environment/pythonpath.dsv
[15.050s] -- Installing: /home/dvij/multi-car-racing/install/npc_controller_msgs/local/lib/python3.10/dist-packages/npc_controller_msgs-1.0.0-py3.10.egg-info
[15.050s] -- Installing: /home/dvij/multi-car-racing/install/npc_controller_msgs/local/lib/python3.10/dist-packages/npc_controller_msgs-1.0.0-py3.10.egg-info/dependency_links.txt
[15.050s] -- Installing: /home/dvij/multi-car-racing/install/npc_controller_msgs/local/lib/python3.10/dist-packages/npc_controller_msgs-1.0.0-py3.10.egg-info/PKG-INFO
[15.051s] -- Installing: /home/dvij/multi-car-racing/install/npc_controller_msgs/local/lib/python3.10/dist-packages/npc_controller_msgs-1.0.0-py3.10.egg-info/SOURCES.txt
[15.051s] -- Installing: /home/dvij/multi-car-racing/install/npc_controller_msgs/local/lib/python3.10/dist-packages/npc_controller_msgs-1.0.0-py3.10.egg-info/top_level.txt
[15.052s] -- Installing: /home/dvij/multi-car-racing/install/npc_controller_msgs/local/lib/python3.10/dist-packages/npc_controller_msgs
[15.052s] -- Installing: /home/dvij/multi-car-racing/install/npc_controller_msgs/local/lib/python3.10/dist-packages/npc_controller_msgs/libnpc_controller_msgs__rosidl_generator_py.so
[15.053s] -- Installing: /home/dvij/multi-car-racing/install/npc_controller_msgs/local/lib/python3.10/dist-packages/npc_controller_msgs/msg
[15.053s] -- Installing: /home/dvij/multi-car-racing/install/npc_controller_msgs/local/lib/python3.10/dist-packages/npc_controller_msgs/msg/_ct_report.py
[15.053s] -- Installing: /home/dvij/multi-car-racing/install/npc_controller_msgs/local/lib/python3.10/dist-packages/npc_controller_msgs/msg/_ct_report_s.c
[15.054s] -- Installing: /home/dvij/multi-car-racing/install/npc_controller_msgs/local/lib/python3.10/dist-packages/npc_controller_msgs/msg/_misc_report.py
[15.054s] -- Installing: /home/dvij/multi-car-racing/install/npc_controller_msgs/local/lib/python3.10/dist-packages/npc_controller_msgs/msg/_misc_report_s.c
[15.054s] -- Installing: /home/dvij/multi-car-racing/install/npc_controller_msgs/local/lib/python3.10/dist-packages/npc_controller_msgs/msg/_npc_debug.py
[15.055s] -- Installing: /home/dvij/multi-car-racing/install/npc_controller_msgs/local/lib/python3.10/dist-packages/npc_controller_msgs/msg/_npc_debug_s.c
[15.056s] -- Installing: /home/dvij/multi-car-racing/install/npc_controller_msgs/local/lib/python3.10/dist-packages/npc_controller_msgs/msg/_pt_report.py
[15.056s] -- Installing: /home/dvij/multi-car-racing/install/npc_controller_msgs/local/lib/python3.10/dist-packages/npc_controller_msgs/msg/_pt_report_s.c
[15.057s] -- Installing: /home/dvij/multi-car-racing/install/npc_controller_msgs/local/lib/python3.10/dist-packages/npc_controller_msgs/msg/_rc_to_ct.py
[15.057s] -- Installing: /home/dvij/multi-car-racing/install/npc_controller_msgs/local/lib/python3.10/dist-packages/npc_controller_msgs/msg/_rc_to_ct_s.c
[15.058s] -- Installing: /home/dvij/multi-car-racing/install/npc_controller_msgs/local/lib/python3.10/dist-packages/npc_controller_msgs/msg/_tire_report.py
[15.058s] -- Installing: /home/dvij/multi-car-racing/install/npc_controller_msgs/local/lib/python3.10/dist-packages/npc_controller_msgs/msg/_tire_report_s.c
[15.058s] -- Installing: /home/dvij/multi-car-racing/install/npc_controller_msgs/local/lib/python3.10/dist-packages/npc_controller_msgs/msg/__init__.py
[15.059s] -- Installing: /home/dvij/multi-car-racing/install/npc_controller_msgs/local/lib/python3.10/dist-packages/npc_controller_msgs/npc_controller_msgs_s__rosidl_typesupport_c.cpython-310-x86_64-linux-gnu.so
[15.059s] -- Installing: /home/dvij/multi-car-racing/install/npc_controller_msgs/local/lib/python3.10/dist-packages/npc_controller_msgs/npc_controller_msgs_s__rosidl_typesupport_fastrtps_c.cpython-310-x86_64-linux-gnu.so
[15.060s] -- Installing: /home/dvij/multi-car-racing/install/npc_controller_msgs/local/lib/python3.10/dist-packages/npc_controller_msgs/npc_controller_msgs_s__rosidl_typesupport_introspection_c.cpython-310-x86_64-linux-gnu.so
[15.060s] -- Installing: /home/dvij/multi-car-racing/install/npc_controller_msgs/local/lib/python3.10/dist-packages/npc_controller_msgs/_npc_controller_msgs_s.ep.rosidl_typesupport_c.c
[15.061s] -- Installing: /home/dvij/multi-car-racing/install/npc_controller_msgs/local/lib/python3.10/dist-packages/npc_controller_msgs/_npc_controller_msgs_s.ep.rosidl_typesupport_fastrtps_c.c
[15.065s] -- Installing: /home/dvij/multi-car-racing/install/npc_controller_msgs/local/lib/python3.10/dist-packages/npc_controller_msgs/_npc_controller_msgs_s.ep.rosidl_typesupport_introspection_c.c
[15.065s] -- Installing: /home/dvij/multi-car-racing/install/npc_controller_msgs/local/lib/python3.10/dist-packages/npc_controller_msgs/__init__.py
[15.358s] Listing '/home/dvij/multi-car-racing/install/npc_controller_msgs/local/lib/python3.10/dist-packages/npc_controller_msgs'...
[15.358s] Compiling '/home/dvij/multi-car-racing/install/npc_controller_msgs/local/lib/python3.10/dist-packages/npc_controller_msgs/__init__.py'...
[15.358s] Listing '/home/dvij/multi-car-racing/install/npc_controller_msgs/local/lib/python3.10/dist-packages/npc_controller_msgs/msg'...
[15.359s] Compiling '/home/dvij/multi-car-racing/install/npc_controller_msgs/local/lib/python3.10/dist-packages/npc_controller_msgs/msg/__init__.py'...
[15.359s] Compiling '/home/dvij/multi-car-racing/install/npc_controller_msgs/local/lib/python3.10/dist-packages/npc_controller_msgs/msg/_ct_report.py'...
[15.359s] Compiling '/home/dvij/multi-car-racing/install/npc_controller_msgs/local/lib/python3.10/dist-packages/npc_controller_msgs/msg/_misc_report.py'...
[15.359s] Compiling '/home/dvij/multi-car-racing/install/npc_controller_msgs/local/lib/python3.10/dist-packages/npc_controller_msgs/msg/_npc_debug.py'...
[15.360s] Compiling '/home/dvij/multi-car-racing/install/npc_controller_msgs/local/lib/python3.10/dist-packages/npc_controller_msgs/msg/_pt_report.py'...
[15.360s] Compiling '/home/dvij/multi-car-racing/install/npc_controller_msgs/local/lib/python3.10/dist-packages/npc_controller_msgs/msg/_rc_to_ct.py'...
[15.360s] Compiling '/home/dvij/multi-car-racing/install/npc_controller_msgs/local/lib/python3.10/dist-packages/npc_controller_msgs/msg/_tire_report.py'...
[15.399s] -- Installing: /home/dvij/multi-car-racing/install/npc_controller_msgs/local/lib/python3.10/dist-packages/npc_controller_msgs/npc_controller_msgs_s__rosidl_typesupport_fastrtps_c.cpython-310-x86_64-linux-gnu.so
[15.399s] -- Set runtime path of "/home/dvij/multi-car-racing/install/npc_controller_msgs/local/lib/python3.10/dist-packages/npc_controller_msgs/npc_controller_msgs_s__rosidl_typesupport_fastrtps_c.cpython-310-x86_64-linux-gnu.so" to ""
[15.400s] -- Installing: /home/dvij/multi-car-racing/install/npc_controller_msgs/local/lib/python3.10/dist-packages/npc_controller_msgs/npc_controller_msgs_s__rosidl_typesupport_introspection_c.cpython-310-x86_64-linux-gnu.so
[15.400s] -- Set runtime path of "/home/dvij/multi-car-racing/install/npc_controller_msgs/local/lib/python3.10/dist-packages/npc_controller_msgs/npc_controller_msgs_s__rosidl_typesupport_introspection_c.cpython-310-x86_64-linux-gnu.so" to ""
[15.401s] -- Installing: /home/dvij/multi-car-racing/install/npc_controller_msgs/local/lib/python3.10/dist-packages/npc_controller_msgs/npc_controller_msgs_s__rosidl_typesupport_c.cpython-310-x86_64-linux-gnu.so
[15.401s] -- Set runtime path of "/home/dvij/multi-car-racing/install/npc_controller_msgs/local/lib/python3.10/dist-packages/npc_controller_msgs/npc_controller_msgs_s__rosidl_typesupport_c.cpython-310-x86_64-linux-gnu.so" to ""
[15.401s] -- Installing: /home/dvij/multi-car-racing/install/npc_controller_msgs/lib/libnpc_controller_msgs__rosidl_generator_py.so
[15.402s] -- Set runtime path of "/home/dvij/multi-car-racing/install/npc_controller_msgs/lib/libnpc_controller_msgs__rosidl_generator_py.so" to ""
[15.402s] -- Installing: /home/dvij/multi-car-racing/install/npc_controller_msgs/share/npc_controller_msgs/msg/NPCDebug.idl
[15.402s] -- Installing: /home/dvij/multi-car-racing/install/npc_controller_msgs/share/npc_controller_msgs/msg/MiscReport.idl
[15.402s] -- Installing: /home/dvij/multi-car-racing/install/npc_controller_msgs/share/npc_controller_msgs/msg/CtReport.idl
[15.402s] -- Installing: /home/dvij/multi-car-racing/install/npc_controller_msgs/share/npc_controller_msgs/msg/PtReport.idl
[15.402s] -- Installing: /home/dvij/multi-car-racing/install/npc_controller_msgs/share/npc_controller_msgs/msg/RcToCt.idl
[15.420s] -- Installing: /home/dvij/multi-car-racing/install/npc_controller_msgs/share/npc_controller_msgs/msg/TireReport.idl
[15.420s] -- Installing: /home/dvij/multi-car-racing/install/npc_controller_msgs/share/npc_controller_msgs/msg/NPCDebug.msg
[15.420s] -- Installing: /home/dvij/multi-car-racing/install/npc_controller_msgs/share/npc_controller_msgs/msg/MiscReport.msg
[15.421s] -- Installing: /home/dvij/multi-car-racing/install/npc_controller_msgs/share/npc_controller_msgs/msg/CtReport.msg
[15.421s] -- Installing: /home/dvij/multi-car-racing/install/npc_controller_msgs/share/npc_controller_msgs/msg/PtReport.msg
[15.421s] -- Installing: /home/dvij/multi-car-racing/install/npc_controller_msgs/share/npc_controller_msgs/msg/RcToCt.msg
[15.421s] -- Installing: /home/dvij/multi-car-racing/install/npc_controller_msgs/share/npc_controller_msgs/msg/TireReport.msg
[15.422s] -- Installing: /home/dvij/multi-car-racing/install/npc_controller_msgs/share/ament_index/resource_index/package_run_dependencies/npc_controller_msgs
[15.425s] -- Installing: /home/dvij/multi-car-racing/install/npc_controller_msgs/share/ament_index/resource_index/parent_prefix_path/npc_controller_msgs
[15.425s] -- Installing: /home/dvij/multi-car-racing/install/npc_controller_msgs/share/npc_controller_msgs/environment/ament_prefix_path.sh
[15.425s] -- Installing: /home/dvij/multi-car-racing/install/npc_controller_msgs/share/npc_controller_msgs/environment/ament_prefix_path.dsv
[15.425s] -- Installing: /home/dvij/multi-car-racing/install/npc_controller_msgs/share/npc_controller_msgs/environment/path.sh
[15.429s] -- Installing: /home/dvij/multi-car-racing/install/npc_controller_msgs/share/npc_controller_msgs/environment/path.dsv
[15.429s] -- Installing: /home/dvij/multi-car-racing/install/npc_controller_msgs/share/npc_controller_msgs/local_setup.bash
[15.429s] -- Installing: /home/dvij/multi-car-racing/install/npc_controller_msgs/share/npc_controller_msgs/local_setup.sh
[15.429s] -- Installing: /home/dvij/multi-car-racing/install/npc_controller_msgs/share/npc_controller_msgs/local_setup.zsh
[15.429s] -- Installing: /home/dvij/multi-car-racing/install/npc_controller_msgs/share/npc_controller_msgs/local_setup.dsv
[15.430s] -- Installing: /home/dvij/multi-car-racing/install/npc_controller_msgs/share/npc_controller_msgs/package.dsv
[15.431s] -- Installing: /home/dvij/multi-car-racing/install/npc_controller_msgs/share/ament_index/resource_index/packages/npc_controller_msgs
[15.431s] -- Installing: /home/dvij/multi-car-racing/install/npc_controller_msgs/share/npc_controller_msgs/cmake/export_npc_controller_msgs__rosidl_generator_cExport.cmake
[15.431s] -- Installing: /home/dvij/multi-car-racing/install/npc_controller_msgs/share/npc_controller_msgs/cmake/export_npc_controller_msgs__rosidl_generator_cExport-noconfig.cmake
[15.432s] -- Installing: /home/dvij/multi-car-racing/install/npc_controller_msgs/share/npc_controller_msgs/cmake/export_npc_controller_msgs__rosidl_typesupport_fastrtps_cExport.cmake
[15.432s] -- Installing: /home/dvij/multi-car-racing/install/npc_controller_msgs/share/npc_controller_msgs/cmake/export_npc_controller_msgs__rosidl_typesupport_fastrtps_cExport-noconfig.cmake
[15.432s] -- Installing: /home/dvij/multi-car-racing/install/npc_controller_msgs/share/npc_controller_msgs/cmake/export_npc_controller_msgs__rosidl_generator_cppExport.cmake
[15.432s] -- Installing: /home/dvij/multi-car-racing/install/npc_controller_msgs/share/npc_controller_msgs/cmake/export_npc_controller_msgs__rosidl_typesupport_fastrtps_cppExport.cmake
[15.432s] -- Installing: /home/dvij/multi-car-racing/install/npc_controller_msgs/share/npc_controller_msgs/cmake/export_npc_controller_msgs__rosidl_typesupport_fastrtps_cppExport-noconfig.cmake
[15.432s] -- Installing: /home/dvij/multi-car-racing/install/npc_controller_msgs/share/npc_controller_msgs/cmake/npc_controller_msgs__rosidl_typesupport_introspection_cExport.cmake
[15.432s] -- Installing: /home/dvij/multi-car-racing/install/npc_controller_msgs/share/npc_controller_msgs/cmake/npc_controller_msgs__rosidl_typesupport_introspection_cExport-noconfig.cmake
[15.432s] -- Installing: /home/dvij/multi-car-racing/install/npc_controller_msgs/share/npc_controller_msgs/cmake/npc_controller_msgs__rosidl_typesupport_cExport.cmake
[15.433s] -- Installing: /home/dvij/multi-car-racing/install/npc_controller_msgs/share/npc_controller_msgs/cmake/npc_controller_msgs__rosidl_typesupport_cExport-noconfig.cmake
[15.433s] -- Installing: /home/dvij/multi-car-racing/install/npc_controller_msgs/share/npc_controller_msgs/cmake/npc_controller_msgs__rosidl_typesupport_introspection_cppExport.cmake
[15.453s] -- Installing: /home/dvij/multi-car-racing/install/npc_controller_msgs/share/npc_controller_msgs/cmake/npc_controller_msgs__rosidl_typesupport_introspection_cppExport-noconfig.cmake
[15.454s] -- Installing: /home/dvij/multi-car-racing/install/npc_controller_msgs/share/npc_controller_msgs/cmake/npc_controller_msgs__rosidl_typesupport_cppExport.cmake
[15.460s] -- Installing: /home/dvij/multi-car-racing/install/npc_controller_msgs/share/npc_controller_msgs/cmake/npc_controller_msgs__rosidl_typesupport_cppExport-noconfig.cmake
[15.460s] -- Installing: /home/dvij/multi-car-racing/install/npc_controller_msgs/share/npc_controller_msgs/cmake/export_npc_controller_msgs__rosidl_generator_pyExport.cmake
[15.460s] -- Installing: /home/dvij/multi-car-racing/install/npc_controller_msgs/share/npc_controller_msgs/cmake/export_npc_controller_msgs__rosidl_generator_pyExport-noconfig.cmake
[15.460s] -- Installing: /home/dvij/multi-car-racing/install/npc_controller_msgs/share/npc_controller_msgs/cmake/rosidl_cmake-extras.cmake
[15.460s] -- Installing: /home/dvij/multi-car-racing/install/npc_controller_msgs/share/npc_controller_msgs/cmake/ament_cmake_export_dependencies-extras.cmake
[15.460s] -- Installing: /home/dvij/multi-car-racing/install/npc_controller_msgs/share/npc_controller_msgs/cmake/ament_cmake_export_include_directories-extras.cmake
[15.461s] -- Installing: /home/dvij/multi-car-racing/install/npc_controller_msgs/share/npc_controller_msgs/cmake/ament_cmake_export_libraries-extras.cmake
[15.461s] -- Installing: /home/dvij/multi-car-racing/install/npc_controller_msgs/share/npc_controller_msgs/cmake/ament_cmake_export_targets-extras.cmake
[15.461s] -- Installing: /home/dvij/multi-car-racing/install/npc_controller_msgs/share/npc_controller_msgs/cmake/rosidl_cmake_export_typesupport_targets-extras.cmake
[15.461s] -- Installing: /home/dvij/multi-car-racing/install/npc_controller_msgs/share/npc_controller_msgs/cmake/rosidl_cmake_export_typesupport_libraries-extras.cmake
[15.461s] -- Installing: /home/dvij/multi-car-racing/install/npc_controller_msgs/share/npc_controller_msgs/cmake/npc_controller_msgsConfig.cmake
[15.461s] -- Installing: /home/dvij/multi-car-racing/install/npc_controller_msgs/share/npc_controller_msgs/cmake/npc_controller_msgsConfig-version.cmake
[15.461s] -- Installing: /home/dvij/multi-car-racing/install/npc_controller_msgs/share/npc_controller_msgs/package.xml
[15.480s] Invoked command in '/home/dvij/multi-car-racing/build/npc_controller_msgs' returned '0': CMAKE_PREFIX_PATH=/opt/ros/humble /usr/bin/cmake --install /home/dvij/multi-car-racing/build/npc_controller_msgs
