[0.032s] Invoking command in '/home/dvij/multi-car-racing/build/can_msgs': CMAKE_PREFIX_PATH=/opt/ros/humble /usr/bin/cmake /home/dvij/multi-car-racing/SimulationPackage_v2.1/ros_ws_aux/src/can_msgs -DCMAKE_INSTALL_PREFIX=/home/dvij/multi-car-racing/install/can_msgs
[0.510s] -- The C compiler identification is GNU 11.4.0
[0.510s] -- The CXX compiler identification is GNU 11.4.0
[0.510s] -- Detecting C compiler ABI info
[0.511s] -- Detecting C compiler ABI info - done
[0.511s] -- Check for working C compiler: /usr/bin/cc - skipped
[0.511s] -- Detecting C compile features
[0.513s] -- Detecting C compile features - done
[0.514s] -- Detecting CXX compiler ABI info
[0.514s] -- Detecting CXX compiler ABI info - done
[0.514s] -- Check for working CXX compiler: /usr/bin/c++ - skipped
[0.514s] -- Detecting CXX compile features
[0.514s] -- Detecting CXX compile features - done
[0.515s] -- Found ament_cmake: 1.3.12 (/opt/ros/humble/share/ament_cmake/cmake)
[0.516s] -- Found Python3: /usr/bin/python3 (found version "3.10.12") found components: Interpreter 
[0.571s] -- Found rosidl_default_generators: 1.2.0 (/opt/ros/humble/share/rosidl_default_generators/cmake)
[0.574s] -- Using all available rosidl_typesupport_c: rosidl_typesupport_fastrtps_c;rosidl_typesupport_introspection_c
[0.581s] -- Found rosidl_adapter: 3.1.7 (/opt/ros/humble/share/rosidl_adapter/cmake)
[0.618s] -- Using all available rosidl_typesupport_cpp: rosidl_typesupport_fastrtps_cpp;rosidl_typesupport_introspection_cpp
[0.651s] -- Found std_msgs: 4.9.0 (/opt/ros/humble/share/std_msgs/cmake)
[1.012s] -- Found ament_cmake_ros: 0.10.0 (/opt/ros/humble/share/ament_cmake_ros/cmake)
[1.254s] -- Using all available rosidl_typesupport_c: rosidl_typesupport_fastrtps_c;rosidl_typesupport_introspection_c
[1.560s] -- Using all available rosidl_typesupport_cpp: rosidl_typesupport_fastrtps_cpp;rosidl_typesupport_introspection_cpp
[1.575s] -- Found PythonInterp: /usr/bin/python3 (found suitable version "3.10.12", minimum required is "3.6") 
[1.577s] -- Found python_cmake_module: 0.10.0 (/opt/ros/humble/share/python_cmake_module/cmake)
[1.592s] -- Found PythonLibs: /usr/lib/x86_64-linux-gnu/libpython3.10.so (found suitable version "3.10.12", minimum required is "3.5") 
[1.592s] -- Using PYTHON_EXECUTABLE: /usr/bin/python3
[1.592s] -- Using PYTHON_INCLUDE_DIRS: /usr/include/python3.10
[1.592s] -- Using PYTHON_LIBRARIES: /usr/lib/x86_64-linux-gnu/libpython3.10.so
[1.607s] -- Found PythonExtra: .so  
[1.650s] -- Configuring done
[1.691s] -- Generating done
[1.705s] -- Build files have been written to: /home/dvij/multi-car-racing/build/can_msgs
[1.711s] Invoked command in '/home/dvij/multi-car-racing/build/can_msgs' returned '0': CMAKE_PREFIX_PATH=/opt/ros/humble /usr/bin/cmake /home/dvij/multi-car-racing/SimulationPackage_v2.1/ros_ws_aux/src/can_msgs -DCMAKE_INSTALL_PREFIX=/home/dvij/multi-car-racing/install/can_msgs
[1.713s] Invoking command in '/home/dvij/multi-car-racing/build/can_msgs': CMAKE_PREFIX_PATH=/opt/ros/humble /usr/bin/cmake --build /home/dvij/multi-car-racing/build/can_msgs -- -j12 -l12
[1.752s] [  3%] [34m[1mGenerating C code for ROS interfaces[0m
[1.764s] [  6%] [34m[1mGenerating C++ code for ROS interfaces[0m
[1.767s] [  6%] Built target ament_cmake_python_copy_can_msgs
[1.959s] running egg_info
[1.960s] creating can_msgs.egg-info
[1.961s] writing can_msgs.egg-info/PKG-INFO
[1.962s] writing dependency_links to can_msgs.egg-info/dependency_links.txt
[1.962s] writing top-level names to can_msgs.egg-info/top_level.txt
[1.962s] writing manifest file 'can_msgs.egg-info/SOURCES.txt'
[1.964s] reading manifest file 'can_msgs.egg-info/SOURCES.txt'
[1.965s] writing manifest file 'can_msgs.egg-info/SOURCES.txt'
[2.003s] [  6%] Built target ament_cmake_python_build_can_msgs_egg
[2.029s] [  6%] Built target can_msgs__cpp
[2.040s] [  9%] [34m[1mGenerating C++ type support for eProsima Fast-RTPS[0m
[2.040s] [ 12%] [34m[1mGenerating C++ type support dispatch for ROS interfaces[0m
[2.040s] [ 16%] [34m[1mGenerating C++ introspection for ROS interfaces[0m
[2.100s] [ 19%] [32mBuilding C object CMakeFiles/can_msgs__rosidl_generator_c.dir/rosidl_generator_c/can_msgs/msg/detail/frame__functions.c.o[0m
[2.178s] [ 22%] [32m[1mLinking C shared library libcan_msgs__rosidl_generator_c.so[0m
[2.237s] [ 22%] Built target can_msgs__rosidl_generator_c
[2.256s] [ 25%] [34m[1mGenerating C type support dispatch for ROS interfaces[0m
[2.260s] [ 29%] [34m[1mGenerating C introspection for ROS interfaces[0m
[2.262s] [ 32%] [34m[1mGenerating C type support for eProsima Fast-RTPS[0m
[2.416s] [ 35%] [32mBuilding CXX object CMakeFiles/can_msgs__rosidl_typesupport_cpp.dir/rosidl_typesupport_cpp/can_msgs/msg/frame__type_support.cpp.o[0m
[2.439s] [ 38%] [32mBuilding CXX object CMakeFiles/can_msgs__rosidl_typesupport_fastrtps_cpp.dir/rosidl_typesupport_fastrtps_cpp/can_msgs/msg/detail/dds_fastrtps/frame__type_support.cpp.o[0m
[2.487s] [ 41%] [32mBuilding CXX object CMakeFiles/can_msgs__rosidl_typesupport_introspection_cpp.dir/rosidl_typesupport_introspection_cpp/can_msgs/msg/detail/frame__type_support.cpp.o[0m
[2.673s] [ 45%] [32mBuilding CXX object CMakeFiles/can_msgs__rosidl_typesupport_c.dir/rosidl_typesupport_c/can_msgs/msg/frame__type_support.cpp.o[0m
[2.737s] [ 48%] [32mBuilding CXX object CMakeFiles/can_msgs__rosidl_typesupport_fastrtps_c.dir/rosidl_typesupport_fastrtps_c/can_msgs/msg/detail/frame__type_support_c.cpp.o[0m
[2.744s] [ 51%] [32mBuilding C object CMakeFiles/can_msgs__rosidl_typesupport_introspection_c.dir/rosidl_typesupport_introspection_c/can_msgs/msg/detail/frame__type_support.c.o[0m
[2.762s] [ 54%] [32m[1mLinking CXX shared library libcan_msgs__rosidl_typesupport_c.so[0m
[2.839s] [ 58%] [32m[1mLinking C shared library libcan_msgs__rosidl_typesupport_introspection_c.so[0m
[2.879s] [ 58%] Built target can_msgs__rosidl_typesupport_c
[2.880s] [ 58%] Built target can_msgs__rosidl_typesupport_introspection_c
[3.181s] [ 61%] [32m[1mLinking CXX shared library libcan_msgs__rosidl_typesupport_fastrtps_cpp.so[0m
[3.209s] [ 64%] [32m[1mLinking CXX shared library libcan_msgs__rosidl_typesupport_cpp.so[0m
[3.326s] [ 64%] Built target can_msgs__rosidl_typesupport_cpp
[3.435s] [ 64%] Built target can_msgs__rosidl_typesupport_fastrtps_cpp
[3.488s] [ 67%] [32m[1mLinking CXX shared library libcan_msgs__rosidl_typesupport_introspection_cpp.so[0m
[3.598s] [ 70%] [32m[1mLinking CXX shared library libcan_msgs__rosidl_typesupport_fastrtps_c.so[0m
[3.752s] [ 70%] Built target can_msgs__rosidl_typesupport_introspection_cpp
[3.834s] [ 70%] Built target can_msgs__rosidl_typesupport_fastrtps_c
[3.893s] [ 70%] Built target can_msgs
[3.972s] [ 74%] [34m[1mGenerating Python code for ROS interfaces[0m
[6.190s] [ 74%] Built target can_msgs__py
[6.222s] [ 77%] [32mBuilding C object CMakeFiles/can_msgs__rosidl_generator_py.dir/rosidl_generator_py/can_msgs/msg/_frame_s.c.o[0m
[6.379s] [ 80%] [32m[1mLinking C shared library rosidl_generator_py/can_msgs/libcan_msgs__rosidl_generator_py.so[0m
[6.487s] [ 80%] Built target can_msgs__rosidl_generator_py
[6.538s] [ 83%] [32mBuilding C object CMakeFiles/can_msgs__rosidl_typesupport_fastrtps_c__pyext.dir/rosidl_generator_py/can_msgs/_can_msgs_s.ep.rosidl_typesupport_fastrtps_c.c.o[0m
[6.557s] [ 87%] [32mBuilding C object CMakeFiles/can_msgs__rosidl_typesupport_introspection_c__pyext.dir/rosidl_generator_py/can_msgs/_can_msgs_s.ep.rosidl_typesupport_introspection_c.c.o[0m
[6.557s] [ 90%] [32mBuilding C object CMakeFiles/can_msgs__rosidl_typesupport_c__pyext.dir/rosidl_generator_py/can_msgs/_can_msgs_s.ep.rosidl_typesupport_c.c.o[0m
[6.848s] [ 93%] [32m[1mLinking C shared library rosidl_generator_py/can_msgs/can_msgs_s__rosidl_typesupport_introspection_c.cpython-310-x86_64-linux-gnu.so[0m
[6.891s] [ 96%] [32m[1mLinking C shared library rosidl_generator_py/can_msgs/can_msgs_s__rosidl_typesupport_fastrtps_c.cpython-310-x86_64-linux-gnu.so[0m
[6.947s] [ 96%] Built target can_msgs__rosidl_typesupport_introspection_c__pyext
[7.077s] [ 96%] Built target can_msgs__rosidl_typesupport_fastrtps_c__pyext
[7.151s] [100%] [32m[1mLinking C shared library rosidl_generator_py/can_msgs/can_msgs_s__rosidl_typesupport_c.cpython-310-x86_64-linux-gnu.so[0m
[7.275s] [100%] Built target can_msgs__rosidl_typesupport_c__pyext
[7.354s] Invoked command in '/home/dvij/multi-car-racing/build/can_msgs' returned '0': CMAKE_PREFIX_PATH=/opt/ros/humble /usr/bin/cmake --build /home/dvij/multi-car-racing/build/can_msgs -- -j12 -l12
[7.355s] Invoking command in '/home/dvij/multi-car-racing/build/can_msgs': CMAKE_PREFIX_PATH=/opt/ros/humble /usr/bin/cmake --install /home/dvij/multi-car-racing/build/can_msgs
[7.399s] -- Install configuration: ""
[7.399s] -- Installing: /home/dvij/multi-car-racing/install/can_msgs/share/ament_index/resource_index/rosidl_interfaces/can_msgs
[7.399s] -- Installing: /home/dvij/multi-car-racing/install/can_msgs/include/can_msgs/can_msgs
[7.399s] -- Installing: /home/dvij/multi-car-racing/install/can_msgs/include/can_msgs/can_msgs/msg
[7.400s] -- Installing: /home/dvij/multi-car-racing/install/can_msgs/include/can_msgs/can_msgs/msg/detail
[7.401s] -- Installing: /home/dvij/multi-car-racing/install/can_msgs/include/can_msgs/can_msgs/msg/detail/frame__functions.c
[7.409s] -- Installing: /home/dvij/multi-car-racing/install/can_msgs/include/can_msgs/can_msgs/msg/detail/frame__functions.h
[7.414s] -- Installing: /home/dvij/multi-car-racing/install/can_msgs/include/can_msgs/can_msgs/msg/detail/frame__struct.h
[7.421s] -- Installing: /home/dvij/multi-car-racing/install/can_msgs/include/can_msgs/can_msgs/msg/detail/frame__type_support.h
[7.421s] -- Installing: /home/dvij/multi-car-racing/install/can_msgs/include/can_msgs/can_msgs/msg/frame.h
[7.421s] -- Installing: /home/dvij/multi-car-racing/install/can_msgs/include/can_msgs/can_msgs/msg/rosidl_generator_c__visibility_control.h
[7.421s] -- Installing: /home/dvij/multi-car-racing/install/can_msgs/share/can_msgs/environment/library_path.sh
[7.421s] -- Installing: /home/dvij/multi-car-racing/install/can_msgs/share/can_msgs/environment/library_path.dsv
[7.425s] -- Installing: /home/dvij/multi-car-racing/install/can_msgs/lib/libcan_msgs__rosidl_generator_c.so
[7.425s] -- Set runtime path of "/home/dvij/multi-car-racing/install/can_msgs/lib/libcan_msgs__rosidl_generator_c.so" to ""
[7.426s] -- Up-to-date: /home/dvij/multi-car-racing/install/can_msgs/include/can_msgs/can_msgs
[7.427s] -- Up-to-date: /home/dvij/multi-car-racing/install/can_msgs/include/can_msgs/can_msgs/msg
[7.427s] -- Up-to-date: /home/dvij/multi-car-racing/install/can_msgs/include/can_msgs/can_msgs/msg/detail
[7.428s] -- Installing: /home/dvij/multi-car-racing/install/can_msgs/include/can_msgs/can_msgs/msg/detail/frame__rosidl_typesupport_fastrtps_c.h
[7.428s] -- Installing: /home/dvij/multi-car-racing/install/can_msgs/include/can_msgs/can_msgs/msg/rosidl_typesupport_fastrtps_c__visibility_control.h
[7.428s] -- Installing: /home/dvij/multi-car-racing/install/can_msgs/lib/libcan_msgs__rosidl_typesupport_fastrtps_c.so
[7.428s] -- Set runtime path of "/home/dvij/multi-car-racing/install/can_msgs/lib/libcan_msgs__rosidl_typesupport_fastrtps_c.so" to ""
[7.428s] -- Up-to-date: /home/dvij/multi-car-racing/install/can_msgs/include/can_msgs/can_msgs
[7.428s] -- Up-to-date: /home/dvij/multi-car-racing/install/can_msgs/include/can_msgs/can_msgs/msg
[7.428s] -- Up-to-date: /home/dvij/multi-car-racing/install/can_msgs/include/can_msgs/can_msgs/msg/detail
[7.428s] -- Installing: /home/dvij/multi-car-racing/install/can_msgs/include/can_msgs/can_msgs/msg/detail/frame__rosidl_typesupport_introspection_c.h
[7.430s] -- Installing: /home/dvij/multi-car-racing/install/can_msgs/include/can_msgs/can_msgs/msg/detail/frame__type_support.c
[7.430s] -- Installing: /home/dvij/multi-car-racing/install/can_msgs/include/can_msgs/can_msgs/msg/rosidl_typesupport_introspection_c__visibility_control.h
[7.430s] -- Installing: /home/dvij/multi-car-racing/install/can_msgs/lib/libcan_msgs__rosidl_typesupport_introspection_c.so
[7.432s] -- Set runtime path of "/home/dvij/multi-car-racing/install/can_msgs/lib/libcan_msgs__rosidl_typesupport_introspection_c.so" to ""
[7.432s] -- Installing: /home/dvij/multi-car-racing/install/can_msgs/lib/libcan_msgs__rosidl_typesupport_c.so
[7.434s] -- Set runtime path of "/home/dvij/multi-car-racing/install/can_msgs/lib/libcan_msgs__rosidl_typesupport_c.so" to ""
[7.435s] -- Up-to-date: /home/dvij/multi-car-racing/install/can_msgs/include/can_msgs/can_msgs
[7.435s] -- Up-to-date: /home/dvij/multi-car-racing/install/can_msgs/include/can_msgs/can_msgs/msg
[7.435s] -- Up-to-date: /home/dvij/multi-car-racing/install/can_msgs/include/can_msgs/can_msgs/msg/detail
[7.435s] -- Installing: /home/dvij/multi-car-racing/install/can_msgs/include/can_msgs/can_msgs/msg/detail/frame__builder.hpp
[7.442s] -- Installing: /home/dvij/multi-car-racing/install/can_msgs/include/can_msgs/can_msgs/msg/detail/frame__struct.hpp
[7.442s] -- Installing: /home/dvij/multi-car-racing/install/can_msgs/include/can_msgs/can_msgs/msg/detail/frame__traits.hpp
[7.442s] -- Installing: /home/dvij/multi-car-racing/install/can_msgs/include/can_msgs/can_msgs/msg/detail/frame__type_support.hpp
[7.442s] -- Installing: /home/dvij/multi-car-racing/install/can_msgs/include/can_msgs/can_msgs/msg/frame.hpp
[7.442s] -- Installing: /home/dvij/multi-car-racing/install/can_msgs/include/can_msgs/can_msgs/msg/rosidl_generator_cpp__visibility_control.hpp
[7.442s] -- Up-to-date: /home/dvij/multi-car-racing/install/can_msgs/include/can_msgs/can_msgs
[7.442s] -- Up-to-date: /home/dvij/multi-car-racing/install/can_msgs/include/can_msgs/can_msgs/msg
[7.442s] -- Up-to-date: /home/dvij/multi-car-racing/install/can_msgs/include/can_msgs/can_msgs/msg/detail
[7.442s] -- Installing: /home/dvij/multi-car-racing/install/can_msgs/include/can_msgs/can_msgs/msg/detail/dds_fastrtps
[7.442s] -- Installing: /home/dvij/multi-car-racing/install/can_msgs/include/can_msgs/can_msgs/msg/detail/frame__rosidl_typesupport_fastrtps_cpp.hpp
[7.443s] -- Installing: /home/dvij/multi-car-racing/install/can_msgs/include/can_msgs/can_msgs/msg/rosidl_typesupport_fastrtps_cpp__visibility_control.h
[7.443s] -- Installing: /home/dvij/multi-car-racing/install/can_msgs/lib/libcan_msgs__rosidl_typesupport_fastrtps_cpp.so
[7.443s] -- Set runtime path of "/home/dvij/multi-car-racing/install/can_msgs/lib/libcan_msgs__rosidl_typesupport_fastrtps_cpp.so" to ""
[7.443s] -- Up-to-date: /home/dvij/multi-car-racing/install/can_msgs/include/can_msgs/can_msgs
[7.443s] -- Up-to-date: /home/dvij/multi-car-racing/install/can_msgs/include/can_msgs/can_msgs/msg
[7.444s] -- Up-to-date: /home/dvij/multi-car-racing/install/can_msgs/include/can_msgs/can_msgs/msg/detail
[7.444s] -- Installing: /home/dvij/multi-car-racing/install/can_msgs/include/can_msgs/can_msgs/msg/detail/frame__rosidl_typesupport_introspection_cpp.hpp
[7.444s] -- Installing: /home/dvij/multi-car-racing/install/can_msgs/include/can_msgs/can_msgs/msg/detail/frame__type_support.cpp
[7.446s] -- Installing: /home/dvij/multi-car-racing/install/can_msgs/lib/libcan_msgs__rosidl_typesupport_introspection_cpp.so
[7.447s] -- Set runtime path of "/home/dvij/multi-car-racing/install/can_msgs/lib/libcan_msgs__rosidl_typesupport_introspection_cpp.so" to ""
[7.450s] -- Installing: /home/dvij/multi-car-racing/install/can_msgs/lib/libcan_msgs__rosidl_typesupport_cpp.so
[7.450s] -- Set runtime path of "/home/dvij/multi-car-racing/install/can_msgs/lib/libcan_msgs__rosidl_typesupport_cpp.so" to ""
[7.450s] -- Installing: /home/dvij/multi-car-racing/install/can_msgs/share/can_msgs/environment/pythonpath.sh
[7.451s] -- Installing: /home/dvij/multi-car-racing/install/can_msgs/share/can_msgs/environment/pythonpath.dsv
[7.451s] -- Installing: /home/dvij/multi-car-racing/install/can_msgs/local/lib/python3.10/dist-packages/can_msgs-0.1.0-py3.10.egg-info
[7.452s] -- Installing: /home/dvij/multi-car-racing/install/can_msgs/local/lib/python3.10/dist-packages/can_msgs-0.1.0-py3.10.egg-info/dependency_links.txt
[7.452s] -- Installing: /home/dvij/multi-car-racing/install/can_msgs/local/lib/python3.10/dist-packages/can_msgs-0.1.0-py3.10.egg-info/PKG-INFO
[7.453s] -- Installing: /home/dvij/multi-car-racing/install/can_msgs/local/lib/python3.10/dist-packages/can_msgs-0.1.0-py3.10.egg-info/SOURCES.txt
[7.453s] -- Installing: /home/dvij/multi-car-racing/install/can_msgs/local/lib/python3.10/dist-packages/can_msgs-0.1.0-py3.10.egg-info/top_level.txt
[7.455s] -- Installing: /home/dvij/multi-car-racing/install/can_msgs/local/lib/python3.10/dist-packages/can_msgs
[7.456s] -- Installing: /home/dvij/multi-car-racing/install/can_msgs/local/lib/python3.10/dist-packages/can_msgs/can_msgs_s__rosidl_typesupport_c.cpython-310-x86_64-linux-gnu.so
[7.456s] -- Installing: /home/dvij/multi-car-racing/install/can_msgs/local/lib/python3.10/dist-packages/can_msgs/can_msgs_s__rosidl_typesupport_fastrtps_c.cpython-310-x86_64-linux-gnu.so
[7.459s] -- Installing: /home/dvij/multi-car-racing/install/can_msgs/local/lib/python3.10/dist-packages/can_msgs/can_msgs_s__rosidl_typesupport_introspection_c.cpython-310-x86_64-linux-gnu.so
[7.459s] -- Installing: /home/dvij/multi-car-racing/install/can_msgs/local/lib/python3.10/dist-packages/can_msgs/libcan_msgs__rosidl_generator_py.so
[7.459s] -- Installing: /home/dvij/multi-car-racing/install/can_msgs/local/lib/python3.10/dist-packages/can_msgs/msg
[7.460s] -- Installing: /home/dvij/multi-car-racing/install/can_msgs/local/lib/python3.10/dist-packages/can_msgs/msg/_frame.py
[7.460s] -- Installing: /home/dvij/multi-car-racing/install/can_msgs/local/lib/python3.10/dist-packages/can_msgs/msg/_frame_s.c
[7.461s] -- Installing: /home/dvij/multi-car-racing/install/can_msgs/local/lib/python3.10/dist-packages/can_msgs/msg/__init__.py
[7.466s] -- Installing: /home/dvij/multi-car-racing/install/can_msgs/local/lib/python3.10/dist-packages/can_msgs/_can_msgs_s.ep.rosidl_typesupport_c.c
[7.466s] -- Installing: /home/dvij/multi-car-racing/install/can_msgs/local/lib/python3.10/dist-packages/can_msgs/_can_msgs_s.ep.rosidl_typesupport_fastrtps_c.c
[7.466s] -- Installing: /home/dvij/multi-car-racing/install/can_msgs/local/lib/python3.10/dist-packages/can_msgs/_can_msgs_s.ep.rosidl_typesupport_introspection_c.c
[7.466s] -- Installing: /home/dvij/multi-car-racing/install/can_msgs/local/lib/python3.10/dist-packages/can_msgs/__init__.py
[7.725s] Listing '/home/dvij/multi-car-racing/install/can_msgs/local/lib/python3.10/dist-packages/can_msgs'...
[7.726s] Compiling '/home/dvij/multi-car-racing/install/can_msgs/local/lib/python3.10/dist-packages/can_msgs/__init__.py'...
[7.726s] Listing '/home/dvij/multi-car-racing/install/can_msgs/local/lib/python3.10/dist-packages/can_msgs/msg'...
[7.726s] Compiling '/home/dvij/multi-car-racing/install/can_msgs/local/lib/python3.10/dist-packages/can_msgs/msg/__init__.py'...
[7.726s] Compiling '/home/dvij/multi-car-racing/install/can_msgs/local/lib/python3.10/dist-packages/can_msgs/msg/_frame.py'...
[7.773s] -- Installing: /home/dvij/multi-car-racing/install/can_msgs/local/lib/python3.10/dist-packages/can_msgs/can_msgs_s__rosidl_typesupport_fastrtps_c.cpython-310-x86_64-linux-gnu.so
[7.773s] -- Set runtime path of "/home/dvij/multi-car-racing/install/can_msgs/local/lib/python3.10/dist-packages/can_msgs/can_msgs_s__rosidl_typesupport_fastrtps_c.cpython-310-x86_64-linux-gnu.so" to ""
[7.773s] -- Installing: /home/dvij/multi-car-racing/install/can_msgs/local/lib/python3.10/dist-packages/can_msgs/can_msgs_s__rosidl_typesupport_introspection_c.cpython-310-x86_64-linux-gnu.so
[7.774s] -- Set runtime path of "/home/dvij/multi-car-racing/install/can_msgs/local/lib/python3.10/dist-packages/can_msgs/can_msgs_s__rosidl_typesupport_introspection_c.cpython-310-x86_64-linux-gnu.so" to ""
[7.774s] -- Installing: /home/dvij/multi-car-racing/install/can_msgs/local/lib/python3.10/dist-packages/can_msgs/can_msgs_s__rosidl_typesupport_c.cpython-310-x86_64-linux-gnu.so
[7.774s] -- Set runtime path of "/home/dvij/multi-car-racing/install/can_msgs/local/lib/python3.10/dist-packages/can_msgs/can_msgs_s__rosidl_typesupport_c.cpython-310-x86_64-linux-gnu.so" to ""
[7.774s] -- Installing: /home/dvij/multi-car-racing/install/can_msgs/lib/libcan_msgs__rosidl_generator_py.so
[7.775s] -- Set runtime path of "/home/dvij/multi-car-racing/install/can_msgs/lib/libcan_msgs__rosidl_generator_py.so" to ""
[7.775s] -- Installing: /home/dvij/multi-car-racing/install/can_msgs/share/can_msgs/msg/Frame.idl
[7.776s] -- Installing: /home/dvij/multi-car-racing/install/can_msgs/share/can_msgs/msg/Frame.msg
[7.776s] -- Installing: /home/dvij/multi-car-racing/install/can_msgs/share/ament_index/resource_index/package_run_dependencies/can_msgs
[7.776s] -- Installing: /home/dvij/multi-car-racing/install/can_msgs/share/ament_index/resource_index/parent_prefix_path/can_msgs
[7.776s] -- Installing: /home/dvij/multi-car-racing/install/can_msgs/share/can_msgs/environment/ament_prefix_path.sh
[7.779s] -- Installing: /home/dvij/multi-car-racing/install/can_msgs/share/can_msgs/environment/ament_prefix_path.dsv
[7.805s] -- Installing: /home/dvij/multi-car-racing/install/can_msgs/share/can_msgs/environment/path.sh
[7.805s] -- Installing: /home/dvij/multi-car-racing/install/can_msgs/share/can_msgs/environment/path.dsv
[7.807s] -- Installing: /home/dvij/multi-car-racing/install/can_msgs/share/can_msgs/local_setup.bash
[7.807s] -- Installing: /home/dvij/multi-car-racing/install/can_msgs/share/can_msgs/local_setup.sh
[7.807s] -- Installing: /home/dvij/multi-car-racing/install/can_msgs/share/can_msgs/local_setup.zsh
[7.807s] -- Installing: /home/dvij/multi-car-racing/install/can_msgs/share/can_msgs/local_setup.dsv
[7.807s] -- Installing: /home/dvij/multi-car-racing/install/can_msgs/share/can_msgs/package.dsv
[7.808s] -- Installing: /home/dvij/multi-car-racing/install/can_msgs/share/ament_index/resource_index/packages/can_msgs
[7.808s] -- Installing: /home/dvij/multi-car-racing/install/can_msgs/share/can_msgs/cmake/export_can_msgs__rosidl_generator_cExport.cmake
[7.808s] -- Installing: /home/dvij/multi-car-racing/install/can_msgs/share/can_msgs/cmake/export_can_msgs__rosidl_generator_cExport-noconfig.cmake
[7.808s] -- Installing: /home/dvij/multi-car-racing/install/can_msgs/share/can_msgs/cmake/export_can_msgs__rosidl_typesupport_fastrtps_cExport.cmake
[7.811s] -- Installing: /home/dvij/multi-car-racing/install/can_msgs/share/can_msgs/cmake/export_can_msgs__rosidl_typesupport_fastrtps_cExport-noconfig.cmake
[7.811s] -- Installing: /home/dvij/multi-car-racing/install/can_msgs/share/can_msgs/cmake/can_msgs__rosidl_typesupport_introspection_cExport.cmake
[7.818s] -- Installing: /home/dvij/multi-car-racing/install/can_msgs/share/can_msgs/cmake/can_msgs__rosidl_typesupport_introspection_cExport-noconfig.cmake
[7.818s] -- Installing: /home/dvij/multi-car-racing/install/can_msgs/share/can_msgs/cmake/can_msgs__rosidl_typesupport_cExport.cmake
[7.818s] -- Installing: /home/dvij/multi-car-racing/install/can_msgs/share/can_msgs/cmake/can_msgs__rosidl_typesupport_cExport-noconfig.cmake
[7.818s] -- Installing: /home/dvij/multi-car-racing/install/can_msgs/share/can_msgs/cmake/export_can_msgs__rosidl_generator_cppExport.cmake
[7.818s] -- Installing: /home/dvij/multi-car-racing/install/can_msgs/share/can_msgs/cmake/export_can_msgs__rosidl_typesupport_fastrtps_cppExport.cmake
[7.819s] -- Installing: /home/dvij/multi-car-racing/install/can_msgs/share/can_msgs/cmake/export_can_msgs__rosidl_typesupport_fastrtps_cppExport-noconfig.cmake
[7.819s] -- Installing: /home/dvij/multi-car-racing/install/can_msgs/share/can_msgs/cmake/can_msgs__rosidl_typesupport_introspection_cppExport.cmake
[7.819s] -- Installing: /home/dvij/multi-car-racing/install/can_msgs/share/can_msgs/cmake/can_msgs__rosidl_typesupport_introspection_cppExport-noconfig.cmake
[7.819s] -- Installing: /home/dvij/multi-car-racing/install/can_msgs/share/can_msgs/cmake/can_msgs__rosidl_typesupport_cppExport.cmake
[7.819s] -- Installing: /home/dvij/multi-car-racing/install/can_msgs/share/can_msgs/cmake/can_msgs__rosidl_typesupport_cppExport-noconfig.cmake
[7.821s] -- Installing: /home/dvij/multi-car-racing/install/can_msgs/share/can_msgs/cmake/export_can_msgs__rosidl_generator_pyExport.cmake
[7.821s] -- Installing: /home/dvij/multi-car-racing/install/can_msgs/share/can_msgs/cmake/export_can_msgs__rosidl_generator_pyExport-noconfig.cmake
[7.839s] -- Installing: /home/dvij/multi-car-racing/install/can_msgs/share/can_msgs/cmake/rosidl_cmake-extras.cmake
[7.839s] -- Installing: /home/dvij/multi-car-racing/install/can_msgs/share/can_msgs/cmake/ament_cmake_export_dependencies-extras.cmake
[7.839s] -- Installing: /home/dvij/multi-car-racing/install/can_msgs/share/can_msgs/cmake/ament_cmake_export_include_directories-extras.cmake
[7.839s] -- Installing: /home/dvij/multi-car-racing/install/can_msgs/share/can_msgs/cmake/ament_cmake_export_libraries-extras.cmake
[7.839s] -- Installing: /home/dvij/multi-car-racing/install/can_msgs/share/can_msgs/cmake/ament_cmake_export_targets-extras.cmake
[7.839s] -- Installing: /home/dvij/multi-car-racing/install/can_msgs/share/can_msgs/cmake/rosidl_cmake_export_typesupport_targets-extras.cmake
[7.839s] -- Installing: /home/dvij/multi-car-racing/install/can_msgs/share/can_msgs/cmake/rosidl_cmake_export_typesupport_libraries-extras.cmake
[7.839s] -- Installing: /home/dvij/multi-car-racing/install/can_msgs/share/can_msgs/cmake/can_msgsConfig.cmake
[7.840s] -- Installing: /home/dvij/multi-car-racing/install/can_msgs/share/can_msgs/cmake/can_msgsConfig-version.cmake
[7.840s] -- Installing: /home/dvij/multi-car-racing/install/can_msgs/share/can_msgs/package.xml
[7.874s] Invoked command in '/home/dvij/multi-car-racing/build/can_msgs' returned '0': CMAKE_PREFIX_PATH=/opt/ros/humble /usr/bin/cmake --install /home/dvij/multi-car-racing/build/can_msgs
