running egg_info
creating ../build/offroad/offroad.egg-info
writing ../build/offroad/offroad.egg-info/PKG-INFO
writing dependency_links to ../build/offroad/offroad.egg-info/dependency_links.txt
writing requirements to ../build/offroad/offroad.egg-info/requires.txt
writing top-level names to ../build/offroad/offroad.egg-info/top_level.txt
writing manifest file '../build/offroad/offroad.egg-info/SOURCES.txt'
reading manifest file '../build/offroad/offroad.egg-info/SOURCES.txt'
writing manifest file '../build/offroad/offroad.egg-info/SOURCES.txt'
running build
running build_py
creating /home/dvij/multi-car-racing/build/offroad/build
creating /home/dvij/multi-car-racing/build/offroad/build/lib
creating /home/dvij/multi-car-racing/build/offroad/build/lib/offroad
copying offroad/__init__.py -> /home/dvij/multi-car-racing/build/offroad/build/lib/offroad
running install
running install_lib
creating /home/dvij/multi-car-racing/install/offroad/lib/python3.10/site-packages/offroad
copying /home/dvij/multi-car-racing/build/offroad/build/lib/offroad/__init__.py -> /home/dvij/multi-car-racing/install/offroad/lib/python3.10/site-packages/offroad
byte-compiling /home/dvij/multi-car-racing/install/offroad/lib/python3.10/site-packages/offroad/__init__.py to __init__.cpython-310.pyc
running install_egg_info
Copying ../build/offroad/offroad.egg-info to /home/dvij/multi-car-racing/install/offroad/lib/python3.10/site-packages/offroad-0.0-py3.10.egg-info
running install_scripts
writing list of installed files to '/home/dvij/multi-car-racing/build/offroad/install.log'
