[1.165s] Invoking command in '/home/dvij/multi-car-racing/car_collect': PYTHONPATH=/home/dvij/multi-car-racing/build/offroad/prefix_override:/usr/lib/python3/dist-packages/colcon_core/task/python/colcon_distutils_commands:/home/dvij/multi-car-racing/install/offroad/lib/python3.10/site-packages:${PYTHONPATH} /usr/bin/python3 -W ignore:setup.py install is deprecated -W ignore:easy_install command is deprecated setup.py egg_info --egg-base ../build/offroad build --build-base /home/dvij/multi-car-racing/build/offroad/build install --record /home/dvij/multi-car-racing/build/offroad/install.log --single-version-externally-managed
[1.328s] running egg_info
[1.329s] creating ../build/offroad/offroad.egg-info
[1.329s] writing ../build/offroad/offroad.egg-info/PKG-INFO
[1.329s] writing dependency_links to ../build/offroad/offroad.egg-info/dependency_links.txt
[1.329s] writing requirements to ../build/offroad/offroad.egg-info/requires.txt
[1.329s] writing top-level names to ../build/offroad/offroad.egg-info/top_level.txt
[1.330s] writing manifest file '../build/offroad/offroad.egg-info/SOURCES.txt'
[1.331s] reading manifest file '../build/offroad/offroad.egg-info/SOURCES.txt'
[1.332s] writing manifest file '../build/offroad/offroad.egg-info/SOURCES.txt'
[1.332s] running build
[1.332s] running build_py
[1.332s] creating /home/dvij/multi-car-racing/build/offroad/build
[1.332s] creating /home/dvij/multi-car-racing/build/offroad/build/lib
[1.332s] creating /home/dvij/multi-car-racing/build/offroad/build/lib/offroad
[1.332s] copying offroad/__init__.py -> /home/dvij/multi-car-racing/build/offroad/build/lib/offroad
[1.332s] running install
[1.332s] running install_lib
[1.333s] creating /home/dvij/multi-car-racing/install/offroad/lib/python3.10/site-packages/offroad
[1.333s] copying /home/dvij/multi-car-racing/build/offroad/build/lib/offroad/__init__.py -> /home/dvij/multi-car-racing/install/offroad/lib/python3.10/site-packages/offroad
[1.334s] byte-compiling /home/dvij/multi-car-racing/install/offroad/lib/python3.10/site-packages/offroad/__init__.py to __init__.cpython-310.pyc
[1.334s] running install_egg_info
[1.336s] Copying ../build/offroad/offroad.egg-info to /home/dvij/multi-car-racing/install/offroad/lib/python3.10/site-packages/offroad-0.0-py3.10.egg-info
[1.337s] running install_scripts
[1.355s] writing list of installed files to '/home/dvij/multi-car-racing/build/offroad/install.log'
[1.383s] Invoked command in '/home/dvij/multi-car-racing/car_collect' returned '0': PYTHONPATH=/home/dvij/multi-car-racing/build/offroad/prefix_override:/usr/lib/python3/dist-packages/colcon_core/task/python/colcon_distutils_commands:/home/dvij/multi-car-racing/install/offroad/lib/python3.10/site-packages:${PYTHONPATH} /usr/bin/python3 -W ignore:setup.py install is deprecated -W ignore:easy_install command is deprecated setup.py egg_info --egg-base ../build/offroad build --build-base /home/dvij/multi-car-racing/build/offroad/build install --record /home/dvij/multi-car-racing/build/offroad/install.log --single-version-externally-managed
