[0.023s] Invoking command in '/home/dvij/multi-car-racing/build/npc_controller': AMENT_PREFIX_PATH=/home/dvij/multi-car-racing/install/vectornav_msgs:/home/dvij/multi-car-racing/install/raptor_dbw_msgs:/home/dvij/multi-car-racing/install/npc_controller_msgs:/home/dvij/multi-car-racing/install/novatel_oem7_msgs:/home/dvij/multi-car-racing/install/autonoma_msgs:${AMENT_PREFIX_PATH} CMAKE_PREFIX_PATH=/home/dvij/multi-car-racing/install/vectornav_msgs:/home/dvij/multi-car-racing/install/raptor_dbw_msgs:/home/dvij/multi-car-racing/install/npc_controller_msgs:/home/dvij/multi-car-racing/install/novatel_oem7_msgs:/home/dvij/multi-car-racing/install/autonoma_msgs:/opt/ros/humble LD_LIBRARY_PATH=/home/dvij/multi-car-racing/install/vectornav_msgs/lib:/home/dvij/multi-car-racing/install/raptor_dbw_msgs/lib:/home/dvij/multi-car-racing/install/npc_controller_msgs/lib:/home/dvij/multi-car-racing/install/novatel_oem7_msgs/lib:/home/dvij/multi-car-racing/install/autonoma_msgs/lib:${LD_LIBRARY_PATH} PYTHONPATH=/home/dvij/multi-car-racing/install/vectornav_msgs/local/lib/python3.10/dist-packages:/home/dvij/multi-car-racing/install/raptor_dbw_msgs/local/lib/python3.10/dist-packages:/home/dvij/multi-car-racing/install/npc_controller_msgs/local/lib/python3.10/dist-packages:/home/dvij/multi-car-racing/install/novatel_oem7_msgs/local/lib/python3.10/dist-packages:/home/dvij/multi-car-racing/install/autonoma_msgs/local/lib/python3.10/dist-packages:${PYTHONPATH} /usr/bin/cmake /home/dvij/multi-car-racing/SimulationPackage_v2.1/uva-stack/sample_controller/ros_ws/src/npc_controller -DCMAKE_INSTALL_PREFIX=/home/dvij/multi-car-racing/install/npc_controller
[0.083s] -- The C compiler identification is GNU 11.4.0
[0.142s] -- The CXX compiler identification is GNU 11.4.0
[0.149s] -- Detecting C compiler ABI info
[0.230s] -- Detecting C compiler ABI info - done
[0.238s] -- Check for working C compiler: /usr/bin/cc - skipped
[0.238s] -- Detecting C compile features
[0.239s] -- Detecting C compile features - done
[0.242s] -- Detecting CXX compiler ABI info
[0.331s] -- Detecting CXX compiler ABI info - done
[0.339s] -- Check for working CXX compiler: /usr/bin/c++ - skipped
[0.339s] -- Detecting CXX compile features
[0.340s] -- Detecting CXX compile features - done
[0.342s] -- Found ament_cmake: 1.3.12 (/opt/ros/humble/share/ament_cmake/cmake)
[0.488s] -- Found Python3: /usr/bin/python3 (found version "3.10.12") found components: Interpreter 
[0.585s] -- Found ament_cmake_auto: 1.3.12 (/opt/ros/humble/share/ament_cmake_auto/cmake)
[0.589s] -- Found rclcpp: 16.0.14 (/opt/ros/humble/share/rclcpp/cmake)
[0.629s] -- Found rosidl_generator_c: 3.1.7 (/opt/ros/humble/share/rosidl_generator_c/cmake)
[0.633s] -- Found rosidl_adapter: 3.1.7 (/opt/ros/humble/share/rosidl_adapter/cmake)
[0.642s] -- Found rosidl_generator_cpp: 3.1.7 (/opt/ros/humble/share/rosidl_generator_cpp/cmake)
[0.654s] -- Using all available rosidl_typesupport_c: rosidl_typesupport_fastrtps_c;rosidl_typesupport_introspection_c
[0.671s] -- Using all available rosidl_typesupport_cpp: rosidl_typesupport_fastrtps_cpp;rosidl_typesupport_introspection_cpp
[0.716s] -- Found rmw_implementation_cmake: 6.1.2 (/opt/ros/humble/share/rmw_implementation_cmake/cmake)
[0.719s] -- Found rmw_fastrtps_cpp: 6.2.8 (/opt/ros/humble/share/rmw_fastrtps_cpp/cmake)
[0.806s] -- Found OpenSSL: /usr/lib/x86_64-linux-gnu/libcrypto.so (found version "3.0.2")  
[0.826s] -- Found FastRTPS: /opt/ros/humble/include  
[0.863s] -- Using RMW implementation 'rmw_fastrtps_cpp' as default
[0.875s] -- Looking for pthread.h
[0.953s] -- Looking for pthread.h - found
[0.954s] -- Performing Test CMAKE_HAVE_LIBC_PTHREAD
[1.030s] -- Performing Test CMAKE_HAVE_LIBC_PTHREAD - Success
[1.031s] -- Found Threads: TRUE  
[1.076s] -- Found rclcpp_components: 16.0.14 (/opt/ros/humble/share/rclcpp_components/cmake)
[1.098s] -- Found vectornav_msgs: 3.0.0 (/home/dvij/multi-car-racing/install/vectornav_msgs/share/vectornav_msgs/cmake)
[1.146s] -- Found novatel_oem7_msgs: 10.4.0 (/home/dvij/multi-car-racing/install/novatel_oem7_msgs/share/novatel_oem7_msgs/cmake)
[1.159s] -- Found raptor_dbw_msgs: 1.0.0 (/home/dvij/multi-car-racing/install/raptor_dbw_msgs/share/raptor_dbw_msgs/cmake)
[1.172s] -- Found npc_controller_msgs: 1.0.0 (/home/dvij/multi-car-racing/install/npc_controller_msgs/share/npc_controller_msgs/cmake)
[1.186s] -- Found sensor_msgs: 4.9.0 (/opt/ros/humble/share/sensor_msgs/cmake)
[1.201s] -- Found nav_msgs: 4.9.0 (/opt/ros/humble/share/nav_msgs/cmake)
[1.217s] -- Found autonoma_msgs: 0.1.0 (/home/dvij/multi-car-racing/install/autonoma_msgs/share/autonoma_msgs/cmake)
[1.230s] -- Configuring incomplete, errors occurred!
[1.230s] See also "/home/dvij/multi-car-racing/build/npc_controller/CMakeFiles/CMakeOutput.log".
[1.230s] [31mCMake Error at /usr/share/cmake-3.22/Modules/FindPackageHandleStandardArgs.cmake:230 (message):
[1.230s]   Could NOT find GEOGRAPHICLIB (missing: GeographicLib_LIBRARY_DIRS
[1.230s]   GeographicLib_LIBRARIES GeographicLib_INCLUDE_DIRS)
[1.230s] Call Stack (most recent call first):
[1.230s]   /usr/share/cmake-3.22/Modules/FindPackageHandleStandardArgs.cmake:594 (_FPHSA_FAILURE_MESSAGE)
[1.230s]   cmake/FindGEOGRAPHICLIB.cmake:50 (find_package_handle_standard_args)
[1.230s]   CMakeLists.txt:25 (find_package)
[1.230s] 
[1.230s] [0m
[1.237s] Invoked command in '/home/dvij/multi-car-racing/build/npc_controller' returned '1': AMENT_PREFIX_PATH=/home/dvij/multi-car-racing/install/vectornav_msgs:/home/dvij/multi-car-racing/install/raptor_dbw_msgs:/home/dvij/multi-car-racing/install/npc_controller_msgs:/home/dvij/multi-car-racing/install/novatel_oem7_msgs:/home/dvij/multi-car-racing/install/autonoma_msgs:${AMENT_PREFIX_PATH} CMAKE_PREFIX_PATH=/home/dvij/multi-car-racing/install/vectornav_msgs:/home/dvij/multi-car-racing/install/raptor_dbw_msgs:/home/dvij/multi-car-racing/install/npc_controller_msgs:/home/dvij/multi-car-racing/install/novatel_oem7_msgs:/home/dvij/multi-car-racing/install/autonoma_msgs:/opt/ros/humble LD_LIBRARY_PATH=/home/dvij/multi-car-racing/install/vectornav_msgs/lib:/home/dvij/multi-car-racing/install/raptor_dbw_msgs/lib:/home/dvij/multi-car-racing/install/npc_controller_msgs/lib:/home/dvij/multi-car-racing/install/novatel_oem7_msgs/lib:/home/dvij/multi-car-racing/install/autonoma_msgs/lib:${LD_LIBRARY_PATH} PYTHONPATH=/home/dvij/multi-car-racing/install/vectornav_msgs/local/lib/python3.10/dist-packages:/home/dvij/multi-car-racing/install/raptor_dbw_msgs/local/lib/python3.10/dist-packages:/home/dvij/multi-car-racing/install/npc_controller_msgs/local/lib/python3.10/dist-packages:/home/dvij/multi-car-racing/install/novatel_oem7_msgs/local/lib/python3.10/dist-packages:/home/dvij/multi-car-racing/install/autonoma_msgs/local/lib/python3.10/dist-packages:${PYTHONPATH} /usr/bin/cmake /home/dvij/multi-car-racing/SimulationPackage_v2.1/uva-stack/sample_controller/ros_ws/src/npc_controller -DCMAKE_INSTALL_PREFIX=/home/dvij/multi-car-racing/install/npc_controller
