/usr/bin/cmake: /home/yug/agv-alpharacer/alpha-RACER/ros2_ws/install/libcurl_vendor/opt/libcurl_vendor/lib/libcurl.so.4: no version information available (required by /usr/bin/cmake)
[33mCMake Warning (dev) at /usr/share/cmake-3.22/Modules/FindPackageHandleStandardArgs.cmake:438 (message):
  The package name passed to `find_package_handle_standard_args` (PkgConfig)
  does not match the name of the calling package (libcurl_vendor).  This can
  lead to problems in calling code that expects `find_package` result
  variables (e.g., `_FOUND`) to follow a certain pattern.
Call Stack (most recent call first):
  /usr/share/cmake-3.22/Modules/FindPkgConfig.cmake:99 (find_package_handle_standard_args)
  /home/yug/agv-alpharacer/alpha-RACER/ros2_ws/install/libcurl_vendor/share/libcurl_vendor/cmake/libcurl_vendor-extras.cmake:21 (include)
  /home/yug/agv-alpharacer/alpha-RACER/ros2_ws/install/libcurl_vendor/share/libcurl_vendor/cmake/libcurl_vendorConfig.cmake:41 (include)
  /home/yug/agv-alpharacer/alpha-RACER/ros2_ws/install/resource_retriever/share/resource_retriever/cmake/ament_cmake_export_dependencies-extras.cmake:21 (find_package)
  /home/yug/agv-alpharacer/alpha-RACER/ros2_ws/install/resource_retriever/share/resource_retriever/cmake/resource_retrieverConfig.cmake:41 (include)
  CMakeLists.txt:185 (find_package)
This warning is for project developers.  Use -Wno-dev to suppress it.
[0m
/usr/bin/cmake: /home/yug/agv-alpharacer/alpha-RACER/ros2_ws/install/libcurl_vendor/opt/libcurl_vendor/lib/libcurl.so.4: no version information available (required by /usr/bin/cmake)
/usr/bin/cmake: /home/yug/agv-alpharacer/alpha-RACER/ros2_ws/install/libcurl_vendor/opt/libcurl_vendor/lib/libcurl.so.4: no version information available (required by /usr/bin/cmake)
/usr/bin/cmake: /home/yug/agv-alpharacer/alpha-RACER/ros2_ws/install/libcurl_vendor/opt/libcurl_vendor/lib/libcurl.so.4: no version information available (required by /usr/bin/cmake)
/usr/bin/cmake: /home/yug/agv-alpharacer/alpha-RACER/ros2_ws/install/libcurl_vendor/opt/libcurl_vendor/lib/libcurl.so.4: no version information available (required by /usr/bin/cmake)
/usr/bin/cmake: /home/yug/agv-alpharacer/alpha-RACER/ros2_ws/install/libcurl_vendor/opt/libcurl_vendor/lib/libcurl.so.4: no version information available (required by /usr/bin/cmake)
/usr/bin/cmake: /home/yug/agv-alpharacer/alpha-RACER/ros2_ws/install/libcurl_vendor/opt/libcurl_vendor/lib/libcurl.so.4: no version information available (required by /usr/bin/cmake)
/usr/bin/cmake: /home/yug/agv-alpharacer/alpha-RACER/ros2_ws/install/libcurl_vendor/opt/libcurl_vendor/lib/libcurl.so.4: no version information available (required by /usr/bin/cmake)
/usr/bin/cmake: /home/yug/agv-alpharacer/alpha-RACER/ros2_ws/install/libcurl_vendor/opt/libcurl_vendor/lib/libcurl.so.4: no version information available (required by /usr/bin/cmake)
/usr/bin/cmake: /home/yug/agv-alpharacer/alpha-RACER/ros2_ws/install/libcurl_vendor/opt/libcurl_vendor/lib/libcurl.so.4: no version information available (required by /usr/bin/cmake)
/usr/bin/cmake: /home/yug/agv-alpharacer/alpha-RACER/ros2_ws/install/libcurl_vendor/opt/libcurl_vendor/lib/libcurl.so.4: no version information available (required by /usr/bin/cmake)
/usr/bin/cmake: /home/yug/agv-alpharacer/alpha-RACER/ros2_ws/install/libcurl_vendor/opt/libcurl_vendor/lib/libcurl.so.4: no version information available (required by /usr/bin/cmake)
/usr/bin/cmake: /home/yug/agv-alpharacer/alpha-RACER/ros2_ws/install/libcurl_vendor/opt/libcurl_vendor/lib/libcurl.so.4: no version information available (required by /usr/bin/cmake)
/usr/bin/cmake: /home/yug/agv-alpharacer/alpha-RACER/ros2_ws/install/libcurl_vendor/opt/libcurl_vendor/lib/libcurl.so.4: no version information available (required by /usr/bin/cmake)
/usr/bin/cmake: /home/yug/agv-alpharacer/alpha-RACER/ros2_ws/install/libcurl_vendor/opt/libcurl_vendor/lib/libcurl.so.4: no version information available (required by /usr/bin/cmake)
/usr/bin/cmake: /home/yug/agv-alpharacer/alpha-RACER/ros2_ws/install/libcurl_vendor/opt/libcurl_vendor/lib/libcurl.so.4: no version information available (required by /usr/bin/cmake)
/usr/bin/cmake: /home/yug/agv-alpharacer/alpha-RACER/ros2_ws/install/libcurl_vendor/opt/libcurl_vendor/lib/libcurl.so.4: no version information available (required by /usr/bin/cmake)
/usr/bin/cmake: /home/yug/agv-alpharacer/alpha-RACER/ros2_ws/install/libcurl_vendor/opt/libcurl_vendor/lib/libcurl.so.4: no version information available (required by /usr/bin/cmake)
/usr/bin/cmake: /home/yug/agv-alpharacer/alpha-RACER/ros2_ws/install/libcurl_vendor/opt/libcurl_vendor/lib/libcurl.so.4: no version information available (required by /usr/bin/cmake)
/usr/bin/cmake: /home/yug/agv-alpharacer/alpha-RACER/ros2_ws/install/libcurl_vendor/opt/libcurl_vendor/lib/libcurl.so.4: no version information available (required by /usr/bin/cmake)
/usr/bin/cmake: /home/yug/agv-alpharacer/alpha-RACER/ros2_ws/install/libcurl_vendor/opt/libcurl_vendor/lib/libcurl.so.4: no version information available (required by /usr/bin/cmake)
/usr/bin/cmake: /home/yug/agv-alpharacer/alpha-RACER/ros2_ws/install/libcurl_vendor/opt/libcurl_vendor/lib/libcurl.so.4: no version information available (required by /usr/bin/cmake)
/usr/bin/cmake: /home/yug/agv-alpharacer/alpha-RACER/ros2_ws/install/libcurl_vendor/opt/libcurl_vendor/lib/libcurl.so.4: no version information available (required by /usr/bin/cmake)
/usr/bin/cmake: /home/yug/agv-alpharacer/alpha-RACER/ros2_ws/install/libcurl_vendor/opt/libcurl_vendor/lib/libcurl.so.4: no version information available (required by /usr/bin/cmake)
/usr/bin/cmake: /home/yug/agv-alpharacer/alpha-RACER/ros2_ws/install/libcurl_vendor/opt/libcurl_vendor/lib/libcurl.so.4: no version information available (required by /usr/bin/cmake)
/usr/bin/cmake: /home/yug/agv-alpharacer/alpha-RACER/ros2_ws/install/libcurl_vendor/opt/libcurl_vendor/lib/libcurl.so.4: no version information available (required by /usr/bin/cmake)
/usr/bin/cmake: /home/yug/agv-alpharacer/alpha-RACER/ros2_ws/install/libcurl_vendor/opt/libcurl_vendor/lib/libcurl.so.4: no version information available (required by /usr/bin/cmake)
/usr/bin/cmake: /home/yug/agv-alpharacer/alpha-RACER/ros2_ws/install/libcurl_vendor/opt/libcurl_vendor/lib/libcurl.so.4: no version information available (required by /usr/bin/cmake)
/usr/bin/cmake: /home/yug/agv-alpharacer/alpha-RACER/ros2_ws/install/libcurl_vendor/opt/libcurl_vendor/lib/libcurl.so.4: no version information available (required by /usr/bin/cmake)
/usr/bin/cmake: /home/yug/agv-alpharacer/alpha-RACER/ros2_ws/install/libcurl_vendor/opt/libcurl_vendor/lib/libcurl.so.4: no version information available (required by /usr/bin/cmake)
/usr/bin/cmake: /home/yug/agv-alpharacer/alpha-RACER/ros2_ws/install/libcurl_vendor/opt/libcurl_vendor/lib/libcurl.so.4: no version information available (required by /usr/bin/cmake)
/usr/bin/cmake: /home/yug/agv-alpharacer/alpha-RACER/ros2_ws/install/libcurl_vendor/opt/libcurl_vendor/lib/libcurl.so.4: no version information available (required by /usr/bin/cmake)
/usr/bin/cmake: /home/yug/agv-alpharacer/alpha-RACER/ros2_ws/install/libcurl_vendor/opt/libcurl_vendor/lib/libcurl.so.4: no version information available (required by /usr/bin/cmake)
/usr/bin/cmake: /home/yug/agv-alpharacer/alpha-RACER/ros2_ws/install/libcurl_vendor/opt/libcurl_vendor/lib/libcurl.so.4: no version information available (required by /usr/bin/cmake)
/usr/bin/cmake: /home/yug/agv-alpharacer/alpha-RACER/ros2_ws/install/libcurl_vendor/opt/libcurl_vendor/lib/libcurl.so.4: no version information available (required by /usr/bin/cmake)
/usr/bin/cmake: /home/yug/agv-alpharacer/alpha-RACER/ros2_ws/install/libcurl_vendor/opt/libcurl_vendor/lib/libcurl.so.4: no version information available (required by /usr/bin/cmake)
/usr/bin/cmake: /home/yug/agv-alpharacer/alpha-RACER/ros2_ws/install/libcurl_vendor/opt/libcurl_vendor/lib/libcurl.so.4: no version information available (required by /usr/bin/cmake)
/usr/bin/cmake: /home/yug/agv-alpharacer/alpha-RACER/ros2_ws/install/libcurl_vendor/opt/libcurl_vendor/lib/libcurl.so.4: no version information available (required by /usr/bin/cmake)
/usr/bin/cmake: /home/yug/agv-alpharacer/alpha-RACER/ros2_ws/install/libcurl_vendor/opt/libcurl_vendor/lib/libcurl.so.4: no version information available (required by /usr/bin/cmake)
/usr/bin/cmake: /home/yug/agv-alpharacer/alpha-RACER/ros2_ws/install/libcurl_vendor/opt/libcurl_vendor/lib/libcurl.so.4: no version information available (required by /usr/bin/cmake)
/usr/bin/cmake: /home/yug/agv-alpharacer/alpha-RACER/ros2_ws/install/libcurl_vendor/opt/libcurl_vendor/lib/libcurl.so.4: no version information available (required by /usr/bin/cmake)
/usr/bin/cmake: /home/yug/agv-alpharacer/alpha-RACER/ros2_ws/install/libcurl_vendor/opt/libcurl_vendor/lib/libcurl.so.4: no version information available (required by /usr/bin/cmake)
/usr/bin/cmake: /home/yug/agv-alpharacer/alpha-RACER/ros2_ws/install/libcurl_vendor/opt/libcurl_vendor/lib/libcurl.so.4: no version information available (required by /usr/bin/cmake)
/usr/bin/cmake: /home/yug/agv-alpharacer/alpha-RACER/ros2_ws/install/libcurl_vendor/opt/libcurl_vendor/lib/libcurl.so.4: no version information available (required by /usr/bin/cmake)
/usr/bin/cmake: /home/yug/agv-alpharacer/alpha-RACER/ros2_ws/install/libcurl_vendor/opt/libcurl_vendor/lib/libcurl.so.4: no version information available (required by /usr/bin/cmake)
/usr/bin/cmake: /home/yug/agv-alpharacer/alpha-RACER/ros2_ws/install/libcurl_vendor/opt/libcurl_vendor/lib/libcurl.so.4: no version information available (required by /usr/bin/cmake)
/usr/bin/cmake: /home/yug/agv-alpharacer/alpha-RACER/ros2_ws/install/libcurl_vendor/opt/libcurl_vendor/lib/libcurl.so.4: no version information available (required by /usr/bin/cmake)
/usr/bin/cmake: /home/yug/agv-alpharacer/alpha-RACER/ros2_ws/install/libcurl_vendor/opt/libcurl_vendor/lib/libcurl.so.4: no version information available (required by /usr/bin/cmake)
/usr/bin/cmake: /home/yug/agv-alpharacer/alpha-RACER/ros2_ws/install/libcurl_vendor/opt/libcurl_vendor/lib/libcurl.so.4: no version information available (required by /usr/bin/cmake)
/usr/bin/cmake: /home/yug/agv-alpharacer/alpha-RACER/ros2_ws/install/libcurl_vendor/opt/libcurl_vendor/lib/libcurl.so.4: no version information available (required by /usr/bin/cmake)
/usr/bin/cmake: /home/yug/agv-alpharacer/alpha-RACER/ros2_ws/install/libcurl_vendor/opt/libcurl_vendor/lib/libcurl.so.4: no version information available (required by /usr/bin/cmake)
/usr/bin/cmake: /home/yug/agv-alpharacer/alpha-RACER/ros2_ws/install/libcurl_vendor/opt/libcurl_vendor/lib/libcurl.so.4: no version information available (required by /usr/bin/cmake)
/usr/bin/cmake: /home/yug/agv-alpharacer/alpha-RACER/ros2_ws/install/libcurl_vendor/opt/libcurl_vendor/lib/libcurl.so.4: no version information available (required by /usr/bin/cmake)
/usr/bin/cmake: /home/yug/agv-alpharacer/alpha-RACER/ros2_ws/install/libcurl_vendor/opt/libcurl_vendor/lib/libcurl.so.4: no version information available (required by /usr/bin/cmake)
/usr/bin/cmake: /home/yug/agv-alpharacer/alpha-RACER/ros2_ws/install/libcurl_vendor/opt/libcurl_vendor/lib/libcurl.so.4: no version information available (required by /usr/bin/cmake)
/usr/bin/cmake: /home/yug/agv-alpharacer/alpha-RACER/ros2_ws/install/libcurl_vendor/opt/libcurl_vendor/lib/libcurl.so.4: no version information available (required by /usr/bin/cmake)
/usr/bin/cmake: /home/yug/agv-alpharacer/alpha-RACER/ros2_ws/install/libcurl_vendor/opt/libcurl_vendor/lib/libcurl.so.4: no version information available (required by /usr/bin/cmake)
/usr/bin/cmake: /home/yug/agv-alpharacer/alpha-RACER/ros2_ws/install/libcurl_vendor/opt/libcurl_vendor/lib/libcurl.so.4: no version information available (required by /usr/bin/cmake)
/usr/bin/cmake: /home/yug/agv-alpharacer/alpha-RACER/ros2_ws/install/libcurl_vendor/opt/libcurl_vendor/lib/libcurl.so.4: no version information available (required by /usr/bin/cmake)
/usr/bin/cmake: /home/yug/agv-alpharacer/alpha-RACER/ros2_ws/install/libcurl_vendor/opt/libcurl_vendor/lib/libcurl.so.4: no version information available (required by /usr/bin/cmake)
/usr/bin/cmake: /home/yug/agv-alpharacer/alpha-RACER/ros2_ws/install/libcurl_vendor/opt/libcurl_vendor/lib/libcurl.so.4: no version information available (required by /usr/bin/cmake)
/usr/bin/cmake: /home/yug/agv-alpharacer/alpha-RACER/ros2_ws/install/libcurl_vendor/opt/libcurl_vendor/lib/libcurl.so.4: no version information available (required by /usr/bin/cmake)
/usr/bin/cmake: /home/yug/agv-alpharacer/alpha-RACER/ros2_ws/install/libcurl_vendor/opt/libcurl_vendor/lib/libcurl.so.4: no version information available (required by /usr/bin/cmake)
/usr/bin/cmake: /home/yug/agv-alpharacer/alpha-RACER/ros2_ws/install/libcurl_vendor/opt/libcurl_vendor/lib/libcurl.so.4: no version information available (required by /usr/bin/cmake)
/usr/bin/cmake: /home/yug/agv-alpharacer/alpha-RACER/ros2_ws/install/libcurl_vendor/opt/libcurl_vendor/lib/libcurl.so.4: no version information available (required by /usr/bin/cmake)
/usr/bin/cmake: /home/yug/agv-alpharacer/alpha-RACER/ros2_ws/install/libcurl_vendor/opt/libcurl_vendor/lib/libcurl.so.4: no version information available (required by /usr/bin/cmake)
/usr/bin/cmake: /home/yug/agv-alpharacer/alpha-RACER/ros2_ws/install/libcurl_vendor/opt/libcurl_vendor/lib/libcurl.so.4: no version information available (required by /usr/bin/cmake)
/usr/bin/cmake: /home/yug/agv-alpharacer/alpha-RACER/ros2_ws/install/libcurl_vendor/opt/libcurl_vendor/lib/libcurl.so.4: no version information available (required by /usr/bin/cmake)
/usr/bin/cmake: /home/yug/agv-alpharacer/alpha-RACER/ros2_ws/install/libcurl_vendor/opt/libcurl_vendor/lib/libcurl.so.4: no version information available (required by /usr/bin/cmake)
/usr/bin/cmake: /home/yug/agv-alpharacer/alpha-RACER/ros2_ws/install/libcurl_vendor/opt/libcurl_vendor/lib/libcurl.so.4: no version information available (required by /usr/bin/cmake)
/usr/bin/cmake: /home/yug/agv-alpharacer/alpha-RACER/ros2_ws/install/libcurl_vendor/opt/libcurl_vendor/lib/libcurl.so.4: no version information available (required by /usr/bin/cmake)
/usr/bin/cmake: /home/yug/agv-alpharacer/alpha-RACER/ros2_ws/install/libcurl_vendor/opt/libcurl_vendor/lib/libcurl.so.4: no version information available (required by /usr/bin/cmake)
/usr/bin/cmake: /home/yug/agv-alpharacer/alpha-RACER/ros2_ws/install/libcurl_vendor/opt/libcurl_vendor/lib/libcurl.so.4: no version information available (required by /usr/bin/cmake)
/usr/bin/cmake: /home/yug/agv-alpharacer/alpha-RACER/ros2_ws/install/libcurl_vendor/opt/libcurl_vendor/lib/libcurl.so.4: no version information available (required by /usr/bin/cmake)
/usr/bin/cmake: /home/yug/agv-alpharacer/alpha-RACER/ros2_ws/install/libcurl_vendor/opt/libcurl_vendor/lib/libcurl.so.4: no version information available (required by /usr/bin/cmake)
/usr/bin/cmake: /home/yug/agv-alpharacer/alpha-RACER/ros2_ws/install/libcurl_vendor/opt/libcurl_vendor/lib/libcurl.so.4: no version information available (required by /usr/bin/cmake)
/usr/bin/cmake: /home/yug/agv-alpharacer/alpha-RACER/ros2_ws/install/libcurl_vendor/opt/libcurl_vendor/lib/libcurl.so.4: no version information available (required by /usr/bin/cmake)
/usr/bin/cmake: /home/yug/agv-alpharacer/alpha-RACER/ros2_ws/install/libcurl_vendor/opt/libcurl_vendor/lib/libcurl.so.4: no version information available (required by /usr/bin/cmake)
/usr/bin/cmake: /home/yug/agv-alpharacer/alpha-RACER/ros2_ws/install/libcurl_vendor/opt/libcurl_vendor/lib/libcurl.so.4: no version information available (required by /usr/bin/cmake)
/usr/bin/cmake: /home/yug/agv-alpharacer/alpha-RACER/ros2_ws/install/libcurl_vendor/opt/libcurl_vendor/lib/libcurl.so.4: no version information available (required by /usr/bin/cmake)
/usr/bin/cmake: /home/yug/agv-alpharacer/alpha-RACER/ros2_ws/install/libcurl_vendor/opt/libcurl_vendor/lib/libcurl.so.4: no version information available (required by /usr/bin/cmake)
/usr/bin/cmake: /home/yug/agv-alpharacer/alpha-RACER/ros2_ws/install/libcurl_vendor/opt/libcurl_vendor/lib/libcurl.so.4: no version information available (required by /usr/bin/cmake)
/usr/bin/cmake: /home/yug/agv-alpharacer/alpha-RACER/ros2_ws/install/libcurl_vendor/opt/libcurl_vendor/lib/libcurl.so.4: no version information available (required by /usr/bin/cmake)
/usr/bin/cmake: /home/yug/agv-alpharacer/alpha-RACER/ros2_ws/install/libcurl_vendor/opt/libcurl_vendor/lib/libcurl.so.4: no version information available (required by /usr/bin/cmake)
/usr/bin/cmake: /home/yug/agv-alpharacer/alpha-RACER/ros2_ws/install/libcurl_vendor/opt/libcurl_vendor/lib/libcurl.so.4: no version information available (required by /usr/bin/cmake)
/usr/bin/cmake: /home/yug/agv-alpharacer/alpha-RACER/ros2_ws/install/libcurl_vendor/opt/libcurl_vendor/lib/libcurl.so.4: no version information available (required by /usr/bin/cmake)
/usr/bin/cmake: /home/yug/agv-alpharacer/alpha-RACER/ros2_ws/install/libcurl_vendor/opt/libcurl_vendor/lib/libcurl.so.4: no version information available (required by /usr/bin/cmake)
/usr/bin/cmake: /home/yug/agv-alpharacer/alpha-RACER/ros2_ws/install/libcurl_vendor/opt/libcurl_vendor/lib/libcurl.so.4: no version information available (required by /usr/bin/cmake)
/usr/bin/cmake: /home/yug/agv-alpharacer/alpha-RACER/ros2_ws/install/libcurl_vendor/opt/libcurl_vendor/lib/libcurl.so.4: no version information available (required by /usr/bin/cmake)
/usr/bin/cmake: /home/yug/agv-alpharacer/alpha-RACER/ros2_ws/install/libcurl_vendor/opt/libcurl_vendor/lib/libcurl.so.4: no version information available (required by /usr/bin/cmake)
/usr/bin/cmake: /home/yug/agv-alpharacer/alpha-RACER/ros2_ws/install/libcurl_vendor/opt/libcurl_vendor/lib/libcurl.so.4: no version information available (required by /usr/bin/cmake)
/usr/bin/cmake: /home/yug/agv-alpharacer/alpha-RACER/ros2_ws/install/libcurl_vendor/opt/libcurl_vendor/lib/libcurl.so.4: no version information available (required by /usr/bin/cmake)
/usr/bin/cmake: /home/yug/agv-alpharacer/alpha-RACER/ros2_ws/install/libcurl_vendor/opt/libcurl_vendor/lib/libcurl.so.4: no version information available (required by /usr/bin/cmake)
