/usr/bin/cmake: /home/yug/agv-alpharacer/alpha-RACER/ros2_ws/install/libcurl_vendor/opt/libcurl_vendor/lib/libcurl.so.4: no version information available (required by /usr/bin/cmake)
-- The CXX compiler identification is GNU 11.4.0
-- Detecting CXX compiler ABI info
-- Detecting CXX compiler ABI info - done
-- Check for working CXX compiler: /usr/bin/c++ - skipped
-- Detecting CXX compile features
-- Detecting CXX compile features - done
-- Found OpenSSL: /usr/lib/x86_64-linux-gnu/libcrypto.so (found version "3.0.2")  
-- Looking for C++ include pthread.h
-- Looking for C++ include pthread.h - found
-- Performing Test CMAKE_HAVE_LIBC_PTHREAD
-- Performing Test CMAKE_HAVE_LIBC_PTHREAD - Success
-- Found Threads: TRUE  
-- Found ZLIB: /usr/lib/x86_64-linux-gnu/libz.so (found version "1.2.11") 
-- Using standalone ASIO
-- ROS_VERSION: 2
-- ROS_DISTRO: humble
-- ROS_ROOT: 
-- Building with ament_cmake
-- Found ament_cmake: 1.3.12 (/home/yug/agv-alpharacer/alpha-RACER/ros2_ws/install/ament_cmake/share/ament_cmake/cmake)
-- Found Python3: /usr/bin/python3 (found version "3.10.12") found components: Interpreter 
-- Override CMake install command with custom implementation using symlinks instead of copying resources
-- Found rosgraph_msgs: 1.2.1 (/opt/ros/humble/share/rosgraph_msgs/cmake)
-- Found rosidl_generator_c: 3.1.6 (/opt/ros/humble/share/rosidl_generator_c/cmake)
-- Found rosidl_adapter: 3.1.6 (/opt/ros/humble/share/rosidl_adapter/cmake)
-- Found rosidl_generator_cpp: 3.1.6 (/opt/ros/humble/share/rosidl_generator_cpp/cmake)
-- Using all available rosidl_typesupport_c: rosidl_typesupport_fastrtps_c;rosidl_typesupport_introspection_c
-- Using all available rosidl_typesupport_cpp: rosidl_typesupport_fastrtps_cpp;rosidl_typesupport_introspection_cpp
-- Found rclcpp: 16.0.12 (/opt/ros/humble/share/rclcpp/cmake)
-- Found rmw_implementation_cmake: 6.1.2 (/opt/ros/humble/share/rmw_implementation_cmake/cmake)
-- Found rmw_fastrtps_cpp: 6.2.7 (/opt/ros/humble/share/rmw_fastrtps_cpp/cmake)
-- Found FastRTPS: /opt/ros/humble/include  
-- Using RMW implementation 'rmw_fastrtps_cpp' as default
-- Found rclcpp_components: 16.0.12 (/opt/ros/humble/share/rclcpp_components/cmake)
-- Found resource_retriever: 3.1.3 (/home/yug/agv-alpharacer/alpha-RACER/ros2_ws/install/resource_retriever/share/resource_retriever/cmake)
[33mCMake Warning (dev) at /usr/share/cmake-3.22/Modules/FindPackageHandleStandardArgs.cmake:438 (message):
  The package name passed to `find_package_handle_standard_args` (PkgConfig)
  does not match the name of the calling package (libcurl_vendor).  This can
  lead to problems in calling code that expects `find_package` result
  variables (e.g., `_FOUND`) to follow a certain pattern.
Call Stack (most recent call first):
  /usr/share/cmake-3.22/Modules/FindPkgConfig.cmake:99 (find_package_handle_standard_args)
  /home/yug/agv-alpharacer/alpha-RACER/ros2_ws/install/libcurl_vendor/share/libcurl_vendor/cmake/libcurl_vendor-extras.cmake:21 (include)
  /home/yug/agv-alpharacer/alpha-RACER/ros2_ws/install/libcurl_vendor/share/libcurl_vendor/cmake/libcurl_vendorConfig.cmake:41 (include)
  /home/yug/agv-alpharacer/alpha-RACER/ros2_ws/install/resource_retriever/share/resource_retriever/cmake/ament_cmake_export_dependencies-extras.cmake:21 (find_package)
  /home/yug/agv-alpharacer/alpha-RACER/ros2_ws/install/resource_retriever/share/resource_retriever/cmake/resource_retrieverConfig.cmake:41 (include)
  CMakeLists.txt:185 (find_package)
This warning is for project developers.  Use -Wno-dev to suppress it.
[0m
-- Found PkgConfig: /usr/bin/pkg-config (found version "0.29.2") 
-- Checking for one of the modules 'libcurl'
-- library: curl
-- Found rosx_introspection: 1.0.2 (/home/yug/agv-alpharacer/alpha-RACER/ros2_ws/install/rosx_introspection/share/rosx_introspection/cmake)
-- Building tests with ament_cmake
-- Found ament_cmake_gtest: 1.3.12 (/home/yug/agv-alpharacer/alpha-RACER/ros2_ws/install/ament_cmake_gtest/share/ament_cmake_gtest/cmake)
-- Found ament_lint_auto: 0.12.12 (/opt/ros/humble/share/ament_lint_auto/cmake)
-- Found gtest sources under '/opt/ros/humble/src/gtest_vendor': C++ tests using 'Google Test' will be built
-- The C compiler identification is GNU 11.4.0
-- Detecting C compiler ABI info
-- Detecting C compiler ABI info - done
-- Check for working C compiler: /usr/bin/cc - skipped
-- Detecting C compile features
-- Detecting C compile features - done
-- Configuring done
-- Generating done
-- Build files have been written to: /home/yug/agv-alpharacer/alpha-RACER/ros2_ws/build/foxglove_bridge
/usr/bin/cmake: /home/yug/agv-alpharacer/alpha-RACER/ros2_ws/install/libcurl_vendor/opt/libcurl_vendor/lib/libcurl.so.4: no version information available (required by /usr/bin/cmake)
/usr/bin/cmake: /home/yug/agv-alpharacer/alpha-RACER/ros2_ws/install/libcurl_vendor/opt/libcurl_vendor/lib/libcurl.so.4: no version information available (required by /usr/bin/cmake)
/usr/bin/cmake: /home/yug/agv-alpharacer/alpha-RACER/ros2_ws/install/libcurl_vendor/opt/libcurl_vendor/lib/libcurl.so.4: no version information available (required by /usr/bin/cmake)
/usr/bin/cmake: /home/yug/agv-alpharacer/alpha-RACER/ros2_ws/install/libcurl_vendor/opt/libcurl_vendor/lib/libcurl.so.4: no version information available (required by /usr/bin/cmake)
/usr/bin/cmake: /home/yug/agv-alpharacer/alpha-RACER/ros2_ws/install/libcurl_vendor/opt/libcurl_vendor/lib/libcurl.so.4: no version information available (required by /usr/bin/cmake)
/usr/bin/cmake: /home/yug/agv-alpharacer/alpha-RACER/ros2_ws/install/libcurl_vendor/opt/libcurl_vendor/lib/libcurl.so.4: no version information available (required by /usr/bin/cmake)
/usr/bin/cmake: /home/yug/agv-alpharacer/alpha-RACER/ros2_ws/install/libcurl_vendor/opt/libcurl_vendor/lib/libcurl.so.4: no version information available (required by /usr/bin/cmake)
/usr/bin/cmake: /home/yug/agv-alpharacer/alpha-RACER/ros2_ws/install/libcurl_vendor/opt/libcurl_vendor/lib/libcurl.so.4: no version information available (required by /usr/bin/cmake)
/usr/bin/cmake: /home/yug/agv-alpharacer/alpha-RACER/ros2_ws/install/libcurl_vendor/opt/libcurl_vendor/lib/libcurl.so.4: no version information available (required by /usr/bin/cmake)
/usr/bin/cmake: /home/yug/agv-alpharacer/alpha-RACER/ros2_ws/install/libcurl_vendor/opt/libcurl_vendor/lib/libcurl.so.4: no version information available (required by /usr/bin/cmake)
/usr/bin/cmake: /home/yug/agv-alpharacer/alpha-RACER/ros2_ws/install/libcurl_vendor/opt/libcurl_vendor/lib/libcurl.so.4: no version information available (required by /usr/bin/cmake)
/usr/bin/cmake: /home/yug/agv-alpharacer/alpha-RACER/ros2_ws/install/libcurl_vendor/opt/libcurl_vendor/lib/libcurl.so.4: no version information available (required by /usr/bin/cmake)
/usr/bin/cmake: /home/yug/agv-alpharacer/alpha-RACER/ros2_ws/install/libcurl_vendor/opt/libcurl_vendor/lib/libcurl.so.4: no version information available (required by /usr/bin/cmake)
/usr/bin/cmake: /home/yug/agv-alpharacer/alpha-RACER/ros2_ws/install/libcurl_vendor/opt/libcurl_vendor/lib/libcurl.so.4: no version information available (required by /usr/bin/cmake)
/usr/bin/cmake: /home/yug/agv-alpharacer/alpha-RACER/ros2_ws/install/libcurl_vendor/opt/libcurl_vendor/lib/libcurl.so.4: no version information available (required by /usr/bin/cmake)
[ 13%] [32mBuilding CXX object CMakeFiles/foxglove_bridge_base.dir/foxglove_bridge_base/src/parameter.cpp.o[0m
[ 13%] [32mBuilding CXX object CMakeFiles/foxglove_bridge_base.dir/foxglove_bridge_base/src/foxglove_bridge.cpp.o[0m
[ 13%] [32mBuilding CXX object gtest/CMakeFiles/gtest_main.dir/src/gtest_main.cc.o[0m
[ 13%] [32mBuilding CXX object gtest/CMakeFiles/gtest.dir/src/gtest-all.cc.o[0m
[ 16%] [32mBuilding CXX object CMakeFiles/foxglove_bridge_base.dir/foxglove_bridge_base/src/serialization.cpp.o[0m
[ 20%] [32mBuilding CXX object CMakeFiles/foxglove_bridge_base.dir/foxglove_bridge_base/src/base64.cpp.o[0m
[ 23%] [32mBuilding CXX object CMakeFiles/foxglove_bridge_base.dir/foxglove_bridge_base/src/version.cpp.o[0m
[ 26%] [32mBuilding CXX object CMakeFiles/foxglove_bridge_base.dir/foxglove_bridge_base/src/server_factory.cpp.o[0m
[ 30%] [32mBuilding CXX object CMakeFiles/foxglove_bridge_base.dir/foxglove_bridge_base/src/test/test_client.cpp.o[0m
/usr/bin/cmake: /home/yug/agv-alpharacer/alpha-RACER/ros2_ws/install/libcurl_vendor/opt/libcurl_vendor/lib/libcurl.so.4: no version information available (required by /usr/bin/cmake)
[ 33%] [32m[1mLinking CXX static library libgtest_main.a[0m
/usr/bin/cmake: /home/yug/agv-alpharacer/alpha-RACER/ros2_ws/install/libcurl_vendor/opt/libcurl_vendor/lib/libcurl.so.4: no version information available (required by /usr/bin/cmake)
/usr/bin/cmake: /home/yug/agv-alpharacer/alpha-RACER/ros2_ws/install/libcurl_vendor/opt/libcurl_vendor/lib/libcurl.so.4: no version information available (required by /usr/bin/cmake)
/usr/bin/cmake: /home/yug/agv-alpharacer/alpha-RACER/ros2_ws/install/libcurl_vendor/opt/libcurl_vendor/lib/libcurl.so.4: no version information available (required by /usr/bin/cmake)
[ 33%] Built target gtest_main
/usr/bin/cmake: /home/yug/agv-alpharacer/alpha-RACER/ros2_ws/install/libcurl_vendor/opt/libcurl_vendor/lib/libcurl.so.4: no version information available (required by /usr/bin/cmake)
[ 36%] [32m[1mLinking CXX static library libgtest.a[0m
/usr/bin/cmake: /home/yug/agv-alpharacer/alpha-RACER/ros2_ws/install/libcurl_vendor/opt/libcurl_vendor/lib/libcurl.so.4: no version information available (required by /usr/bin/cmake)
/usr/bin/cmake: /home/yug/agv-alpharacer/alpha-RACER/ros2_ws/install/libcurl_vendor/opt/libcurl_vendor/lib/libcurl.so.4: no version information available (required by /usr/bin/cmake)
/usr/bin/cmake: /home/yug/agv-alpharacer/alpha-RACER/ros2_ws/install/libcurl_vendor/opt/libcurl_vendor/lib/libcurl.so.4: no version information available (required by /usr/bin/cmake)
[ 36%] Built target gtest
/usr/bin/cmake: /home/yug/agv-alpharacer/alpha-RACER/ros2_ws/install/libcurl_vendor/opt/libcurl_vendor/lib/libcurl.so.4: no version information available (required by /usr/bin/cmake)
[ 40%] [32m[1mLinking CXX shared library libfoxglove_bridge_base.so[0m
/usr/bin/cmake: /home/yug/agv-alpharacer/alpha-RACER/ros2_ws/install/libcurl_vendor/opt/libcurl_vendor/lib/libcurl.so.4: no version information available (required by /usr/bin/cmake)
/usr/bin/cmake: /home/yug/agv-alpharacer/alpha-RACER/ros2_ws/install/libcurl_vendor/opt/libcurl_vendor/lib/libcurl.so.4: no version information available (required by /usr/bin/cmake)
[ 40%] Built target foxglove_bridge_base
/usr/bin/cmake: /home/yug/agv-alpharacer/alpha-RACER/ros2_ws/install/libcurl_vendor/opt/libcurl_vendor/lib/libcurl.so.4: no version information available (required by /usr/bin/cmake)
/usr/bin/cmake: /home/yug/agv-alpharacer/alpha-RACER/ros2_ws/install/libcurl_vendor/opt/libcurl_vendor/lib/libcurl.so.4: no version information available (required by /usr/bin/cmake)
/usr/bin/cmake: /home/yug/agv-alpharacer/alpha-RACER/ros2_ws/install/libcurl_vendor/opt/libcurl_vendor/lib/libcurl.so.4: no version information available (required by /usr/bin/cmake)
/usr/bin/cmake: /home/yug/agv-alpharacer/alpha-RACER/ros2_ws/install/libcurl_vendor/opt/libcurl_vendor/lib/libcurl.so.4: no version information available (required by /usr/bin/cmake)
/usr/bin/cmake: /home/yug/agv-alpharacer/alpha-RACER/ros2_ws/install/libcurl_vendor/opt/libcurl_vendor/lib/libcurl.so.4: no version information available (required by /usr/bin/cmake)
/usr/bin/cmake: /home/yug/agv-alpharacer/alpha-RACER/ros2_ws/install/libcurl_vendor/opt/libcurl_vendor/lib/libcurl.so.4: no version information available (required by /usr/bin/cmake)
/usr/bin/cmake: /home/yug/agv-alpharacer/alpha-RACER/ros2_ws/install/libcurl_vendor/opt/libcurl_vendor/lib/libcurl.so.4: no version information available (required by /usr/bin/cmake)
/usr/bin/cmake: /home/yug/agv-alpharacer/alpha-RACER/ros2_ws/install/libcurl_vendor/opt/libcurl_vendor/lib/libcurl.so.4: no version information available (required by /usr/bin/cmake)
/usr/bin/cmake: /home/yug/agv-alpharacer/alpha-RACER/ros2_ws/install/libcurl_vendor/opt/libcurl_vendor/lib/libcurl.so.4: no version information available (required by /usr/bin/cmake)
/usr/bin/cmake: /home/yug/agv-alpharacer/alpha-RACER/ros2_ws/install/libcurl_vendor/opt/libcurl_vendor/lib/libcurl.so.4: no version information available (required by /usr/bin/cmake)
/usr/bin/cmake: /home/yug/agv-alpharacer/alpha-RACER/ros2_ws/install/libcurl_vendor/opt/libcurl_vendor/lib/libcurl.so.4: no version information available (required by /usr/bin/cmake)
/usr/bin/cmake: /home/yug/agv-alpharacer/alpha-RACER/ros2_ws/install/libcurl_vendor/opt/libcurl_vendor/lib/libcurl.so.4: no version information available (required by /usr/bin/cmake)
[ 50%] [32mBuilding CXX object CMakeFiles/version_test.dir/foxglove_bridge_base/tests/version_test.cpp.o[0m
[ 50%] [32mBuilding CXX object CMakeFiles/base64_test.dir/foxglove_bridge_base/tests/base64_test.cpp.o[0m
[ 50%] [32mBuilding CXX object CMakeFiles/foxglove_bridge_component.dir/ros2_foxglove_bridge/src/param_utils.cpp.o[0m
[ 53%] [32mBuilding CXX object CMakeFiles/foxglove_bridge_component.dir/ros2_foxglove_bridge/src/ros2_foxglove_bridge.cpp.o[0m
[ 56%] [32mBuilding CXX object CMakeFiles/foxglove_bridge_component.dir/ros2_foxglove_bridge/src/message_definition_cache.cpp.o[0m
[ 60%] [32mBuilding CXX object CMakeFiles/foxglove_bridge_component.dir/ros2_foxglove_bridge/src/parameter_interface.cpp.o[0m
[ 66%] [32mBuilding CXX object CMakeFiles/serialization_test.dir/foxglove_bridge_base/tests/serialization_test.cpp.o[0m
[ 66%] [32mBuilding CXX object CMakeFiles/foxglove_bridge_component.dir/ros2_foxglove_bridge/src/generic_client.cpp.o[0m
/usr/bin/cmake: /home/yug/agv-alpharacer/alpha-RACER/ros2_ws/install/libcurl_vendor/opt/libcurl_vendor/lib/libcurl.so.4: no version information available (required by /usr/bin/cmake)
[ 70%] [32m[1mLinking CXX executable version_test[0m
/usr/bin/cmake: /home/yug/agv-alpharacer/alpha-RACER/ros2_ws/install/libcurl_vendor/opt/libcurl_vendor/lib/libcurl.so.4: no version information available (required by /usr/bin/cmake)
/usr/bin/cmake: /home/yug/agv-alpharacer/alpha-RACER/ros2_ws/install/libcurl_vendor/opt/libcurl_vendor/lib/libcurl.so.4: no version information available (required by /usr/bin/cmake)
[ 73%] [32m[1mLinking CXX executable base64_test[0m
/usr/bin/cmake: /home/yug/agv-alpharacer/alpha-RACER/ros2_ws/install/libcurl_vendor/opt/libcurl_vendor/lib/libcurl.so.4: no version information available (required by /usr/bin/cmake)
/usr/bin/cmake: /home/yug/agv-alpharacer/alpha-RACER/ros2_ws/install/libcurl_vendor/opt/libcurl_vendor/lib/libcurl.so.4: no version information available (required by /usr/bin/cmake)
[ 73%] Built target version_test
/usr/bin/cmake: /home/yug/agv-alpharacer/alpha-RACER/ros2_ws/install/libcurl_vendor/opt/libcurl_vendor/lib/libcurl.so.4: no version information available (required by /usr/bin/cmake)
[ 73%] Built target base64_test
/usr/bin/cmake: /home/yug/agv-alpharacer/alpha-RACER/ros2_ws/install/libcurl_vendor/opt/libcurl_vendor/lib/libcurl.so.4: no version information available (required by /usr/bin/cmake)
[ 76%] [32m[1mLinking CXX executable serialization_test[0m
/usr/bin/cmake: /home/yug/agv-alpharacer/alpha-RACER/ros2_ws/install/libcurl_vendor/opt/libcurl_vendor/lib/libcurl.so.4: no version information available (required by /usr/bin/cmake)
/usr/bin/cmake: /home/yug/agv-alpharacer/alpha-RACER/ros2_ws/install/libcurl_vendor/opt/libcurl_vendor/lib/libcurl.so.4: no version information available (required by /usr/bin/cmake)
[ 76%] Built target serialization_test
/usr/bin/cmake: /home/yug/agv-alpharacer/alpha-RACER/ros2_ws/install/libcurl_vendor/opt/libcurl_vendor/lib/libcurl.so.4: no version information available (required by /usr/bin/cmake)
[ 80%] [32m[1mLinking CXX shared library libfoxglove_bridge_component.so[0m
/usr/bin/cmake: /home/yug/agv-alpharacer/alpha-RACER/ros2_ws/install/libcurl_vendor/opt/libcurl_vendor/lib/libcurl.so.4: no version information available (required by /usr/bin/cmake)
/usr/bin/cmake: /home/yug/agv-alpharacer/alpha-RACER/ros2_ws/install/libcurl_vendor/opt/libcurl_vendor/lib/libcurl.so.4: no version information available (required by /usr/bin/cmake)
[ 80%] Built target foxglove_bridge_component
/usr/bin/cmake: /home/yug/agv-alpharacer/alpha-RACER/ros2_ws/install/libcurl_vendor/opt/libcurl_vendor/lib/libcurl.so.4: no version information available (required by /usr/bin/cmake)
/usr/bin/cmake: /home/yug/agv-alpharacer/alpha-RACER/ros2_ws/install/libcurl_vendor/opt/libcurl_vendor/lib/libcurl.so.4: no version information available (required by /usr/bin/cmake)
/usr/bin/cmake: /home/yug/agv-alpharacer/alpha-RACER/ros2_ws/install/libcurl_vendor/opt/libcurl_vendor/lib/libcurl.so.4: no version information available (required by /usr/bin/cmake)
/usr/bin/cmake: /home/yug/agv-alpharacer/alpha-RACER/ros2_ws/install/libcurl_vendor/opt/libcurl_vendor/lib/libcurl.so.4: no version information available (required by /usr/bin/cmake)
/usr/bin/cmake: /home/yug/agv-alpharacer/alpha-RACER/ros2_ws/install/libcurl_vendor/opt/libcurl_vendor/lib/libcurl.so.4: no version information available (required by /usr/bin/cmake)
/usr/bin/cmake: /home/yug/agv-alpharacer/alpha-RACER/ros2_ws/install/libcurl_vendor/opt/libcurl_vendor/lib/libcurl.so.4: no version information available (required by /usr/bin/cmake)
[ 86%] [32mBuilding CXX object CMakeFiles/utils_test.dir/ros2_foxglove_bridge/tests/utils_test.cpp.o[0m
[ 86%] [32mBuilding CXX object CMakeFiles/foxglove_bridge.dir/ros2_foxglove_bridge/src/ros2_foxglove_bridge_node.cpp.o[0m
[ 90%] [32mBuilding CXX object CMakeFiles/smoke_test.dir/ros2_foxglove_bridge/tests/smoke_test.cpp.o[0m
/usr/bin/cmake: /home/yug/agv-alpharacer/alpha-RACER/ros2_ws/install/libcurl_vendor/opt/libcurl_vendor/lib/libcurl.so.4: no version information available (required by /usr/bin/cmake)
[ 93%] [32m[1mLinking CXX executable utils_test[0m
/usr/bin/cmake: /home/yug/agv-alpharacer/alpha-RACER/ros2_ws/install/libcurl_vendor/opt/libcurl_vendor/lib/libcurl.so.4: no version information available (required by /usr/bin/cmake)
/usr/bin/cmake: /home/yug/agv-alpharacer/alpha-RACER/ros2_ws/install/libcurl_vendor/opt/libcurl_vendor/lib/libcurl.so.4: no version information available (required by /usr/bin/cmake)
[ 93%] Built target utils_test
/usr/bin/cmake: /home/yug/agv-alpharacer/alpha-RACER/ros2_ws/install/libcurl_vendor/opt/libcurl_vendor/lib/libcurl.so.4: no version information available (required by /usr/bin/cmake)
[ 96%] [32m[1mLinking CXX executable foxglove_bridge[0m
/usr/bin/cmake: /home/yug/agv-alpharacer/alpha-RACER/ros2_ws/install/libcurl_vendor/opt/libcurl_vendor/lib/libcurl.so.4: no version information available (required by /usr/bin/cmake)
/usr/bin/cmake: /home/yug/agv-alpharacer/alpha-RACER/ros2_ws/install/libcurl_vendor/opt/libcurl_vendor/lib/libcurl.so.4: no version information available (required by /usr/bin/cmake)
[ 96%] Built target foxglove_bridge
/usr/bin/cmake: /home/yug/agv-alpharacer/alpha-RACER/ros2_ws/install/libcurl_vendor/opt/libcurl_vendor/lib/libcurl.so.4: no version information available (required by /usr/bin/cmake)
[100%] [32m[1mLinking CXX executable smoke_test[0m
/usr/bin/cmake: /home/yug/agv-alpharacer/alpha-RACER/ros2_ws/install/libcurl_vendor/opt/libcurl_vendor/lib/libcurl.so.4: no version information available (required by /usr/bin/cmake)
/usr/bin/cmake: /home/yug/agv-alpharacer/alpha-RACER/ros2_ws/install/libcurl_vendor/opt/libcurl_vendor/lib/libcurl.so.4: no version information available (required by /usr/bin/cmake)
[100%] Built target smoke_test
/usr/bin/cmake: /home/yug/agv-alpharacer/alpha-RACER/ros2_ws/install/libcurl_vendor/opt/libcurl_vendor/lib/libcurl.so.4: no version information available (required by /usr/bin/cmake)
/usr/bin/cmake: /home/yug/agv-alpharacer/alpha-RACER/ros2_ws/install/libcurl_vendor/opt/libcurl_vendor/lib/libcurl.so.4: no version information available (required by /usr/bin/cmake)
-- Install configuration: "RelWithDebInfo"
-- Execute custom install script
-- Symlinking: /home/yug/agv-alpharacer/alpha-RACER/ros2_ws/install/foxglove_bridge/include/foxglove_bridge//ros2_foxglove_bridge.hpp
/usr/bin/cmake: /home/yug/agv-alpharacer/alpha-RACER/ros2_ws/install/libcurl_vendor/opt/libcurl_vendor/lib/libcurl.so.4: no version information available (required by /usr/bin/cmake)
-- Symlinking: /home/yug/agv-alpharacer/alpha-RACER/ros2_ws/install/foxglove_bridge/lib/foxglove_bridge/foxglove_bridge
/usr/bin/cmake: /home/yug/agv-alpharacer/alpha-RACER/ros2_ws/install/libcurl_vendor/opt/libcurl_vendor/lib/libcurl.so.4: no version information available (required by /usr/bin/cmake)
-- Symlinking: /home/yug/agv-alpharacer/alpha-RACER/ros2_ws/install/foxglove_bridge/lib/libfoxglove_bridge_base.so
/usr/bin/cmake: /home/yug/agv-alpharacer/alpha-RACER/ros2_ws/install/libcurl_vendor/opt/libcurl_vendor/lib/libcurl.so.4: no version information available (required by /usr/bin/cmake)
-- Symlinking: /home/yug/agv-alpharacer/alpha-RACER/ros2_ws/install/foxglove_bridge/lib/libfoxglove_bridge_component.so
/usr/bin/cmake: /home/yug/agv-alpharacer/alpha-RACER/ros2_ws/install/libcurl_vendor/opt/libcurl_vendor/lib/libcurl.so.4: no version information available (required by /usr/bin/cmake)
-- Symlinking: /home/yug/agv-alpharacer/alpha-RACER/ros2_ws/install/foxglove_bridge/share/foxglove_bridge//launch/foxglove_bridge_launch.xml
/usr/bin/cmake: /home/yug/agv-alpharacer/alpha-RACER/ros2_ws/install/libcurl_vendor/opt/libcurl_vendor/lib/libcurl.so.4: no version information available (required by /usr/bin/cmake)
-- Symlinking: /home/yug/agv-alpharacer/alpha-RACER/ros2_ws/install/foxglove_bridge/include/foxglove_bridge//utils.hpp
/usr/bin/cmake: /home/yug/agv-alpharacer/alpha-RACER/ros2_ws/install/libcurl_vendor/opt/libcurl_vendor/lib/libcurl.so.4: no version information available (required by /usr/bin/cmake)
-- Symlinking: /home/yug/agv-alpharacer/alpha-RACER/ros2_ws/install/foxglove_bridge/share/foxglove_bridge/environment/library_path.sh
/usr/bin/cmake: /home/yug/agv-alpharacer/alpha-RACER/ros2_ws/install/libcurl_vendor/opt/libcurl_vendor/lib/libcurl.so.4: no version information available (required by /usr/bin/cmake)
-- Symlinking: /home/yug/agv-alpharacer/alpha-RACER/ros2_ws/install/foxglove_bridge/share/foxglove_bridge/environment/library_path.dsv
/usr/bin/cmake: /home/yug/agv-alpharacer/alpha-RACER/ros2_ws/install/libcurl_vendor/opt/libcurl_vendor/lib/libcurl.so.4: no version information available (required by /usr/bin/cmake)
-- Symlinking: /home/yug/agv-alpharacer/alpha-RACER/ros2_ws/install/foxglove_bridge/share/ament_index/resource_index/package_run_dependencies/foxglove_bridge
/usr/bin/cmake: /home/yug/agv-alpharacer/alpha-RACER/ros2_ws/install/libcurl_vendor/opt/libcurl_vendor/lib/libcurl.so.4: no version information available (required by /usr/bin/cmake)
-- Symlinking: /home/yug/agv-alpharacer/alpha-RACER/ros2_ws/install/foxglove_bridge/share/ament_index/resource_index/parent_prefix_path/foxglove_bridge
/usr/bin/cmake: /home/yug/agv-alpharacer/alpha-RACER/ros2_ws/install/libcurl_vendor/opt/libcurl_vendor/lib/libcurl.so.4: no version information available (required by /usr/bin/cmake)
-- Symlinking: /home/yug/agv-alpharacer/alpha-RACER/ros2_ws/install/foxglove_bridge/share/foxglove_bridge/environment/ament_prefix_path.sh
/usr/bin/cmake: /home/yug/agv-alpharacer/alpha-RACER/ros2_ws/install/libcurl_vendor/opt/libcurl_vendor/lib/libcurl.so.4: no version information available (required by /usr/bin/cmake)
-- Symlinking: /home/yug/agv-alpharacer/alpha-RACER/ros2_ws/install/foxglove_bridge/share/foxglove_bridge/environment/ament_prefix_path.dsv
/usr/bin/cmake: /home/yug/agv-alpharacer/alpha-RACER/ros2_ws/install/libcurl_vendor/opt/libcurl_vendor/lib/libcurl.so.4: no version information available (required by /usr/bin/cmake)
-- Symlinking: /home/yug/agv-alpharacer/alpha-RACER/ros2_ws/install/foxglove_bridge/share/foxglove_bridge/environment/path.sh
/usr/bin/cmake: /home/yug/agv-alpharacer/alpha-RACER/ros2_ws/install/libcurl_vendor/opt/libcurl_vendor/lib/libcurl.so.4: no version information available (required by /usr/bin/cmake)
-- Symlinking: /home/yug/agv-alpharacer/alpha-RACER/ros2_ws/install/foxglove_bridge/share/foxglove_bridge/environment/path.dsv
/usr/bin/cmake: /home/yug/agv-alpharacer/alpha-RACER/ros2_ws/install/libcurl_vendor/opt/libcurl_vendor/lib/libcurl.so.4: no version information available (required by /usr/bin/cmake)
-- Symlinking: /home/yug/agv-alpharacer/alpha-RACER/ros2_ws/install/foxglove_bridge/share/foxglove_bridge/local_setup.bash
/usr/bin/cmake: /home/yug/agv-alpharacer/alpha-RACER/ros2_ws/install/libcurl_vendor/opt/libcurl_vendor/lib/libcurl.so.4: no version information available (required by /usr/bin/cmake)
-- Symlinking: /home/yug/agv-alpharacer/alpha-RACER/ros2_ws/install/foxglove_bridge/share/foxglove_bridge/local_setup.sh
/usr/bin/cmake: /home/yug/agv-alpharacer/alpha-RACER/ros2_ws/install/libcurl_vendor/opt/libcurl_vendor/lib/libcurl.so.4: no version information available (required by /usr/bin/cmake)
-- Symlinking: /home/yug/agv-alpharacer/alpha-RACER/ros2_ws/install/foxglove_bridge/share/foxglove_bridge/local_setup.zsh
/usr/bin/cmake: /home/yug/agv-alpharacer/alpha-RACER/ros2_ws/install/libcurl_vendor/opt/libcurl_vendor/lib/libcurl.so.4: no version information available (required by /usr/bin/cmake)
-- Symlinking: /home/yug/agv-alpharacer/alpha-RACER/ros2_ws/install/foxglove_bridge/share/foxglove_bridge/local_setup.dsv
/usr/bin/cmake: /home/yug/agv-alpharacer/alpha-RACER/ros2_ws/install/libcurl_vendor/opt/libcurl_vendor/lib/libcurl.so.4: no version information available (required by /usr/bin/cmake)
-- Symlinking: /home/yug/agv-alpharacer/alpha-RACER/ros2_ws/install/foxglove_bridge/share/foxglove_bridge/package.dsv
/usr/bin/cmake: /home/yug/agv-alpharacer/alpha-RACER/ros2_ws/install/libcurl_vendor/opt/libcurl_vendor/lib/libcurl.so.4: no version information available (required by /usr/bin/cmake)
-- Symlinking: /home/yug/agv-alpharacer/alpha-RACER/ros2_ws/install/foxglove_bridge/share/ament_index/resource_index/packages/foxglove_bridge
/usr/bin/cmake: /home/yug/agv-alpharacer/alpha-RACER/ros2_ws/install/libcurl_vendor/opt/libcurl_vendor/lib/libcurl.so.4: no version information available (required by /usr/bin/cmake)
-- Symlinking: /home/yug/agv-alpharacer/alpha-RACER/ros2_ws/install/foxglove_bridge/share/ament_index/resource_index/rclcpp_components/foxglove_bridge
/usr/bin/cmake: /home/yug/agv-alpharacer/alpha-RACER/ros2_ws/install/libcurl_vendor/opt/libcurl_vendor/lib/libcurl.so.4: no version information available (required by /usr/bin/cmake)
-- Symlinking: /home/yug/agv-alpharacer/alpha-RACER/ros2_ws/install/foxglove_bridge/share/foxglove_bridge/cmake/ament_cmake_export_libraries-extras.cmake
/usr/bin/cmake: /home/yug/agv-alpharacer/alpha-RACER/ros2_ws/install/libcurl_vendor/opt/libcurl_vendor/lib/libcurl.so.4: no version information available (required by /usr/bin/cmake)
-- Symlinking: /home/yug/agv-alpharacer/alpha-RACER/ros2_ws/install/foxglove_bridge/share/foxglove_bridge/cmake/foxglove_bridgeConfig.cmake
/usr/bin/cmake: /home/yug/agv-alpharacer/alpha-RACER/ros2_ws/install/libcurl_vendor/opt/libcurl_vendor/lib/libcurl.so.4: no version information available (required by /usr/bin/cmake)
-- Symlinking: /home/yug/agv-alpharacer/alpha-RACER/ros2_ws/install/foxglove_bridge/share/foxglove_bridge/cmake/foxglove_bridgeConfig-version.cmake
/usr/bin/cmake: /home/yug/agv-alpharacer/alpha-RACER/ros2_ws/install/libcurl_vendor/opt/libcurl_vendor/lib/libcurl.so.4: no version information available (required by /usr/bin/cmake)
-- Symlinking: /home/yug/agv-alpharacer/alpha-RACER/ros2_ws/install/foxglove_bridge/share/foxglove_bridge/package.xml
/usr/bin/cmake: /home/yug/agv-alpharacer/alpha-RACER/ros2_ws/install/libcurl_vendor/opt/libcurl_vendor/lib/libcurl.so.4: no version information available (required by /usr/bin/cmake)
