[0.042s] Invoking command in '/home/yug/agv-alpharacer/alpha-RACER/ros2_ws/build/foxglove_bridge': AMENT_PREFIX_PATH=/home/yug/agv-alpharacer/alpha-RACER/ros2_ws/install/resource_retriever:/home/yug/agv-alpharacer/alpha-RACER/ros2_ws/install/libcurl_vendor:${AMENT_PREFIX_PATH} CMAKE_PREFIX_PATH=/home/yug/agv-alpharacer/alpha-RACER/ros2_ws/install/resource_retriever:/home/yug/agv-alpharacer/alpha-RACER/ros2_ws/install/rosx_introspection:/home/yug/agv-alpharacer/alpha-RACER/ros2_ws/install/libcurl_vendor:/home/yug/agv-alpharacer/alpha-RACER/ros2_ws/install/ament_cmake:/home/yug/agv-alpharacer/alpha-RACER/ros2_ws/install/ament_cmake_gen_version_h:/home/yug/agv-alpharacer/alpha-RACER/ros2_ws/install/ament_cmake_pytest:/home/yug/agv-alpharacer/alpha-RACER/ros2_ws/install/ament_cmake_gtest:/home/yug/agv-alpharacer/alpha-RACER/ros2_ws/install/ament_cmake_test:/home/yug/agv-alpharacer/alpha-RACER/ros2_ws/install/ament_cmake_target_dependencies:/home/yug/agv-alpharacer/alpha-RACER/ros2_ws/install/ament_cmake_export_targets:/home/yug/agv-alpharacer/alpha-RACER/ros2_ws/install/ament_cmake_export_interfaces:/home/yug/agv-alpharacer/alpha-RACER/ros2_ws/install/ament_cmake_export_dependencies:/home/yug/agv-alpharacer/alpha-RACER/ros2_ws/install/ament_cmake_version:/home/yug/agv-alpharacer/alpha-RACER/ros2_ws/install/ament_cmake_python:/home/yug/agv-alpharacer/alpha-RACER/ros2_ws/install/ament_cmake_libraries:/home/yug/agv-alpharacer/alpha-RACER/ros2_ws/install/ament_cmake_include_directories:/home/yug/agv-alpharacer/alpha-RACER/ros2_ws/install/ament_cmake_export_link_flags:/home/yug/agv-alpharacer/alpha-RACER/ros2_ws/install/ament_cmake_export_libraries:/home/yug/agv-alpharacer/alpha-RACER/ros2_ws/install/ament_cmake_export_include_directories:/home/yug/agv-alpharacer/alpha-RACER/ros2_ws/install/ament_cmake_export_definitions:/home/yug/agv-alpharacer/alpha-RACER/ros2_ws/install/ament_cmake_core:/home/yug/agv-alpharacer/alpha-RACER/ros2_ws/install/geometry2:/home/yug/agv-alpharacer/alpha-RACER/ros2_ws/install/tf2_sensor_msgs:/home/yug/agv-alpharacer/alpha-RACER/ros2_ws/install/test_tf2:/home/yug/agv-alpharacer/alpha-RACER/ros2_ws/install/tf2_kdl:/home/yug/agv-alpharacer/alpha-RACER/ros2_ws/install/tf2_geometry_msgs:/home/yug/agv-alpharacer/alpha-RACER/ros2_ws/install/tf2_ros:/home/yug/agv-alpharacer/alpha-RACER/ros2_ws/install/tf2_py:/home/yug/agv-alpharacer/alpha-RACER/ros2_ws/install/tf2_msgs:/home/yug/agv-alpharacer/alpha-RACER/ros2_ws/install/tf2_eigen_kdl:/home/yug/agv-alpharacer/alpha-RACER/ros2_ws/install/tf2:/home/yug/agv-alpharacer/alpha-RACER/ros2_ws/install/foxglove_bridge:/home/yug/agv-alpharacer/alpha-RACER/ros2_ws/install/network_bridge:/home/yug/agv-alpharacer/alpha-RACER/ros2_ws/install/my_robot_description:/home/yug/agv-alpharacer/alpha-RACER/ros2_ws/install/my_custom_msgs:/home/yug/agv-alpharacer/alpha-RACER/ros2_ws/install/ament_cmake_google_benchmark:/home/yug/agv-alpharacer/alpha-RACER/ros2_ws/install/google_benchmark_vendor:/home/yug/agv-alpharacer/alpha-RACER/ros2_ws/install/ament_cmake_auto:/home/yug/agv-alpharacer/alpha-RACER/ros2_ws/install/ament_cmake_vendor_package:/home/yug/agv-alpharacer/alpha-RACER/ros2_ws/install/ament_cmake_nose:/home/yug/agv-alpharacer/alpha-RACER/ros2_ws/install/ament_cmake_gmock:/home/yug/agv-alpharacer/alpha-RACER/ros2_ws/install/ackermann_msgs:/home/yug/agv-alpharacer/alpha-RACER/ros2_ws/install/tf_transformations:/home/yug/agv-alpharacer/alpha-RACER/ros2_ws/install/tf2_tools:/home/yug/agv-alpharacer/alpha-RACER/ros2_ws/install/examples_tf2_py:/home/yug/agv-alpharacer/alpha-RACER/ros2_ws/install/tf2_ros_py:/home/yug/agv-alpharacer/alpha-RACER/ros2_ws/install/tf2_eigen:/home/yug/agv-alpharacer/alpha-RACER/ros2_ws/install/tf2_bullet:/opt/ros/humble CONDA_PROMPT_MODIFIER=(alpharacer) LD_LIBRARY_PATH=/home/yug/agv-alpharacer/alpha-RACER/ros2_ws/install/resource_retriever/lib:/home/yug/agv-alpharacer/alpha-RACER/ros2_ws/install/libcurl_vendor/opt/libcurl_vendor/lib:${LD_LIBRARY_PATH} PYTHONPATH=/home/yug/agv-alpharacer/alpha-RACER/ros2_ws/install/resource_retriever/local/lib/python3.10/dist-packages:${PYTHONPATH} /usr/bin/cmake /home/yug/agv-alpharacer/alpha-RACER/ros2_ws/src/ros-foxglove-bridge -DAMENT_CMAKE_SYMLINK_INSTALL=1 -DCMAKE_INSTALL_PREFIX=/home/yug/agv-alpharacer/alpha-RACER/ros2_ws/install/foxglove_bridge
[0.043s] /usr/bin/cmake: /home/yug/agv-alpharacer/alpha-RACER/ros2_ws/install/libcurl_vendor/opt/libcurl_vendor/lib/libcurl.so.4: no version information available (required by /usr/bin/cmake)
[0.120s] -- The CXX compiler identification is GNU 11.4.0
[0.128s] -- Detecting CXX compiler ABI info
[0.210s] -- Detecting CXX compiler ABI info - done
[0.217s] -- Check for working CXX compiler: /usr/bin/c++ - skipped
[0.217s] -- Detecting CXX compile features
[0.217s] -- Detecting CXX compile features - done
[0.300s] -- Found OpenSSL: /usr/lib/x86_64-linux-gnu/libcrypto.so (found version "3.0.2")  
[0.301s] -- Looking for C++ include pthread.h
[0.380s] -- Looking for C++ include pthread.h - found
[0.380s] -- Performing Test CMAKE_HAVE_LIBC_PTHREAD
[0.464s] -- Performing Test CMAKE_HAVE_LIBC_PTHREAD - Success
[0.465s] -- Found Threads: TRUE  
[0.489s] -- Found ZLIB: /usr/lib/x86_64-linux-gnu/libz.so (found version "1.2.11") 
[0.489s] -- Using standalone ASIO
[0.498s] -- ROS_VERSION: 2
[0.498s] -- ROS_DISTRO: humble
[0.498s] -- ROS_ROOT: 
[0.499s] -- Building with ament_cmake
[0.499s] -- Found ament_cmake: 1.3.12 (/home/yug/agv-alpharacer/alpha-RACER/ros2_ws/install/ament_cmake/share/ament_cmake/cmake)
[0.650s] -- Found Python3: /usr/bin/python3 (found version "3.10.12") found components: Interpreter 
[0.712s] -- Override CMake install command with custom implementation using symlinks instead of copying resources
[0.745s] -- Found rosgraph_msgs: 1.2.1 (/opt/ros/humble/share/rosgraph_msgs/cmake)
[0.804s] -- Found rosidl_generator_c: 3.1.6 (/opt/ros/humble/share/rosidl_generator_c/cmake)
[0.816s] -- Found rosidl_adapter: 3.1.6 (/opt/ros/humble/share/rosidl_adapter/cmake)
[0.831s] -- Found rosidl_generator_cpp: 3.1.6 (/opt/ros/humble/share/rosidl_generator_cpp/cmake)
[0.850s] -- Using all available rosidl_typesupport_c: rosidl_typesupport_fastrtps_c;rosidl_typesupport_introspection_c
[0.876s] -- Using all available rosidl_typesupport_cpp: rosidl_typesupport_fastrtps_cpp;rosidl_typesupport_introspection_cpp
[0.909s] -- Found rclcpp: 16.0.12 (/opt/ros/humble/share/rclcpp/cmake)
[0.979s] -- Found rmw_implementation_cmake: 6.1.2 (/opt/ros/humble/share/rmw_implementation_cmake/cmake)
[0.986s] -- Found rmw_fastrtps_cpp: 6.2.7 (/opt/ros/humble/share/rmw_fastrtps_cpp/cmake)
[1.068s] -- Found FastRTPS: /opt/ros/humble/include  
[1.113s] -- Using RMW implementation 'rmw_fastrtps_cpp' as default
[1.177s] -- Found rclcpp_components: 16.0.12 (/opt/ros/humble/share/rclcpp_components/cmake)
[1.208s] -- Found resource_retriever: 3.1.3 (/home/yug/agv-alpharacer/alpha-RACER/ros2_ws/install/resource_retriever/share/resource_retriever/cmake)
[1.232s] [33mCMake Warning (dev) at /usr/share/cmake-3.22/Modules/FindPackageHandleStandardArgs.cmake:438 (message):
[1.232s]   The package name passed to `find_package_handle_standard_args` (PkgConfig)
[1.232s]   does not match the name of the calling package (libcurl_vendor).  This can
[1.232s]   lead to problems in calling code that expects `find_package` result
[1.232s]   variables (e.g., `_FOUND`) to follow a certain pattern.
[1.232s] Call Stack (most recent call first):
[1.232s]   /usr/share/cmake-3.22/Modules/FindPkgConfig.cmake:99 (find_package_handle_standard_args)
[1.232s]   /home/yug/agv-alpharacer/alpha-RACER/ros2_ws/install/libcurl_vendor/share/libcurl_vendor/cmake/libcurl_vendor-extras.cmake:21 (include)
[1.232s]   /home/yug/agv-alpharacer/alpha-RACER/ros2_ws/install/libcurl_vendor/share/libcurl_vendor/cmake/libcurl_vendorConfig.cmake:41 (include)
[1.232s]   /home/yug/agv-alpharacer/alpha-RACER/ros2_ws/install/resource_retriever/share/resource_retriever/cmake/ament_cmake_export_dependencies-extras.cmake:21 (find_package)
[1.232s]   /home/yug/agv-alpharacer/alpha-RACER/ros2_ws/install/resource_retriever/share/resource_retriever/cmake/resource_retrieverConfig.cmake:41 (include)
[1.232s]   CMakeLists.txt:185 (find_package)
[1.233s] This warning is for project developers.  Use -Wno-dev to suppress it.
[1.233s] [0m
[1.233s] -- Found PkgConfig: /usr/bin/pkg-config (found version "0.29.2") 
[1.233s] -- Checking for one of the modules 'libcurl'
[1.296s] -- library: curl
[1.297s] -- Found rosx_introspection: 1.0.2 (/home/yug/agv-alpharacer/alpha-RACER/ros2_ws/install/rosx_introspection/share/rosx_introspection/cmake)
[1.351s] -- Building tests with ament_cmake
[1.352s] -- Found ament_cmake_gtest: 1.3.12 (/home/yug/agv-alpharacer/alpha-RACER/ros2_ws/install/ament_cmake_gtest/share/ament_cmake_gtest/cmake)
[1.357s] -- Found ament_lint_auto: 0.12.12 (/opt/ros/humble/share/ament_lint_auto/cmake)
[1.464s] -- Found gtest sources under '/opt/ros/humble/src/gtest_vendor': C++ tests using 'Google Test' will be built
[1.504s] -- The C compiler identification is GNU 11.4.0
[1.510s] -- Detecting C compiler ABI info
[1.574s] -- Detecting C compiler ABI info - done
[1.580s] -- Check for working C compiler: /usr/bin/cc - skipped
[1.580s] -- Detecting C compile features
[1.581s] -- Detecting C compile features - done
[1.596s] -- Configuring done
[1.632s] -- Generating done
[1.642s] -- Build files have been written to: /home/yug/agv-alpharacer/alpha-RACER/ros2_ws/build/foxglove_bridge
[1.653s] Invoked command in '/home/yug/agv-alpharacer/alpha-RACER/ros2_ws/build/foxglove_bridge' returned '0': AMENT_PREFIX_PATH=/home/yug/agv-alpharacer/alpha-RACER/ros2_ws/install/resource_retriever:/home/yug/agv-alpharacer/alpha-RACER/ros2_ws/install/libcurl_vendor:${AMENT_PREFIX_PATH} CMAKE_PREFIX_PATH=/home/yug/agv-alpharacer/alpha-RACER/ros2_ws/install/resource_retriever:/home/yug/agv-alpharacer/alpha-RACER/ros2_ws/install/rosx_introspection:/home/yug/agv-alpharacer/alpha-RACER/ros2_ws/install/libcurl_vendor:/home/yug/agv-alpharacer/alpha-RACER/ros2_ws/install/ament_cmake:/home/yug/agv-alpharacer/alpha-RACER/ros2_ws/install/ament_cmake_gen_version_h:/home/yug/agv-alpharacer/alpha-RACER/ros2_ws/install/ament_cmake_pytest:/home/yug/agv-alpharacer/alpha-RACER/ros2_ws/install/ament_cmake_gtest:/home/yug/agv-alpharacer/alpha-RACER/ros2_ws/install/ament_cmake_test:/home/yug/agv-alpharacer/alpha-RACER/ros2_ws/install/ament_cmake_target_dependencies:/home/yug/agv-alpharacer/alpha-RACER/ros2_ws/install/ament_cmake_export_targets:/home/yug/agv-alpharacer/alpha-RACER/ros2_ws/install/ament_cmake_export_interfaces:/home/yug/agv-alpharacer/alpha-RACER/ros2_ws/install/ament_cmake_export_dependencies:/home/yug/agv-alpharacer/alpha-RACER/ros2_ws/install/ament_cmake_version:/home/yug/agv-alpharacer/alpha-RACER/ros2_ws/install/ament_cmake_python:/home/yug/agv-alpharacer/alpha-RACER/ros2_ws/install/ament_cmake_libraries:/home/yug/agv-alpharacer/alpha-RACER/ros2_ws/install/ament_cmake_include_directories:/home/yug/agv-alpharacer/alpha-RACER/ros2_ws/install/ament_cmake_export_link_flags:/home/yug/agv-alpharacer/alpha-RACER/ros2_ws/install/ament_cmake_export_libraries:/home/yug/agv-alpharacer/alpha-RACER/ros2_ws/install/ament_cmake_export_include_directories:/home/yug/agv-alpharacer/alpha-RACER/ros2_ws/install/ament_cmake_export_definitions:/home/yug/agv-alpharacer/alpha-RACER/ros2_ws/install/ament_cmake_core:/home/yug/agv-alpharacer/alpha-RACER/ros2_ws/install/geometry2:/home/yug/agv-alpharacer/alpha-RACER/ros2_ws/install/tf2_sensor_msgs:/home/yug/agv-alpharacer/alpha-RACER/ros2_ws/install/test_tf2:/home/yug/agv-alpharacer/alpha-RACER/ros2_ws/install/tf2_kdl:/home/yug/agv-alpharacer/alpha-RACER/ros2_ws/install/tf2_geometry_msgs:/home/yug/agv-alpharacer/alpha-RACER/ros2_ws/install/tf2_ros:/home/yug/agv-alpharacer/alpha-RACER/ros2_ws/install/tf2_py:/home/yug/agv-alpharacer/alpha-RACER/ros2_ws/install/tf2_msgs:/home/yug/agv-alpharacer/alpha-RACER/ros2_ws/install/tf2_eigen_kdl:/home/yug/agv-alpharacer/alpha-RACER/ros2_ws/install/tf2:/home/yug/agv-alpharacer/alpha-RACER/ros2_ws/install/foxglove_bridge:/home/yug/agv-alpharacer/alpha-RACER/ros2_ws/install/network_bridge:/home/yug/agv-alpharacer/alpha-RACER/ros2_ws/install/my_robot_description:/home/yug/agv-alpharacer/alpha-RACER/ros2_ws/install/my_custom_msgs:/home/yug/agv-alpharacer/alpha-RACER/ros2_ws/install/ament_cmake_google_benchmark:/home/yug/agv-alpharacer/alpha-RACER/ros2_ws/install/google_benchmark_vendor:/home/yug/agv-alpharacer/alpha-RACER/ros2_ws/install/ament_cmake_auto:/home/yug/agv-alpharacer/alpha-RACER/ros2_ws/install/ament_cmake_vendor_package:/home/yug/agv-alpharacer/alpha-RACER/ros2_ws/install/ament_cmake_nose:/home/yug/agv-alpharacer/alpha-RACER/ros2_ws/install/ament_cmake_gmock:/home/yug/agv-alpharacer/alpha-RACER/ros2_ws/install/ackermann_msgs:/home/yug/agv-alpharacer/alpha-RACER/ros2_ws/install/tf_transformations:/home/yug/agv-alpharacer/alpha-RACER/ros2_ws/install/tf2_tools:/home/yug/agv-alpharacer/alpha-RACER/ros2_ws/install/examples_tf2_py:/home/yug/agv-alpharacer/alpha-RACER/ros2_ws/install/tf2_ros_py:/home/yug/agv-alpharacer/alpha-RACER/ros2_ws/install/tf2_eigen:/home/yug/agv-alpharacer/alpha-RACER/ros2_ws/install/tf2_bullet:/opt/ros/humble CONDA_PROMPT_MODIFIER=(alpharacer) LD_LIBRARY_PATH=/home/yug/agv-alpharacer/alpha-RACER/ros2_ws/install/resource_retriever/lib:/home/yug/agv-alpharacer/alpha-RACER/ros2_ws/install/libcurl_vendor/opt/libcurl_vendor/lib:${LD_LIBRARY_PATH} PYTHONPATH=/home/yug/agv-alpharacer/alpha-RACER/ros2_ws/install/resource_retriever/local/lib/python3.10/dist-packages:${PYTHONPATH} /usr/bin/cmake /home/yug/agv-alpharacer/alpha-RACER/ros2_ws/src/ros-foxglove-bridge -DAMENT_CMAKE_SYMLINK_INSTALL=1 -DCMAKE_INSTALL_PREFIX=/home/yug/agv-alpharacer/alpha-RACER/ros2_ws/install/foxglove_bridge
[1.655s] Invoking command in '/home/yug/agv-alpharacer/alpha-RACER/ros2_ws/build/foxglove_bridge': AMENT_PREFIX_PATH=/home/yug/agv-alpharacer/alpha-RACER/ros2_ws/install/resource_retriever:/home/yug/agv-alpharacer/alpha-RACER/ros2_ws/install/libcurl_vendor:${AMENT_PREFIX_PATH} CMAKE_PREFIX_PATH=/home/yug/agv-alpharacer/alpha-RACER/ros2_ws/install/resource_retriever:/home/yug/agv-alpharacer/alpha-RACER/ros2_ws/install/rosx_introspection:/home/yug/agv-alpharacer/alpha-RACER/ros2_ws/install/libcurl_vendor:/home/yug/agv-alpharacer/alpha-RACER/ros2_ws/install/ament_cmake:/home/yug/agv-alpharacer/alpha-RACER/ros2_ws/install/ament_cmake_gen_version_h:/home/yug/agv-alpharacer/alpha-RACER/ros2_ws/install/ament_cmake_pytest:/home/yug/agv-alpharacer/alpha-RACER/ros2_ws/install/ament_cmake_gtest:/home/yug/agv-alpharacer/alpha-RACER/ros2_ws/install/ament_cmake_test:/home/yug/agv-alpharacer/alpha-RACER/ros2_ws/install/ament_cmake_target_dependencies:/home/yug/agv-alpharacer/alpha-RACER/ros2_ws/install/ament_cmake_export_targets:/home/yug/agv-alpharacer/alpha-RACER/ros2_ws/install/ament_cmake_export_interfaces:/home/yug/agv-alpharacer/alpha-RACER/ros2_ws/install/ament_cmake_export_dependencies:/home/yug/agv-alpharacer/alpha-RACER/ros2_ws/install/ament_cmake_version:/home/yug/agv-alpharacer/alpha-RACER/ros2_ws/install/ament_cmake_python:/home/yug/agv-alpharacer/alpha-RACER/ros2_ws/install/ament_cmake_libraries:/home/yug/agv-alpharacer/alpha-RACER/ros2_ws/install/ament_cmake_include_directories:/home/yug/agv-alpharacer/alpha-RACER/ros2_ws/install/ament_cmake_export_link_flags:/home/yug/agv-alpharacer/alpha-RACER/ros2_ws/install/ament_cmake_export_libraries:/home/yug/agv-alpharacer/alpha-RACER/ros2_ws/install/ament_cmake_export_include_directories:/home/yug/agv-alpharacer/alpha-RACER/ros2_ws/install/ament_cmake_export_definitions:/home/yug/agv-alpharacer/alpha-RACER/ros2_ws/install/ament_cmake_core:/home/yug/agv-alpharacer/alpha-RACER/ros2_ws/install/geometry2:/home/yug/agv-alpharacer/alpha-RACER/ros2_ws/install/tf2_sensor_msgs:/home/yug/agv-alpharacer/alpha-RACER/ros2_ws/install/test_tf2:/home/yug/agv-alpharacer/alpha-RACER/ros2_ws/install/tf2_kdl:/home/yug/agv-alpharacer/alpha-RACER/ros2_ws/install/tf2_geometry_msgs:/home/yug/agv-alpharacer/alpha-RACER/ros2_ws/install/tf2_ros:/home/yug/agv-alpharacer/alpha-RACER/ros2_ws/install/tf2_py:/home/yug/agv-alpharacer/alpha-RACER/ros2_ws/install/tf2_msgs:/home/yug/agv-alpharacer/alpha-RACER/ros2_ws/install/tf2_eigen_kdl:/home/yug/agv-alpharacer/alpha-RACER/ros2_ws/install/tf2:/home/yug/agv-alpharacer/alpha-RACER/ros2_ws/install/foxglove_bridge:/home/yug/agv-alpharacer/alpha-RACER/ros2_ws/install/network_bridge:/home/yug/agv-alpharacer/alpha-RACER/ros2_ws/install/my_robot_description:/home/yug/agv-alpharacer/alpha-RACER/ros2_ws/install/my_custom_msgs:/home/yug/agv-alpharacer/alpha-RACER/ros2_ws/install/ament_cmake_google_benchmark:/home/yug/agv-alpharacer/alpha-RACER/ros2_ws/install/google_benchmark_vendor:/home/yug/agv-alpharacer/alpha-RACER/ros2_ws/install/ament_cmake_auto:/home/yug/agv-alpharacer/alpha-RACER/ros2_ws/install/ament_cmake_vendor_package:/home/yug/agv-alpharacer/alpha-RACER/ros2_ws/install/ament_cmake_nose:/home/yug/agv-alpharacer/alpha-RACER/ros2_ws/install/ament_cmake_gmock:/home/yug/agv-alpharacer/alpha-RACER/ros2_ws/install/ackermann_msgs:/home/yug/agv-alpharacer/alpha-RACER/ros2_ws/install/tf_transformations:/home/yug/agv-alpharacer/alpha-RACER/ros2_ws/install/tf2_tools:/home/yug/agv-alpharacer/alpha-RACER/ros2_ws/install/examples_tf2_py:/home/yug/agv-alpharacer/alpha-RACER/ros2_ws/install/tf2_ros_py:/home/yug/agv-alpharacer/alpha-RACER/ros2_ws/install/tf2_eigen:/home/yug/agv-alpharacer/alpha-RACER/ros2_ws/install/tf2_bullet:/opt/ros/humble CONDA_PROMPT_MODIFIER=(alpharacer) LD_LIBRARY_PATH=/home/yug/agv-alpharacer/alpha-RACER/ros2_ws/install/resource_retriever/lib:/home/yug/agv-alpharacer/alpha-RACER/ros2_ws/install/libcurl_vendor/opt/libcurl_vendor/lib:${LD_LIBRARY_PATH} PYTHONPATH=/home/yug/agv-alpharacer/alpha-RACER/ros2_ws/install/resource_retriever/local/lib/python3.10/dist-packages:${PYTHONPATH} /usr/bin/cmake --build /home/yug/agv-alpharacer/alpha-RACER/ros2_ws/build/foxglove_bridge -- -j16 -l16
[1.656s] /usr/bin/cmake: /home/yug/agv-alpharacer/alpha-RACER/ros2_ws/install/libcurl_vendor/opt/libcurl_vendor/lib/libcurl.so.4: no version information available (required by /usr/bin/cmake)
[1.665s] /usr/bin/cmake: /home/yug/agv-alpharacer/alpha-RACER/ros2_ws/install/libcurl_vendor/opt/libcurl_vendor/lib/libcurl.so.4: no version information available (required by /usr/bin/cmake)
[1.674s] /usr/bin/cmake: /home/yug/agv-alpharacer/alpha-RACER/ros2_ws/install/libcurl_vendor/opt/libcurl_vendor/lib/libcurl.so.4: no version information available (required by /usr/bin/cmake)
[1.684s] /usr/bin/cmake: /home/yug/agv-alpharacer/alpha-RACER/ros2_ws/install/libcurl_vendor/opt/libcurl_vendor/lib/libcurl.so.4: no version information available (required by /usr/bin/cmake)
[1.685s] /usr/bin/cmake: /home/yug/agv-alpharacer/alpha-RACER/ros2_ws/install/libcurl_vendor/opt/libcurl_vendor/lib/libcurl.so.4: no version information available (required by /usr/bin/cmake)
[1.686s] /usr/bin/cmake: /home/yug/agv-alpharacer/alpha-RACER/ros2_ws/install/libcurl_vendor/opt/libcurl_vendor/lib/libcurl.so.4: no version information available (required by /usr/bin/cmake)
[1.693s] /usr/bin/cmake: /home/yug/agv-alpharacer/alpha-RACER/ros2_ws/install/libcurl_vendor/opt/libcurl_vendor/lib/libcurl.so.4: no version information available (required by /usr/bin/cmake)
[1.693s] /usr/bin/cmake: /home/yug/agv-alpharacer/alpha-RACER/ros2_ws/install/libcurl_vendor/opt/libcurl_vendor/lib/libcurl.so.4: no version information available (required by /usr/bin/cmake)
[1.694s] /usr/bin/cmake: /home/yug/agv-alpharacer/alpha-RACER/ros2_ws/install/libcurl_vendor/opt/libcurl_vendor/lib/libcurl.so.4: no version information available (required by /usr/bin/cmake)
[1.694s] /usr/bin/cmake: /home/yug/agv-alpharacer/alpha-RACER/ros2_ws/install/libcurl_vendor/opt/libcurl_vendor/lib/libcurl.so.4: no version information available (required by /usr/bin/cmake)
[1.694s] /usr/bin/cmake: /home/yug/agv-alpharacer/alpha-RACER/ros2_ws/install/libcurl_vendor/opt/libcurl_vendor/lib/libcurl.so.4: no version information available (required by /usr/bin/cmake)
[1.694s] /usr/bin/cmake: /home/yug/agv-alpharacer/alpha-RACER/ros2_ws/install/libcurl_vendor/opt/libcurl_vendor/lib/libcurl.so.4: no version information available (required by /usr/bin/cmake)
[1.695s] /usr/bin/cmake: /home/yug/agv-alpharacer/alpha-RACER/ros2_ws/install/libcurl_vendor/opt/libcurl_vendor/lib/libcurl.so.4: no version information available (required by /usr/bin/cmake)
[1.696s] /usr/bin/cmake: /home/yug/agv-alpharacer/alpha-RACER/ros2_ws/install/libcurl_vendor/opt/libcurl_vendor/lib/libcurl.so.4: no version information available (required by /usr/bin/cmake)
[1.696s] /usr/bin/cmake: /home/yug/agv-alpharacer/alpha-RACER/ros2_ws/install/libcurl_vendor/opt/libcurl_vendor/lib/libcurl.so.4: no version information available (required by /usr/bin/cmake)
[1.696s] [ 13%] [32mBuilding CXX object CMakeFiles/foxglove_bridge_base.dir/foxglove_bridge_base/src/parameter.cpp.o[0m
[1.696s] [ 13%] [32mBuilding CXX object CMakeFiles/foxglove_bridge_base.dir/foxglove_bridge_base/src/foxglove_bridge.cpp.o[0m
[1.696s] [ 13%] [32mBuilding CXX object gtest/CMakeFiles/gtest_main.dir/src/gtest_main.cc.o[0m
[1.696s] [ 13%] [32mBuilding CXX object gtest/CMakeFiles/gtest.dir/src/gtest-all.cc.o[0m
[1.696s] [ 16%] [32mBuilding CXX object CMakeFiles/foxglove_bridge_base.dir/foxglove_bridge_base/src/serialization.cpp.o[0m
[1.696s] [ 20%] [32mBuilding CXX object CMakeFiles/foxglove_bridge_base.dir/foxglove_bridge_base/src/base64.cpp.o[0m
[1.698s] [ 23%] [32mBuilding CXX object CMakeFiles/foxglove_bridge_base.dir/foxglove_bridge_base/src/version.cpp.o[0m
[1.698s] [ 26%] [32mBuilding CXX object CMakeFiles/foxglove_bridge_base.dir/foxglove_bridge_base/src/server_factory.cpp.o[0m
[1.698s] [ 30%] [32mBuilding CXX object CMakeFiles/foxglove_bridge_base.dir/foxglove_bridge_base/src/test/test_client.cpp.o[0m
[2.784s] /usr/bin/cmake: /home/yug/agv-alpharacer/alpha-RACER/ros2_ws/install/libcurl_vendor/opt/libcurl_vendor/lib/libcurl.so.4: no version information available (required by /usr/bin/cmake)
[2.788s] [ 33%] [32m[1mLinking CXX static library libgtest_main.a[0m
[2.793s] /usr/bin/cmake: /home/yug/agv-alpharacer/alpha-RACER/ros2_ws/install/libcurl_vendor/opt/libcurl_vendor/lib/libcurl.so.4: no version information available (required by /usr/bin/cmake)
[2.801s] /usr/bin/cmake: /home/yug/agv-alpharacer/alpha-RACER/ros2_ws/install/libcurl_vendor/opt/libcurl_vendor/lib/libcurl.so.4: no version information available (required by /usr/bin/cmake)
[2.817s] /usr/bin/cmake: /home/yug/agv-alpharacer/alpha-RACER/ros2_ws/install/libcurl_vendor/opt/libcurl_vendor/lib/libcurl.so.4: no version information available (required by /usr/bin/cmake)
[2.820s] [ 33%] Built target gtest_main
[12.668s] /usr/bin/cmake: /home/yug/agv-alpharacer/alpha-RACER/ros2_ws/install/libcurl_vendor/opt/libcurl_vendor/lib/libcurl.so.4: no version information available (required by /usr/bin/cmake)
[12.672s] [ 36%] [32m[1mLinking CXX static library libgtest.a[0m
[12.678s] /usr/bin/cmake: /home/yug/agv-alpharacer/alpha-RACER/ros2_ws/install/libcurl_vendor/opt/libcurl_vendor/lib/libcurl.so.4: no version information available (required by /usr/bin/cmake)
[12.689s] /usr/bin/cmake: /home/yug/agv-alpharacer/alpha-RACER/ros2_ws/install/libcurl_vendor/opt/libcurl_vendor/lib/libcurl.so.4: no version information available (required by /usr/bin/cmake)
[12.794s] /usr/bin/cmake: /home/yug/agv-alpharacer/alpha-RACER/ros2_ws/install/libcurl_vendor/opt/libcurl_vendor/lib/libcurl.so.4: no version information available (required by /usr/bin/cmake)
[12.799s] [ 36%] Built target gtest
[42.863s] /usr/bin/cmake: /home/yug/agv-alpharacer/alpha-RACER/ros2_ws/install/libcurl_vendor/opt/libcurl_vendor/lib/libcurl.so.4: no version information available (required by /usr/bin/cmake)
[42.865s] [ 40%] [32m[1mLinking CXX shared library libfoxglove_bridge_base.so[0m
[42.868s] /usr/bin/cmake: /home/yug/agv-alpharacer/alpha-RACER/ros2_ws/install/libcurl_vendor/opt/libcurl_vendor/lib/libcurl.so.4: no version information available (required by /usr/bin/cmake)
[43.328s] /usr/bin/cmake: /home/yug/agv-alpharacer/alpha-RACER/ros2_ws/install/libcurl_vendor/opt/libcurl_vendor/lib/libcurl.so.4: no version information available (required by /usr/bin/cmake)
[43.332s] [ 40%] Built target foxglove_bridge_base
[43.337s] /usr/bin/cmake: /home/yug/agv-alpharacer/alpha-RACER/ros2_ws/install/libcurl_vendor/opt/libcurl_vendor/lib/libcurl.so.4: no version information available (required by /usr/bin/cmake)
[43.338s] /usr/bin/cmake: /home/yug/agv-alpharacer/alpha-RACER/ros2_ws/install/libcurl_vendor/opt/libcurl_vendor/lib/libcurl.so.4: no version information available (required by /usr/bin/cmake)
[43.339s] /usr/bin/cmake: /home/yug/agv-alpharacer/alpha-RACER/ros2_ws/install/libcurl_vendor/opt/libcurl_vendor/lib/libcurl.so.4: no version information available (required by /usr/bin/cmake)
[43.339s] /usr/bin/cmake: /home/yug/agv-alpharacer/alpha-RACER/ros2_ws/install/libcurl_vendor/opt/libcurl_vendor/lib/libcurl.so.4: no version information available (required by /usr/bin/cmake)
[43.346s] /usr/bin/cmake: /home/yug/agv-alpharacer/alpha-RACER/ros2_ws/install/libcurl_vendor/opt/libcurl_vendor/lib/libcurl.so.4: no version information available (required by /usr/bin/cmake)
[43.346s] /usr/bin/cmake: /home/yug/agv-alpharacer/alpha-RACER/ros2_ws/install/libcurl_vendor/opt/libcurl_vendor/lib/libcurl.so.4: no version information available (required by /usr/bin/cmake)
[43.346s] /usr/bin/cmake: /home/yug/agv-alpharacer/alpha-RACER/ros2_ws/install/libcurl_vendor/opt/libcurl_vendor/lib/libcurl.so.4: no version information available (required by /usr/bin/cmake)
[43.346s] /usr/bin/cmake: /home/yug/agv-alpharacer/alpha-RACER/ros2_ws/install/libcurl_vendor/opt/libcurl_vendor/lib/libcurl.so.4: no version information available (required by /usr/bin/cmake)
[43.346s] /usr/bin/cmake: /home/yug/agv-alpharacer/alpha-RACER/ros2_ws/install/libcurl_vendor/opt/libcurl_vendor/lib/libcurl.so.4: no version information available (required by /usr/bin/cmake)
[43.346s] /usr/bin/cmake: /home/yug/agv-alpharacer/alpha-RACER/ros2_ws/install/libcurl_vendor/opt/libcurl_vendor/lib/libcurl.so.4: no version information available (required by /usr/bin/cmake)
[43.347s] /usr/bin/cmake: /home/yug/agv-alpharacer/alpha-RACER/ros2_ws/install/libcurl_vendor/opt/libcurl_vendor/lib/libcurl.so.4: no version information available (required by /usr/bin/cmake)
[43.347s] /usr/bin/cmake: /home/yug/agv-alpharacer/alpha-RACER/ros2_ws/install/libcurl_vendor/opt/libcurl_vendor/lib/libcurl.so.4: no version information available (required by /usr/bin/cmake)
[43.348s] [ 50%] [32mBuilding CXX object CMakeFiles/version_test.dir/foxglove_bridge_base/tests/version_test.cpp.o[0m
[43.348s] [ 50%] [32mBuilding CXX object CMakeFiles/base64_test.dir/foxglove_bridge_base/tests/base64_test.cpp.o[0m
[43.348s] [ 50%] [32mBuilding CXX object CMakeFiles/foxglove_bridge_component.dir/ros2_foxglove_bridge/src/param_utils.cpp.o[0m
[43.348s] [ 53%] [32mBuilding CXX object CMakeFiles/foxglove_bridge_component.dir/ros2_foxglove_bridge/src/ros2_foxglove_bridge.cpp.o[0m
[43.348s] [ 56%] [32mBuilding CXX object CMakeFiles/foxglove_bridge_component.dir/ros2_foxglove_bridge/src/message_definition_cache.cpp.o[0m
[43.348s] [ 60%] [32mBuilding CXX object CMakeFiles/foxglove_bridge_component.dir/ros2_foxglove_bridge/src/parameter_interface.cpp.o[0m
[43.349s] [ 66%] [32mBuilding CXX object CMakeFiles/serialization_test.dir/foxglove_bridge_base/tests/serialization_test.cpp.o[0m
[43.349s] [ 66%] [32mBuilding CXX object CMakeFiles/foxglove_bridge_component.dir/ros2_foxglove_bridge/src/generic_client.cpp.o[0m
[44.472s] /usr/bin/cmake: /home/yug/agv-alpharacer/alpha-RACER/ros2_ws/install/libcurl_vendor/opt/libcurl_vendor/lib/libcurl.so.4: no version information available (required by /usr/bin/cmake)
[44.476s] [ 70%] [32m[1mLinking CXX executable version_test[0m
[44.479s] /usr/bin/cmake: /home/yug/agv-alpharacer/alpha-RACER/ros2_ws/install/libcurl_vendor/opt/libcurl_vendor/lib/libcurl.so.4: no version information available (required by /usr/bin/cmake)
[44.641s] /usr/bin/cmake: /home/yug/agv-alpharacer/alpha-RACER/ros2_ws/install/libcurl_vendor/opt/libcurl_vendor/lib/libcurl.so.4: no version information available (required by /usr/bin/cmake)
[44.644s] [ 73%] [32m[1mLinking CXX executable base64_test[0m
[44.648s] /usr/bin/cmake: /home/yug/agv-alpharacer/alpha-RACER/ros2_ws/install/libcurl_vendor/opt/libcurl_vendor/lib/libcurl.so.4: no version information available (required by /usr/bin/cmake)
[44.667s] /usr/bin/cmake: /home/yug/agv-alpharacer/alpha-RACER/ros2_ws/install/libcurl_vendor/opt/libcurl_vendor/lib/libcurl.so.4: no version information available (required by /usr/bin/cmake)
[44.671s] [ 73%] Built target version_test
[44.826s] /usr/bin/cmake: /home/yug/agv-alpharacer/alpha-RACER/ros2_ws/install/libcurl_vendor/opt/libcurl_vendor/lib/libcurl.so.4: no version information available (required by /usr/bin/cmake)
[44.829s] [ 73%] Built target base64_test
[45.656s] /usr/bin/cmake: /home/yug/agv-alpharacer/alpha-RACER/ros2_ws/install/libcurl_vendor/opt/libcurl_vendor/lib/libcurl.so.4: no version information available (required by /usr/bin/cmake)
[45.659s] [ 76%] [32m[1mLinking CXX executable serialization_test[0m
[45.662s] /usr/bin/cmake: /home/yug/agv-alpharacer/alpha-RACER/ros2_ws/install/libcurl_vendor/opt/libcurl_vendor/lib/libcurl.so.4: no version information available (required by /usr/bin/cmake)
[45.825s] /usr/bin/cmake: /home/yug/agv-alpharacer/alpha-RACER/ros2_ws/install/libcurl_vendor/opt/libcurl_vendor/lib/libcurl.so.4: no version information available (required by /usr/bin/cmake)
[45.828s] [ 76%] Built target serialization_test
[63.760s] /usr/bin/cmake: /home/yug/agv-alpharacer/alpha-RACER/ros2_ws/install/libcurl_vendor/opt/libcurl_vendor/lib/libcurl.so.4: no version information available (required by /usr/bin/cmake)
[63.763s] [ 80%] [32m[1mLinking CXX shared library libfoxglove_bridge_component.so[0m
[63.767s] /usr/bin/cmake: /home/yug/agv-alpharacer/alpha-RACER/ros2_ws/install/libcurl_vendor/opt/libcurl_vendor/lib/libcurl.so.4: no version information available (required by /usr/bin/cmake)
[64.304s] /usr/bin/cmake: /home/yug/agv-alpharacer/alpha-RACER/ros2_ws/install/libcurl_vendor/opt/libcurl_vendor/lib/libcurl.so.4: no version information available (required by /usr/bin/cmake)
[64.306s] [ 80%] Built target foxglove_bridge_component
[64.312s] /usr/bin/cmake: /home/yug/agv-alpharacer/alpha-RACER/ros2_ws/install/libcurl_vendor/opt/libcurl_vendor/lib/libcurl.so.4: no version information available (required by /usr/bin/cmake)
[64.312s] /usr/bin/cmake: /home/yug/agv-alpharacer/alpha-RACER/ros2_ws/install/libcurl_vendor/opt/libcurl_vendor/lib/libcurl.so.4: no version information available (required by /usr/bin/cmake)
[64.313s] /usr/bin/cmake: /home/yug/agv-alpharacer/alpha-RACER/ros2_ws/install/libcurl_vendor/opt/libcurl_vendor/lib/libcurl.so.4: no version information available (required by /usr/bin/cmake)
[64.321s] /usr/bin/cmake: /home/yug/agv-alpharacer/alpha-RACER/ros2_ws/install/libcurl_vendor/opt/libcurl_vendor/lib/libcurl.so.4: no version information available (required by /usr/bin/cmake)
[64.321s] /usr/bin/cmake: /home/yug/agv-alpharacer/alpha-RACER/ros2_ws/install/libcurl_vendor/opt/libcurl_vendor/lib/libcurl.so.4: no version information available (required by /usr/bin/cmake)
[64.321s] /usr/bin/cmake: /home/yug/agv-alpharacer/alpha-RACER/ros2_ws/install/libcurl_vendor/opt/libcurl_vendor/lib/libcurl.so.4: no version information available (required by /usr/bin/cmake)
[64.323s] [ 86%] [32mBuilding CXX object CMakeFiles/utils_test.dir/ros2_foxglove_bridge/tests/utils_test.cpp.o[0m
[64.323s] [ 86%] [32mBuilding CXX object CMakeFiles/foxglove_bridge.dir/ros2_foxglove_bridge/src/ros2_foxglove_bridge_node.cpp.o[0m
[64.323s] [ 90%] [32mBuilding CXX object CMakeFiles/smoke_test.dir/ros2_foxglove_bridge/tests/smoke_test.cpp.o[0m
[66.066s] /usr/bin/cmake: /home/yug/agv-alpharacer/alpha-RACER/ros2_ws/install/libcurl_vendor/opt/libcurl_vendor/lib/libcurl.so.4: no version information available (required by /usr/bin/cmake)
[66.069s] [ 93%] [32m[1mLinking CXX executable utils_test[0m
[66.073s] /usr/bin/cmake: /home/yug/agv-alpharacer/alpha-RACER/ros2_ws/install/libcurl_vendor/opt/libcurl_vendor/lib/libcurl.so.4: no version information available (required by /usr/bin/cmake)
[66.221s] /usr/bin/cmake: /home/yug/agv-alpharacer/alpha-RACER/ros2_ws/install/libcurl_vendor/opt/libcurl_vendor/lib/libcurl.so.4: no version information available (required by /usr/bin/cmake)
[66.224s] [ 93%] Built target utils_test
[69.253s] /usr/bin/cmake: /home/yug/agv-alpharacer/alpha-RACER/ros2_ws/install/libcurl_vendor/opt/libcurl_vendor/lib/libcurl.so.4: no version information available (required by /usr/bin/cmake)
[69.255s] [ 96%] [32m[1mLinking CXX executable foxglove_bridge[0m
[69.260s] /usr/bin/cmake: /home/yug/agv-alpharacer/alpha-RACER/ros2_ws/install/libcurl_vendor/opt/libcurl_vendor/lib/libcurl.so.4: no version information available (required by /usr/bin/cmake)
[69.439s] /usr/bin/cmake: /home/yug/agv-alpharacer/alpha-RACER/ros2_ws/install/libcurl_vendor/opt/libcurl_vendor/lib/libcurl.so.4: no version information available (required by /usr/bin/cmake)
[69.441s] [ 96%] Built target foxglove_bridge
[94.930s] /usr/bin/cmake: /home/yug/agv-alpharacer/alpha-RACER/ros2_ws/install/libcurl_vendor/opt/libcurl_vendor/lib/libcurl.so.4: no version information available (required by /usr/bin/cmake)
[94.932s] [100%] [32m[1mLinking CXX executable smoke_test[0m
[94.936s] /usr/bin/cmake: /home/yug/agv-alpharacer/alpha-RACER/ros2_ws/install/libcurl_vendor/opt/libcurl_vendor/lib/libcurl.so.4: no version information available (required by /usr/bin/cmake)
[95.491s] /usr/bin/cmake: /home/yug/agv-alpharacer/alpha-RACER/ros2_ws/install/libcurl_vendor/opt/libcurl_vendor/lib/libcurl.so.4: no version information available (required by /usr/bin/cmake)
[95.494s] [100%] Built target smoke_test
[95.498s] /usr/bin/cmake: /home/yug/agv-alpharacer/alpha-RACER/ros2_ws/install/libcurl_vendor/opt/libcurl_vendor/lib/libcurl.so.4: no version information available (required by /usr/bin/cmake)
[95.503s] Invoked command in '/home/yug/agv-alpharacer/alpha-RACER/ros2_ws/build/foxglove_bridge' returned '0': AMENT_PREFIX_PATH=/home/yug/agv-alpharacer/alpha-RACER/ros2_ws/install/resource_retriever:/home/yug/agv-alpharacer/alpha-RACER/ros2_ws/install/libcurl_vendor:${AMENT_PREFIX_PATH} CMAKE_PREFIX_PATH=/home/yug/agv-alpharacer/alpha-RACER/ros2_ws/install/resource_retriever:/home/yug/agv-alpharacer/alpha-RACER/ros2_ws/install/rosx_introspection:/home/yug/agv-alpharacer/alpha-RACER/ros2_ws/install/libcurl_vendor:/home/yug/agv-alpharacer/alpha-RACER/ros2_ws/install/ament_cmake:/home/yug/agv-alpharacer/alpha-RACER/ros2_ws/install/ament_cmake_gen_version_h:/home/yug/agv-alpharacer/alpha-RACER/ros2_ws/install/ament_cmake_pytest:/home/yug/agv-alpharacer/alpha-RACER/ros2_ws/install/ament_cmake_gtest:/home/yug/agv-alpharacer/alpha-RACER/ros2_ws/install/ament_cmake_test:/home/yug/agv-alpharacer/alpha-RACER/ros2_ws/install/ament_cmake_target_dependencies:/home/yug/agv-alpharacer/alpha-RACER/ros2_ws/install/ament_cmake_export_targets:/home/yug/agv-alpharacer/alpha-RACER/ros2_ws/install/ament_cmake_export_interfaces:/home/yug/agv-alpharacer/alpha-RACER/ros2_ws/install/ament_cmake_export_dependencies:/home/yug/agv-alpharacer/alpha-RACER/ros2_ws/install/ament_cmake_version:/home/yug/agv-alpharacer/alpha-RACER/ros2_ws/install/ament_cmake_python:/home/yug/agv-alpharacer/alpha-RACER/ros2_ws/install/ament_cmake_libraries:/home/yug/agv-alpharacer/alpha-RACER/ros2_ws/install/ament_cmake_include_directories:/home/yug/agv-alpharacer/alpha-RACER/ros2_ws/install/ament_cmake_export_link_flags:/home/yug/agv-alpharacer/alpha-RACER/ros2_ws/install/ament_cmake_export_libraries:/home/yug/agv-alpharacer/alpha-RACER/ros2_ws/install/ament_cmake_export_include_directories:/home/yug/agv-alpharacer/alpha-RACER/ros2_ws/install/ament_cmake_export_definitions:/home/yug/agv-alpharacer/alpha-RACER/ros2_ws/install/ament_cmake_core:/home/yug/agv-alpharacer/alpha-RACER/ros2_ws/install/geometry2:/home/yug/agv-alpharacer/alpha-RACER/ros2_ws/install/tf2_sensor_msgs:/home/yug/agv-alpharacer/alpha-RACER/ros2_ws/install/test_tf2:/home/yug/agv-alpharacer/alpha-RACER/ros2_ws/install/tf2_kdl:/home/yug/agv-alpharacer/alpha-RACER/ros2_ws/install/tf2_geometry_msgs:/home/yug/agv-alpharacer/alpha-RACER/ros2_ws/install/tf2_ros:/home/yug/agv-alpharacer/alpha-RACER/ros2_ws/install/tf2_py:/home/yug/agv-alpharacer/alpha-RACER/ros2_ws/install/tf2_msgs:/home/yug/agv-alpharacer/alpha-RACER/ros2_ws/install/tf2_eigen_kdl:/home/yug/agv-alpharacer/alpha-RACER/ros2_ws/install/tf2:/home/yug/agv-alpharacer/alpha-RACER/ros2_ws/install/foxglove_bridge:/home/yug/agv-alpharacer/alpha-RACER/ros2_ws/install/network_bridge:/home/yug/agv-alpharacer/alpha-RACER/ros2_ws/install/my_robot_description:/home/yug/agv-alpharacer/alpha-RACER/ros2_ws/install/my_custom_msgs:/home/yug/agv-alpharacer/alpha-RACER/ros2_ws/install/ament_cmake_google_benchmark:/home/yug/agv-alpharacer/alpha-RACER/ros2_ws/install/google_benchmark_vendor:/home/yug/agv-alpharacer/alpha-RACER/ros2_ws/install/ament_cmake_auto:/home/yug/agv-alpharacer/alpha-RACER/ros2_ws/install/ament_cmake_vendor_package:/home/yug/agv-alpharacer/alpha-RACER/ros2_ws/install/ament_cmake_nose:/home/yug/agv-alpharacer/alpha-RACER/ros2_ws/install/ament_cmake_gmock:/home/yug/agv-alpharacer/alpha-RACER/ros2_ws/install/ackermann_msgs:/home/yug/agv-alpharacer/alpha-RACER/ros2_ws/install/tf_transformations:/home/yug/agv-alpharacer/alpha-RACER/ros2_ws/install/tf2_tools:/home/yug/agv-alpharacer/alpha-RACER/ros2_ws/install/examples_tf2_py:/home/yug/agv-alpharacer/alpha-RACER/ros2_ws/install/tf2_ros_py:/home/yug/agv-alpharacer/alpha-RACER/ros2_ws/install/tf2_eigen:/home/yug/agv-alpharacer/alpha-RACER/ros2_ws/install/tf2_bullet:/opt/ros/humble CONDA_PROMPT_MODIFIER=(alpharacer) LD_LIBRARY_PATH=/home/yug/agv-alpharacer/alpha-RACER/ros2_ws/install/resource_retriever/lib:/home/yug/agv-alpharacer/alpha-RACER/ros2_ws/install/libcurl_vendor/opt/libcurl_vendor/lib:${LD_LIBRARY_PATH} PYTHONPATH=/home/yug/agv-alpharacer/alpha-RACER/ros2_ws/install/resource_retriever/local/lib/python3.10/dist-packages:${PYTHONPATH} /usr/bin/cmake --build /home/yug/agv-alpharacer/alpha-RACER/ros2_ws/build/foxglove_bridge -- -j16 -l16
[95.505s] Invoking command in '/home/yug/agv-alpharacer/alpha-RACER/ros2_ws/build/foxglove_bridge': AMENT_PREFIX_PATH=/home/yug/agv-alpharacer/alpha-RACER/ros2_ws/install/resource_retriever:/home/yug/agv-alpharacer/alpha-RACER/ros2_ws/install/libcurl_vendor:${AMENT_PREFIX_PATH} CMAKE_PREFIX_PATH=/home/yug/agv-alpharacer/alpha-RACER/ros2_ws/install/resource_retriever:/home/yug/agv-alpharacer/alpha-RACER/ros2_ws/install/rosx_introspection:/home/yug/agv-alpharacer/alpha-RACER/ros2_ws/install/libcurl_vendor:/home/yug/agv-alpharacer/alpha-RACER/ros2_ws/install/ament_cmake:/home/yug/agv-alpharacer/alpha-RACER/ros2_ws/install/ament_cmake_gen_version_h:/home/yug/agv-alpharacer/alpha-RACER/ros2_ws/install/ament_cmake_pytest:/home/yug/agv-alpharacer/alpha-RACER/ros2_ws/install/ament_cmake_gtest:/home/yug/agv-alpharacer/alpha-RACER/ros2_ws/install/ament_cmake_test:/home/yug/agv-alpharacer/alpha-RACER/ros2_ws/install/ament_cmake_target_dependencies:/home/yug/agv-alpharacer/alpha-RACER/ros2_ws/install/ament_cmake_export_targets:/home/yug/agv-alpharacer/alpha-RACER/ros2_ws/install/ament_cmake_export_interfaces:/home/yug/agv-alpharacer/alpha-RACER/ros2_ws/install/ament_cmake_export_dependencies:/home/yug/agv-alpharacer/alpha-RACER/ros2_ws/install/ament_cmake_version:/home/yug/agv-alpharacer/alpha-RACER/ros2_ws/install/ament_cmake_python:/home/yug/agv-alpharacer/alpha-RACER/ros2_ws/install/ament_cmake_libraries:/home/yug/agv-alpharacer/alpha-RACER/ros2_ws/install/ament_cmake_include_directories:/home/yug/agv-alpharacer/alpha-RACER/ros2_ws/install/ament_cmake_export_link_flags:/home/yug/agv-alpharacer/alpha-RACER/ros2_ws/install/ament_cmake_export_libraries:/home/yug/agv-alpharacer/alpha-RACER/ros2_ws/install/ament_cmake_export_include_directories:/home/yug/agv-alpharacer/alpha-RACER/ros2_ws/install/ament_cmake_export_definitions:/home/yug/agv-alpharacer/alpha-RACER/ros2_ws/install/ament_cmake_core:/home/yug/agv-alpharacer/alpha-RACER/ros2_ws/install/geometry2:/home/yug/agv-alpharacer/alpha-RACER/ros2_ws/install/tf2_sensor_msgs:/home/yug/agv-alpharacer/alpha-RACER/ros2_ws/install/test_tf2:/home/yug/agv-alpharacer/alpha-RACER/ros2_ws/install/tf2_kdl:/home/yug/agv-alpharacer/alpha-RACER/ros2_ws/install/tf2_geometry_msgs:/home/yug/agv-alpharacer/alpha-RACER/ros2_ws/install/tf2_ros:/home/yug/agv-alpharacer/alpha-RACER/ros2_ws/install/tf2_py:/home/yug/agv-alpharacer/alpha-RACER/ros2_ws/install/tf2_msgs:/home/yug/agv-alpharacer/alpha-RACER/ros2_ws/install/tf2_eigen_kdl:/home/yug/agv-alpharacer/alpha-RACER/ros2_ws/install/tf2:/home/yug/agv-alpharacer/alpha-RACER/ros2_ws/install/foxglove_bridge:/home/yug/agv-alpharacer/alpha-RACER/ros2_ws/install/network_bridge:/home/yug/agv-alpharacer/alpha-RACER/ros2_ws/install/my_robot_description:/home/yug/agv-alpharacer/alpha-RACER/ros2_ws/install/my_custom_msgs:/home/yug/agv-alpharacer/alpha-RACER/ros2_ws/install/ament_cmake_google_benchmark:/home/yug/agv-alpharacer/alpha-RACER/ros2_ws/install/google_benchmark_vendor:/home/yug/agv-alpharacer/alpha-RACER/ros2_ws/install/ament_cmake_auto:/home/yug/agv-alpharacer/alpha-RACER/ros2_ws/install/ament_cmake_vendor_package:/home/yug/agv-alpharacer/alpha-RACER/ros2_ws/install/ament_cmake_nose:/home/yug/agv-alpharacer/alpha-RACER/ros2_ws/install/ament_cmake_gmock:/home/yug/agv-alpharacer/alpha-RACER/ros2_ws/install/ackermann_msgs:/home/yug/agv-alpharacer/alpha-RACER/ros2_ws/install/tf_transformations:/home/yug/agv-alpharacer/alpha-RACER/ros2_ws/install/tf2_tools:/home/yug/agv-alpharacer/alpha-RACER/ros2_ws/install/examples_tf2_py:/home/yug/agv-alpharacer/alpha-RACER/ros2_ws/install/tf2_ros_py:/home/yug/agv-alpharacer/alpha-RACER/ros2_ws/install/tf2_eigen:/home/yug/agv-alpharacer/alpha-RACER/ros2_ws/install/tf2_bullet:/opt/ros/humble CONDA_PROMPT_MODIFIER=(alpharacer) LD_LIBRARY_PATH=/home/yug/agv-alpharacer/alpha-RACER/ros2_ws/install/resource_retriever/lib:/home/yug/agv-alpharacer/alpha-RACER/ros2_ws/install/libcurl_vendor/opt/libcurl_vendor/lib:${LD_LIBRARY_PATH} PYTHONPATH=/home/yug/agv-alpharacer/alpha-RACER/ros2_ws/install/resource_retriever/local/lib/python3.10/dist-packages:${PYTHONPATH} /usr/bin/cmake --install /home/yug/agv-alpharacer/alpha-RACER/ros2_ws/build/foxglove_bridge
[95.507s] /usr/bin/cmake: /home/yug/agv-alpharacer/alpha-RACER/ros2_ws/install/libcurl_vendor/opt/libcurl_vendor/lib/libcurl.so.4: no version information available (required by /usr/bin/cmake)
[95.510s] -- Install configuration: "RelWithDebInfo"
[95.510s] -- Execute custom install script
[95.510s] -- Symlinking: /home/yug/agv-alpharacer/alpha-RACER/ros2_ws/install/foxglove_bridge/include/foxglove_bridge//ros2_foxglove_bridge.hpp
[95.514s] /usr/bin/cmake: /home/yug/agv-alpharacer/alpha-RACER/ros2_ws/install/libcurl_vendor/opt/libcurl_vendor/lib/libcurl.so.4: no version information available (required by /usr/bin/cmake)
[95.517s] -- Symlinking: /home/yug/agv-alpharacer/alpha-RACER/ros2_ws/install/foxglove_bridge/lib/foxglove_bridge/foxglove_bridge
[95.520s] /usr/bin/cmake: /home/yug/agv-alpharacer/alpha-RACER/ros2_ws/install/libcurl_vendor/opt/libcurl_vendor/lib/libcurl.so.4: no version information available (required by /usr/bin/cmake)
[95.523s] -- Symlinking: /home/yug/agv-alpharacer/alpha-RACER/ros2_ws/install/foxglove_bridge/lib/libfoxglove_bridge_base.so
[95.527s] /usr/bin/cmake: /home/yug/agv-alpharacer/alpha-RACER/ros2_ws/install/libcurl_vendor/opt/libcurl_vendor/lib/libcurl.so.4: no version information available (required by /usr/bin/cmake)
[95.530s] -- Symlinking: /home/yug/agv-alpharacer/alpha-RACER/ros2_ws/install/foxglove_bridge/lib/libfoxglove_bridge_component.so
[95.533s] /usr/bin/cmake: /home/yug/agv-alpharacer/alpha-RACER/ros2_ws/install/libcurl_vendor/opt/libcurl_vendor/lib/libcurl.so.4: no version information available (required by /usr/bin/cmake)
[95.538s] -- Symlinking: /home/yug/agv-alpharacer/alpha-RACER/ros2_ws/install/foxglove_bridge/share/foxglove_bridge//launch/foxglove_bridge_launch.xml
[95.541s] /usr/bin/cmake: /home/yug/agv-alpharacer/alpha-RACER/ros2_ws/install/libcurl_vendor/opt/libcurl_vendor/lib/libcurl.so.4: no version information available (required by /usr/bin/cmake)
[95.544s] -- Symlinking: /home/yug/agv-alpharacer/alpha-RACER/ros2_ws/install/foxglove_bridge/include/foxglove_bridge//utils.hpp
[95.547s] /usr/bin/cmake: /home/yug/agv-alpharacer/alpha-RACER/ros2_ws/install/libcurl_vendor/opt/libcurl_vendor/lib/libcurl.so.4: no version information available (required by /usr/bin/cmake)
[95.550s] -- Symlinking: /home/yug/agv-alpharacer/alpha-RACER/ros2_ws/install/foxglove_bridge/share/foxglove_bridge/environment/library_path.sh
[95.553s] /usr/bin/cmake: /home/yug/agv-alpharacer/alpha-RACER/ros2_ws/install/libcurl_vendor/opt/libcurl_vendor/lib/libcurl.so.4: no version information available (required by /usr/bin/cmake)
[95.556s] -- Symlinking: /home/yug/agv-alpharacer/alpha-RACER/ros2_ws/install/foxglove_bridge/share/foxglove_bridge/environment/library_path.dsv
[95.559s] /usr/bin/cmake: /home/yug/agv-alpharacer/alpha-RACER/ros2_ws/install/libcurl_vendor/opt/libcurl_vendor/lib/libcurl.so.4: no version information available (required by /usr/bin/cmake)
[95.563s] -- Symlinking: /home/yug/agv-alpharacer/alpha-RACER/ros2_ws/install/foxglove_bridge/share/ament_index/resource_index/package_run_dependencies/foxglove_bridge
[95.566s] /usr/bin/cmake: /home/yug/agv-alpharacer/alpha-RACER/ros2_ws/install/libcurl_vendor/opt/libcurl_vendor/lib/libcurl.so.4: no version information available (required by /usr/bin/cmake)
[95.569s] -- Symlinking: /home/yug/agv-alpharacer/alpha-RACER/ros2_ws/install/foxglove_bridge/share/ament_index/resource_index/parent_prefix_path/foxglove_bridge
[95.573s] /usr/bin/cmake: /home/yug/agv-alpharacer/alpha-RACER/ros2_ws/install/libcurl_vendor/opt/libcurl_vendor/lib/libcurl.so.4: no version information available (required by /usr/bin/cmake)
[95.576s] -- Symlinking: /home/yug/agv-alpharacer/alpha-RACER/ros2_ws/install/foxglove_bridge/share/foxglove_bridge/environment/ament_prefix_path.sh
[95.580s] /usr/bin/cmake: /home/yug/agv-alpharacer/alpha-RACER/ros2_ws/install/libcurl_vendor/opt/libcurl_vendor/lib/libcurl.so.4: no version information available (required by /usr/bin/cmake)
[95.583s] -- Symlinking: /home/yug/agv-alpharacer/alpha-RACER/ros2_ws/install/foxglove_bridge/share/foxglove_bridge/environment/ament_prefix_path.dsv
[95.586s] /usr/bin/cmake: /home/yug/agv-alpharacer/alpha-RACER/ros2_ws/install/libcurl_vendor/opt/libcurl_vendor/lib/libcurl.so.4: no version information available (required by /usr/bin/cmake)
[95.589s] -- Symlinking: /home/yug/agv-alpharacer/alpha-RACER/ros2_ws/install/foxglove_bridge/share/foxglove_bridge/environment/path.sh
[95.592s] /usr/bin/cmake: /home/yug/agv-alpharacer/alpha-RACER/ros2_ws/install/libcurl_vendor/opt/libcurl_vendor/lib/libcurl.so.4: no version information available (required by /usr/bin/cmake)
[95.595s] -- Symlinking: /home/yug/agv-alpharacer/alpha-RACER/ros2_ws/install/foxglove_bridge/share/foxglove_bridge/environment/path.dsv
[95.598s] /usr/bin/cmake: /home/yug/agv-alpharacer/alpha-RACER/ros2_ws/install/libcurl_vendor/opt/libcurl_vendor/lib/libcurl.so.4: no version information available (required by /usr/bin/cmake)
[95.601s] -- Symlinking: /home/yug/agv-alpharacer/alpha-RACER/ros2_ws/install/foxglove_bridge/share/foxglove_bridge/local_setup.bash
[95.605s] /usr/bin/cmake: /home/yug/agv-alpharacer/alpha-RACER/ros2_ws/install/libcurl_vendor/opt/libcurl_vendor/lib/libcurl.so.4: no version information available (required by /usr/bin/cmake)
[95.608s] -- Symlinking: /home/yug/agv-alpharacer/alpha-RACER/ros2_ws/install/foxglove_bridge/share/foxglove_bridge/local_setup.sh
[95.612s] /usr/bin/cmake: /home/yug/agv-alpharacer/alpha-RACER/ros2_ws/install/libcurl_vendor/opt/libcurl_vendor/lib/libcurl.so.4: no version information available (required by /usr/bin/cmake)
[95.615s] -- Symlinking: /home/yug/agv-alpharacer/alpha-RACER/ros2_ws/install/foxglove_bridge/share/foxglove_bridge/local_setup.zsh
[95.619s] /usr/bin/cmake: /home/yug/agv-alpharacer/alpha-RACER/ros2_ws/install/libcurl_vendor/opt/libcurl_vendor/lib/libcurl.so.4: no version information available (required by /usr/bin/cmake)
[95.621s] -- Symlinking: /home/yug/agv-alpharacer/alpha-RACER/ros2_ws/install/foxglove_bridge/share/foxglove_bridge/local_setup.dsv
[95.625s] /usr/bin/cmake: /home/yug/agv-alpharacer/alpha-RACER/ros2_ws/install/libcurl_vendor/opt/libcurl_vendor/lib/libcurl.so.4: no version information available (required by /usr/bin/cmake)
[95.627s] -- Symlinking: /home/yug/agv-alpharacer/alpha-RACER/ros2_ws/install/foxglove_bridge/share/foxglove_bridge/package.dsv
[95.630s] /usr/bin/cmake: /home/yug/agv-alpharacer/alpha-RACER/ros2_ws/install/libcurl_vendor/opt/libcurl_vendor/lib/libcurl.so.4: no version information available (required by /usr/bin/cmake)
[95.634s] -- Symlinking: /home/yug/agv-alpharacer/alpha-RACER/ros2_ws/install/foxglove_bridge/share/ament_index/resource_index/packages/foxglove_bridge
[95.637s] /usr/bin/cmake: /home/yug/agv-alpharacer/alpha-RACER/ros2_ws/install/libcurl_vendor/opt/libcurl_vendor/lib/libcurl.so.4: no version information available (required by /usr/bin/cmake)
[95.640s] -- Symlinking: /home/yug/agv-alpharacer/alpha-RACER/ros2_ws/install/foxglove_bridge/share/ament_index/resource_index/rclcpp_components/foxglove_bridge
[95.642s] /usr/bin/cmake: /home/yug/agv-alpharacer/alpha-RACER/ros2_ws/install/libcurl_vendor/opt/libcurl_vendor/lib/libcurl.so.4: no version information available (required by /usr/bin/cmake)
[95.645s] -- Symlinking: /home/yug/agv-alpharacer/alpha-RACER/ros2_ws/install/foxglove_bridge/share/foxglove_bridge/cmake/ament_cmake_export_libraries-extras.cmake
[95.649s] /usr/bin/cmake: /home/yug/agv-alpharacer/alpha-RACER/ros2_ws/install/libcurl_vendor/opt/libcurl_vendor/lib/libcurl.so.4: no version information available (required by /usr/bin/cmake)
[95.651s] -- Symlinking: /home/yug/agv-alpharacer/alpha-RACER/ros2_ws/install/foxglove_bridge/share/foxglove_bridge/cmake/foxglove_bridgeConfig.cmake
[95.655s] /usr/bin/cmake: /home/yug/agv-alpharacer/alpha-RACER/ros2_ws/install/libcurl_vendor/opt/libcurl_vendor/lib/libcurl.so.4: no version information available (required by /usr/bin/cmake)
[95.658s] -- Symlinking: /home/yug/agv-alpharacer/alpha-RACER/ros2_ws/install/foxglove_bridge/share/foxglove_bridge/cmake/foxglove_bridgeConfig-version.cmake
[95.661s] /usr/bin/cmake: /home/yug/agv-alpharacer/alpha-RACER/ros2_ws/install/libcurl_vendor/opt/libcurl_vendor/lib/libcurl.so.4: no version information available (required by /usr/bin/cmake)
[95.663s] -- Symlinking: /home/yug/agv-alpharacer/alpha-RACER/ros2_ws/install/foxglove_bridge/share/foxglove_bridge/package.xml
[95.667s] /usr/bin/cmake: /home/yug/agv-alpharacer/alpha-RACER/ros2_ws/install/libcurl_vendor/opt/libcurl_vendor/lib/libcurl.so.4: no version information available (required by /usr/bin/cmake)
[95.673s] Invoked command in '/home/yug/agv-alpharacer/alpha-RACER/ros2_ws/build/foxglove_bridge' returned '0': AMENT_PREFIX_PATH=/home/yug/agv-alpharacer/alpha-RACER/ros2_ws/install/resource_retriever:/home/yug/agv-alpharacer/alpha-RACER/ros2_ws/install/libcurl_vendor:${AMENT_PREFIX_PATH} CMAKE_PREFIX_PATH=/home/yug/agv-alpharacer/alpha-RACER/ros2_ws/install/resource_retriever:/home/yug/agv-alpharacer/alpha-RACER/ros2_ws/install/rosx_introspection:/home/yug/agv-alpharacer/alpha-RACER/ros2_ws/install/libcurl_vendor:/home/yug/agv-alpharacer/alpha-RACER/ros2_ws/install/ament_cmake:/home/yug/agv-alpharacer/alpha-RACER/ros2_ws/install/ament_cmake_gen_version_h:/home/yug/agv-alpharacer/alpha-RACER/ros2_ws/install/ament_cmake_pytest:/home/yug/agv-alpharacer/alpha-RACER/ros2_ws/install/ament_cmake_gtest:/home/yug/agv-alpharacer/alpha-RACER/ros2_ws/install/ament_cmake_test:/home/yug/agv-alpharacer/alpha-RACER/ros2_ws/install/ament_cmake_target_dependencies:/home/yug/agv-alpharacer/alpha-RACER/ros2_ws/install/ament_cmake_export_targets:/home/yug/agv-alpharacer/alpha-RACER/ros2_ws/install/ament_cmake_export_interfaces:/home/yug/agv-alpharacer/alpha-RACER/ros2_ws/install/ament_cmake_export_dependencies:/home/yug/agv-alpharacer/alpha-RACER/ros2_ws/install/ament_cmake_version:/home/yug/agv-alpharacer/alpha-RACER/ros2_ws/install/ament_cmake_python:/home/yug/agv-alpharacer/alpha-RACER/ros2_ws/install/ament_cmake_libraries:/home/yug/agv-alpharacer/alpha-RACER/ros2_ws/install/ament_cmake_include_directories:/home/yug/agv-alpharacer/alpha-RACER/ros2_ws/install/ament_cmake_export_link_flags:/home/yug/agv-alpharacer/alpha-RACER/ros2_ws/install/ament_cmake_export_libraries:/home/yug/agv-alpharacer/alpha-RACER/ros2_ws/install/ament_cmake_export_include_directories:/home/yug/agv-alpharacer/alpha-RACER/ros2_ws/install/ament_cmake_export_definitions:/home/yug/agv-alpharacer/alpha-RACER/ros2_ws/install/ament_cmake_core:/home/yug/agv-alpharacer/alpha-RACER/ros2_ws/install/geometry2:/home/yug/agv-alpharacer/alpha-RACER/ros2_ws/install/tf2_sensor_msgs:/home/yug/agv-alpharacer/alpha-RACER/ros2_ws/install/test_tf2:/home/yug/agv-alpharacer/alpha-RACER/ros2_ws/install/tf2_kdl:/home/yug/agv-alpharacer/alpha-RACER/ros2_ws/install/tf2_geometry_msgs:/home/yug/agv-alpharacer/alpha-RACER/ros2_ws/install/tf2_ros:/home/yug/agv-alpharacer/alpha-RACER/ros2_ws/install/tf2_py:/home/yug/agv-alpharacer/alpha-RACER/ros2_ws/install/tf2_msgs:/home/yug/agv-alpharacer/alpha-RACER/ros2_ws/install/tf2_eigen_kdl:/home/yug/agv-alpharacer/alpha-RACER/ros2_ws/install/tf2:/home/yug/agv-alpharacer/alpha-RACER/ros2_ws/install/foxglove_bridge:/home/yug/agv-alpharacer/alpha-RACER/ros2_ws/install/network_bridge:/home/yug/agv-alpharacer/alpha-RACER/ros2_ws/install/my_robot_description:/home/yug/agv-alpharacer/alpha-RACER/ros2_ws/install/my_custom_msgs:/home/yug/agv-alpharacer/alpha-RACER/ros2_ws/install/ament_cmake_google_benchmark:/home/yug/agv-alpharacer/alpha-RACER/ros2_ws/install/google_benchmark_vendor:/home/yug/agv-alpharacer/alpha-RACER/ros2_ws/install/ament_cmake_auto:/home/yug/agv-alpharacer/alpha-RACER/ros2_ws/install/ament_cmake_vendor_package:/home/yug/agv-alpharacer/alpha-RACER/ros2_ws/install/ament_cmake_nose:/home/yug/agv-alpharacer/alpha-RACER/ros2_ws/install/ament_cmake_gmock:/home/yug/agv-alpharacer/alpha-RACER/ros2_ws/install/ackermann_msgs:/home/yug/agv-alpharacer/alpha-RACER/ros2_ws/install/tf_transformations:/home/yug/agv-alpharacer/alpha-RACER/ros2_ws/install/tf2_tools:/home/yug/agv-alpharacer/alpha-RACER/ros2_ws/install/examples_tf2_py:/home/yug/agv-alpharacer/alpha-RACER/ros2_ws/install/tf2_ros_py:/home/yug/agv-alpharacer/alpha-RACER/ros2_ws/install/tf2_eigen:/home/yug/agv-alpharacer/alpha-RACER/ros2_ws/install/tf2_bullet:/opt/ros/humble CONDA_PROMPT_MODIFIER=(alpharacer) LD_LIBRARY_PATH=/home/yug/agv-alpharacer/alpha-RACER/ros2_ws/install/resource_retriever/lib:/home/yug/agv-alpharacer/alpha-RACER/ros2_ws/install/libcurl_vendor/opt/libcurl_vendor/lib:${LD_LIBRARY_PATH} PYTHONPATH=/home/yug/agv-alpharacer/alpha-RACER/ros2_ws/install/resource_retriever/local/lib/python3.10/dist-packages:${PYTHONPATH} /usr/bin/cmake --install /home/yug/agv-alpharacer/alpha-RACER/ros2_ws/build/foxglove_bridge
