[0.017s] Invoking command in '/home/yug/agv-alpharacer/alpha-RACER/ros2_ws/src/build/ament_cmake_vendor_package': AMENT_PREFIX_PATH=/home/yug/agv-alpharacer/alpha-RACER/ros2_ws/src/install/ament_cmake_test:/home/yug/agv-alpharacer/alpha-RACER/ros2_ws/src/install/ament_cmake_export_dependencies:/home/yug/agv-alpharacer/alpha-RACER/ros2_ws/src/install/ament_cmake_python:/home/yug/agv-alpharacer/alpha-RACER/ros2_ws/src/install/ament_cmake_libraries:/home/yug/agv-alpharacer/alpha-RACER/ros2_ws/src/install/ament_cmake_core:${AMENT_PREFIX_PATH} CMAKE_PREFIX_PATH=/home/yug/agv-alpharacer/alpha-RACER/ros2_ws/src/install/ament_cmake_test:/home/yug/agv-alpharacer/alpha-RACER/ros2_ws/src/install/ament_cmake_export_dependencies:/home/yug/agv-alpharacer/alpha-RACER/ros2_ws/src/install/ament_cmake_python:/home/yug/agv-alpharacer/alpha-RACER/ros2_ws/src/install/ament_cmake_libraries:/home/yug/agv-alpharacer/alpha-RACER/ros2_ws/src/install/ament_cmake_core:/home/yug/agv-alpharacer/alpha-RACER/ros2_ws/install/network_bridge:/home/yug/agv-alpharacer/alpha-RACER/ros2_ws/install/geometry2:/home/yug/agv-alpharacer/alpha-RACER/ros2_ws/install/tf2_sensor_msgs:/home/yug/agv-alpharacer/alpha-RACER/ros2_ws/install/test_tf2:/home/yug/agv-alpharacer/alpha-RACER/ros2_ws/install/tf2_kdl:/home/yug/agv-alpharacer/alpha-RACER/ros2_ws/install/tf2_geometry_msgs:/home/yug/agv-alpharacer/alpha-RACER/ros2_ws/install/tf2_eigen:/home/yug/agv-alpharacer/alpha-RACER/ros2_ws/install/tf2_bullet:/home/yug/agv-alpharacer/alpha-RACER/ros2_ws/install/tf2_ros:/home/yug/agv-alpharacer/alpha-RACER/ros2_ws/install/tf2_py:/home/yug/agv-alpharacer/alpha-RACER/ros2_ws/install/tf2_msgs:/home/yug/agv-alpharacer/alpha-RACER/ros2_ws/install/tf2_eigen_kdl:/home/yug/agv-alpharacer/alpha-RACER/ros2_ws/install/tf2:/home/yug/agv-alpharacer/alpha-RACER/ros2_ws/install/my_robot_description:/home/yug/agv-alpharacer/alpha-RACER/ros2_ws/install/my_custom_msgs:/home/yug/agv-alpharacer/alpha-RACER/ros2_ws/install/ament_cmake_auto:/home/yug/agv-alpharacer/alpha-RACER/ros2_ws/install/ament_cmake:/home/yug/agv-alpharacer/alpha-RACER/ros2_ws/install/ament_cmake_version:/home/yug/agv-alpharacer/alpha-RACER/ros2_ws/install/ament_cmake_vendor_package:/home/yug/agv-alpharacer/alpha-RACER/ros2_ws/install/ament_cmake_pytest:/home/yug/agv-alpharacer/alpha-RACER/ros2_ws/install/ament_cmake_nose:/home/yug/agv-alpharacer/alpha-RACER/ros2_ws/install/ament_cmake_gmock:/home/yug/agv-alpharacer/alpha-RACER/ros2_ws/install/ament_cmake_gtest:/home/yug/agv-alpharacer/alpha-RACER/ros2_ws/install/ament_cmake_google_benchmark:/home/yug/agv-alpharacer/alpha-RACER/ros2_ws/install/ament_cmake_test:/home/yug/agv-alpharacer/alpha-RACER/ros2_ws/install/ament_cmake_target_dependencies:/home/yug/agv-alpharacer/alpha-RACER/ros2_ws/install/ament_cmake_python:/home/yug/agv-alpharacer/alpha-RACER/ros2_ws/install/ament_cmake_export_dependencies:/home/yug/agv-alpharacer/alpha-RACER/ros2_ws/install/ament_cmake_libraries:/home/yug/agv-alpharacer/alpha-RACER/ros2_ws/install/ament_cmake_include_directories:/home/yug/agv-alpharacer/alpha-RACER/ros2_ws/install/ament_cmake_gen_version_h:/home/yug/agv-alpharacer/alpha-RACER/ros2_ws/install/ament_cmake_export_targets:/home/yug/agv-alpharacer/alpha-RACER/ros2_ws/install/ament_cmake_export_link_flags:/home/yug/agv-alpharacer/alpha-RACER/ros2_ws/install/ament_cmake_export_interfaces:/home/yug/agv-alpharacer/alpha-RACER/ros2_ws/install/ament_cmake_export_libraries:/home/yug/agv-alpharacer/alpha-RACER/ros2_ws/install/ament_cmake_export_include_directories:/home/yug/agv-alpharacer/alpha-RACER/ros2_ws/install/ament_cmake_export_definitions:/home/yug/agv-alpharacer/alpha-RACER/ros2_ws/install/ament_cmake_core:/home/yug/agv-alpharacer/alpha-RACER/ros2_ws/install/ackermann_msgs:/home/yug/agv-alpharacer/alpha-RACER/ros2_ws/install/tf_transformations:/home/yug/agv-alpharacer/alpha-RACER/ros2_ws/install/tf2_tools:/home/yug/agv-alpharacer/alpha-RACER/ros2_ws/install/examples_tf2_py:/home/yug/agv-alpharacer/alpha-RACER/ros2_ws/install/tf2_ros_py:/opt/ros/humble CONDA_PROMPT_MODIFIER=(alpharacer) PYTHONPATH=/home/yug/agv-alpharacer/alpha-RACER/ros2_ws/src/install/ament_cmake_test/local/lib/python3.10/dist-packages:${PYTHONPATH} /usr/bin/cmake /home/yug/agv-alpharacer/alpha-RACER/ros2_ws/src/ament_cmake/ament_cmake_vendor_package -DAMENT_CMAKE_SYMLINK_INSTALL=1 -DCMAKE_INSTALL_PREFIX=/home/yug/agv-alpharacer/alpha-RACER/ros2_ws/src/install/ament_cmake_vendor_package
[0.034s] -- Found ament_cmake_core: 1.3.12 (/home/yug/agv-alpharacer/alpha-RACER/ros2_ws/src/install/ament_cmake_core/share/ament_cmake_core/cmake)
[0.252s] -- Found Python3: /usr/bin/python3 (found version "3.10.12") found components: Interpreter 
[0.339s] -- Override CMake install command with custom implementation using symlinks instead of copying resources
[0.340s] -- Found ament_cmake_export_dependencies: 1.3.12 (/home/yug/agv-alpharacer/alpha-RACER/ros2_ws/src/install/ament_cmake_export_dependencies/share/ament_cmake_export_dependencies/cmake)
[0.500s] -- The C compiler identification is GNU 11.4.0
[0.564s] -- The CXX compiler identification is GNU 11.4.0
[0.572s] -- Detecting C compiler ABI info
[0.670s] -- Detecting C compiler ABI info - done
[0.677s] -- Check for working C compiler: /usr/bin/cc - skipped
[0.678s] -- Detecting C compile features
[0.678s] -- Detecting C compile features - done
[0.681s] -- Detecting CXX compiler ABI info
[0.787s] -- Detecting CXX compiler ABI info - done
[0.794s] -- Check for working CXX compiler: /usr/bin/c++ - skipped
[0.795s] -- Detecting CXX compile features
[0.795s] -- Detecting CXX compile features - done
[0.797s] -- Found ament_cmake_test: 1.3.12 (/home/yug/agv-alpharacer/alpha-RACER/ros2_ws/src/install/ament_cmake_test/share/ament_cmake_test/cmake)
[0.838s] -- Configuring done
[0.859s] -- Generating done
[0.867s] -- Build files have been written to: /home/yug/agv-alpharacer/alpha-RACER/ros2_ws/src/build/ament_cmake_vendor_package
[0.874s] Invoked command in '/home/yug/agv-alpharacer/alpha-RACER/ros2_ws/src/build/ament_cmake_vendor_package' returned '0': AMENT_PREFIX_PATH=/home/yug/agv-alpharacer/alpha-RACER/ros2_ws/src/install/ament_cmake_test:/home/yug/agv-alpharacer/alpha-RACER/ros2_ws/src/install/ament_cmake_export_dependencies:/home/yug/agv-alpharacer/alpha-RACER/ros2_ws/src/install/ament_cmake_python:/home/yug/agv-alpharacer/alpha-RACER/ros2_ws/src/install/ament_cmake_libraries:/home/yug/agv-alpharacer/alpha-RACER/ros2_ws/src/install/ament_cmake_core:${AMENT_PREFIX_PATH} CMAKE_PREFIX_PATH=/home/yug/agv-alpharacer/alpha-RACER/ros2_ws/src/install/ament_cmake_test:/home/yug/agv-alpharacer/alpha-RACER/ros2_ws/src/install/ament_cmake_export_dependencies:/home/yug/agv-alpharacer/alpha-RACER/ros2_ws/src/install/ament_cmake_python:/home/yug/agv-alpharacer/alpha-RACER/ros2_ws/src/install/ament_cmake_libraries:/home/yug/agv-alpharacer/alpha-RACER/ros2_ws/src/install/ament_cmake_core:/home/yug/agv-alpharacer/alpha-RACER/ros2_ws/install/network_bridge:/home/yug/agv-alpharacer/alpha-RACER/ros2_ws/install/geometry2:/home/yug/agv-alpharacer/alpha-RACER/ros2_ws/install/tf2_sensor_msgs:/home/yug/agv-alpharacer/alpha-RACER/ros2_ws/install/test_tf2:/home/yug/agv-alpharacer/alpha-RACER/ros2_ws/install/tf2_kdl:/home/yug/agv-alpharacer/alpha-RACER/ros2_ws/install/tf2_geometry_msgs:/home/yug/agv-alpharacer/alpha-RACER/ros2_ws/install/tf2_eigen:/home/yug/agv-alpharacer/alpha-RACER/ros2_ws/install/tf2_bullet:/home/yug/agv-alpharacer/alpha-RACER/ros2_ws/install/tf2_ros:/home/yug/agv-alpharacer/alpha-RACER/ros2_ws/install/tf2_py:/home/yug/agv-alpharacer/alpha-RACER/ros2_ws/install/tf2_msgs:/home/yug/agv-alpharacer/alpha-RACER/ros2_ws/install/tf2_eigen_kdl:/home/yug/agv-alpharacer/alpha-RACER/ros2_ws/install/tf2:/home/yug/agv-alpharacer/alpha-RACER/ros2_ws/install/my_robot_description:/home/yug/agv-alpharacer/alpha-RACER/ros2_ws/install/my_custom_msgs:/home/yug/agv-alpharacer/alpha-RACER/ros2_ws/install/ament_cmake_auto:/home/yug/agv-alpharacer/alpha-RACER/ros2_ws/install/ament_cmake:/home/yug/agv-alpharacer/alpha-RACER/ros2_ws/install/ament_cmake_version:/home/yug/agv-alpharacer/alpha-RACER/ros2_ws/install/ament_cmake_vendor_package:/home/yug/agv-alpharacer/alpha-RACER/ros2_ws/install/ament_cmake_pytest:/home/yug/agv-alpharacer/alpha-RACER/ros2_ws/install/ament_cmake_nose:/home/yug/agv-alpharacer/alpha-RACER/ros2_ws/install/ament_cmake_gmock:/home/yug/agv-alpharacer/alpha-RACER/ros2_ws/install/ament_cmake_gtest:/home/yug/agv-alpharacer/alpha-RACER/ros2_ws/install/ament_cmake_google_benchmark:/home/yug/agv-alpharacer/alpha-RACER/ros2_ws/install/ament_cmake_test:/home/yug/agv-alpharacer/alpha-RACER/ros2_ws/install/ament_cmake_target_dependencies:/home/yug/agv-alpharacer/alpha-RACER/ros2_ws/install/ament_cmake_python:/home/yug/agv-alpharacer/alpha-RACER/ros2_ws/install/ament_cmake_export_dependencies:/home/yug/agv-alpharacer/alpha-RACER/ros2_ws/install/ament_cmake_libraries:/home/yug/agv-alpharacer/alpha-RACER/ros2_ws/install/ament_cmake_include_directories:/home/yug/agv-alpharacer/alpha-RACER/ros2_ws/install/ament_cmake_gen_version_h:/home/yug/agv-alpharacer/alpha-RACER/ros2_ws/install/ament_cmake_export_targets:/home/yug/agv-alpharacer/alpha-RACER/ros2_ws/install/ament_cmake_export_link_flags:/home/yug/agv-alpharacer/alpha-RACER/ros2_ws/install/ament_cmake_export_interfaces:/home/yug/agv-alpharacer/alpha-RACER/ros2_ws/install/ament_cmake_export_libraries:/home/yug/agv-alpharacer/alpha-RACER/ros2_ws/install/ament_cmake_export_include_directories:/home/yug/agv-alpharacer/alpha-RACER/ros2_ws/install/ament_cmake_export_definitions:/home/yug/agv-alpharacer/alpha-RACER/ros2_ws/install/ament_cmake_core:/home/yug/agv-alpharacer/alpha-RACER/ros2_ws/install/ackermann_msgs:/home/yug/agv-alpharacer/alpha-RACER/ros2_ws/install/tf_transformations:/home/yug/agv-alpharacer/alpha-RACER/ros2_ws/install/tf2_tools:/home/yug/agv-alpharacer/alpha-RACER/ros2_ws/install/examples_tf2_py:/home/yug/agv-alpharacer/alpha-RACER/ros2_ws/install/tf2_ros_py:/opt/ros/humble CONDA_PROMPT_MODIFIER=(alpharacer) PYTHONPATH=/home/yug/agv-alpharacer/alpha-RACER/ros2_ws/src/install/ament_cmake_test/local/lib/python3.10/dist-packages:${PYTHONPATH} /usr/bin/cmake /home/yug/agv-alpharacer/alpha-RACER/ros2_ws/src/ament_cmake/ament_cmake_vendor_package -DAMENT_CMAKE_SYMLINK_INSTALL=1 -DCMAKE_INSTALL_PREFIX=/home/yug/agv-alpharacer/alpha-RACER/ros2_ws/src/install/ament_cmake_vendor_package
[0.877s] Invoking command in '/home/yug/agv-alpharacer/alpha-RACER/ros2_ws/src/build/ament_cmake_vendor_package': AMENT_PREFIX_PATH=/home/yug/agv-alpharacer/alpha-RACER/ros2_ws/src/install/ament_cmake_test:/home/yug/agv-alpharacer/alpha-RACER/ros2_ws/src/install/ament_cmake_export_dependencies:/home/yug/agv-alpharacer/alpha-RACER/ros2_ws/src/install/ament_cmake_python:/home/yug/agv-alpharacer/alpha-RACER/ros2_ws/src/install/ament_cmake_libraries:/home/yug/agv-alpharacer/alpha-RACER/ros2_ws/src/install/ament_cmake_core:${AMENT_PREFIX_PATH} CMAKE_PREFIX_PATH=/home/yug/agv-alpharacer/alpha-RACER/ros2_ws/src/install/ament_cmake_test:/home/yug/agv-alpharacer/alpha-RACER/ros2_ws/src/install/ament_cmake_export_dependencies:/home/yug/agv-alpharacer/alpha-RACER/ros2_ws/src/install/ament_cmake_python:/home/yug/agv-alpharacer/alpha-RACER/ros2_ws/src/install/ament_cmake_libraries:/home/yug/agv-alpharacer/alpha-RACER/ros2_ws/src/install/ament_cmake_core:/home/yug/agv-alpharacer/alpha-RACER/ros2_ws/install/network_bridge:/home/yug/agv-alpharacer/alpha-RACER/ros2_ws/install/geometry2:/home/yug/agv-alpharacer/alpha-RACER/ros2_ws/install/tf2_sensor_msgs:/home/yug/agv-alpharacer/alpha-RACER/ros2_ws/install/test_tf2:/home/yug/agv-alpharacer/alpha-RACER/ros2_ws/install/tf2_kdl:/home/yug/agv-alpharacer/alpha-RACER/ros2_ws/install/tf2_geometry_msgs:/home/yug/agv-alpharacer/alpha-RACER/ros2_ws/install/tf2_eigen:/home/yug/agv-alpharacer/alpha-RACER/ros2_ws/install/tf2_bullet:/home/yug/agv-alpharacer/alpha-RACER/ros2_ws/install/tf2_ros:/home/yug/agv-alpharacer/alpha-RACER/ros2_ws/install/tf2_py:/home/yug/agv-alpharacer/alpha-RACER/ros2_ws/install/tf2_msgs:/home/yug/agv-alpharacer/alpha-RACER/ros2_ws/install/tf2_eigen_kdl:/home/yug/agv-alpharacer/alpha-RACER/ros2_ws/install/tf2:/home/yug/agv-alpharacer/alpha-RACER/ros2_ws/install/my_robot_description:/home/yug/agv-alpharacer/alpha-RACER/ros2_ws/install/my_custom_msgs:/home/yug/agv-alpharacer/alpha-RACER/ros2_ws/install/ament_cmake_auto:/home/yug/agv-alpharacer/alpha-RACER/ros2_ws/install/ament_cmake:/home/yug/agv-alpharacer/alpha-RACER/ros2_ws/install/ament_cmake_version:/home/yug/agv-alpharacer/alpha-RACER/ros2_ws/install/ament_cmake_vendor_package:/home/yug/agv-alpharacer/alpha-RACER/ros2_ws/install/ament_cmake_pytest:/home/yug/agv-alpharacer/alpha-RACER/ros2_ws/install/ament_cmake_nose:/home/yug/agv-alpharacer/alpha-RACER/ros2_ws/install/ament_cmake_gmock:/home/yug/agv-alpharacer/alpha-RACER/ros2_ws/install/ament_cmake_gtest:/home/yug/agv-alpharacer/alpha-RACER/ros2_ws/install/ament_cmake_google_benchmark:/home/yug/agv-alpharacer/alpha-RACER/ros2_ws/install/ament_cmake_test:/home/yug/agv-alpharacer/alpha-RACER/ros2_ws/install/ament_cmake_target_dependencies:/home/yug/agv-alpharacer/alpha-RACER/ros2_ws/install/ament_cmake_python:/home/yug/agv-alpharacer/alpha-RACER/ros2_ws/install/ament_cmake_export_dependencies:/home/yug/agv-alpharacer/alpha-RACER/ros2_ws/install/ament_cmake_libraries:/home/yug/agv-alpharacer/alpha-RACER/ros2_ws/install/ament_cmake_include_directories:/home/yug/agv-alpharacer/alpha-RACER/ros2_ws/install/ament_cmake_gen_version_h:/home/yug/agv-alpharacer/alpha-RACER/ros2_ws/install/ament_cmake_export_targets:/home/yug/agv-alpharacer/alpha-RACER/ros2_ws/install/ament_cmake_export_link_flags:/home/yug/agv-alpharacer/alpha-RACER/ros2_ws/install/ament_cmake_export_interfaces:/home/yug/agv-alpharacer/alpha-RACER/ros2_ws/install/ament_cmake_export_libraries:/home/yug/agv-alpharacer/alpha-RACER/ros2_ws/install/ament_cmake_export_include_directories:/home/yug/agv-alpharacer/alpha-RACER/ros2_ws/install/ament_cmake_export_definitions:/home/yug/agv-alpharacer/alpha-RACER/ros2_ws/install/ament_cmake_core:/home/yug/agv-alpharacer/alpha-RACER/ros2_ws/install/ackermann_msgs:/home/yug/agv-alpharacer/alpha-RACER/ros2_ws/install/tf_transformations:/home/yug/agv-alpharacer/alpha-RACER/ros2_ws/install/tf2_tools:/home/yug/agv-alpharacer/alpha-RACER/ros2_ws/install/examples_tf2_py:/home/yug/agv-alpharacer/alpha-RACER/ros2_ws/install/tf2_ros_py:/opt/ros/humble CONDA_PROMPT_MODIFIER=(alpharacer) PYTHONPATH=/home/yug/agv-alpharacer/alpha-RACER/ros2_ws/src/install/ament_cmake_test/local/lib/python3.10/dist-packages:${PYTHONPATH} /usr/bin/cmake --build /home/yug/agv-alpharacer/alpha-RACER/ros2_ws/src/build/ament_cmake_vendor_package -- -j16 -l16
[0.941s] [  9%] [34m[1mCreating directories for 'exlib_good'[0m
[0.941s] [  9%] [34m[1mCreating directories for 'exlib_bad'[0m
[1.040s] [ 19%] [34m[1mNo download step for 'exlib_bad'[0m
[1.040s] [ 19%] [34m[1mNo download step for 'exlib_good'[0m
[1.071s] [ 28%] [34m[1mNo patch step for 'exlib_good'[0m
[1.071s] [ 28%] [34m[1mNo patch step for 'exlib_bad'[0m
[1.105s] [ 38%] [34m[1mPerforming configure step for 'exlib_bad'[0m
[1.105s] [ 38%] [34m[1mPerforming configure step for 'exlib_good'[0m
[1.117s] loading initial cache file /home/yug/agv-alpharacer/alpha-RACER/ros2_ws/src/build/ament_cmake_vendor_package/test/exlib_good-config.cmake
[1.117s] loading initial cache file /home/yug/agv-alpharacer/alpha-RACER/ros2_ws/src/build/ament_cmake_vendor_package/test/exlib_bad-config.cmake
[1.172s] -- The C compiler identification is GNU 11.4.0
[1.173s] -- The C compiler identification is GNU 11.4.0
[1.237s] -- The CXX compiler identification is GNU 11.4.0
[1.238s] -- The CXX compiler identification is GNU 11.4.0
[1.246s] -- Detecting C compiler ABI info
[1.247s] -- Detecting C compiler ABI info
[1.348s] -- Detecting C compiler ABI info - done
[1.348s] -- Detecting C compiler ABI info - done
[1.355s] -- Check for working C compiler: /usr/bin/cc - skipped
[1.355s] -- Detecting C compile features
[1.355s] -- Check for working C compiler: /usr/bin/cc - skipped
[1.355s] -- Detecting C compile features - done
[1.355s] -- Detecting C compile features
[1.356s] -- Detecting C compile features - done
[1.358s] -- Detecting CXX compiler ABI info
[1.359s] -- Detecting CXX compiler ABI info
[1.457s] -- Detecting CXX compiler ABI info - done
[1.458s] -- Detecting CXX compiler ABI info - done
[1.464s] -- Check for working CXX compiler: /usr/bin/c++ - skipped
[1.464s] -- Detecting CXX compile features
[1.465s] -- Detecting CXX compile features - done
[1.466s] -- Check for working CXX compiler: /usr/bin/c++ - skipped
[1.466s] -- Detecting CXX compile features
[1.466s] -- Configuring done
[1.466s] -- Detecting CXX compile features - done
[1.468s] -- Configuring done
[1.469s] -- Generating done
[1.470s] -- Build files have been written to: /home/yug/agv-alpharacer/alpha-RACER/ros2_ws/src/build/ament_cmake_vendor_package/test/exlib_bad-prefix/src/exlib_bad-build
[1.471s] -- Generating done
[1.472s] -- Build files have been written to: /home/yug/agv-alpharacer/alpha-RACER/ros2_ws/src/build/ament_cmake_vendor_package/test/exlib_good-prefix/src/exlib_good-build
[1.496s] [ 42%] [34m[1mPerforming build step for 'exlib_bad'[0m
[1.496s] [ 47%] [34m[1mPerforming build step for 'exlib_good'[0m
[1.548s] [ 50%] [32mBuilding C object CMakeFiles/exlib.dir/src/exlib.c.o[0m
[1.549s] [ 50%] [32mBuilding C object CMakeFiles/exlib.dir/src/exlib.c.o[0m
[1.575s] [100%] [32m[1mLinking C shared library libexlib.so[0m
[1.575s] [100%] [32m[1mLinking C shared library libexlib.so[0m
[1.611s] [100%] Built target exlib
[1.611s] [100%] Built target exlib
[1.644s] [ 52%] [34m[1mPerforming install step for 'exlib_bad'[0m
[1.644s] [ 57%] [34m[1mPerforming install step for 'exlib_good'[0m
[1.682s] [35m[1mConsolidate compiler generated dependencies of target exlib[0m
[1.682s] [35m[1mConsolidate compiler generated dependencies of target exlib[0m
[1.696s] [100%] Built target exlib
[1.696s] [100%] Built target exlib
[1.720s] [36mInstall the project...[0m
[1.720s] [36mInstall the project...[0m
[1.731s] -- Install configuration: ""
[1.731s] -- Install configuration: ""
[1.731s] -- Installing: /home/yug/agv-alpharacer/alpha-RACER/ros2_ws/src/build/ament_cmake_vendor_package/test/exlib_bad-prefix/install/lib/libexlib.so
[1.731s] -- Installing: /home/yug/agv-alpharacer/alpha-RACER/ros2_ws/src/build/ament_cmake_vendor_package/test/exlib_good-prefix/install/lib/libexlib.so
[1.731s] -- Installing: /home/yug/agv-alpharacer/alpha-RACER/ros2_ws/src/build/ament_cmake_vendor_package/test/exlib_bad-prefix/install/include
[1.731s] -- Installing: /home/yug/agv-alpharacer/alpha-RACER/ros2_ws/src/build/ament_cmake_vendor_package/test/exlib_good-prefix/install/include
[1.731s] -- Installing: /home/yug/agv-alpharacer/alpha-RACER/ros2_ws/src/build/ament_cmake_vendor_package/test/exlib_bad-prefix/install/include/exlib
[1.732s] -- Installing: /home/yug/agv-alpharacer/alpha-RACER/ros2_ws/src/build/ament_cmake_vendor_package/test/exlib_bad-prefix/install/include/exlib/visibility_control.h
[1.732s] -- Installing: /home/yug/agv-alpharacer/alpha-RACER/ros2_ws/src/build/ament_cmake_vendor_package/test/exlib_good-prefix/install/include/exlib
[1.732s] -- Installing: /home/yug/agv-alpharacer/alpha-RACER/ros2_ws/src/build/ament_cmake_vendor_package/test/exlib_good-prefix/install/include/exlib/visibility_control.h
[1.732s] -- Installing: /home/yug/agv-alpharacer/alpha-RACER/ros2_ws/src/build/ament_cmake_vendor_package/test/exlib_bad-prefix/install/include/exlib/exlib.h
[1.732s] -- Installing: /home/yug/agv-alpharacer/alpha-RACER/ros2_ws/src/build/ament_cmake_vendor_package/test/exlib_good-prefix/install/include/exlib/exlib.h
[1.732s] -- Installing: /home/yug/agv-alpharacer/alpha-RACER/ros2_ws/src/build/ament_cmake_vendor_package/test/exlib_bad-prefix/install/lib/cmake/exlib/exlibTargets.cmake
[1.732s] -- Installing: /home/yug/agv-alpharacer/alpha-RACER/ros2_ws/src/build/ament_cmake_vendor_package/test/exlib_bad-prefix/install/lib/cmake/exlib/exlibTargets-noconfig.cmake
[1.732s] -- Installing: /home/yug/agv-alpharacer/alpha-RACER/ros2_ws/src/build/ament_cmake_vendor_package/test/exlib_good-prefix/install/lib/cmake/exlib/exlibTargets.cmake
[1.732s] -- Installing: /home/yug/agv-alpharacer/alpha-RACER/ros2_ws/src/build/ament_cmake_vendor_package/test/exlib_bad-prefix/install/lib/cmake/exlib/exlibConfig.cmake
[1.732s] -- Installing: /home/yug/agv-alpharacer/alpha-RACER/ros2_ws/src/build/ament_cmake_vendor_package/test/exlib_good-prefix/install/lib/cmake/exlib/exlibTargets-noconfig.cmake
[1.732s] -- Installing: /home/yug/agv-alpharacer/alpha-RACER/ros2_ws/src/build/ament_cmake_vendor_package/test/exlib_good-prefix/install/lib/cmake/exlib/exlibConfig.cmake
[1.754s] [ 66%] [34m[1mCompleted 'exlib_good'[0m
[1.754s] [ 66%] [34m[1mCompleted 'exlib_bad'[0m
[1.799s] [ 66%] Built target exlib_bad
[1.799s] [ 66%] Built target exlib_good
[1.826s] [ 71%] [34m[1mCreating directories for 'depender'[0m
[1.929s] [ 76%] [34m[1mNo download step for 'depender'[0m
[1.961s] [ 80%] [34m[1mNo patch step for 'depender'[0m
[1.993s] [ 85%] [34m[1mPerforming configure step for 'depender'[0m
[2.004s] loading initial cache file /home/yug/agv-alpharacer/alpha-RACER/ros2_ws/src/build/ament_cmake_vendor_package/test/depender-config.cmake
[2.060s] -- The C compiler identification is GNU 11.4.0
[2.121s] -- The CXX compiler identification is GNU 11.4.0
[2.130s] -- Detecting C compiler ABI info
[2.209s] -- Detecting C compiler ABI info - done
[2.215s] -- Check for working C compiler: /usr/bin/cc - skipped
[2.216s] -- Detecting C compile features
[2.216s] -- Detecting C compile features - done
[2.218s] -- Detecting CXX compiler ABI info
[2.308s] -- Detecting CXX compiler ABI info - done
[2.315s] -- Check for working CXX compiler: /usr/bin/c++ - skipped
[2.315s] -- Detecting CXX compile features
[2.316s] -- Detecting CXX compile features - done
[2.317s] -- Configuring done
[2.320s] -- Generating done
[2.320s] -- Build files have been written to: /home/yug/agv-alpharacer/alpha-RACER/ros2_ws/src/build/ament_cmake_vendor_package/test/depender-prefix/src/depender-build
[2.342s] [ 90%] [34m[1mPerforming build step for 'depender'[0m
[2.392s] [ 50%] [32mBuilding C object CMakeFiles/depender.dir/src/depender.c.o[0m
[2.422s] [100%] [32m[1mLinking C executable depender[0m
[2.466s] [100%] Built target depender
[2.500s] [ 95%] [34m[1mPerforming install step for 'depender'[0m
[2.541s] [35m[1mConsolidate compiler generated dependencies of target depender[0m
[2.553s] [100%] Built target depender
[2.576s] [36mInstall the project...[0m
[2.586s] -- Install configuration: ""
[2.587s] -- Installing: /home/yug/agv-alpharacer/alpha-RACER/ros2_ws/src/build/ament_cmake_vendor_package/test/depender-prefix/install/bin/depender
[2.587s] -- Set runtime path of "/home/yug/agv-alpharacer/alpha-RACER/ros2_ws/src/build/ament_cmake_vendor_package/test/depender-prefix/install/bin/depender" to ""
[2.610s] [100%] [34m[1mCompleted 'depender'[0m
[2.654s] [100%] Built target depender
[2.669s] Invoked command in '/home/yug/agv-alpharacer/alpha-RACER/ros2_ws/src/build/ament_cmake_vendor_package' returned '0': AMENT_PREFIX_PATH=/home/yug/agv-alpharacer/alpha-RACER/ros2_ws/src/install/ament_cmake_test:/home/yug/agv-alpharacer/alpha-RACER/ros2_ws/src/install/ament_cmake_export_dependencies:/home/yug/agv-alpharacer/alpha-RACER/ros2_ws/src/install/ament_cmake_python:/home/yug/agv-alpharacer/alpha-RACER/ros2_ws/src/install/ament_cmake_libraries:/home/yug/agv-alpharacer/alpha-RACER/ros2_ws/src/install/ament_cmake_core:${AMENT_PREFIX_PATH} CMAKE_PREFIX_PATH=/home/yug/agv-alpharacer/alpha-RACER/ros2_ws/src/install/ament_cmake_test:/home/yug/agv-alpharacer/alpha-RACER/ros2_ws/src/install/ament_cmake_export_dependencies:/home/yug/agv-alpharacer/alpha-RACER/ros2_ws/src/install/ament_cmake_python:/home/yug/agv-alpharacer/alpha-RACER/ros2_ws/src/install/ament_cmake_libraries:/home/yug/agv-alpharacer/alpha-RACER/ros2_ws/src/install/ament_cmake_core:/home/yug/agv-alpharacer/alpha-RACER/ros2_ws/install/network_bridge:/home/yug/agv-alpharacer/alpha-RACER/ros2_ws/install/geometry2:/home/yug/agv-alpharacer/alpha-RACER/ros2_ws/install/tf2_sensor_msgs:/home/yug/agv-alpharacer/alpha-RACER/ros2_ws/install/test_tf2:/home/yug/agv-alpharacer/alpha-RACER/ros2_ws/install/tf2_kdl:/home/yug/agv-alpharacer/alpha-RACER/ros2_ws/install/tf2_geometry_msgs:/home/yug/agv-alpharacer/alpha-RACER/ros2_ws/install/tf2_eigen:/home/yug/agv-alpharacer/alpha-RACER/ros2_ws/install/tf2_bullet:/home/yug/agv-alpharacer/alpha-RACER/ros2_ws/install/tf2_ros:/home/yug/agv-alpharacer/alpha-RACER/ros2_ws/install/tf2_py:/home/yug/agv-alpharacer/alpha-RACER/ros2_ws/install/tf2_msgs:/home/yug/agv-alpharacer/alpha-RACER/ros2_ws/install/tf2_eigen_kdl:/home/yug/agv-alpharacer/alpha-RACER/ros2_ws/install/tf2:/home/yug/agv-alpharacer/alpha-RACER/ros2_ws/install/my_robot_description:/home/yug/agv-alpharacer/alpha-RACER/ros2_ws/install/my_custom_msgs:/home/yug/agv-alpharacer/alpha-RACER/ros2_ws/install/ament_cmake_auto:/home/yug/agv-alpharacer/alpha-RACER/ros2_ws/install/ament_cmake:/home/yug/agv-alpharacer/alpha-RACER/ros2_ws/install/ament_cmake_version:/home/yug/agv-alpharacer/alpha-RACER/ros2_ws/install/ament_cmake_vendor_package:/home/yug/agv-alpharacer/alpha-RACER/ros2_ws/install/ament_cmake_pytest:/home/yug/agv-alpharacer/alpha-RACER/ros2_ws/install/ament_cmake_nose:/home/yug/agv-alpharacer/alpha-RACER/ros2_ws/install/ament_cmake_gmock:/home/yug/agv-alpharacer/alpha-RACER/ros2_ws/install/ament_cmake_gtest:/home/yug/agv-alpharacer/alpha-RACER/ros2_ws/install/ament_cmake_google_benchmark:/home/yug/agv-alpharacer/alpha-RACER/ros2_ws/install/ament_cmake_test:/home/yug/agv-alpharacer/alpha-RACER/ros2_ws/install/ament_cmake_target_dependencies:/home/yug/agv-alpharacer/alpha-RACER/ros2_ws/install/ament_cmake_python:/home/yug/agv-alpharacer/alpha-RACER/ros2_ws/install/ament_cmake_export_dependencies:/home/yug/agv-alpharacer/alpha-RACER/ros2_ws/install/ament_cmake_libraries:/home/yug/agv-alpharacer/alpha-RACER/ros2_ws/install/ament_cmake_include_directories:/home/yug/agv-alpharacer/alpha-RACER/ros2_ws/install/ament_cmake_gen_version_h:/home/yug/agv-alpharacer/alpha-RACER/ros2_ws/install/ament_cmake_export_targets:/home/yug/agv-alpharacer/alpha-RACER/ros2_ws/install/ament_cmake_export_link_flags:/home/yug/agv-alpharacer/alpha-RACER/ros2_ws/install/ament_cmake_export_interfaces:/home/yug/agv-alpharacer/alpha-RACER/ros2_ws/install/ament_cmake_export_libraries:/home/yug/agv-alpharacer/alpha-RACER/ros2_ws/install/ament_cmake_export_include_directories:/home/yug/agv-alpharacer/alpha-RACER/ros2_ws/install/ament_cmake_export_definitions:/home/yug/agv-alpharacer/alpha-RACER/ros2_ws/install/ament_cmake_core:/home/yug/agv-alpharacer/alpha-RACER/ros2_ws/install/ackermann_msgs:/home/yug/agv-alpharacer/alpha-RACER/ros2_ws/install/tf_transformations:/home/yug/agv-alpharacer/alpha-RACER/ros2_ws/install/tf2_tools:/home/yug/agv-alpharacer/alpha-RACER/ros2_ws/install/examples_tf2_py:/home/yug/agv-alpharacer/alpha-RACER/ros2_ws/install/tf2_ros_py:/opt/ros/humble CONDA_PROMPT_MODIFIER=(alpharacer) PYTHONPATH=/home/yug/agv-alpharacer/alpha-RACER/ros2_ws/src/install/ament_cmake_test/local/lib/python3.10/dist-packages:${PYTHONPATH} /usr/bin/cmake --build /home/yug/agv-alpharacer/alpha-RACER/ros2_ws/src/build/ament_cmake_vendor_package -- -j16 -l16
[2.672s] Invoking command in '/home/yug/agv-alpharacer/alpha-RACER/ros2_ws/src/build/ament_cmake_vendor_package': AMENT_PREFIX_PATH=/home/yug/agv-alpharacer/alpha-RACER/ros2_ws/src/install/ament_cmake_test:/home/yug/agv-alpharacer/alpha-RACER/ros2_ws/src/install/ament_cmake_export_dependencies:/home/yug/agv-alpharacer/alpha-RACER/ros2_ws/src/install/ament_cmake_python:/home/yug/agv-alpharacer/alpha-RACER/ros2_ws/src/install/ament_cmake_libraries:/home/yug/agv-alpharacer/alpha-RACER/ros2_ws/src/install/ament_cmake_core:${AMENT_PREFIX_PATH} CMAKE_PREFIX_PATH=/home/yug/agv-alpharacer/alpha-RACER/ros2_ws/src/install/ament_cmake_test:/home/yug/agv-alpharacer/alpha-RACER/ros2_ws/src/install/ament_cmake_export_dependencies:/home/yug/agv-alpharacer/alpha-RACER/ros2_ws/src/install/ament_cmake_python:/home/yug/agv-alpharacer/alpha-RACER/ros2_ws/src/install/ament_cmake_libraries:/home/yug/agv-alpharacer/alpha-RACER/ros2_ws/src/install/ament_cmake_core:/home/yug/agv-alpharacer/alpha-RACER/ros2_ws/install/network_bridge:/home/yug/agv-alpharacer/alpha-RACER/ros2_ws/install/geometry2:/home/yug/agv-alpharacer/alpha-RACER/ros2_ws/install/tf2_sensor_msgs:/home/yug/agv-alpharacer/alpha-RACER/ros2_ws/install/test_tf2:/home/yug/agv-alpharacer/alpha-RACER/ros2_ws/install/tf2_kdl:/home/yug/agv-alpharacer/alpha-RACER/ros2_ws/install/tf2_geometry_msgs:/home/yug/agv-alpharacer/alpha-RACER/ros2_ws/install/tf2_eigen:/home/yug/agv-alpharacer/alpha-RACER/ros2_ws/install/tf2_bullet:/home/yug/agv-alpharacer/alpha-RACER/ros2_ws/install/tf2_ros:/home/yug/agv-alpharacer/alpha-RACER/ros2_ws/install/tf2_py:/home/yug/agv-alpharacer/alpha-RACER/ros2_ws/install/tf2_msgs:/home/yug/agv-alpharacer/alpha-RACER/ros2_ws/install/tf2_eigen_kdl:/home/yug/agv-alpharacer/alpha-RACER/ros2_ws/install/tf2:/home/yug/agv-alpharacer/alpha-RACER/ros2_ws/install/my_robot_description:/home/yug/agv-alpharacer/alpha-RACER/ros2_ws/install/my_custom_msgs:/home/yug/agv-alpharacer/alpha-RACER/ros2_ws/install/ament_cmake_auto:/home/yug/agv-alpharacer/alpha-RACER/ros2_ws/install/ament_cmake:/home/yug/agv-alpharacer/alpha-RACER/ros2_ws/install/ament_cmake_version:/home/yug/agv-alpharacer/alpha-RACER/ros2_ws/install/ament_cmake_vendor_package:/home/yug/agv-alpharacer/alpha-RACER/ros2_ws/install/ament_cmake_pytest:/home/yug/agv-alpharacer/alpha-RACER/ros2_ws/install/ament_cmake_nose:/home/yug/agv-alpharacer/alpha-RACER/ros2_ws/install/ament_cmake_gmock:/home/yug/agv-alpharacer/alpha-RACER/ros2_ws/install/ament_cmake_gtest:/home/yug/agv-alpharacer/alpha-RACER/ros2_ws/install/ament_cmake_google_benchmark:/home/yug/agv-alpharacer/alpha-RACER/ros2_ws/install/ament_cmake_test:/home/yug/agv-alpharacer/alpha-RACER/ros2_ws/install/ament_cmake_target_dependencies:/home/yug/agv-alpharacer/alpha-RACER/ros2_ws/install/ament_cmake_python:/home/yug/agv-alpharacer/alpha-RACER/ros2_ws/install/ament_cmake_export_dependencies:/home/yug/agv-alpharacer/alpha-RACER/ros2_ws/install/ament_cmake_libraries:/home/yug/agv-alpharacer/alpha-RACER/ros2_ws/install/ament_cmake_include_directories:/home/yug/agv-alpharacer/alpha-RACER/ros2_ws/install/ament_cmake_gen_version_h:/home/yug/agv-alpharacer/alpha-RACER/ros2_ws/install/ament_cmake_export_targets:/home/yug/agv-alpharacer/alpha-RACER/ros2_ws/install/ament_cmake_export_link_flags:/home/yug/agv-alpharacer/alpha-RACER/ros2_ws/install/ament_cmake_export_interfaces:/home/yug/agv-alpharacer/alpha-RACER/ros2_ws/install/ament_cmake_export_libraries:/home/yug/agv-alpharacer/alpha-RACER/ros2_ws/install/ament_cmake_export_include_directories:/home/yug/agv-alpharacer/alpha-RACER/ros2_ws/install/ament_cmake_export_definitions:/home/yug/agv-alpharacer/alpha-RACER/ros2_ws/install/ament_cmake_core:/home/yug/agv-alpharacer/alpha-RACER/ros2_ws/install/ackermann_msgs:/home/yug/agv-alpharacer/alpha-RACER/ros2_ws/install/tf_transformations:/home/yug/agv-alpharacer/alpha-RACER/ros2_ws/install/tf2_tools:/home/yug/agv-alpharacer/alpha-RACER/ros2_ws/install/examples_tf2_py:/home/yug/agv-alpharacer/alpha-RACER/ros2_ws/install/tf2_ros_py:/opt/ros/humble CONDA_PROMPT_MODIFIER=(alpharacer) PYTHONPATH=/home/yug/agv-alpharacer/alpha-RACER/ros2_ws/src/install/ament_cmake_test/local/lib/python3.10/dist-packages:${PYTHONPATH} /usr/bin/cmake --install /home/yug/agv-alpharacer/alpha-RACER/ros2_ws/src/build/ament_cmake_vendor_package
[2.681s] -- Install configuration: ""
[2.681s] -- Execute custom install script
[2.682s] -- Symlinking: /home/yug/agv-alpharacer/alpha-RACER/ros2_ws/src/install/ament_cmake_vendor_package/share/ament_index/resource_index/package_run_dependencies/ament_cmake_vendor_package
[2.693s] -- Symlinking: /home/yug/agv-alpharacer/alpha-RACER/ros2_ws/src/install/ament_cmake_vendor_package/share/ament_index/resource_index/parent_prefix_path/ament_cmake_vendor_package
[2.704s] -- Symlinking: /home/yug/agv-alpharacer/alpha-RACER/ros2_ws/src/install/ament_cmake_vendor_package/share/ament_cmake_vendor_package/environment/ament_prefix_path.sh
[2.716s] -- Symlinking: /home/yug/agv-alpharacer/alpha-RACER/ros2_ws/src/install/ament_cmake_vendor_package/share/ament_cmake_vendor_package/environment/ament_prefix_path.dsv
[2.728s] -- Symlinking: /home/yug/agv-alpharacer/alpha-RACER/ros2_ws/src/install/ament_cmake_vendor_package/share/ament_cmake_vendor_package/environment/path.sh
[2.739s] -- Symlinking: /home/yug/agv-alpharacer/alpha-RACER/ros2_ws/src/install/ament_cmake_vendor_package/share/ament_cmake_vendor_package/environment/path.dsv
[2.751s] -- Symlinking: /home/yug/agv-alpharacer/alpha-RACER/ros2_ws/src/install/ament_cmake_vendor_package/share/ament_cmake_vendor_package/local_setup.bash
[2.763s] -- Symlinking: /home/yug/agv-alpharacer/alpha-RACER/ros2_ws/src/install/ament_cmake_vendor_package/share/ament_cmake_vendor_package/local_setup.sh
[2.775s] -- Symlinking: /home/yug/agv-alpharacer/alpha-RACER/ros2_ws/src/install/ament_cmake_vendor_package/share/ament_cmake_vendor_package/local_setup.zsh
[2.785s] -- Symlinking: /home/yug/agv-alpharacer/alpha-RACER/ros2_ws/src/install/ament_cmake_vendor_package/share/ament_cmake_vendor_package/local_setup.dsv
[2.797s] -- Symlinking: /home/yug/agv-alpharacer/alpha-RACER/ros2_ws/src/install/ament_cmake_vendor_package/share/ament_cmake_vendor_package/package.dsv
[2.808s] -- Symlinking: /home/yug/agv-alpharacer/alpha-RACER/ros2_ws/src/install/ament_cmake_vendor_package/share/ament_index/resource_index/packages/ament_cmake_vendor_package
[2.819s] -- Symlinking: /home/yug/agv-alpharacer/alpha-RACER/ros2_ws/src/install/ament_cmake_vendor_package/share/ament_cmake_vendor_package/cmake/ament_cmake_vendor_package-extras.cmake
[2.831s] -- Symlinking: /home/yug/agv-alpharacer/alpha-RACER/ros2_ws/src/install/ament_cmake_vendor_package/share/ament_cmake_vendor_package/cmake/ament_cmake_export_dependencies-extras.cmake
[2.843s] -- Symlinking: /home/yug/agv-alpharacer/alpha-RACER/ros2_ws/src/install/ament_cmake_vendor_package/share/ament_cmake_vendor_package/cmake/ament_cmake_vendor_packageConfig.cmake
[2.854s] -- Symlinking: /home/yug/agv-alpharacer/alpha-RACER/ros2_ws/src/install/ament_cmake_vendor_package/share/ament_cmake_vendor_package/cmake/ament_cmake_vendor_packageConfig-version.cmake
[2.866s] -- Symlinking: /home/yug/agv-alpharacer/alpha-RACER/ros2_ws/src/install/ament_cmake_vendor_package/share/ament_cmake_vendor_package/package.xml
[2.877s] -- Symlinking: /home/yug/agv-alpharacer/alpha-RACER/ros2_ws/src/install/ament_cmake_vendor_package/share/ament_cmake_vendor_package/cmake/ament_vendor.cmake
[2.887s] -- Symlinking: /home/yug/agv-alpharacer/alpha-RACER/ros2_ws/src/install/ament_cmake_vendor_package/share/ament_cmake_vendor_package/cmake/templates/target.repos.in
[2.898s] -- Symlinking: /home/yug/agv-alpharacer/alpha-RACER/ros2_ws/src/install/ament_cmake_vendor_package/share/ament_cmake_vendor_package/cmake/templates/vendor_package.bat.in
[2.909s] -- Symlinking: /home/yug/agv-alpharacer/alpha-RACER/ros2_ws/src/install/ament_cmake_vendor_package/share/ament_cmake_vendor_package/cmake/templates/vendor_package.dsv.in
[2.920s] -- Symlinking: /home/yug/agv-alpharacer/alpha-RACER/ros2_ws/src/install/ament_cmake_vendor_package/share/ament_cmake_vendor_package/cmake/templates/vendor_package.sh.in
[2.931s] -- Symlinking: /home/yug/agv-alpharacer/alpha-RACER/ros2_ws/src/install/ament_cmake_vendor_package/share/ament_cmake_vendor_package/cmake/templates/vendor_package_cmake_prefix.bat.in
[2.942s] -- Symlinking: /home/yug/agv-alpharacer/alpha-RACER/ros2_ws/src/install/ament_cmake_vendor_package/share/ament_cmake_vendor_package/cmake/templates/vendor_package_cmake_prefix.cmake.in
[2.951s] -- Symlinking: /home/yug/agv-alpharacer/alpha-RACER/ros2_ws/src/install/ament_cmake_vendor_package/share/ament_cmake_vendor_package/cmake/templates/vendor_package_cmake_prefix.dsv.in
[2.962s] -- Symlinking: /home/yug/agv-alpharacer/alpha-RACER/ros2_ws/src/install/ament_cmake_vendor_package/share/ament_cmake_vendor_package/cmake/templates/vendor_package_cmake_prefix.sh.in
[2.976s] Invoked command in '/home/yug/agv-alpharacer/alpha-RACER/ros2_ws/src/build/ament_cmake_vendor_package' returned '0': AMENT_PREFIX_PATH=/home/yug/agv-alpharacer/alpha-RACER/ros2_ws/src/install/ament_cmake_test:/home/yug/agv-alpharacer/alpha-RACER/ros2_ws/src/install/ament_cmake_export_dependencies:/home/yug/agv-alpharacer/alpha-RACER/ros2_ws/src/install/ament_cmake_python:/home/yug/agv-alpharacer/alpha-RACER/ros2_ws/src/install/ament_cmake_libraries:/home/yug/agv-alpharacer/alpha-RACER/ros2_ws/src/install/ament_cmake_core:${AMENT_PREFIX_PATH} CMAKE_PREFIX_PATH=/home/yug/agv-alpharacer/alpha-RACER/ros2_ws/src/install/ament_cmake_test:/home/yug/agv-alpharacer/alpha-RACER/ros2_ws/src/install/ament_cmake_export_dependencies:/home/yug/agv-alpharacer/alpha-RACER/ros2_ws/src/install/ament_cmake_python:/home/yug/agv-alpharacer/alpha-RACER/ros2_ws/src/install/ament_cmake_libraries:/home/yug/agv-alpharacer/alpha-RACER/ros2_ws/src/install/ament_cmake_core:/home/yug/agv-alpharacer/alpha-RACER/ros2_ws/install/network_bridge:/home/yug/agv-alpharacer/alpha-RACER/ros2_ws/install/geometry2:/home/yug/agv-alpharacer/alpha-RACER/ros2_ws/install/tf2_sensor_msgs:/home/yug/agv-alpharacer/alpha-RACER/ros2_ws/install/test_tf2:/home/yug/agv-alpharacer/alpha-RACER/ros2_ws/install/tf2_kdl:/home/yug/agv-alpharacer/alpha-RACER/ros2_ws/install/tf2_geometry_msgs:/home/yug/agv-alpharacer/alpha-RACER/ros2_ws/install/tf2_eigen:/home/yug/agv-alpharacer/alpha-RACER/ros2_ws/install/tf2_bullet:/home/yug/agv-alpharacer/alpha-RACER/ros2_ws/install/tf2_ros:/home/yug/agv-alpharacer/alpha-RACER/ros2_ws/install/tf2_py:/home/yug/agv-alpharacer/alpha-RACER/ros2_ws/install/tf2_msgs:/home/yug/agv-alpharacer/alpha-RACER/ros2_ws/install/tf2_eigen_kdl:/home/yug/agv-alpharacer/alpha-RACER/ros2_ws/install/tf2:/home/yug/agv-alpharacer/alpha-RACER/ros2_ws/install/my_robot_description:/home/yug/agv-alpharacer/alpha-RACER/ros2_ws/install/my_custom_msgs:/home/yug/agv-alpharacer/alpha-RACER/ros2_ws/install/ament_cmake_auto:/home/yug/agv-alpharacer/alpha-RACER/ros2_ws/install/ament_cmake:/home/yug/agv-alpharacer/alpha-RACER/ros2_ws/install/ament_cmake_version:/home/yug/agv-alpharacer/alpha-RACER/ros2_ws/install/ament_cmake_vendor_package:/home/yug/agv-alpharacer/alpha-RACER/ros2_ws/install/ament_cmake_pytest:/home/yug/agv-alpharacer/alpha-RACER/ros2_ws/install/ament_cmake_nose:/home/yug/agv-alpharacer/alpha-RACER/ros2_ws/install/ament_cmake_gmock:/home/yug/agv-alpharacer/alpha-RACER/ros2_ws/install/ament_cmake_gtest:/home/yug/agv-alpharacer/alpha-RACER/ros2_ws/install/ament_cmake_google_benchmark:/home/yug/agv-alpharacer/alpha-RACER/ros2_ws/install/ament_cmake_test:/home/yug/agv-alpharacer/alpha-RACER/ros2_ws/install/ament_cmake_target_dependencies:/home/yug/agv-alpharacer/alpha-RACER/ros2_ws/install/ament_cmake_python:/home/yug/agv-alpharacer/alpha-RACER/ros2_ws/install/ament_cmake_export_dependencies:/home/yug/agv-alpharacer/alpha-RACER/ros2_ws/install/ament_cmake_libraries:/home/yug/agv-alpharacer/alpha-RACER/ros2_ws/install/ament_cmake_include_directories:/home/yug/agv-alpharacer/alpha-RACER/ros2_ws/install/ament_cmake_gen_version_h:/home/yug/agv-alpharacer/alpha-RACER/ros2_ws/install/ament_cmake_export_targets:/home/yug/agv-alpharacer/alpha-RACER/ros2_ws/install/ament_cmake_export_link_flags:/home/yug/agv-alpharacer/alpha-RACER/ros2_ws/install/ament_cmake_export_interfaces:/home/yug/agv-alpharacer/alpha-RACER/ros2_ws/install/ament_cmake_export_libraries:/home/yug/agv-alpharacer/alpha-RACER/ros2_ws/install/ament_cmake_export_include_directories:/home/yug/agv-alpharacer/alpha-RACER/ros2_ws/install/ament_cmake_export_definitions:/home/yug/agv-alpharacer/alpha-RACER/ros2_ws/install/ament_cmake_core:/home/yug/agv-alpharacer/alpha-RACER/ros2_ws/install/ackermann_msgs:/home/yug/agv-alpharacer/alpha-RACER/ros2_ws/install/tf_transformations:/home/yug/agv-alpharacer/alpha-RACER/ros2_ws/install/tf2_tools:/home/yug/agv-alpharacer/alpha-RACER/ros2_ws/install/examples_tf2_py:/home/yug/agv-alpharacer/alpha-RACER/ros2_ws/install/tf2_ros_py:/opt/ros/humble CONDA_PROMPT_MODIFIER=(alpharacer) PYTHONPATH=/home/yug/agv-alpharacer/alpha-RACER/ros2_ws/src/install/ament_cmake_test/local/lib/python3.10/dist-packages:${PYTHONPATH} /usr/bin/cmake --install /home/yug/agv-alpharacer/alpha-RACER/ros2_ws/src/build/ament_cmake_vendor_package
