[0.679s] Invoking command in '/home/yug/agv-alpharacer/alpha-RACER/ros2_ws/build/tf_transformations': CONDA_PROMPT_MODIFIER=(alpharacer) PYTHONPATH=/home/yug/agv-alpharacer/alpha-RACER/ros2_ws/build/tf_transformations/prefix_override:/usr/lib/python3/dist-packages/colcon_core/task/python/colcon_distutils_commands:/home/yug/agv-alpharacer/alpha-RACER/ros2_ws/install/tf_transformations/lib/python3.10/site-packages:${PYTHONPATH} /usr/bin/python3 -W ignore:setup.py install is deprecated -W ignore:easy_install command is deprecated setup.py develop --editable --build-directory /home/yug/agv-alpharacer/alpha-RACER/ros2_ws/build/tf_transformations/build --no-deps symlink_data
[0.933s] running develop
[1.105s] running egg_info
[1.105s] creating tf_transformations.egg-info
[1.105s] writing tf_transformations.egg-info/PKG-INFO
[1.106s] writing dependency_links to tf_transformations.egg-info/dependency_links.txt
[1.106s] writing requirements to tf_transformations.egg-info/requires.txt
[1.106s] writing top-level names to tf_transformations.egg-info/top_level.txt
[1.106s] writing manifest file 'tf_transformations.egg-info/SOURCES.txt'
[1.108s] reading manifest file 'tf_transformations.egg-info/SOURCES.txt'
[1.109s] writing manifest file 'tf_transformations.egg-info/SOURCES.txt'
[1.110s] running build_ext
[1.110s] Creating /home/yug/agv-alpharacer/alpha-RACER/ros2_ws/install/tf_transformations/lib/python3.10/site-packages/tf-transformations.egg-link (link to .)
[1.111s] 
[1.111s] Installed /home/yug/agv-alpharacer/alpha-RACER/ros2_ws/build/tf_transformations
[1.111s] running symlink_data
[1.111s] creating /home/yug/agv-alpharacer/alpha-RACER/ros2_ws/install/tf_transformations/share/ament_index
[1.111s] creating /home/yug/agv-alpharacer/alpha-RACER/ros2_ws/install/tf_transformations/share/ament_index/resource_index
[1.111s] creating /home/yug/agv-alpharacer/alpha-RACER/ros2_ws/install/tf_transformations/share/ament_index/resource_index/packages
[1.111s] symbolically linking /home/yug/agv-alpharacer/alpha-RACER/ros2_ws/build/tf_transformations/resource/tf_transformations -> /home/yug/agv-alpharacer/alpha-RACER/ros2_ws/install/tf_transformations/share/ament_index/resource_index/packages
[1.112s] symbolically linking /home/yug/agv-alpharacer/alpha-RACER/ros2_ws/build/tf_transformations/package.xml -> /home/yug/agv-alpharacer/alpha-RACER/ros2_ws/install/tf_transformations/share/tf_transformations
[1.215s] Invoked command in '/home/yug/agv-alpharacer/alpha-RACER/ros2_ws/build/tf_transformations' returned '0': CONDA_PROMPT_MODIFIER=(alpharacer) PYTHONPATH=/home/yug/agv-alpharacer/alpha-RACER/ros2_ws/build/tf_transformations/prefix_override:/usr/lib/python3/dist-packages/colcon_core/task/python/colcon_distutils_commands:/home/yug/agv-alpharacer/alpha-RACER/ros2_ws/install/tf_transformations/lib/python3.10/site-packages:${PYTHONPATH} /usr/bin/python3 -W ignore:setup.py install is deprecated -W ignore:easy_install command is deprecated setup.py develop --editable --build-directory /home/yug/agv-alpharacer/alpha-RACER/ros2_ws/build/tf_transformations/build --no-deps symlink_data
