[0.008s] Invoking command in '/home/dvij/multi-car-racing/ros2_ws/build/my_robot_description': CMAKE_PREFIX_PATH=/opt/ros/humble /usr/bin/cmake --build /home/dvij/multi-car-racing/ros2_ws/build/my_robot_description -- -j12 -l12
[0.055s] Invoked command in '/home/dvij/multi-car-racing/ros2_ws/build/my_robot_description' returned '0': CMAKE_PREFIX_PATH=/opt/ros/humble /usr/bin/cmake --build /home/dvij/multi-car-racing/ros2_ws/build/my_robot_description -- -j12 -l12
[0.091s] Invoking command in '/home/dvij/multi-car-racing/ros2_ws/build/my_robot_description': CMAKE_PREFIX_PATH=/opt/ros/humble /usr/bin/cmake --install /home/dvij/multi-car-racing/ros2_ws/build/my_robot_description
[0.099s] -- Install configuration: ""
[0.099s] -- Up-to-date: /home/dvij/multi-car-racing/ros2_ws/install/my_robot_description/share/my_robot_description/urdf
[0.099s] -- Up-to-date: /home/dvij/multi-car-racing/ros2_ws/install/my_robot_description/share/my_robot_description/urdf/car.urdf
[0.099s] -- Up-to-date: /home/dvij/multi-car-racing/ros2_ws/install/my_robot_description/share/my_robot_description/urdf/car1.urdf
[0.099s] -- Up-to-date: /home/dvij/multi-car-racing/ros2_ws/install/my_robot_description/share/my_robot_description/urdf/car2.urdf
[0.100s] -- Up-to-date: /home/dvij/multi-car-racing/ros2_ws/install/my_robot_description/share/my_robot_description/meshes
[0.100s] -- Up-to-date: /home/dvij/multi-car-racing/ros2_ws/install/my_robot_description/share/my_robot_description/meshes/il15_body.stl
[0.100s] -- Up-to-date: /home/dvij/multi-car-racing/ros2_ws/install/my_robot_description/share/my_robot_description/meshes/il15_tyre_fl.stl
[0.101s] -- Up-to-date: /home/dvij/multi-car-racing/ros2_ws/install/my_robot_description/share/my_robot_description/meshes/il15_tyre_fr.stl
[0.101s] -- Up-to-date: /home/dvij/multi-car-racing/ros2_ws/install/my_robot_description/share/my_robot_description/meshes/il15_tyre_rl.stl
[0.101s] -- Up-to-date: /home/dvij/multi-car-racing/ros2_ws/install/my_robot_description/share/my_robot_description/meshes/il15_tyre_rr.stl
[0.101s] -- Up-to-date: /home/dvij/multi-car-racing/ros2_ws/install/my_robot_description/share/my_robot_description/launch
[0.102s] -- Up-to-date: /home/dvij/multi-car-racing/ros2_ws/install/my_robot_description/share/my_robot_description/launch/display.launch.py
[0.102s] -- Up-to-date: /home/dvij/multi-car-racing/ros2_ws/install/my_robot_description/share/my_robot_description/launch/display1.launch.py
[0.102s] -- Up-to-date: /home/dvij/multi-car-racing/ros2_ws/install/my_robot_description/share/my_robot_description/launch/display2.launch.py
[0.102s] -- Up-to-date: /home/dvij/multi-car-racing/ros2_ws/install/my_robot_description/share/ament_index/resource_index/package_run_dependencies/my_robot_description
[0.102s] -- Up-to-date: /home/dvij/multi-car-racing/ros2_ws/install/my_robot_description/share/ament_index/resource_index/parent_prefix_path/my_robot_description
[0.102s] -- Up-to-date: /home/dvij/multi-car-racing/ros2_ws/install/my_robot_description/share/my_robot_description/environment/ament_prefix_path.sh
[0.103s] -- Up-to-date: /home/dvij/multi-car-racing/ros2_ws/install/my_robot_description/share/my_robot_description/environment/ament_prefix_path.dsv
[0.103s] -- Up-to-date: /home/dvij/multi-car-racing/ros2_ws/install/my_robot_description/share/my_robot_description/environment/path.sh
[0.103s] -- Up-to-date: /home/dvij/multi-car-racing/ros2_ws/install/my_robot_description/share/my_robot_description/environment/path.dsv
[0.103s] -- Up-to-date: /home/dvij/multi-car-racing/ros2_ws/install/my_robot_description/share/my_robot_description/local_setup.bash
[0.103s] -- Up-to-date: /home/dvij/multi-car-racing/ros2_ws/install/my_robot_description/share/my_robot_description/local_setup.sh
[0.103s] -- Up-to-date: /home/dvij/multi-car-racing/ros2_ws/install/my_robot_description/share/my_robot_description/local_setup.zsh
[0.103s] -- Up-to-date: /home/dvij/multi-car-racing/ros2_ws/install/my_robot_description/share/my_robot_description/local_setup.dsv
[0.103s] -- Up-to-date: /home/dvij/multi-car-racing/ros2_ws/install/my_robot_description/share/my_robot_description/package.dsv
[0.103s] -- Up-to-date: /home/dvij/multi-car-racing/ros2_ws/install/my_robot_description/share/ament_index/resource_index/packages/my_robot_description
[0.103s] -- Up-to-date: /home/dvij/multi-car-racing/ros2_ws/install/my_robot_description/share/my_robot_description/cmake/my_robot_descriptionConfig.cmake
[0.103s] -- Up-to-date: /home/dvij/multi-car-racing/ros2_ws/install/my_robot_description/share/my_robot_description/cmake/my_robot_descriptionConfig-version.cmake
[0.104s] -- Up-to-date: /home/dvij/multi-car-racing/ros2_ws/install/my_robot_description/share/my_robot_description/package.xml
[0.105s] Invoked command in '/home/dvij/multi-car-racing/ros2_ws/build/my_robot_description' returned '0': CMAKE_PREFIX_PATH=/opt/ros/humble /usr/bin/cmake --install /home/dvij/multi-car-racing/ros2_ws/build/my_robot_description
