-- Found ament_cmake_core: 1.3.12 (/home/yug/agv-alpharacer/alpha-RACER/ros2_ws/install/ament_cmake_core/share/ament_cmake_core/cmake)
-- Found Python3: /usr/bin/python3 (found version "3.10.12") found components: Interpreter 
-- Override CMake install command with custom implementation using symlinks instead of copying resources
-- Configuring done
-- Generating done
-- Build files have been written to: /home/yug/agv-alpharacer/alpha-RACER/ros2_ws/build/ament_cmake_gmock
-- Install configuration: ""
-- Execute custom install script
-- Symlinking: /home/yug/agv-alpharacer/alpha-RACER/ros2_ws/install/ament_cmake_gmock/share/ament_index/resource_index/package_run_dependencies/ament_cmake_gmock
-- Symlinking: /home/yug/agv-alpharacer/alpha-RACER/ros2_ws/install/ament_cmake_gmock/share/ament_index/resource_index/parent_prefix_path/ament_cmake_gmock
-- Symlinking: /home/yug/agv-alpharacer/alpha-RACER/ros2_ws/install/ament_cmake_gmock/share/ament_cmake_gmock/environment/ament_prefix_path.sh
-- Symlinking: /home/yug/agv-alpharacer/alpha-RACER/ros2_ws/install/ament_cmake_gmock/share/ament_cmake_gmock/environment/ament_prefix_path.dsv
-- Symlinking: /home/yug/agv-alpharacer/alpha-RACER/ros2_ws/install/ament_cmake_gmock/share/ament_cmake_gmock/environment/path.sh
-- Symlinking: /home/yug/agv-alpharacer/alpha-RACER/ros2_ws/install/ament_cmake_gmock/share/ament_cmake_gmock/environment/path.dsv
-- Symlinking: /home/yug/agv-alpharacer/alpha-RACER/ros2_ws/install/ament_cmake_gmock/share/ament_cmake_gmock/local_setup.bash
-- Symlinking: /home/yug/agv-alpharacer/alpha-RACER/ros2_ws/install/ament_cmake_gmock/share/ament_cmake_gmock/local_setup.sh
-- Symlinking: /home/yug/agv-alpharacer/alpha-RACER/ros2_ws/install/ament_cmake_gmock/share/ament_cmake_gmock/local_setup.zsh
-- Symlinking: /home/yug/agv-alpharacer/alpha-RACER/ros2_ws/install/ament_cmake_gmock/share/ament_cmake_gmock/local_setup.dsv
-- Symlinking: /home/yug/agv-alpharacer/alpha-RACER/ros2_ws/install/ament_cmake_gmock/share/ament_cmake_gmock/package.dsv
-- Symlinking: /home/yug/agv-alpharacer/alpha-RACER/ros2_ws/install/ament_cmake_gmock/share/ament_index/resource_index/packages/ament_cmake_gmock
-- Symlinking: /home/yug/agv-alpharacer/alpha-RACER/ros2_ws/install/ament_cmake_gmock/share/ament_cmake_gmock/cmake/ament_cmake_gmock-extras.cmake
-- Symlinking: /home/yug/agv-alpharacer/alpha-RACER/ros2_ws/install/ament_cmake_gmock/share/ament_cmake_gmock/cmake/ament_cmake_gmockConfig.cmake
-- Symlinking: /home/yug/agv-alpharacer/alpha-RACER/ros2_ws/install/ament_cmake_gmock/share/ament_cmake_gmock/cmake/ament_cmake_gmockConfig-version.cmake
-- Symlinking: /home/yug/agv-alpharacer/alpha-RACER/ros2_ws/install/ament_cmake_gmock/share/ament_cmake_gmock/package.xml
-- Symlinking: /home/yug/agv-alpharacer/alpha-RACER/ros2_ws/install/ament_cmake_gmock/share/ament_cmake_gmock/cmake/ament_add_gmock.cmake
-- Symlinking: /home/yug/agv-alpharacer/alpha-RACER/ros2_ws/install/ament_cmake_gmock/share/ament_cmake_gmock/cmake/ament_find_gmock.cmake
