[0.021s] Invoking command in '/home/dvij/multi-car-racing/build/raptor_dbw_can': AMENT_PREFIX_PATH=/home/dvij/multi-car-racing/install/can_dbc_parser:/home/dvij/multi-car-racing/install/raptor_dbw_msgs:/home/dvij/multi-car-racing/install/npc_controller_msgs:/home/dvij/multi-car-racing/install/can_msgs:${AMENT_PREFIX_PATH} CMAKE_PREFIX_PATH=/home/dvij/multi-car-racing/install/can_dbc_parser:/home/dvij/multi-car-racing/install/raptor_dbw_msgs:/home/dvij/multi-car-racing/install/npc_controller_msgs:/home/dvij/multi-car-racing/install/can_msgs:/opt/ros/humble LD_LIBRARY_PATH=/home/dvij/multi-car-racing/install/can_dbc_parser/lib:/home/dvij/multi-car-racing/install/raptor_dbw_msgs/lib:/home/dvij/multi-car-racing/install/npc_controller_msgs/lib:/home/dvij/multi-car-racing/install/can_msgs/lib:${LD_LIBRARY_PATH} PYTHONPATH=/home/dvij/multi-car-racing/install/raptor_dbw_msgs/local/lib/python3.10/dist-packages:/home/dvij/multi-car-racing/install/npc_controller_msgs/local/lib/python3.10/dist-packages:/home/dvij/multi-car-racing/install/can_msgs/local/lib/python3.10/dist-packages:${PYTHONPATH} /usr/bin/cmake /home/dvij/multi-car-racing/SimulationPackage_v2.1/ros_ws_aux/src/raptor_dbw_msgs/raptor_dbw_can -DCMAKE_INSTALL_PREFIX=/home/dvij/multi-car-racing/install/raptor_dbw_can
[0.087s] -- The C compiler identification is GNU 11.4.0
[0.150s] -- The CXX compiler identification is GNU 11.4.0
[0.158s] -- Detecting C compiler ABI info
[0.240s] -- Detecting C compiler ABI info - done
[0.248s] -- Check for working C compiler: /usr/bin/cc - skipped
[0.248s] -- Detecting C compile features
[0.248s] -- Detecting C compile features - done
[0.252s] -- Detecting CXX compiler ABI info
[0.342s] -- Detecting CXX compiler ABI info - done
[0.352s] -- Check for working CXX compiler: /usr/bin/c++ - skipped
[0.352s] -- Detecting CXX compile features
[0.353s] -- Detecting CXX compile features - done
[0.354s] -- Found ament_cmake_auto: 1.3.12 (/opt/ros/humble/share/ament_cmake_auto/cmake)
[0.501s] -- Found Python3: /usr/bin/python3 (found version "3.10.12") found components: Interpreter 
[0.690s] -- Found rosidl_generator_c: 3.1.7 (/opt/ros/humble/share/rosidl_generator_c/cmake)
[0.695s] -- Found rosidl_adapter: 3.1.7 (/opt/ros/humble/share/rosidl_adapter/cmake)
[0.703s] -- Found rosidl_generator_cpp: 3.1.7 (/opt/ros/humble/share/rosidl_generator_cpp/cmake)
[0.714s] -- Using all available rosidl_typesupport_c: rosidl_typesupport_fastrtps_c;rosidl_typesupport_introspection_c
[0.730s] -- Using all available rosidl_typesupport_cpp: rosidl_typesupport_fastrtps_cpp;rosidl_typesupport_introspection_cpp
[0.772s] -- Found rmw_implementation_cmake: 6.1.2 (/opt/ros/humble/share/rmw_implementation_cmake/cmake)
[0.775s] -- Found rmw_fastrtps_cpp: 6.2.8 (/opt/ros/humble/share/rmw_fastrtps_cpp/cmake)
[0.857s] -- Found OpenSSL: /usr/lib/x86_64-linux-gnu/libcrypto.so (found version "3.0.2")  
[0.873s] -- Found FastRTPS: /opt/ros/humble/include  
[0.903s] -- Using RMW implementation 'rmw_fastrtps_cpp' as default
[0.910s] -- Looking for pthread.h
[0.988s] -- Looking for pthread.h - found
[0.988s] -- Performing Test CMAKE_HAVE_LIBC_PTHREAD
[1.066s] -- Performing Test CMAKE_HAVE_LIBC_PTHREAD - Success
[1.068s] -- Found Threads: TRUE  
[1.214s] -- Found ament_lint_auto: 0.12.14 (/opt/ros/humble/share/ament_lint_auto/cmake)
[1.232s] [0mIn this package, headers install destination is set to `include` by ament_auto_package. It is recommended to install `include/raptor_dbw_can` instead and will be the default behavior of ament_auto_package from ROS 2 Kilted Kaiju. On distributions before Kilted, ament_auto_package behaves the same way when you use USE_SCOPED_HEADER_INSTALL_DIR option.[0m
[1.235s] -- Added test 'copyright' to check source files copyright and LICENSE
[1.237s] -- Added test 'cppcheck' to perform static code analysis on C / C++ code
[1.237s] -- Configured cppcheck include dirs: /home/dvij/multi-car-racing/SimulationPackage_v2.1/ros_ws_aux/src/raptor_dbw_msgs/raptor_dbw_can/include
[1.238s] -- Configured cppcheck exclude dirs and/or files: 
[1.239s] -- Added test 'cpplint' to check C / C++ code against the Google style
[1.240s] -- Configured cpplint exclude dirs and/or files: 
[1.240s] -- Added test 'flake8' to check Python code syntax and style conventions
[1.241s] -- Added test 'lint_cmake' to check CMake code style
[1.241s] -- Added test 'pep257' to check Python code against some of the docstring style conventions in PEP 257
[1.244s] -- Added test 'uncrustify' to check C / C++ code style
[1.244s] -- Configured uncrustify additional arguments: 
[1.245s] -- Added test 'xmllint' to check XML markup files
[1.247s] -- Configuring done
[1.260s] -- Generating done
[1.265s] -- Build files have been written to: /home/dvij/multi-car-racing/build/raptor_dbw_can
