[0.016s] Invoking command in '/home/yug/agv-alpharacer/alpha-RACER/ros2_ws/build/ament_cmake_core': CMAKE_PREFIX_PATH=${CMAKE_PREFIX_PATH}:/home/yug/agv-alpharacer/alpha-RACER/ros2_ws/install/tf_transformations:/home/yug/agv-alpharacer/alpha-RACER/ros2_ws/install/tf2_tools:/home/yug/agv-alpharacer/alpha-RACER/ros2_ws/install/examples_tf2_py:/home/yug/agv-alpharacer/alpha-RACER/ros2_ws/install/tf2_ros_py:/home/yug/agv-alpharacer/alpha-RACER/ros2_ws/install/tf2_eigen:/home/yug/agv-alpharacer/alpha-RACER/ros2_ws/install/tf2_bullet:/opt/ros/humble CONDA_PROMPT_MODIFIER=(alpharacer) /usr/bin/cmake /home/yug/agv-alpharacer/alpha-RACER/ros2_ws/src/ament_cmake/ament_cmake_core -DAMENT_CMAKE_SYMLINK_INSTALL=1 -DCMAKE_INSTALL_PREFIX=/home/yug/agv-alpharacer/alpha-RACER/ros2_ws/install/ament_cmake_core
[0.179s] -- Found Python3: /usr/bin/python3 (found version "3.10.12") found components: Interpreter 
[0.182s] -- Override CMake install command with custom implementation using symlinks instead of copying resources
[0.263s] -- ament_cmake_core 1.3.12
[0.348s] -- Configuring done
[0.351s] -- Generating done
[0.353s] -- Build files have been written to: /home/yug/agv-alpharacer/alpha-RACER/ros2_ws/build/ament_cmake_core
[0.359s] Invoked command in '/home/yug/agv-alpharacer/alpha-RACER/ros2_ws/build/ament_cmake_core' returned '0': CMAKE_PREFIX_PATH=${CMAKE_PREFIX_PATH}:/home/yug/agv-alpharacer/alpha-RACER/ros2_ws/install/tf_transformations:/home/yug/agv-alpharacer/alpha-RACER/ros2_ws/install/tf2_tools:/home/yug/agv-alpharacer/alpha-RACER/ros2_ws/install/examples_tf2_py:/home/yug/agv-alpharacer/alpha-RACER/ros2_ws/install/tf2_ros_py:/home/yug/agv-alpharacer/alpha-RACER/ros2_ws/install/tf2_eigen:/home/yug/agv-alpharacer/alpha-RACER/ros2_ws/install/tf2_bullet:/opt/ros/humble CONDA_PROMPT_MODIFIER=(alpharacer) /usr/bin/cmake /home/yug/agv-alpharacer/alpha-RACER/ros2_ws/src/ament_cmake/ament_cmake_core -DAMENT_CMAKE_SYMLINK_INSTALL=1 -DCMAKE_INSTALL_PREFIX=/home/yug/agv-alpharacer/alpha-RACER/ros2_ws/install/ament_cmake_core
[0.361s] Invoking command in '/home/yug/agv-alpharacer/alpha-RACER/ros2_ws/build/ament_cmake_core': CMAKE_PREFIX_PATH=${CMAKE_PREFIX_PATH}:/home/yug/agv-alpharacer/alpha-RACER/ros2_ws/install/tf_transformations:/home/yug/agv-alpharacer/alpha-RACER/ros2_ws/install/tf2_tools:/home/yug/agv-alpharacer/alpha-RACER/ros2_ws/install/examples_tf2_py:/home/yug/agv-alpharacer/alpha-RACER/ros2_ws/install/tf2_ros_py:/home/yug/agv-alpharacer/alpha-RACER/ros2_ws/install/tf2_eigen:/home/yug/agv-alpharacer/alpha-RACER/ros2_ws/install/tf2_bullet:/opt/ros/humble CONDA_PROMPT_MODIFIER=(alpharacer) /usr/bin/cmake --build /home/yug/agv-alpharacer/alpha-RACER/ros2_ws/build/ament_cmake_core -- -j16 -l16
[0.422s] Invoked command in '/home/yug/agv-alpharacer/alpha-RACER/ros2_ws/build/ament_cmake_core' returned '0': CMAKE_PREFIX_PATH=${CMAKE_PREFIX_PATH}:/home/yug/agv-alpharacer/alpha-RACER/ros2_ws/install/tf_transformations:/home/yug/agv-alpharacer/alpha-RACER/ros2_ws/install/tf2_tools:/home/yug/agv-alpharacer/alpha-RACER/ros2_ws/install/examples_tf2_py:/home/yug/agv-alpharacer/alpha-RACER/ros2_ws/install/tf2_ros_py:/home/yug/agv-alpharacer/alpha-RACER/ros2_ws/install/tf2_eigen:/home/yug/agv-alpharacer/alpha-RACER/ros2_ws/install/tf2_bullet:/opt/ros/humble CONDA_PROMPT_MODIFIER=(alpharacer) /usr/bin/cmake --build /home/yug/agv-alpharacer/alpha-RACER/ros2_ws/build/ament_cmake_core -- -j16 -l16
[0.434s] Invoking command in '/home/yug/agv-alpharacer/alpha-RACER/ros2_ws/build/ament_cmake_core': CMAKE_PREFIX_PATH=${CMAKE_PREFIX_PATH}:/home/yug/agv-alpharacer/alpha-RACER/ros2_ws/install/tf_transformations:/home/yug/agv-alpharacer/alpha-RACER/ros2_ws/install/tf2_tools:/home/yug/agv-alpharacer/alpha-RACER/ros2_ws/install/examples_tf2_py:/home/yug/agv-alpharacer/alpha-RACER/ros2_ws/install/tf2_ros_py:/home/yug/agv-alpharacer/alpha-RACER/ros2_ws/install/tf2_eigen:/home/yug/agv-alpharacer/alpha-RACER/ros2_ws/install/tf2_bullet:/opt/ros/humble CONDA_PROMPT_MODIFIER=(alpharacer) /usr/bin/cmake --install /home/yug/agv-alpharacer/alpha-RACER/ros2_ws/build/ament_cmake_core
[0.441s] -- Install configuration: ""
[0.442s] -- Execute custom install script
[0.442s] -- Symlinking: /home/yug/agv-alpharacer/alpha-RACER/ros2_ws/install/ament_cmake_core/share/ament_index/resource_index/package_run_dependencies/ament_cmake_core
[0.452s] -- Symlinking: /home/yug/agv-alpharacer/alpha-RACER/ros2_ws/install/ament_cmake_core/share/ament_index/resource_index/parent_prefix_path/ament_cmake_core
[0.462s] -- Symlinking: /home/yug/agv-alpharacer/alpha-RACER/ros2_ws/install/ament_cmake_core/share/ament_cmake_core/environment/ament_prefix_path.sh
[0.471s] -- Symlinking: /home/yug/agv-alpharacer/alpha-RACER/ros2_ws/install/ament_cmake_core/share/ament_cmake_core/environment/ament_prefix_path.dsv
[0.480s] -- Symlinking: /home/yug/agv-alpharacer/alpha-RACER/ros2_ws/install/ament_cmake_core/share/ament_cmake_core/environment/path.sh
[0.489s] -- Symlinking: /home/yug/agv-alpharacer/alpha-RACER/ros2_ws/install/ament_cmake_core/share/ament_cmake_core/environment/path.dsv
[0.499s] -- Symlinking: /home/yug/agv-alpharacer/alpha-RACER/ros2_ws/install/ament_cmake_core/share/ament_cmake_core/local_setup.bash
[0.509s] -- Symlinking: /home/yug/agv-alpharacer/alpha-RACER/ros2_ws/install/ament_cmake_core/share/ament_cmake_core/local_setup.sh
[0.520s] -- Symlinking: /home/yug/agv-alpharacer/alpha-RACER/ros2_ws/install/ament_cmake_core/share/ament_cmake_core/local_setup.zsh
[0.530s] -- Symlinking: /home/yug/agv-alpharacer/alpha-RACER/ros2_ws/install/ament_cmake_core/share/ament_cmake_core/local_setup.dsv
[0.541s] -- Symlinking: /home/yug/agv-alpharacer/alpha-RACER/ros2_ws/install/ament_cmake_core/share/ament_cmake_core/package.dsv
[0.552s] -- Symlinking: /home/yug/agv-alpharacer/alpha-RACER/ros2_ws/install/ament_cmake_core/share/ament_index/resource_index/packages/ament_cmake_core
[0.563s] -- Symlinking: /home/yug/agv-alpharacer/alpha-RACER/ros2_ws/install/ament_cmake_core/share/ament_cmake_core/cmake/ament_cmake_core-extras.cmake
[0.573s] -- Symlinking: /home/yug/agv-alpharacer/alpha-RACER/ros2_ws/install/ament_cmake_core/share/ament_cmake_core/cmake/ament_cmake_environment-extras.cmake
[0.584s] -- Symlinking: /home/yug/agv-alpharacer/alpha-RACER/ros2_ws/install/ament_cmake_core/share/ament_cmake_core/cmake/ament_cmake_environment_hooks-extras.cmake
[0.595s] -- Symlinking: /home/yug/agv-alpharacer/alpha-RACER/ros2_ws/install/ament_cmake_core/share/ament_cmake_core/cmake/ament_cmake_index-extras.cmake
[0.605s] -- Symlinking: /home/yug/agv-alpharacer/alpha-RACER/ros2_ws/install/ament_cmake_core/share/ament_cmake_core/cmake/ament_cmake_package_templates-extras.cmake
[0.617s] -- Symlinking: /home/yug/agv-alpharacer/alpha-RACER/ros2_ws/install/ament_cmake_core/share/ament_cmake_core/cmake/ament_cmake_uninstall_target-extras.cmake
[0.627s] -- Symlinking: /home/yug/agv-alpharacer/alpha-RACER/ros2_ws/install/ament_cmake_core/share/ament_cmake_core/cmake/ament_cmake_symlink_install-extras.cmake
[0.638s] -- Symlinking: /home/yug/agv-alpharacer/alpha-RACER/ros2_ws/install/ament_cmake_core/share/ament_cmake_core/cmake/ament_cmake_coreConfig.cmake
[0.649s] -- Symlinking: /home/yug/agv-alpharacer/alpha-RACER/ros2_ws/install/ament_cmake_core/share/ament_cmake_core/cmake/ament_cmake_coreConfig-version.cmake
[0.660s] -- Symlinking: /home/yug/agv-alpharacer/alpha-RACER/ros2_ws/install/ament_cmake_core/share/ament_cmake_core/package.xml
[0.672s] -- Symlinking: /home/yug/agv-alpharacer/alpha-RACER/ros2_ws/install/ament_cmake_core/share/ament_cmake_core/cmake/core/all.cmake
[0.684s] -- Symlinking: /home/yug/agv-alpharacer/alpha-RACER/ros2_ws/install/ament_cmake_core/share/ament_cmake_core/cmake/core/ament_execute_extensions.cmake
[0.694s] -- Symlinking: /home/yug/agv-alpharacer/alpha-RACER/ros2_ws/install/ament_cmake_core/share/ament_cmake_core/cmake/core/ament_package.cmake
[0.705s] -- Symlinking: /home/yug/agv-alpharacer/alpha-RACER/ros2_ws/install/ament_cmake_core/share/ament_cmake_core/cmake/core/ament_package_xml.cmake
[0.717s] -- Symlinking: /home/yug/agv-alpharacer/alpha-RACER/ros2_ws/install/ament_cmake_core/share/ament_cmake_core/cmake/core/ament_register_extension.cmake
[0.728s] -- Symlinking: /home/yug/agv-alpharacer/alpha-RACER/ros2_ws/install/ament_cmake_core/share/ament_cmake_core/cmake/core/assert_file_exists.cmake
[0.738s] -- Symlinking: /home/yug/agv-alpharacer/alpha-RACER/ros2_ws/install/ament_cmake_core/share/ament_cmake_core/cmake/core/get_executable_path.cmake
[0.749s] -- Symlinking: /home/yug/agv-alpharacer/alpha-RACER/ros2_ws/install/ament_cmake_core/share/ament_cmake_core/cmake/core/list_append_unique.cmake
[0.759s] -- Symlinking: /home/yug/agv-alpharacer/alpha-RACER/ros2_ws/install/ament_cmake_core/share/ament_cmake_core/cmake/core/normalize_path.cmake
[0.769s] -- Symlinking: /home/yug/agv-alpharacer/alpha-RACER/ros2_ws/install/ament_cmake_core/share/ament_cmake_core/cmake/core/package_xml_2_cmake.py
[0.780s] -- Symlinking: /home/yug/agv-alpharacer/alpha-RACER/ros2_ws/install/ament_cmake_core/share/ament_cmake_core/cmake/core/python.cmake
[0.790s] -- Symlinking: /home/yug/agv-alpharacer/alpha-RACER/ros2_ws/install/ament_cmake_core/share/ament_cmake_core/cmake/core/stamp.cmake
[0.800s] -- Symlinking: /home/yug/agv-alpharacer/alpha-RACER/ros2_ws/install/ament_cmake_core/share/ament_cmake_core/cmake/core/string_ends_with.cmake
[0.812s] -- Symlinking: /home/yug/agv-alpharacer/alpha-RACER/ros2_ws/install/ament_cmake_core/share/ament_cmake_core/cmake/core/templates/nameConfig-version.cmake.in
[0.821s] -- Symlinking: /home/yug/agv-alpharacer/alpha-RACER/ros2_ws/install/ament_cmake_core/share/ament_cmake_core/cmake/core/templates/nameConfig.cmake.in
[0.832s] -- Symlinking: /home/yug/agv-alpharacer/alpha-RACER/ros2_ws/install/ament_cmake_core/share/ament_cmake_core/cmake/environment/ament_cmake_environment_package_hook.cmake
[0.843s] -- Symlinking: /home/yug/agv-alpharacer/alpha-RACER/ros2_ws/install/ament_cmake_core/share/ament_cmake_core/cmake/environment/ament_generate_environment.cmake
[0.852s] -- Symlinking: /home/yug/agv-alpharacer/alpha-RACER/ros2_ws/install/ament_cmake_core/share/ament_cmake_core/cmake/environment_hooks/ament_cmake_environment_hooks_package_hook.cmake
[0.864s] -- Symlinking: /home/yug/agv-alpharacer/alpha-RACER/ros2_ws/install/ament_cmake_core/share/ament_cmake_core/cmake/environment_hooks/ament_environment_hooks.cmake
[0.876s] -- Symlinking: /home/yug/agv-alpharacer/alpha-RACER/ros2_ws/install/ament_cmake_core/share/ament_cmake_core/cmake/environment_hooks/ament_generate_package_environment.cmake
[0.888s] -- Symlinking: /home/yug/agv-alpharacer/alpha-RACER/ros2_ws/install/ament_cmake_core/share/ament_cmake_core/cmake/environment_hooks/environment/ament_prefix_path.bat
[0.898s] -- Symlinking: /home/yug/agv-alpharacer/alpha-RACER/ros2_ws/install/ament_cmake_core/share/ament_cmake_core/cmake/environment_hooks/environment/ament_prefix_path.sh
[0.910s] -- Symlinking: /home/yug/agv-alpharacer/alpha-RACER/ros2_ws/install/ament_cmake_core/share/ament_cmake_core/cmake/environment_hooks/environment/path.bat
[0.921s] -- Symlinking: /home/yug/agv-alpharacer/alpha-RACER/ros2_ws/install/ament_cmake_core/share/ament_cmake_core/cmake/environment_hooks/environment/path.sh
[0.933s] -- Symlinking: /home/yug/agv-alpharacer/alpha-RACER/ros2_ws/install/ament_cmake_core/share/ament_cmake_core/cmake/index/ament_cmake_index_package_hook.cmake
[0.944s] -- Symlinking: /home/yug/agv-alpharacer/alpha-RACER/ros2_ws/install/ament_cmake_core/share/ament_cmake_core/cmake/index/ament_index_get_prefix_path.cmake
[0.954s] -- Symlinking: /home/yug/agv-alpharacer/alpha-RACER/ros2_ws/install/ament_cmake_core/share/ament_cmake_core/cmake/index/ament_index_get_resource.cmake
[0.965s] -- Symlinking: /home/yug/agv-alpharacer/alpha-RACER/ros2_ws/install/ament_cmake_core/share/ament_cmake_core/cmake/index/ament_index_get_resources.cmake
[0.976s] -- Symlinking: /home/yug/agv-alpharacer/alpha-RACER/ros2_ws/install/ament_cmake_core/share/ament_cmake_core/cmake/index/ament_index_has_resource.cmake
[0.985s] -- Symlinking: /home/yug/agv-alpharacer/alpha-RACER/ros2_ws/install/ament_cmake_core/share/ament_cmake_core/cmake/index/ament_index_register_package.cmake
[0.996s] -- Symlinking: /home/yug/agv-alpharacer/alpha-RACER/ros2_ws/install/ament_cmake_core/share/ament_cmake_core/cmake/index/ament_index_register_resource.cmake
[1.007s] -- Symlinking: /home/yug/agv-alpharacer/alpha-RACER/ros2_ws/install/ament_cmake_core/share/ament_cmake_core/cmake/package_templates/templates_2_cmake.py
[1.018s] -- Symlinking: /home/yug/agv-alpharacer/alpha-RACER/ros2_ws/install/ament_cmake_core/share/ament_cmake_core/cmake/symlink_install/ament_cmake_symlink_install.cmake.in
[1.029s] -- Symlinking: /home/yug/agv-alpharacer/alpha-RACER/ros2_ws/install/ament_cmake_core/share/ament_cmake_core/cmake/symlink_install/ament_cmake_symlink_install_append_install_code.cmake
[1.040s] -- Symlinking: /home/yug/agv-alpharacer/alpha-RACER/ros2_ws/install/ament_cmake_core/share/ament_cmake_core/cmake/symlink_install/ament_cmake_symlink_install_directory.cmake
[1.050s] -- Symlinking: /home/yug/agv-alpharacer/alpha-RACER/ros2_ws/install/ament_cmake_core/share/ament_cmake_core/cmake/symlink_install/ament_cmake_symlink_install_files.cmake
[1.063s] -- Symlinking: /home/yug/agv-alpharacer/alpha-RACER/ros2_ws/install/ament_cmake_core/share/ament_cmake_core/cmake/symlink_install/ament_cmake_symlink_install_programs.cmake
[1.074s] -- Symlinking: /home/yug/agv-alpharacer/alpha-RACER/ros2_ws/install/ament_cmake_core/share/ament_cmake_core/cmake/symlink_install/ament_cmake_symlink_install_targets.cmake
[1.084s] -- Symlinking: /home/yug/agv-alpharacer/alpha-RACER/ros2_ws/install/ament_cmake_core/share/ament_cmake_core/cmake/symlink_install/ament_cmake_symlink_install_uninstall_script.cmake.in
[1.094s] -- Symlinking: /home/yug/agv-alpharacer/alpha-RACER/ros2_ws/install/ament_cmake_core/share/ament_cmake_core/cmake/symlink_install/install.cmake
[1.104s] -- Symlinking: /home/yug/agv-alpharacer/alpha-RACER/ros2_ws/install/ament_cmake_core/share/ament_cmake_core/cmake/uninstall_target/ament_cmake_uninstall_target.cmake.in
[1.114s] -- Symlinking: /home/yug/agv-alpharacer/alpha-RACER/ros2_ws/install/ament_cmake_core/share/ament_cmake_core/cmake/uninstall_target/ament_cmake_uninstall_target_append_uninstall_code.cmake
[1.129s] Invoked command in '/home/yug/agv-alpharacer/alpha-RACER/ros2_ws/build/ament_cmake_core' returned '0': CMAKE_PREFIX_PATH=${CMAKE_PREFIX_PATH}:/home/yug/agv-alpharacer/alpha-RACER/ros2_ws/install/tf_transformations:/home/yug/agv-alpharacer/alpha-RACER/ros2_ws/install/tf2_tools:/home/yug/agv-alpharacer/alpha-RACER/ros2_ws/install/examples_tf2_py:/home/yug/agv-alpharacer/alpha-RACER/ros2_ws/install/tf2_ros_py:/home/yug/agv-alpharacer/alpha-RACER/ros2_ws/install/tf2_eigen:/home/yug/agv-alpharacer/alpha-RACER/ros2_ws/install/tf2_bullet:/opt/ros/humble CONDA_PROMPT_MODIFIER=(alpharacer) /usr/bin/cmake --install /home/yug/agv-alpharacer/alpha-RACER/ros2_ws/build/ament_cmake_core
