-- Found ament_cmake_core: 1.3.12 (/home/yug/agv-alpharacer/alpha-RACER/ros2_ws/src/install/ament_cmake_core/share/ament_cmake_core/cmake)
-- Found Python3: /usr/bin/python3 (found version "3.10.12") found components: Interpreter 
-- Override CMake install command with custom implementation using symlinks instead of copying resources
-- Configuring done
-- Generating done
-- Build files have been written to: /home/yug/agv-alpharacer/alpha-RACER/ros2_ws/src/build/ament_cmake_libraries
-- Install configuration: ""
-- Execute custom install script
-- Symlinking: /home/yug/agv-alpharacer/alpha-RACER/ros2_ws/src/install/ament_cmake_libraries/share/ament_index/resource_index/package_run_dependencies/ament_cmake_libraries
-- Symlinking: /home/yug/agv-alpharacer/alpha-RACER/ros2_ws/src/install/ament_cmake_libraries/share/ament_index/resource_index/parent_prefix_path/ament_cmake_libraries
-- Symlinking: /home/yug/agv-alpharacer/alpha-RACER/ros2_ws/src/install/ament_cmake_libraries/share/ament_cmake_libraries/environment/ament_prefix_path.sh
-- Symlinking: /home/yug/agv-alpharacer/alpha-RACER/ros2_ws/src/install/ament_cmake_libraries/share/ament_cmake_libraries/environment/ament_prefix_path.dsv
-- Symlinking: /home/yug/agv-alpharacer/alpha-RACER/ros2_ws/src/install/ament_cmake_libraries/share/ament_cmake_libraries/environment/path.sh
-- Symlinking: /home/yug/agv-alpharacer/alpha-RACER/ros2_ws/src/install/ament_cmake_libraries/share/ament_cmake_libraries/environment/path.dsv
-- Symlinking: /home/yug/agv-alpharacer/alpha-RACER/ros2_ws/src/install/ament_cmake_libraries/share/ament_cmake_libraries/local_setup.bash
-- Symlinking: /home/yug/agv-alpharacer/alpha-RACER/ros2_ws/src/install/ament_cmake_libraries/share/ament_cmake_libraries/local_setup.sh
-- Symlinking: /home/yug/agv-alpharacer/alpha-RACER/ros2_ws/src/install/ament_cmake_libraries/share/ament_cmake_libraries/local_setup.zsh
-- Symlinking: /home/yug/agv-alpharacer/alpha-RACER/ros2_ws/src/install/ament_cmake_libraries/share/ament_cmake_libraries/local_setup.dsv
-- Symlinking: /home/yug/agv-alpharacer/alpha-RACER/ros2_ws/src/install/ament_cmake_libraries/share/ament_cmake_libraries/package.dsv
-- Symlinking: /home/yug/agv-alpharacer/alpha-RACER/ros2_ws/src/install/ament_cmake_libraries/share/ament_index/resource_index/packages/ament_cmake_libraries
-- Symlinking: /home/yug/agv-alpharacer/alpha-RACER/ros2_ws/src/install/ament_cmake_libraries/share/ament_cmake_libraries/cmake/ament_cmake_libraries-extras.cmake
-- Symlinking: /home/yug/agv-alpharacer/alpha-RACER/ros2_ws/src/install/ament_cmake_libraries/share/ament_cmake_libraries/cmake/ament_cmake_librariesConfig.cmake
-- Symlinking: /home/yug/agv-alpharacer/alpha-RACER/ros2_ws/src/install/ament_cmake_libraries/share/ament_cmake_libraries/cmake/ament_cmake_librariesConfig-version.cmake
-- Symlinking: /home/yug/agv-alpharacer/alpha-RACER/ros2_ws/src/install/ament_cmake_libraries/share/ament_cmake_libraries/package.xml
-- Symlinking: /home/yug/agv-alpharacer/alpha-RACER/ros2_ws/src/install/ament_cmake_libraries/share/ament_cmake_libraries/cmake/ament_libraries_deduplicate.cmake
