[0.036s] Invoking command in '/home/yug/agv-alpharacer/alpha-RACER/ros2_ws/build/tf2_ros': CMAKE_PREFIX_PATH=/home/yug/agv-alpharacer/alpha-RACER/ros2_ws/install/tf2_msgs:/home/yug/agv-alpharacer/alpha-RACER/ros2_ws/install/tf2:/home/yug/agv-alpharacer/alpha-RACER/ros2_ws/install/ament_cmake:/home/yug/agv-alpharacer/alpha-RACER/ros2_ws/install/ament_cmake_gen_version_h:/home/yug/agv-alpharacer/alpha-RACER/ros2_ws/install/ament_cmake_gtest:/home/yug/agv-alpharacer/alpha-RACER/ros2_ws/install/ament_cmake_google_benchmark:/home/yug/agv-alpharacer/alpha-RACER/ros2_ws/install/ament_cmake_test:/home/yug/agv-alpharacer/alpha-RACER/ros2_ws/install/ament_cmake_target_dependencies:/home/yug/agv-alpharacer/alpha-RACER/ros2_ws/install/ament_cmake_export_targets:/home/yug/agv-alpharacer/alpha-RACER/ros2_ws/install/ament_cmake_export_interfaces:/home/yug/agv-alpharacer/alpha-RACER/ros2_ws/install/ament_cmake_export_dependencies:/home/yug/agv-alpharacer/alpha-RACER/ros2_ws/install/ament_cmake_version:/home/yug/agv-alpharacer/alpha-RACER/ros2_ws/install/ament_cmake_python:/home/yug/agv-alpharacer/alpha-RACER/ros2_ws/install/ament_cmake_libraries:/home/yug/agv-alpharacer/alpha-RACER/ros2_ws/install/ament_cmake_include_directories:/home/yug/agv-alpharacer/alpha-RACER/ros2_ws/install/ament_cmake_export_link_flags:/home/yug/agv-alpharacer/alpha-RACER/ros2_ws/install/ament_cmake_export_libraries:/home/yug/agv-alpharacer/alpha-RACER/ros2_ws/install/ament_cmake_export_include_directories:/home/yug/agv-alpharacer/alpha-RACER/ros2_ws/install/ament_cmake_export_definitions:/home/yug/agv-alpharacer/alpha-RACER/ros2_ws/install/google_benchmark_vendor:/home/yug/agv-alpharacer/alpha-RACER/ros2_ws/install/ament_cmake_core:/home/yug/agv-alpharacer/alpha-RACER/ros2_ws/install/geometry2:/home/yug/agv-alpharacer/alpha-RACER/ros2_ws/install/tf2_sensor_msgs:/home/yug/agv-alpharacer/alpha-RACER/ros2_ws/install/test_tf2:/home/yug/agv-alpharacer/alpha-RACER/ros2_ws/install/tf2_kdl:/home/yug/agv-alpharacer/alpha-RACER/ros2_ws/install/tf2_geometry_msgs:/home/yug/agv-alpharacer/alpha-RACER/ros2_ws/install/tf2_ros:/home/yug/agv-alpharacer/alpha-RACER/ros2_ws/install/tf2_py:/home/yug/agv-alpharacer/alpha-RACER/ros2_ws/install/tf2_eigen_kdl:/home/yug/agv-alpharacer/alpha-RACER/ros2_ws/install/foxglove_bridge:/home/yug/agv-alpharacer/alpha-RACER/ros2_ws/install/rosx_introspection:/home/yug/agv-alpharacer/alpha-RACER/ros2_ws/install/network_bridge:/home/yug/agv-alpharacer/alpha-RACER/ros2_ws/install/my_robot_description:/home/yug/agv-alpharacer/alpha-RACER/ros2_ws/install/my_custom_msgs:/home/yug/agv-alpharacer/alpha-RACER/ros2_ws/install/ament_cmake_auto:/home/yug/agv-alpharacer/alpha-RACER/ros2_ws/install/ament_cmake_vendor_package:/home/yug/agv-alpharacer/alpha-RACER/ros2_ws/install/ament_cmake_pytest:/home/yug/agv-alpharacer/alpha-RACER/ros2_ws/install/ament_cmake_nose:/home/yug/agv-alpharacer/alpha-RACER/ros2_ws/install/ament_cmake_gmock:/home/yug/agv-alpharacer/alpha-RACER/ros2_ws/install/ackermann_msgs:/home/yug/agv-alpharacer/alpha-RACER/ros2_ws/install/tf_transformations:/home/yug/agv-alpharacer/alpha-RACER/ros2_ws/install/tf2_tools:/home/yug/agv-alpharacer/alpha-RACER/ros2_ws/install/examples_tf2_py:/home/yug/agv-alpharacer/alpha-RACER/ros2_ws/install/tf2_ros_py:/home/yug/agv-alpharacer/alpha-RACER/ros2_ws/install/tf2_eigen:/home/yug/agv-alpharacer/alpha-RACER/ros2_ws/install/tf2_bullet:/opt/ros/humble CONDA_PROMPT_MODIFIER=(alpharacer) LD_LIBRARY_PATH=/home/yug/agv-alpharacer/alpha-RACER/ros2_ws/install/tf2_msgs/lib:/home/yug/agv-alpharacer/alpha-RACER/ros2_ws/install/tf2/lib:/home/yug/agv-alpharacer/alpha-RACER/ros2_ws/install/google_benchmark_vendor/lib:/home/yug/agv-alpharacer/alpha-RACER/ros2_ws/install/tf2_ros/lib:/home/yug/agv-alpharacer/alpha-RACER/ros2_ws/install/tf2_eigen_kdl/lib:/home/yug/agv-alpharacer/alpha-RACER/ros2_ws/install/foxglove_bridge/lib:/home/yug/agv-alpharacer/alpha-RACER/ros2_ws/install/rosx_introspection/lib:/home/yug/agv-alpharacer/alpha-RACER/ros2_ws/install/network_bridge/lib:/home/yug/agv-alpharacer/alpha-RACER/ros2_ws/install/my_custom_msgs/lib:/home/yug/agv-alpharacer/alpha-RACER/ros2_ws/install/ackermann_msgs/lib:/opt/ros/humble/lib/x86_64-linux-gnu:/opt/ros/humble/lib /usr/bin/cmake /home/yug/agv-alpharacer/alpha-RACER/ros2_ws/src/geometry2/tf2_ros -DAMENT_CMAKE_SYMLINK_INSTALL=1 -DCMAKE_INSTALL_PREFIX=/home/yug/agv-alpharacer/alpha-RACER/ros2_ws/install/tf2_ros
[0.097s] -- The C compiler identification is GNU 11.4.0
[0.157s] -- The CXX compiler identification is GNU 11.4.0
[0.165s] -- Detecting C compiler ABI info
[0.241s] -- Detecting C compiler ABI info - done
[0.247s] -- Check for working C compiler: /usr/bin/cc - skipped
[0.247s] -- Detecting C compile features
[0.248s] -- Detecting C compile features - done
[0.250s] -- Detecting CXX compiler ABI info
[0.339s] -- Detecting CXX compiler ABI info - done
[0.346s] -- Check for working CXX compiler: /usr/bin/c++ - skipped
[0.346s] -- Detecting CXX compile features
[0.347s] -- Detecting CXX compile features - done
[0.348s] -- Found ament_cmake: 1.3.12 (/home/yug/agv-alpharacer/alpha-RACER/ros2_ws/install/ament_cmake/share/ament_cmake/cmake)
[0.496s] -- Found Python3: /usr/bin/python3 (found version "3.10.12") found components: Interpreter 
[0.582s] -- Override CMake install command with custom implementation using symlinks instead of copying resources
[0.620s] -- Found builtin_interfaces: 1.2.1 (/opt/ros/humble/share/builtin_interfaces/cmake)
[0.675s] -- Found rosidl_generator_c: 3.1.6 (/opt/ros/humble/share/rosidl_generator_c/cmake)
[0.685s] -- Found rosidl_adapter: 3.1.6 (/opt/ros/humble/share/rosidl_adapter/cmake)
[0.698s] -- Found rosidl_generator_cpp: 3.1.6 (/opt/ros/humble/share/rosidl_generator_cpp/cmake)
[0.715s] -- Using all available rosidl_typesupport_c: rosidl_typesupport_fastrtps_c;rosidl_typesupport_introspection_c
[0.738s] -- Using all available rosidl_typesupport_cpp: rosidl_typesupport_fastrtps_cpp;rosidl_typesupport_introspection_cpp
[0.761s] -- Found geometry_msgs: 4.8.0 (/opt/ros/humble/share/geometry_msgs/cmake)
[0.790s] -- Found message_filters: 4.3.7 (/opt/ros/humble/share/message_filters/cmake)
[0.857s] -- Found rmw_implementation_cmake: 6.1.2 (/opt/ros/humble/share/rmw_implementation_cmake/cmake)
[0.863s] -- Found rmw_fastrtps_cpp: 6.2.7 (/opt/ros/humble/share/rmw_fastrtps_cpp/cmake)
[0.985s] -- Found OpenSSL: /usr/lib/x86_64-linux-gnu/libcrypto.so (found version "3.0.2")  
[1.014s] -- Found FastRTPS: /opt/ros/humble/include  
[1.062s] -- Using RMW implementation 'rmw_fastrtps_cpp' as default
[1.079s] -- Looking for pthread.h
[1.159s] -- Looking for pthread.h - found
[1.160s] -- Performing Test CMAKE_HAVE_LIBC_PTHREAD
[1.238s] -- Performing Test CMAKE_HAVE_LIBC_PTHREAD - Success
[1.240s] -- Found Threads: TRUE  
[1.291s] -- Found rclcpp_action: 16.0.12 (/opt/ros/humble/share/rclcpp_action/cmake)
[1.337s] -- Found rclcpp_components: 16.0.12 (/opt/ros/humble/share/rclcpp_components/cmake)
[1.371s] -- Found tf2: 0.44.0 (/home/yug/agv-alpharacer/alpha-RACER/ros2_ws/install/tf2/share/tf2/cmake)
[1.374s] -- Found tf2_msgs: 0.44.0 (/home/yug/agv-alpharacer/alpha-RACER/ros2_ws/install/tf2_msgs/share/tf2_msgs/cmake)
[1.396s] -- Found ament_cmake_cppcheck: 0.12.12 (/opt/ros/humble/share/ament_cmake_cppcheck/cmake)
[1.401s] -- Found ament_cmake_cpplint: 0.12.12 (/opt/ros/humble/share/ament_cmake_cpplint/cmake)
[1.406s] -- Found ament_cmake_lint_cmake: 0.12.12 (/opt/ros/humble/share/ament_cmake_lint_cmake/cmake)
[1.410s] -- Found ament_cmake_uncrustify: 0.12.12 (/opt/ros/humble/share/ament_cmake_uncrustify/cmake)
[1.415s] -- Found ament_cmake_gtest: 1.3.12 (/home/yug/agv-alpharacer/alpha-RACER/ros2_ws/install/ament_cmake_gtest/share/ament_cmake_gtest/cmake)
[1.421s] -- Found gtest sources under '/opt/ros/humble/src/gtest_vendor': C++ tests using 'Google Test' will be built
[1.544s] -- Configuring done
[1.630s] -- Generating done
[1.655s] -- Build files have been written to: /home/yug/agv-alpharacer/alpha-RACER/ros2_ws/build/tf2_ros
[1.678s] Invoked command in '/home/yug/agv-alpharacer/alpha-RACER/ros2_ws/build/tf2_ros' returned '0': CMAKE_PREFIX_PATH=/home/yug/agv-alpharacer/alpha-RACER/ros2_ws/install/tf2_msgs:/home/yug/agv-alpharacer/alpha-RACER/ros2_ws/install/tf2:/home/yug/agv-alpharacer/alpha-RACER/ros2_ws/install/ament_cmake:/home/yug/agv-alpharacer/alpha-RACER/ros2_ws/install/ament_cmake_gen_version_h:/home/yug/agv-alpharacer/alpha-RACER/ros2_ws/install/ament_cmake_gtest:/home/yug/agv-alpharacer/alpha-RACER/ros2_ws/install/ament_cmake_google_benchmark:/home/yug/agv-alpharacer/alpha-RACER/ros2_ws/install/ament_cmake_test:/home/yug/agv-alpharacer/alpha-RACER/ros2_ws/install/ament_cmake_target_dependencies:/home/yug/agv-alpharacer/alpha-RACER/ros2_ws/install/ament_cmake_export_targets:/home/yug/agv-alpharacer/alpha-RACER/ros2_ws/install/ament_cmake_export_interfaces:/home/yug/agv-alpharacer/alpha-RACER/ros2_ws/install/ament_cmake_export_dependencies:/home/yug/agv-alpharacer/alpha-RACER/ros2_ws/install/ament_cmake_version:/home/yug/agv-alpharacer/alpha-RACER/ros2_ws/install/ament_cmake_python:/home/yug/agv-alpharacer/alpha-RACER/ros2_ws/install/ament_cmake_libraries:/home/yug/agv-alpharacer/alpha-RACER/ros2_ws/install/ament_cmake_include_directories:/home/yug/agv-alpharacer/alpha-RACER/ros2_ws/install/ament_cmake_export_link_flags:/home/yug/agv-alpharacer/alpha-RACER/ros2_ws/install/ament_cmake_export_libraries:/home/yug/agv-alpharacer/alpha-RACER/ros2_ws/install/ament_cmake_export_include_directories:/home/yug/agv-alpharacer/alpha-RACER/ros2_ws/install/ament_cmake_export_definitions:/home/yug/agv-alpharacer/alpha-RACER/ros2_ws/install/google_benchmark_vendor:/home/yug/agv-alpharacer/alpha-RACER/ros2_ws/install/ament_cmake_core:/home/yug/agv-alpharacer/alpha-RACER/ros2_ws/install/geometry2:/home/yug/agv-alpharacer/alpha-RACER/ros2_ws/install/tf2_sensor_msgs:/home/yug/agv-alpharacer/alpha-RACER/ros2_ws/install/test_tf2:/home/yug/agv-alpharacer/alpha-RACER/ros2_ws/install/tf2_kdl:/home/yug/agv-alpharacer/alpha-RACER/ros2_ws/install/tf2_geometry_msgs:/home/yug/agv-alpharacer/alpha-RACER/ros2_ws/install/tf2_ros:/home/yug/agv-alpharacer/alpha-RACER/ros2_ws/install/tf2_py:/home/yug/agv-alpharacer/alpha-RACER/ros2_ws/install/tf2_eigen_kdl:/home/yug/agv-alpharacer/alpha-RACER/ros2_ws/install/foxglove_bridge:/home/yug/agv-alpharacer/alpha-RACER/ros2_ws/install/rosx_introspection:/home/yug/agv-alpharacer/alpha-RACER/ros2_ws/install/network_bridge:/home/yug/agv-alpharacer/alpha-RACER/ros2_ws/install/my_robot_description:/home/yug/agv-alpharacer/alpha-RACER/ros2_ws/install/my_custom_msgs:/home/yug/agv-alpharacer/alpha-RACER/ros2_ws/install/ament_cmake_auto:/home/yug/agv-alpharacer/alpha-RACER/ros2_ws/install/ament_cmake_vendor_package:/home/yug/agv-alpharacer/alpha-RACER/ros2_ws/install/ament_cmake_pytest:/home/yug/agv-alpharacer/alpha-RACER/ros2_ws/install/ament_cmake_nose:/home/yug/agv-alpharacer/alpha-RACER/ros2_ws/install/ament_cmake_gmock:/home/yug/agv-alpharacer/alpha-RACER/ros2_ws/install/ackermann_msgs:/home/yug/agv-alpharacer/alpha-RACER/ros2_ws/install/tf_transformations:/home/yug/agv-alpharacer/alpha-RACER/ros2_ws/install/tf2_tools:/home/yug/agv-alpharacer/alpha-RACER/ros2_ws/install/examples_tf2_py:/home/yug/agv-alpharacer/alpha-RACER/ros2_ws/install/tf2_ros_py:/home/yug/agv-alpharacer/alpha-RACER/ros2_ws/install/tf2_eigen:/home/yug/agv-alpharacer/alpha-RACER/ros2_ws/install/tf2_bullet:/opt/ros/humble CONDA_PROMPT_MODIFIER=(alpharacer) LD_LIBRARY_PATH=/home/yug/agv-alpharacer/alpha-RACER/ros2_ws/install/tf2_msgs/lib:/home/yug/agv-alpharacer/alpha-RACER/ros2_ws/install/tf2/lib:/home/yug/agv-alpharacer/alpha-RACER/ros2_ws/install/google_benchmark_vendor/lib:/home/yug/agv-alpharacer/alpha-RACER/ros2_ws/install/tf2_ros/lib:/home/yug/agv-alpharacer/alpha-RACER/ros2_ws/install/tf2_eigen_kdl/lib:/home/yug/agv-alpharacer/alpha-RACER/ros2_ws/install/foxglove_bridge/lib:/home/yug/agv-alpharacer/alpha-RACER/ros2_ws/install/rosx_introspection/lib:/home/yug/agv-alpharacer/alpha-RACER/ros2_ws/install/network_bridge/lib:/home/yug/agv-alpharacer/alpha-RACER/ros2_ws/install/my_custom_msgs/lib:/home/yug/agv-alpharacer/alpha-RACER/ros2_ws/install/ackermann_msgs/lib:/opt/ros/humble/lib/x86_64-linux-gnu:/opt/ros/humble/lib /usr/bin/cmake /home/yug/agv-alpharacer/alpha-RACER/ros2_ws/src/geometry2/tf2_ros -DAMENT_CMAKE_SYMLINK_INSTALL=1 -DCMAKE_INSTALL_PREFIX=/home/yug/agv-alpharacer/alpha-RACER/ros2_ws/install/tf2_ros
[1.679s] Invoking command in '/home/yug/agv-alpharacer/alpha-RACER/ros2_ws/build/tf2_ros': CMAKE_PREFIX_PATH=/home/yug/agv-alpharacer/alpha-RACER/ros2_ws/install/tf2_msgs:/home/yug/agv-alpharacer/alpha-RACER/ros2_ws/install/tf2:/home/yug/agv-alpharacer/alpha-RACER/ros2_ws/install/ament_cmake:/home/yug/agv-alpharacer/alpha-RACER/ros2_ws/install/ament_cmake_gen_version_h:/home/yug/agv-alpharacer/alpha-RACER/ros2_ws/install/ament_cmake_gtest:/home/yug/agv-alpharacer/alpha-RACER/ros2_ws/install/ament_cmake_google_benchmark:/home/yug/agv-alpharacer/alpha-RACER/ros2_ws/install/ament_cmake_test:/home/yug/agv-alpharacer/alpha-RACER/ros2_ws/install/ament_cmake_target_dependencies:/home/yug/agv-alpharacer/alpha-RACER/ros2_ws/install/ament_cmake_export_targets:/home/yug/agv-alpharacer/alpha-RACER/ros2_ws/install/ament_cmake_export_interfaces:/home/yug/agv-alpharacer/alpha-RACER/ros2_ws/install/ament_cmake_export_dependencies:/home/yug/agv-alpharacer/alpha-RACER/ros2_ws/install/ament_cmake_version:/home/yug/agv-alpharacer/alpha-RACER/ros2_ws/install/ament_cmake_python:/home/yug/agv-alpharacer/alpha-RACER/ros2_ws/install/ament_cmake_libraries:/home/yug/agv-alpharacer/alpha-RACER/ros2_ws/install/ament_cmake_include_directories:/home/yug/agv-alpharacer/alpha-RACER/ros2_ws/install/ament_cmake_export_link_flags:/home/yug/agv-alpharacer/alpha-RACER/ros2_ws/install/ament_cmake_export_libraries:/home/yug/agv-alpharacer/alpha-RACER/ros2_ws/install/ament_cmake_export_include_directories:/home/yug/agv-alpharacer/alpha-RACER/ros2_ws/install/ament_cmake_export_definitions:/home/yug/agv-alpharacer/alpha-RACER/ros2_ws/install/google_benchmark_vendor:/home/yug/agv-alpharacer/alpha-RACER/ros2_ws/install/ament_cmake_core:/home/yug/agv-alpharacer/alpha-RACER/ros2_ws/install/geometry2:/home/yug/agv-alpharacer/alpha-RACER/ros2_ws/install/tf2_sensor_msgs:/home/yug/agv-alpharacer/alpha-RACER/ros2_ws/install/test_tf2:/home/yug/agv-alpharacer/alpha-RACER/ros2_ws/install/tf2_kdl:/home/yug/agv-alpharacer/alpha-RACER/ros2_ws/install/tf2_geometry_msgs:/home/yug/agv-alpharacer/alpha-RACER/ros2_ws/install/tf2_ros:/home/yug/agv-alpharacer/alpha-RACER/ros2_ws/install/tf2_py:/home/yug/agv-alpharacer/alpha-RACER/ros2_ws/install/tf2_eigen_kdl:/home/yug/agv-alpharacer/alpha-RACER/ros2_ws/install/foxglove_bridge:/home/yug/agv-alpharacer/alpha-RACER/ros2_ws/install/rosx_introspection:/home/yug/agv-alpharacer/alpha-RACER/ros2_ws/install/network_bridge:/home/yug/agv-alpharacer/alpha-RACER/ros2_ws/install/my_robot_description:/home/yug/agv-alpharacer/alpha-RACER/ros2_ws/install/my_custom_msgs:/home/yug/agv-alpharacer/alpha-RACER/ros2_ws/install/ament_cmake_auto:/home/yug/agv-alpharacer/alpha-RACER/ros2_ws/install/ament_cmake_vendor_package:/home/yug/agv-alpharacer/alpha-RACER/ros2_ws/install/ament_cmake_pytest:/home/yug/agv-alpharacer/alpha-RACER/ros2_ws/install/ament_cmake_nose:/home/yug/agv-alpharacer/alpha-RACER/ros2_ws/install/ament_cmake_gmock:/home/yug/agv-alpharacer/alpha-RACER/ros2_ws/install/ackermann_msgs:/home/yug/agv-alpharacer/alpha-RACER/ros2_ws/install/tf_transformations:/home/yug/agv-alpharacer/alpha-RACER/ros2_ws/install/tf2_tools:/home/yug/agv-alpharacer/alpha-RACER/ros2_ws/install/examples_tf2_py:/home/yug/agv-alpharacer/alpha-RACER/ros2_ws/install/tf2_ros_py:/home/yug/agv-alpharacer/alpha-RACER/ros2_ws/install/tf2_eigen:/home/yug/agv-alpharacer/alpha-RACER/ros2_ws/install/tf2_bullet:/opt/ros/humble CONDA_PROMPT_MODIFIER=(alpharacer) LD_LIBRARY_PATH=/home/yug/agv-alpharacer/alpha-RACER/ros2_ws/install/tf2_msgs/lib:/home/yug/agv-alpharacer/alpha-RACER/ros2_ws/install/tf2/lib:/home/yug/agv-alpharacer/alpha-RACER/ros2_ws/install/google_benchmark_vendor/lib:/home/yug/agv-alpharacer/alpha-RACER/ros2_ws/install/tf2_ros/lib:/home/yug/agv-alpharacer/alpha-RACER/ros2_ws/install/tf2_eigen_kdl/lib:/home/yug/agv-alpharacer/alpha-RACER/ros2_ws/install/foxglove_bridge/lib:/home/yug/agv-alpharacer/alpha-RACER/ros2_ws/install/rosx_introspection/lib:/home/yug/agv-alpharacer/alpha-RACER/ros2_ws/install/network_bridge/lib:/home/yug/agv-alpharacer/alpha-RACER/ros2_ws/install/my_custom_msgs/lib:/home/yug/agv-alpharacer/alpha-RACER/ros2_ws/install/ackermann_msgs/lib:/opt/ros/humble/lib/x86_64-linux-gnu:/opt/ros/humble/lib /usr/bin/cmake --build /home/yug/agv-alpharacer/alpha-RACER/ros2_ws/build/tf2_ros -- -j16 -l16
[1.743s] [ 14%] [32mBuilding CXX object CMakeFiles/tf2_ros.dir/src/create_timer_ros.cpp.o[0m
[1.743s] [ 14%] [32mBuilding CXX object CMakeFiles/tf2_ros.dir/src/buffer.cpp.o[0m
[1.744s] [ 14%] [32mBuilding CXX object CMakeFiles/tf2_ros.dir/src/buffer_client.cpp.o[0m
[1.744s] [ 14%] [32mBuilding CXX object CMakeFiles/tf2_ros.dir/src/buffer_server.cpp.o[0m
[1.744s] [ 14%] [32mBuilding CXX object CMakeFiles/tf2_ros.dir/src/transform_listener.cpp.o[0m
[1.744s] [ 14%] [32mBuilding CXX object gtest/CMakeFiles/gtest_main.dir/src/gtest_main.cc.o[0m
[1.744s] [ 19%] [32mBuilding CXX object CMakeFiles/tf2_ros.dir/src/static_transform_broadcaster.cpp.o[0m
[1.744s] [ 19%] [32mBuilding CXX object gtest/CMakeFiles/gtest.dir/src/gtest-all.cc.o[0m
[1.744s] [ 21%] [32mBuilding CXX object CMakeFiles/tf2_ros.dir/src/transform_broadcaster.cpp.o[0m
[3.340s] [ 23%] [32m[1mLinking CXX static library libgtest_main.a[0m
[3.403s] [ 23%] Built target gtest_main
[6.948s] [ 26%] [32m[1mLinking CXX static library libgtest.a[0m
[7.025s] [ 26%] Built target gtest
[11.114s] [ 28%] [32m[1mLinking CXX shared library libtf2_ros.so[0m
[11.561s] [ 28%] Built target tf2_ros
[11.591s] [ 40%] [32mBuilding CXX object CMakeFiles/tf2_monitor.dir/src/tf2_monitor.cpp.o[0m
[11.591s] [ 40%] [32mBuilding CXX object CMakeFiles/test_buffer.dir/test/test_buffer.cpp.o[0m
[11.592s] [ 40%] [32mBuilding CXX object CMakeFiles/test_buffer_server.dir/test/test_buffer_server.cpp.o[0m
[11.592s] [ 40%] [32mBuilding CXX object CMakeFiles/static_transform_broadcaster_node.dir/src/static_transform_broadcaster_node.cpp.o[0m
[11.592s] [ 40%] [32mBuilding CXX object CMakeFiles/tf2_echo.dir/src/tf2_echo.cpp.o[0m
[11.592s] [ 42%] [32mBuilding CXX object CMakeFiles/buffer_server.dir/src/buffer_server_main.cpp.o[0m
[11.592s] [ 50%] [32mBuilding CXX object CMakeFiles/test_buffer_client.dir/test/test_buffer_client.cpp.o[0m
[11.592s] [ 50%] [32mBuilding CXX object CMakeFiles/tf2_ros_test_message_filter.dir/test/message_filter_test.cpp.o[0m
[11.592s] [ 50%] [32mBuilding CXX object CMakeFiles/tf2_ros_test_static_transform_broadcaster.dir/test/test_static_transform_broadcaster.cpp.o[0m
[11.592s] [ 52%] [32mBuilding CXX object CMakeFiles/tf2_ros_test_transform_listener.dir/test/test_transform_listener.cpp.o[0m
[11.592s] [ 57%] [32mBuilding CXX object CMakeFiles/tf2_ros_test_time_reset.dir/test/time_reset_test.cpp.o[0m
[11.592s] [ 57%] [32mBuilding CXX object CMakeFiles/tf2_ros_test_velocity.dir/test/velocity_test.cpp.o[0m
[11.593s] [ 59%] [32mBuilding CXX object CMakeFiles/tf2_ros_test_listener.dir/test/listener_unittest.cpp.o[0m
[11.597s] [ 61%] [32mBuilding CXX object CMakeFiles/tf2_ros_test_transform_broadcaster.dir/test/test_transform_broadcaster.cpp.o[0m
[18.808s] [ 64%] [32m[1mLinking CXX executable tf2_echo[0m
[19.578s] [ 64%] Built target tf2_echo
[19.580s] [ 66%] [32m[1mLinking CXX shared library libstatic_transform_broadcaster_node.so[0m
[20.139s] [ 66%] Built target static_transform_broadcaster_node
[20.182s] [ 69%] [32mBuilding CXX object CMakeFiles/static_transform_publisher.dir/src/static_transform_broadcaster_program.cpp.o[0m
[20.210s] [ 71%] [32m[1mLinking CXX executable buffer_server[0m
[20.574s] [ 73%] [32m[1mLinking CXX executable tf2_ros_test_transform_broadcaster[0m
[20.713s] [ 76%] [32m[1mLinking CXX executable tf2_ros_test_static_transform_broadcaster[0m
[21.102s] [ 76%] Built target buffer_server
[21.170s] [ 78%] [32m[1mLinking CXX executable test_buffer[0m
[21.242s] [ 80%] [32m[1mLinking CXX executable tf2_ros_test_velocity[0m
[21.263s] [ 80%] Built target tf2_ros_test_transform_broadcaster
[21.386s] [ 80%] Built target tf2_ros_test_static_transform_broadcaster
[21.626s] [ 83%] [32m[1mLinking CXX executable test_buffer_client[0m
[22.114s] [ 83%] Built target tf2_ros_test_velocity
[22.216s] [ 83%] Built target test_buffer
[22.520s] [ 83%] Built target test_buffer_client
[22.952s] [ 85%] [32m[1mLinking CXX executable tf2_ros_test_time_reset[0m
[23.123s] [ 88%] [32m[1mLinking CXX executable test_buffer_server[0m
[23.696s] [ 88%] Built target tf2_ros_test_time_reset
[23.841s] [ 88%] Built target test_buffer_server
[25.158s] [ 90%] [32m[1mLinking CXX executable static_transform_publisher[0m
[25.382s] [ 90%] Built target static_transform_publisher
[25.689s] [ 92%] [32m[1mLinking CXX executable tf2_monitor[0m
[26.216s] [ 92%] Built target tf2_monitor
[26.838s] [ 95%] [32m[1mLinking CXX executable tf2_ros_test_listener[0m
[27.774s] [ 97%] [32m[1mLinking CXX executable tf2_ros_test_transform_listener[0m
[28.315s] [ 97%] Built target tf2_ros_test_listener
[29.277s] [ 97%] Built target tf2_ros_test_transform_listener
[29.302s] [100%] [32m[1mLinking CXX executable tf2_ros_test_message_filter[0m
[31.095s] [100%] Built target tf2_ros_test_message_filter
[31.135s] Invoked command in '/home/yug/agv-alpharacer/alpha-RACER/ros2_ws/build/tf2_ros' returned '0': CMAKE_PREFIX_PATH=/home/yug/agv-alpharacer/alpha-RACER/ros2_ws/install/tf2_msgs:/home/yug/agv-alpharacer/alpha-RACER/ros2_ws/install/tf2:/home/yug/agv-alpharacer/alpha-RACER/ros2_ws/install/ament_cmake:/home/yug/agv-alpharacer/alpha-RACER/ros2_ws/install/ament_cmake_gen_version_h:/home/yug/agv-alpharacer/alpha-RACER/ros2_ws/install/ament_cmake_gtest:/home/yug/agv-alpharacer/alpha-RACER/ros2_ws/install/ament_cmake_google_benchmark:/home/yug/agv-alpharacer/alpha-RACER/ros2_ws/install/ament_cmake_test:/home/yug/agv-alpharacer/alpha-RACER/ros2_ws/install/ament_cmake_target_dependencies:/home/yug/agv-alpharacer/alpha-RACER/ros2_ws/install/ament_cmake_export_targets:/home/yug/agv-alpharacer/alpha-RACER/ros2_ws/install/ament_cmake_export_interfaces:/home/yug/agv-alpharacer/alpha-RACER/ros2_ws/install/ament_cmake_export_dependencies:/home/yug/agv-alpharacer/alpha-RACER/ros2_ws/install/ament_cmake_version:/home/yug/agv-alpharacer/alpha-RACER/ros2_ws/install/ament_cmake_python:/home/yug/agv-alpharacer/alpha-RACER/ros2_ws/install/ament_cmake_libraries:/home/yug/agv-alpharacer/alpha-RACER/ros2_ws/install/ament_cmake_include_directories:/home/yug/agv-alpharacer/alpha-RACER/ros2_ws/install/ament_cmake_export_link_flags:/home/yug/agv-alpharacer/alpha-RACER/ros2_ws/install/ament_cmake_export_libraries:/home/yug/agv-alpharacer/alpha-RACER/ros2_ws/install/ament_cmake_export_include_directories:/home/yug/agv-alpharacer/alpha-RACER/ros2_ws/install/ament_cmake_export_definitions:/home/yug/agv-alpharacer/alpha-RACER/ros2_ws/install/google_benchmark_vendor:/home/yug/agv-alpharacer/alpha-RACER/ros2_ws/install/ament_cmake_core:/home/yug/agv-alpharacer/alpha-RACER/ros2_ws/install/geometry2:/home/yug/agv-alpharacer/alpha-RACER/ros2_ws/install/tf2_sensor_msgs:/home/yug/agv-alpharacer/alpha-RACER/ros2_ws/install/test_tf2:/home/yug/agv-alpharacer/alpha-RACER/ros2_ws/install/tf2_kdl:/home/yug/agv-alpharacer/alpha-RACER/ros2_ws/install/tf2_geometry_msgs:/home/yug/agv-alpharacer/alpha-RACER/ros2_ws/install/tf2_ros:/home/yug/agv-alpharacer/alpha-RACER/ros2_ws/install/tf2_py:/home/yug/agv-alpharacer/alpha-RACER/ros2_ws/install/tf2_eigen_kdl:/home/yug/agv-alpharacer/alpha-RACER/ros2_ws/install/foxglove_bridge:/home/yug/agv-alpharacer/alpha-RACER/ros2_ws/install/rosx_introspection:/home/yug/agv-alpharacer/alpha-RACER/ros2_ws/install/network_bridge:/home/yug/agv-alpharacer/alpha-RACER/ros2_ws/install/my_robot_description:/home/yug/agv-alpharacer/alpha-RACER/ros2_ws/install/my_custom_msgs:/home/yug/agv-alpharacer/alpha-RACER/ros2_ws/install/ament_cmake_auto:/home/yug/agv-alpharacer/alpha-RACER/ros2_ws/install/ament_cmake_vendor_package:/home/yug/agv-alpharacer/alpha-RACER/ros2_ws/install/ament_cmake_pytest:/home/yug/agv-alpharacer/alpha-RACER/ros2_ws/install/ament_cmake_nose:/home/yug/agv-alpharacer/alpha-RACER/ros2_ws/install/ament_cmake_gmock:/home/yug/agv-alpharacer/alpha-RACER/ros2_ws/install/ackermann_msgs:/home/yug/agv-alpharacer/alpha-RACER/ros2_ws/install/tf_transformations:/home/yug/agv-alpharacer/alpha-RACER/ros2_ws/install/tf2_tools:/home/yug/agv-alpharacer/alpha-RACER/ros2_ws/install/examples_tf2_py:/home/yug/agv-alpharacer/alpha-RACER/ros2_ws/install/tf2_ros_py:/home/yug/agv-alpharacer/alpha-RACER/ros2_ws/install/tf2_eigen:/home/yug/agv-alpharacer/alpha-RACER/ros2_ws/install/tf2_bullet:/opt/ros/humble CONDA_PROMPT_MODIFIER=(alpharacer) LD_LIBRARY_PATH=/home/yug/agv-alpharacer/alpha-RACER/ros2_ws/install/tf2_msgs/lib:/home/yug/agv-alpharacer/alpha-RACER/ros2_ws/install/tf2/lib:/home/yug/agv-alpharacer/alpha-RACER/ros2_ws/install/google_benchmark_vendor/lib:/home/yug/agv-alpharacer/alpha-RACER/ros2_ws/install/tf2_ros/lib:/home/yug/agv-alpharacer/alpha-RACER/ros2_ws/install/tf2_eigen_kdl/lib:/home/yug/agv-alpharacer/alpha-RACER/ros2_ws/install/foxglove_bridge/lib:/home/yug/agv-alpharacer/alpha-RACER/ros2_ws/install/rosx_introspection/lib:/home/yug/agv-alpharacer/alpha-RACER/ros2_ws/install/network_bridge/lib:/home/yug/agv-alpharacer/alpha-RACER/ros2_ws/install/my_custom_msgs/lib:/home/yug/agv-alpharacer/alpha-RACER/ros2_ws/install/ackermann_msgs/lib:/opt/ros/humble/lib/x86_64-linux-gnu:/opt/ros/humble/lib /usr/bin/cmake --build /home/yug/agv-alpharacer/alpha-RACER/ros2_ws/build/tf2_ros -- -j16 -l16
[31.145s] Invoking command in '/home/yug/agv-alpharacer/alpha-RACER/ros2_ws/build/tf2_ros': CMAKE_PREFIX_PATH=/home/yug/agv-alpharacer/alpha-RACER/ros2_ws/install/tf2_msgs:/home/yug/agv-alpharacer/alpha-RACER/ros2_ws/install/tf2:/home/yug/agv-alpharacer/alpha-RACER/ros2_ws/install/ament_cmake:/home/yug/agv-alpharacer/alpha-RACER/ros2_ws/install/ament_cmake_gen_version_h:/home/yug/agv-alpharacer/alpha-RACER/ros2_ws/install/ament_cmake_gtest:/home/yug/agv-alpharacer/alpha-RACER/ros2_ws/install/ament_cmake_google_benchmark:/home/yug/agv-alpharacer/alpha-RACER/ros2_ws/install/ament_cmake_test:/home/yug/agv-alpharacer/alpha-RACER/ros2_ws/install/ament_cmake_target_dependencies:/home/yug/agv-alpharacer/alpha-RACER/ros2_ws/install/ament_cmake_export_targets:/home/yug/agv-alpharacer/alpha-RACER/ros2_ws/install/ament_cmake_export_interfaces:/home/yug/agv-alpharacer/alpha-RACER/ros2_ws/install/ament_cmake_export_dependencies:/home/yug/agv-alpharacer/alpha-RACER/ros2_ws/install/ament_cmake_version:/home/yug/agv-alpharacer/alpha-RACER/ros2_ws/install/ament_cmake_python:/home/yug/agv-alpharacer/alpha-RACER/ros2_ws/install/ament_cmake_libraries:/home/yug/agv-alpharacer/alpha-RACER/ros2_ws/install/ament_cmake_include_directories:/home/yug/agv-alpharacer/alpha-RACER/ros2_ws/install/ament_cmake_export_link_flags:/home/yug/agv-alpharacer/alpha-RACER/ros2_ws/install/ament_cmake_export_libraries:/home/yug/agv-alpharacer/alpha-RACER/ros2_ws/install/ament_cmake_export_include_directories:/home/yug/agv-alpharacer/alpha-RACER/ros2_ws/install/ament_cmake_export_definitions:/home/yug/agv-alpharacer/alpha-RACER/ros2_ws/install/google_benchmark_vendor:/home/yug/agv-alpharacer/alpha-RACER/ros2_ws/install/ament_cmake_core:/home/yug/agv-alpharacer/alpha-RACER/ros2_ws/install/geometry2:/home/yug/agv-alpharacer/alpha-RACER/ros2_ws/install/tf2_sensor_msgs:/home/yug/agv-alpharacer/alpha-RACER/ros2_ws/install/test_tf2:/home/yug/agv-alpharacer/alpha-RACER/ros2_ws/install/tf2_kdl:/home/yug/agv-alpharacer/alpha-RACER/ros2_ws/install/tf2_geometry_msgs:/home/yug/agv-alpharacer/alpha-RACER/ros2_ws/install/tf2_ros:/home/yug/agv-alpharacer/alpha-RACER/ros2_ws/install/tf2_py:/home/yug/agv-alpharacer/alpha-RACER/ros2_ws/install/tf2_eigen_kdl:/home/yug/agv-alpharacer/alpha-RACER/ros2_ws/install/foxglove_bridge:/home/yug/agv-alpharacer/alpha-RACER/ros2_ws/install/rosx_introspection:/home/yug/agv-alpharacer/alpha-RACER/ros2_ws/install/network_bridge:/home/yug/agv-alpharacer/alpha-RACER/ros2_ws/install/my_robot_description:/home/yug/agv-alpharacer/alpha-RACER/ros2_ws/install/my_custom_msgs:/home/yug/agv-alpharacer/alpha-RACER/ros2_ws/install/ament_cmake_auto:/home/yug/agv-alpharacer/alpha-RACER/ros2_ws/install/ament_cmake_vendor_package:/home/yug/agv-alpharacer/alpha-RACER/ros2_ws/install/ament_cmake_pytest:/home/yug/agv-alpharacer/alpha-RACER/ros2_ws/install/ament_cmake_nose:/home/yug/agv-alpharacer/alpha-RACER/ros2_ws/install/ament_cmake_gmock:/home/yug/agv-alpharacer/alpha-RACER/ros2_ws/install/ackermann_msgs:/home/yug/agv-alpharacer/alpha-RACER/ros2_ws/install/tf_transformations:/home/yug/agv-alpharacer/alpha-RACER/ros2_ws/install/tf2_tools:/home/yug/agv-alpharacer/alpha-RACER/ros2_ws/install/examples_tf2_py:/home/yug/agv-alpharacer/alpha-RACER/ros2_ws/install/tf2_ros_py:/home/yug/agv-alpharacer/alpha-RACER/ros2_ws/install/tf2_eigen:/home/yug/agv-alpharacer/alpha-RACER/ros2_ws/install/tf2_bullet:/opt/ros/humble CONDA_PROMPT_MODIFIER=(alpharacer) LD_LIBRARY_PATH=/home/yug/agv-alpharacer/alpha-RACER/ros2_ws/install/tf2_msgs/lib:/home/yug/agv-alpharacer/alpha-RACER/ros2_ws/install/tf2/lib:/home/yug/agv-alpharacer/alpha-RACER/ros2_ws/install/google_benchmark_vendor/lib:/home/yug/agv-alpharacer/alpha-RACER/ros2_ws/install/tf2_ros/lib:/home/yug/agv-alpharacer/alpha-RACER/ros2_ws/install/tf2_eigen_kdl/lib:/home/yug/agv-alpharacer/alpha-RACER/ros2_ws/install/foxglove_bridge/lib:/home/yug/agv-alpharacer/alpha-RACER/ros2_ws/install/rosx_introspection/lib:/home/yug/agv-alpharacer/alpha-RACER/ros2_ws/install/network_bridge/lib:/home/yug/agv-alpharacer/alpha-RACER/ros2_ws/install/my_custom_msgs/lib:/home/yug/agv-alpharacer/alpha-RACER/ros2_ws/install/ackermann_msgs/lib:/opt/ros/humble/lib/x86_64-linux-gnu:/opt/ros/humble/lib /usr/bin/cmake --install /home/yug/agv-alpharacer/alpha-RACER/ros2_ws/build/tf2_ros
[31.171s] -- Install configuration: ""
[31.171s] -- Execute custom install script
[31.172s] -- Symlinking: /home/yug/agv-alpharacer/alpha-RACER/ros2_ws/install/tf2_ros/lib/tf2_ros/buffer_server
[31.193s] -- Symlinking: /home/yug/agv-alpharacer/alpha-RACER/ros2_ws/install/tf2_ros/lib/tf2_ros/static_transform_publisher
[31.214s] -- Symlinking: /home/yug/agv-alpharacer/alpha-RACER/ros2_ws/install/tf2_ros/lib/tf2_ros/tf2_echo
[31.244s] -- Symlinking: /home/yug/agv-alpharacer/alpha-RACER/ros2_ws/install/tf2_ros/lib/tf2_ros/tf2_monitor
[31.265s] -- Symlinking: /home/yug/agv-alpharacer/alpha-RACER/ros2_ws/install/tf2_ros/include/tf2_ros/tf2_ros/async_buffer_interface.h
[31.285s] -- Symlinking: /home/yug/agv-alpharacer/alpha-RACER/ros2_ws/install/tf2_ros/include/tf2_ros/tf2_ros/async_buffer_interface.hpp
[31.303s] -- Symlinking: /home/yug/agv-alpharacer/alpha-RACER/ros2_ws/install/tf2_ros/include/tf2_ros/tf2_ros/buffer.h
[31.328s] -- Symlinking: /home/yug/agv-alpharacer/alpha-RACER/ros2_ws/install/tf2_ros/include/tf2_ros/tf2_ros/buffer.hpp
[31.351s] -- Symlinking: /home/yug/agv-alpharacer/alpha-RACER/ros2_ws/install/tf2_ros/include/tf2_ros/tf2_ros/buffer_client.h
[31.371s] -- Symlinking: /home/yug/agv-alpharacer/alpha-RACER/ros2_ws/install/tf2_ros/include/tf2_ros/tf2_ros/buffer_client.hpp
[31.400s] -- Symlinking: /home/yug/agv-alpharacer/alpha-RACER/ros2_ws/install/tf2_ros/include/tf2_ros/tf2_ros/buffer_interface.h
[31.418s] -- Symlinking: /home/yug/agv-alpharacer/alpha-RACER/ros2_ws/install/tf2_ros/include/tf2_ros/tf2_ros/buffer_interface.hpp
[31.439s] -- Symlinking: /home/yug/agv-alpharacer/alpha-RACER/ros2_ws/install/tf2_ros/include/tf2_ros/tf2_ros/buffer_server.h
[31.461s] -- Symlinking: /home/yug/agv-alpharacer/alpha-RACER/ros2_ws/install/tf2_ros/include/tf2_ros/tf2_ros/buffer_server.hpp
[31.484s] -- Symlinking: /home/yug/agv-alpharacer/alpha-RACER/ros2_ws/install/tf2_ros/include/tf2_ros/tf2_ros/create_timer_interface.h
[31.507s] -- Symlinking: /home/yug/agv-alpharacer/alpha-RACER/ros2_ws/install/tf2_ros/include/tf2_ros/tf2_ros/create_timer_interface.hpp
[31.530s] -- Symlinking: /home/yug/agv-alpharacer/alpha-RACER/ros2_ws/install/tf2_ros/include/tf2_ros/tf2_ros/create_timer_ros.h
[31.554s] -- Symlinking: /home/yug/agv-alpharacer/alpha-RACER/ros2_ws/install/tf2_ros/include/tf2_ros/tf2_ros/create_timer_ros.hpp
[31.573s] -- Symlinking: /home/yug/agv-alpharacer/alpha-RACER/ros2_ws/install/tf2_ros/include/tf2_ros/tf2_ros/message_filter.h
[31.593s] -- Symlinking: /home/yug/agv-alpharacer/alpha-RACER/ros2_ws/install/tf2_ros/include/tf2_ros/tf2_ros/message_filter.hpp
[31.610s] -- Symlinking: /home/yug/agv-alpharacer/alpha-RACER/ros2_ws/install/tf2_ros/include/tf2_ros/tf2_ros/qos.hpp
[31.628s] -- Symlinking: /home/yug/agv-alpharacer/alpha-RACER/ros2_ws/install/tf2_ros/include/tf2_ros/tf2_ros/static_transform_broadcaster.h
[31.651s] -- Symlinking: /home/yug/agv-alpharacer/alpha-RACER/ros2_ws/install/tf2_ros/include/tf2_ros/tf2_ros/static_transform_broadcaster.hpp
[31.674s] -- Symlinking: /home/yug/agv-alpharacer/alpha-RACER/ros2_ws/install/tf2_ros/include/tf2_ros/tf2_ros/static_transform_broadcaster_node.hpp
[31.694s] -- Symlinking: /home/yug/agv-alpharacer/alpha-RACER/ros2_ws/install/tf2_ros/include/tf2_ros/tf2_ros/static_transform_broadcaster_visibility_control.h
[31.711s] -- Symlinking: /home/yug/agv-alpharacer/alpha-RACER/ros2_ws/install/tf2_ros/include/tf2_ros/tf2_ros/static_transform_broadcaster_visibility_control.hpp
[31.723s] -- Symlinking: /home/yug/agv-alpharacer/alpha-RACER/ros2_ws/install/tf2_ros/include/tf2_ros/tf2_ros/transform_broadcaster.h
[31.735s] -- Symlinking: /home/yug/agv-alpharacer/alpha-RACER/ros2_ws/install/tf2_ros/include/tf2_ros/tf2_ros/transform_broadcaster.hpp
[31.747s] -- Symlinking: /home/yug/agv-alpharacer/alpha-RACER/ros2_ws/install/tf2_ros/include/tf2_ros/tf2_ros/transform_listener.h
[31.758s] -- Symlinking: /home/yug/agv-alpharacer/alpha-RACER/ros2_ws/install/tf2_ros/include/tf2_ros/tf2_ros/transform_listener.hpp
[31.768s] -- Symlinking: /home/yug/agv-alpharacer/alpha-RACER/ros2_ws/install/tf2_ros/include/tf2_ros/tf2_ros/visibility_control.h
[31.778s] -- Symlinking: /home/yug/agv-alpharacer/alpha-RACER/ros2_ws/install/tf2_ros/include/tf2_ros/tf2_ros/visibility_control.hpp
[31.788s] -- Symlinking: /home/yug/agv-alpharacer/alpha-RACER/ros2_ws/install/tf2_ros/share/tf2_ros/environment/library_path.sh
[31.799s] -- Symlinking: /home/yug/agv-alpharacer/alpha-RACER/ros2_ws/install/tf2_ros/share/tf2_ros/environment/library_path.dsv
[31.810s] -- Symlinking: /home/yug/agv-alpharacer/alpha-RACER/ros2_ws/install/tf2_ros/share/ament_index/resource_index/package_run_dependencies/tf2_ros
[31.822s] -- Symlinking: /home/yug/agv-alpharacer/alpha-RACER/ros2_ws/install/tf2_ros/share/ament_index/resource_index/parent_prefix_path/tf2_ros
[31.833s] -- Symlinking: /home/yug/agv-alpharacer/alpha-RACER/ros2_ws/install/tf2_ros/share/tf2_ros/environment/ament_prefix_path.sh
[31.845s] -- Symlinking: /home/yug/agv-alpharacer/alpha-RACER/ros2_ws/install/tf2_ros/share/tf2_ros/environment/ament_prefix_path.dsv
[31.857s] -- Symlinking: /home/yug/agv-alpharacer/alpha-RACER/ros2_ws/install/tf2_ros/share/tf2_ros/environment/path.sh
[31.869s] -- Symlinking: /home/yug/agv-alpharacer/alpha-RACER/ros2_ws/install/tf2_ros/share/tf2_ros/environment/path.dsv
[31.880s] -- Symlinking: /home/yug/agv-alpharacer/alpha-RACER/ros2_ws/install/tf2_ros/share/tf2_ros/local_setup.bash
[31.892s] -- Symlinking: /home/yug/agv-alpharacer/alpha-RACER/ros2_ws/install/tf2_ros/share/tf2_ros/local_setup.sh
[31.902s] -- Symlinking: /home/yug/agv-alpharacer/alpha-RACER/ros2_ws/install/tf2_ros/share/tf2_ros/local_setup.zsh
[31.914s] -- Symlinking: /home/yug/agv-alpharacer/alpha-RACER/ros2_ws/install/tf2_ros/share/tf2_ros/local_setup.dsv
[31.926s] -- Symlinking: /home/yug/agv-alpharacer/alpha-RACER/ros2_ws/install/tf2_ros/share/tf2_ros/package.dsv
[31.938s] -- Symlinking: /home/yug/agv-alpharacer/alpha-RACER/ros2_ws/install/tf2_ros/share/ament_index/resource_index/packages/tf2_ros
[31.950s] -- Symlinking: /home/yug/agv-alpharacer/alpha-RACER/ros2_ws/install/tf2_ros/share/ament_index/resource_index/rclcpp_components/tf2_ros
[31.961s] -- Symlinking: /home/yug/agv-alpharacer/alpha-RACER/ros2_ws/install/tf2_ros/share/tf2_ros/cmake/ament_cmake_export_include_directories-extras.cmake
[31.974s] -- Symlinking: /home/yug/agv-alpharacer/alpha-RACER/ros2_ws/install/tf2_ros/share/tf2_ros/cmake/ament_cmake_export_libraries-extras.cmake
[31.985s] -- Symlinking: /home/yug/agv-alpharacer/alpha-RACER/ros2_ws/install/tf2_ros/share/tf2_ros/cmake/ament_cmake_export_targets-extras.cmake
[31.996s] -- Symlinking: /home/yug/agv-alpharacer/alpha-RACER/ros2_ws/install/tf2_ros/share/tf2_ros/cmake/ament_cmake_export_dependencies-extras.cmake
[32.006s] -- Symlinking: /home/yug/agv-alpharacer/alpha-RACER/ros2_ws/install/tf2_ros/share/tf2_ros/cmake/tf2_rosConfig.cmake
[32.018s] -- Symlinking: /home/yug/agv-alpharacer/alpha-RACER/ros2_ws/install/tf2_ros/share/tf2_ros/cmake/tf2_rosConfig-version.cmake
[32.029s] -- Symlinking: /home/yug/agv-alpharacer/alpha-RACER/ros2_ws/install/tf2_ros/share/tf2_ros/package.xml
[32.039s] -- Installing: /home/yug/agv-alpharacer/alpha-RACER/ros2_ws/install/tf2_ros/lib/libtf2_ros.so
[32.047s] -- Set runtime path of "/home/yug/agv-alpharacer/alpha-RACER/ros2_ws/install/tf2_ros/lib/libtf2_ros.so" to ""
[32.047s] -- Installing: /home/yug/agv-alpharacer/alpha-RACER/ros2_ws/install/tf2_ros/lib/libstatic_transform_broadcaster_node.so
[32.049s] -- Set runtime path of "/home/yug/agv-alpharacer/alpha-RACER/ros2_ws/install/tf2_ros/lib/libstatic_transform_broadcaster_node.so" to ""
[32.049s] -- Installing: /home/yug/agv-alpharacer/alpha-RACER/ros2_ws/install/tf2_ros/share/tf2_ros/cmake/export_tf2_rosExport.cmake
[32.049s] -- Installing: /home/yug/agv-alpharacer/alpha-RACER/ros2_ws/install/tf2_ros/share/tf2_ros/cmake/export_tf2_rosExport-noconfig.cmake
[32.052s] Invoked command in '/home/yug/agv-alpharacer/alpha-RACER/ros2_ws/build/tf2_ros' returned '0': CMAKE_PREFIX_PATH=/home/yug/agv-alpharacer/alpha-RACER/ros2_ws/install/tf2_msgs:/home/yug/agv-alpharacer/alpha-RACER/ros2_ws/install/tf2:/home/yug/agv-alpharacer/alpha-RACER/ros2_ws/install/ament_cmake:/home/yug/agv-alpharacer/alpha-RACER/ros2_ws/install/ament_cmake_gen_version_h:/home/yug/agv-alpharacer/alpha-RACER/ros2_ws/install/ament_cmake_gtest:/home/yug/agv-alpharacer/alpha-RACER/ros2_ws/install/ament_cmake_google_benchmark:/home/yug/agv-alpharacer/alpha-RACER/ros2_ws/install/ament_cmake_test:/home/yug/agv-alpharacer/alpha-RACER/ros2_ws/install/ament_cmake_target_dependencies:/home/yug/agv-alpharacer/alpha-RACER/ros2_ws/install/ament_cmake_export_targets:/home/yug/agv-alpharacer/alpha-RACER/ros2_ws/install/ament_cmake_export_interfaces:/home/yug/agv-alpharacer/alpha-RACER/ros2_ws/install/ament_cmake_export_dependencies:/home/yug/agv-alpharacer/alpha-RACER/ros2_ws/install/ament_cmake_version:/home/yug/agv-alpharacer/alpha-RACER/ros2_ws/install/ament_cmake_python:/home/yug/agv-alpharacer/alpha-RACER/ros2_ws/install/ament_cmake_libraries:/home/yug/agv-alpharacer/alpha-RACER/ros2_ws/install/ament_cmake_include_directories:/home/yug/agv-alpharacer/alpha-RACER/ros2_ws/install/ament_cmake_export_link_flags:/home/yug/agv-alpharacer/alpha-RACER/ros2_ws/install/ament_cmake_export_libraries:/home/yug/agv-alpharacer/alpha-RACER/ros2_ws/install/ament_cmake_export_include_directories:/home/yug/agv-alpharacer/alpha-RACER/ros2_ws/install/ament_cmake_export_definitions:/home/yug/agv-alpharacer/alpha-RACER/ros2_ws/install/google_benchmark_vendor:/home/yug/agv-alpharacer/alpha-RACER/ros2_ws/install/ament_cmake_core:/home/yug/agv-alpharacer/alpha-RACER/ros2_ws/install/geometry2:/home/yug/agv-alpharacer/alpha-RACER/ros2_ws/install/tf2_sensor_msgs:/home/yug/agv-alpharacer/alpha-RACER/ros2_ws/install/test_tf2:/home/yug/agv-alpharacer/alpha-RACER/ros2_ws/install/tf2_kdl:/home/yug/agv-alpharacer/alpha-RACER/ros2_ws/install/tf2_geometry_msgs:/home/yug/agv-alpharacer/alpha-RACER/ros2_ws/install/tf2_ros:/home/yug/agv-alpharacer/alpha-RACER/ros2_ws/install/tf2_py:/home/yug/agv-alpharacer/alpha-RACER/ros2_ws/install/tf2_eigen_kdl:/home/yug/agv-alpharacer/alpha-RACER/ros2_ws/install/foxglove_bridge:/home/yug/agv-alpharacer/alpha-RACER/ros2_ws/install/rosx_introspection:/home/yug/agv-alpharacer/alpha-RACER/ros2_ws/install/network_bridge:/home/yug/agv-alpharacer/alpha-RACER/ros2_ws/install/my_robot_description:/home/yug/agv-alpharacer/alpha-RACER/ros2_ws/install/my_custom_msgs:/home/yug/agv-alpharacer/alpha-RACER/ros2_ws/install/ament_cmake_auto:/home/yug/agv-alpharacer/alpha-RACER/ros2_ws/install/ament_cmake_vendor_package:/home/yug/agv-alpharacer/alpha-RACER/ros2_ws/install/ament_cmake_pytest:/home/yug/agv-alpharacer/alpha-RACER/ros2_ws/install/ament_cmake_nose:/home/yug/agv-alpharacer/alpha-RACER/ros2_ws/install/ament_cmake_gmock:/home/yug/agv-alpharacer/alpha-RACER/ros2_ws/install/ackermann_msgs:/home/yug/agv-alpharacer/alpha-RACER/ros2_ws/install/tf_transformations:/home/yug/agv-alpharacer/alpha-RACER/ros2_ws/install/tf2_tools:/home/yug/agv-alpharacer/alpha-RACER/ros2_ws/install/examples_tf2_py:/home/yug/agv-alpharacer/alpha-RACER/ros2_ws/install/tf2_ros_py:/home/yug/agv-alpharacer/alpha-RACER/ros2_ws/install/tf2_eigen:/home/yug/agv-alpharacer/alpha-RACER/ros2_ws/install/tf2_bullet:/opt/ros/humble CONDA_PROMPT_MODIFIER=(alpharacer) LD_LIBRARY_PATH=/home/yug/agv-alpharacer/alpha-RACER/ros2_ws/install/tf2_msgs/lib:/home/yug/agv-alpharacer/alpha-RACER/ros2_ws/install/tf2/lib:/home/yug/agv-alpharacer/alpha-RACER/ros2_ws/install/google_benchmark_vendor/lib:/home/yug/agv-alpharacer/alpha-RACER/ros2_ws/install/tf2_ros/lib:/home/yug/agv-alpharacer/alpha-RACER/ros2_ws/install/tf2_eigen_kdl/lib:/home/yug/agv-alpharacer/alpha-RACER/ros2_ws/install/foxglove_bridge/lib:/home/yug/agv-alpharacer/alpha-RACER/ros2_ws/install/rosx_introspection/lib:/home/yug/agv-alpharacer/alpha-RACER/ros2_ws/install/network_bridge/lib:/home/yug/agv-alpharacer/alpha-RACER/ros2_ws/install/my_custom_msgs/lib:/home/yug/agv-alpharacer/alpha-RACER/ros2_ws/install/ackermann_msgs/lib:/opt/ros/humble/lib/x86_64-linux-gnu:/opt/ros/humble/lib /usr/bin/cmake --install /home/yug/agv-alpharacer/alpha-RACER/ros2_ws/build/tf2_ros
