-- The C compiler identification is GNU 11.4.0
-- The CXX compiler identification is GNU 11.4.0
-- Detecting C compiler ABI info
-- Detecting C compiler ABI info - done
-- Check for working C compiler: /usr/bin/cc - skipped
-- Detecting C compile features
-- Detecting C compile features - done
-- Detecting CXX compiler ABI info
-- Detecting CXX compiler ABI info - done
-- Check for working CXX compiler: /usr/bin/c++ - skipped
-- Detecting CXX compile features
-- Detecting CXX compile features - done
-- Found ament_cmake: 1.3.12 (/opt/ros/humble/share/ament_cmake/cmake)
-- Found Python3: /usr/bin/python3 (found version "3.10.12") found components: Interpreter 
-- Found rosidl_default_generators: 1.2.0 (/opt/ros/humble/share/rosidl_default_generators/cmake)
-- Using all available rosidl_typesupport_c: rosidl_typesupport_fastrtps_c;rosidl_typesupport_introspection_c
-- Found rosidl_adapter: 3.1.7 (/opt/ros/humble/share/rosidl_adapter/cmake)
-- Using all available rosidl_typesupport_cpp: rosidl_typesupport_fastrtps_cpp;rosidl_typesupport_introspection_cpp
-- Found std_msgs: 4.9.0 (/opt/ros/humble/share/std_msgs/cmake)
-- Found ament_cmake_ros: 0.10.0 (/opt/ros/humble/share/ament_cmake_ros/cmake)
-- Using all available rosidl_typesupport_c: rosidl_typesupport_fastrtps_c;rosidl_typesupport_introspection_c
-- Using all available rosidl_typesupport_cpp: rosidl_typesupport_fastrtps_cpp;rosidl_typesupport_introspection_cpp
-- Found PythonInterp: /usr/bin/python3 (found suitable version "3.10.12", minimum required is "3.6") 
-- Found python_cmake_module: 0.10.0 (/opt/ros/humble/share/python_cmake_module/cmake)
-- Found PythonLibs: /usr/lib/x86_64-linux-gnu/libpython3.10.so (found suitable version "3.10.12", minimum required is "3.5") 
-- Using PYTHON_EXECUTABLE: /usr/bin/python3
-- Using PYTHON_INCLUDE_DIRS: /usr/include/python3.10
-- Using PYTHON_LIBRARIES: /usr/lib/x86_64-linux-gnu/libpython3.10.so
-- Found PythonExtra: .so  
-- Configuring done
-- Generating done
-- Build files have been written to: /home/dvij/multi-car-racing/build/autonoma_msgs
[  1%] [34m[1mGenerating C code for ROS interfaces[0m
[  2%] [34m[1mGenerating C++ code for ROS interfaces[0m
[  2%] Built target ament_cmake_python_copy_autonoma_msgs
running egg_info
creating autonoma_msgs.egg-info
writing autonoma_msgs.egg-info/PKG-INFO
writing dependency_links to autonoma_msgs.egg-info/dependency_links.txt
writing top-level names to autonoma_msgs.egg-info/top_level.txt
writing manifest file 'autonoma_msgs.egg-info/SOURCES.txt'
reading manifest file 'autonoma_msgs.egg-info/SOURCES.txt'
writing manifest file 'autonoma_msgs.egg-info/SOURCES.txt'
[  2%] Built target ament_cmake_python_build_autonoma_msgs_egg
[  2%] Built target autonoma_msgs__cpp
[  3%] [34m[1mGenerating C++ type support dispatch for ROS interfaces[0m
[  5%] [34m[1mGenerating C++ type support for eProsima Fast-RTPS[0m
[  6%] [34m[1mGenerating C++ introspection for ROS interfaces[0m
[  7%] [32mBuilding C object CMakeFiles/autonoma_msgs__rosidl_generator_c.dir/rosidl_generator_c/autonoma_msgs/msg/detail/powertrain_data__functions.c.o[0m
[  8%] [32mBuilding C object CMakeFiles/autonoma_msgs__rosidl_generator_c.dir/rosidl_generator_c/autonoma_msgs/msg/detail/vehicle_data__functions.c.o[0m
[ 10%] [32mBuilding C object CMakeFiles/autonoma_msgs__rosidl_generator_c.dir/rosidl_generator_c/autonoma_msgs/msg/detail/race_control__functions.c.o[0m
[ 11%] [32mBuilding C object CMakeFiles/autonoma_msgs__rosidl_generator_c.dir/rosidl_generator_c/autonoma_msgs/msg/detail/to_raptor__functions.c.o[0m
[ 12%] [32mBuilding C object CMakeFiles/autonoma_msgs__rosidl_generator_c.dir/rosidl_generator_c/autonoma_msgs/msg/detail/vehicle_inputs__functions.c.o[0m
[ 13%] [32mBuilding C object CMakeFiles/autonoma_msgs__rosidl_generator_c.dir/rosidl_generator_c/autonoma_msgs/msg/detail/ground_truth__functions.c.o[0m
[ 15%] [32mBuilding C object CMakeFiles/autonoma_msgs__rosidl_generator_c.dir/rosidl_generator_c/autonoma_msgs/msg/detail/ground_truth_array__functions.c.o[0m
[ 16%] [32m[1mLinking C shared library libautonoma_msgs__rosidl_generator_c.so[0m
[ 16%] Built target autonoma_msgs__rosidl_generator_c
[ 17%] [34m[1mGenerating C introspection for ROS interfaces[0m
[ 18%] [34m[1mGenerating C type support dispatch for ROS interfaces[0m
[ 20%] [34m[1mGenerating C type support for eProsima Fast-RTPS[0m
[ 21%] [32mBuilding CXX object CMakeFiles/autonoma_msgs__rosidl_typesupport_cpp.dir/rosidl_typesupport_cpp/autonoma_msgs/msg/vehicle_inputs__type_support.cpp.o[0m
[ 22%] [32mBuilding CXX object CMakeFiles/autonoma_msgs__rosidl_typesupport_cpp.dir/rosidl_typesupport_cpp/autonoma_msgs/msg/powertrain_data__type_support.cpp.o[0m
[ 24%] [32mBuilding CXX object CMakeFiles/autonoma_msgs__rosidl_typesupport_cpp.dir/rosidl_typesupport_cpp/autonoma_msgs/msg/to_raptor__type_support.cpp.o[0m
[ 25%] [32mBuilding CXX object CMakeFiles/autonoma_msgs__rosidl_typesupport_cpp.dir/rosidl_typesupport_cpp/autonoma_msgs/msg/vehicle_data__type_support.cpp.o[0m
[ 27%] [32mBuilding CXX object CMakeFiles/autonoma_msgs__rosidl_typesupport_cpp.dir/rosidl_typesupport_cpp/autonoma_msgs/msg/race_control__type_support.cpp.o[0m
[ 26%] [32mBuilding CXX object CMakeFiles/autonoma_msgs__rosidl_typesupport_cpp.dir/rosidl_typesupport_cpp/autonoma_msgs/msg/ground_truth_array__type_support.cpp.o[0m
[ 29%] [32mBuilding CXX object CMakeFiles/autonoma_msgs__rosidl_typesupport_cpp.dir/rosidl_typesupport_cpp/autonoma_msgs/msg/ground_truth__type_support.cpp.o[0m
[ 31%] [32mBuilding CXX object CMakeFiles/autonoma_msgs__rosidl_typesupport_fastrtps_cpp.dir/rosidl_typesupport_fastrtps_cpp/autonoma_msgs/msg/detail/dds_fastrtps/race_control__type_support.cpp.o[0m
[ 32%] [32mBuilding CXX object CMakeFiles/autonoma_msgs__rosidl_typesupport_fastrtps_cpp.dir/rosidl_typesupport_fastrtps_cpp/autonoma_msgs/msg/detail/dds_fastrtps/to_raptor__type_support.cpp.o[0m
[ 30%] [32mBuilding CXX object CMakeFiles/autonoma_msgs__rosidl_typesupport_fastrtps_cpp.dir/rosidl_typesupport_fastrtps_cpp/autonoma_msgs/msg/detail/dds_fastrtps/powertrain_data__type_support.cpp.o[0m
[ 34%] [32mBuilding CXX object CMakeFiles/autonoma_msgs__rosidl_typesupport_fastrtps_cpp.dir/rosidl_typesupport_fastrtps_cpp/autonoma_msgs/msg/detail/dds_fastrtps/vehicle_data__type_support.cpp.o[0m
[ 35%] [32mBuilding CXX object CMakeFiles/autonoma_msgs__rosidl_typesupport_fastrtps_cpp.dir/rosidl_typesupport_fastrtps_cpp/autonoma_msgs/msg/detail/dds_fastrtps/ground_truth__type_support.cpp.o[0m
[ 36%] [32mBuilding CXX object CMakeFiles/autonoma_msgs__rosidl_typesupport_fastrtps_cpp.dir/rosidl_typesupport_fastrtps_cpp/autonoma_msgs/msg/detail/dds_fastrtps/vehicle_inputs__type_support.cpp.o[0m
[ 37%] [32mBuilding CXX object CMakeFiles/autonoma_msgs__rosidl_typesupport_fastrtps_cpp.dir/rosidl_typesupport_fastrtps_cpp/autonoma_msgs/msg/detail/dds_fastrtps/ground_truth_array__type_support.cpp.o[0m
[ 39%] [32mBuilding CXX object CMakeFiles/autonoma_msgs__rosidl_typesupport_c.dir/rosidl_typesupport_c/autonoma_msgs/msg/powertrain_data__type_support.cpp.o[0m
[ 40%] [32m[1mLinking CXX shared library libautonoma_msgs__rosidl_typesupport_cpp.so[0m
[ 41%] [32mBuilding C object CMakeFiles/autonoma_msgs__rosidl_typesupport_introspection_c.dir/rosidl_typesupport_introspection_c/autonoma_msgs/msg/detail/powertrain_data__type_support.c.o[0m
[ 43%] [32mBuilding CXX object CMakeFiles/autonoma_msgs__rosidl_typesupport_c.dir/rosidl_typesupport_c/autonoma_msgs/msg/race_control__type_support.cpp.o[0m
[ 44%] [32mBuilding C object CMakeFiles/autonoma_msgs__rosidl_typesupport_introspection_c.dir/rosidl_typesupport_introspection_c/autonoma_msgs/msg/detail/race_control__type_support.c.o[0m
[ 45%] [32mBuilding CXX object CMakeFiles/autonoma_msgs__rosidl_typesupport_c.dir/rosidl_typesupport_c/autonoma_msgs/msg/to_raptor__type_support.cpp.o[0m
[ 45%] Built target autonoma_msgs__rosidl_typesupport_cpp
[ 46%] [32mBuilding C object CMakeFiles/autonoma_msgs__rosidl_typesupport_introspection_c.dir/rosidl_typesupport_introspection_c/autonoma_msgs/msg/detail/to_raptor__type_support.c.o[0m
[ 49%] [32mBuilding C object CMakeFiles/autonoma_msgs__rosidl_typesupport_introspection_c.dir/rosidl_typesupport_introspection_c/autonoma_msgs/msg/detail/vehicle_data__type_support.c.o[0m
[ 49%] [32mBuilding CXX object CMakeFiles/autonoma_msgs__rosidl_typesupport_c.dir/rosidl_typesupport_c/autonoma_msgs/msg/vehicle_data__type_support.cpp.o[0m
[ 50%] [32mBuilding C object CMakeFiles/autonoma_msgs__rosidl_typesupport_introspection_c.dir/rosidl_typesupport_introspection_c/autonoma_msgs/msg/detail/vehicle_inputs__type_support.c.o[0m
[ 51%] [32mBuilding CXX object CMakeFiles/autonoma_msgs__rosidl_typesupport_c.dir/rosidl_typesupport_c/autonoma_msgs/msg/vehicle_inputs__type_support.cpp.o[0m
[ 53%] [32mBuilding C object CMakeFiles/autonoma_msgs__rosidl_typesupport_introspection_c.dir/rosidl_typesupport_introspection_c/autonoma_msgs/msg/detail/ground_truth__type_support.c.o[0m
[ 54%] [32mBuilding CXX object CMakeFiles/autonoma_msgs__rosidl_typesupport_c.dir/rosidl_typesupport_c/autonoma_msgs/msg/ground_truth__type_support.cpp.o[0m
[ 55%] [32mBuilding C object CMakeFiles/autonoma_msgs__rosidl_typesupport_introspection_c.dir/rosidl_typesupport_introspection_c/autonoma_msgs/msg/detail/ground_truth_array__type_support.c.o[0m
[ 56%] [32mBuilding CXX object CMakeFiles/autonoma_msgs__rosidl_typesupport_c.dir/rosidl_typesupport_c/autonoma_msgs/msg/ground_truth_array__type_support.cpp.o[0m
[ 58%] [32m[1mLinking C shared library libautonoma_msgs__rosidl_typesupport_introspection_c.so[0m
[ 59%] [32m[1mLinking CXX shared library libautonoma_msgs__rosidl_typesupport_c.so[0m
[ 59%] Built target autonoma_msgs__rosidl_typesupport_introspection_c
[ 59%] Built target autonoma_msgs__rosidl_typesupport_c
[ 60%] [32mBuilding CXX object CMakeFiles/autonoma_msgs__rosidl_typesupport_fastrtps_c.dir/rosidl_typesupport_fastrtps_c/autonoma_msgs/msg/detail/powertrain_data__type_support_c.cpp.o[0m
[ 62%] [32mBuilding CXX object CMakeFiles/autonoma_msgs__rosidl_typesupport_fastrtps_c.dir/rosidl_typesupport_fastrtps_c/autonoma_msgs/msg/detail/vehicle_data__type_support_c.cpp.o[0m
[ 63%] [32mBuilding CXX object CMakeFiles/autonoma_msgs__rosidl_typesupport_fastrtps_c.dir/rosidl_typesupport_fastrtps_c/autonoma_msgs/msg/detail/to_raptor__type_support_c.cpp.o[0m
[ 64%] [32mBuilding CXX object CMakeFiles/autonoma_msgs__rosidl_typesupport_fastrtps_c.dir/rosidl_typesupport_fastrtps_c/autonoma_msgs/msg/detail/ground_truth__type_support_c.cpp.o[0m
[ 65%] [32mBuilding CXX object CMakeFiles/autonoma_msgs__rosidl_typesupport_fastrtps_c.dir/rosidl_typesupport_fastrtps_c/autonoma_msgs/msg/detail/vehicle_inputs__type_support_c.cpp.o[0m
[ 67%] [32mBuilding CXX object CMakeFiles/autonoma_msgs__rosidl_typesupport_fastrtps_c.dir/rosidl_typesupport_fastrtps_c/autonoma_msgs/msg/detail/race_control__type_support_c.cpp.o[0m
[ 68%] [32mBuilding CXX object CMakeFiles/autonoma_msgs__rosidl_typesupport_fastrtps_c.dir/rosidl_typesupport_fastrtps_c/autonoma_msgs/msg/detail/ground_truth_array__type_support_c.cpp.o[0m
[ 69%] [32mBuilding CXX object CMakeFiles/autonoma_msgs__rosidl_typesupport_introspection_cpp.dir/rosidl_typesupport_introspection_cpp/autonoma_msgs/msg/detail/race_control__type_support.cpp.o[0m
[ 70%] [32mBuilding CXX object CMakeFiles/autonoma_msgs__rosidl_typesupport_introspection_cpp.dir/rosidl_typesupport_introspection_cpp/autonoma_msgs/msg/detail/to_raptor__type_support.cpp.o[0m
[ 72%] [32mBuilding CXX object CMakeFiles/autonoma_msgs__rosidl_typesupport_introspection_cpp.dir/rosidl_typesupport_introspection_cpp/autonoma_msgs/msg/detail/powertrain_data__type_support.cpp.o[0m
[ 73%] [32mBuilding CXX object CMakeFiles/autonoma_msgs__rosidl_typesupport_introspection_cpp.dir/rosidl_typesupport_introspection_cpp/autonoma_msgs/msg/detail/vehicle_data__type_support.cpp.o[0m
[ 74%] [32mBuilding CXX object CMakeFiles/autonoma_msgs__rosidl_typesupport_introspection_cpp.dir/rosidl_typesupport_introspection_cpp/autonoma_msgs/msg/detail/vehicle_inputs__type_support.cpp.o[0m
[ 75%] [32m[1mLinking CXX shared library libautonoma_msgs__rosidl_typesupport_fastrtps_cpp.so[0m
[ 77%] [32mBuilding CXX object CMakeFiles/autonoma_msgs__rosidl_typesupport_introspection_cpp.dir/rosidl_typesupport_introspection_cpp/autonoma_msgs/msg/detail/ground_truth__type_support.cpp.o[0m
[ 77%] Built target autonoma_msgs__rosidl_typesupport_fastrtps_cpp
[ 78%] [32mBuilding CXX object CMakeFiles/autonoma_msgs__rosidl_typesupport_introspection_cpp.dir/rosidl_typesupport_introspection_cpp/autonoma_msgs/msg/detail/ground_truth_array__type_support.cpp.o[0m
[ 79%] [32m[1mLinking CXX shared library libautonoma_msgs__rosidl_typesupport_fastrtps_c.so[0m
[ 79%] Built target autonoma_msgs__rosidl_typesupport_fastrtps_c
[ 81%] [32m[1mLinking CXX shared library libautonoma_msgs__rosidl_typesupport_introspection_cpp.so[0m
[ 81%] Built target autonoma_msgs__rosidl_typesupport_introspection_cpp
[ 81%] Built target autonoma_msgs
[ 82%] [34m[1mGenerating Python code for ROS interfaces[0m
[ 82%] Built target autonoma_msgs__py
[ 83%] [32mBuilding C object CMakeFiles/autonoma_msgs__rosidl_generator_py.dir/rosidl_generator_py/autonoma_msgs/msg/_powertrain_data_s.c.o[0m
[ 84%] [32mBuilding C object CMakeFiles/autonoma_msgs__rosidl_generator_py.dir/rosidl_generator_py/autonoma_msgs/msg/_to_raptor_s.c.o[0m
[ 86%] [32mBuilding C object CMakeFiles/autonoma_msgs__rosidl_generator_py.dir/rosidl_generator_py/autonoma_msgs/msg/_race_control_s.c.o[0m
[ 87%] [32mBuilding C object CMakeFiles/autonoma_msgs__rosidl_generator_py.dir/rosidl_generator_py/autonoma_msgs/msg/_vehicle_data_s.c.o[0m
[ 88%] [32mBuilding C object CMakeFiles/autonoma_msgs__rosidl_generator_py.dir/rosidl_generator_py/autonoma_msgs/msg/_vehicle_inputs_s.c.o[0m
[ 89%] [32mBuilding C object CMakeFiles/autonoma_msgs__rosidl_generator_py.dir/rosidl_generator_py/autonoma_msgs/msg/_ground_truth_array_s.c.o[0m
[ 91%] [32mBuilding C object CMakeFiles/autonoma_msgs__rosidl_generator_py.dir/rosidl_generator_py/autonoma_msgs/msg/_ground_truth_s.c.o[0m
[ 92%] [32m[1mLinking C shared library rosidl_generator_py/autonoma_msgs/libautonoma_msgs__rosidl_generator_py.so[0m
[ 92%] Built target autonoma_msgs__rosidl_generator_py
[ 93%] [32mBuilding C object CMakeFiles/autonoma_msgs__rosidl_typesupport_fastrtps_c__pyext.dir/rosidl_generator_py/autonoma_msgs/_autonoma_msgs_s.ep.rosidl_typesupport_fastrtps_c.c.o[0m
[ 94%] [32m[1mLinking C shared library rosidl_generator_py/autonoma_msgs/autonoma_msgs_s__rosidl_typesupport_fastrtps_c.cpython-310-x86_64-linux-gnu.so[0m
[ 94%] Built target autonoma_msgs__rosidl_typesupport_fastrtps_c__pyext
[ 96%] [32mBuilding C object CMakeFiles/autonoma_msgs__rosidl_typesupport_c__pyext.dir/rosidl_generator_py/autonoma_msgs/_autonoma_msgs_s.ep.rosidl_typesupport_c.c.o[0m
[ 97%] [32m[1mLinking C shared library rosidl_generator_py/autonoma_msgs/autonoma_msgs_s__rosidl_typesupport_c.cpython-310-x86_64-linux-gnu.so[0m
[ 97%] Built target autonoma_msgs__rosidl_typesupport_c__pyext
[ 98%] [32mBuilding C object CMakeFiles/autonoma_msgs__rosidl_typesupport_introspection_c__pyext.dir/rosidl_generator_py/autonoma_msgs/_autonoma_msgs_s.ep.rosidl_typesupport_introspection_c.c.o[0m
[100%] [32m[1mLinking C shared library rosidl_generator_py/autonoma_msgs/autonoma_msgs_s__rosidl_typesupport_introspection_c.cpython-310-x86_64-linux-gnu.so[0m
[100%] Built target autonoma_msgs__rosidl_typesupport_introspection_c__pyext
-- Install configuration: ""
-- Installing: /home/dvij/multi-car-racing/install/autonoma_msgs/share/ament_index/resource_index/rosidl_interfaces/autonoma_msgs
-- Installing: /home/dvij/multi-car-racing/install/autonoma_msgs/include/autonoma_msgs/autonoma_msgs
-- Installing: /home/dvij/multi-car-racing/install/autonoma_msgs/include/autonoma_msgs/autonoma_msgs/msg
-- Installing: /home/dvij/multi-car-racing/install/autonoma_msgs/include/autonoma_msgs/autonoma_msgs/msg/detail
-- Installing: /home/dvij/multi-car-racing/install/autonoma_msgs/include/autonoma_msgs/autonoma_msgs/msg/detail/ground_truth_array__functions.c
-- Installing: /home/dvij/multi-car-racing/install/autonoma_msgs/include/autonoma_msgs/autonoma_msgs/msg/detail/ground_truth_array__functions.h
-- Installing: /home/dvij/multi-car-racing/install/autonoma_msgs/include/autonoma_msgs/autonoma_msgs/msg/detail/ground_truth_array__struct.h
-- Installing: /home/dvij/multi-car-racing/install/autonoma_msgs/include/autonoma_msgs/autonoma_msgs/msg/detail/ground_truth_array__type_support.h
-- Installing: /home/dvij/multi-car-racing/install/autonoma_msgs/include/autonoma_msgs/autonoma_msgs/msg/detail/ground_truth__functions.c
-- Installing: /home/dvij/multi-car-racing/install/autonoma_msgs/include/autonoma_msgs/autonoma_msgs/msg/detail/ground_truth__functions.h
-- Installing: /home/dvij/multi-car-racing/install/autonoma_msgs/include/autonoma_msgs/autonoma_msgs/msg/detail/ground_truth__struct.h
-- Installing: /home/dvij/multi-car-racing/install/autonoma_msgs/include/autonoma_msgs/autonoma_msgs/msg/detail/ground_truth__type_support.h
-- Installing: /home/dvij/multi-car-racing/install/autonoma_msgs/include/autonoma_msgs/autonoma_msgs/msg/detail/powertrain_data__functions.c
-- Installing: /home/dvij/multi-car-racing/install/autonoma_msgs/include/autonoma_msgs/autonoma_msgs/msg/detail/powertrain_data__functions.h
-- Installing: /home/dvij/multi-car-racing/install/autonoma_msgs/include/autonoma_msgs/autonoma_msgs/msg/detail/powertrain_data__struct.h
-- Installing: /home/dvij/multi-car-racing/install/autonoma_msgs/include/autonoma_msgs/autonoma_msgs/msg/detail/powertrain_data__type_support.h
-- Installing: /home/dvij/multi-car-racing/install/autonoma_msgs/include/autonoma_msgs/autonoma_msgs/msg/detail/race_control__functions.c
-- Installing: /home/dvij/multi-car-racing/install/autonoma_msgs/include/autonoma_msgs/autonoma_msgs/msg/detail/race_control__functions.h
-- Installing: /home/dvij/multi-car-racing/install/autonoma_msgs/include/autonoma_msgs/autonoma_msgs/msg/detail/race_control__struct.h
-- Installing: /home/dvij/multi-car-racing/install/autonoma_msgs/include/autonoma_msgs/autonoma_msgs/msg/detail/race_control__type_support.h
-- Installing: /home/dvij/multi-car-racing/install/autonoma_msgs/include/autonoma_msgs/autonoma_msgs/msg/detail/to_raptor__functions.c
-- Installing: /home/dvij/multi-car-racing/install/autonoma_msgs/include/autonoma_msgs/autonoma_msgs/msg/detail/to_raptor__functions.h
-- Installing: /home/dvij/multi-car-racing/install/autonoma_msgs/include/autonoma_msgs/autonoma_msgs/msg/detail/to_raptor__struct.h
-- Installing: /home/dvij/multi-car-racing/install/autonoma_msgs/include/autonoma_msgs/autonoma_msgs/msg/detail/to_raptor__type_support.h
-- Installing: /home/dvij/multi-car-racing/install/autonoma_msgs/include/autonoma_msgs/autonoma_msgs/msg/detail/vehicle_data__functions.c
-- Installing: /home/dvij/multi-car-racing/install/autonoma_msgs/include/autonoma_msgs/autonoma_msgs/msg/detail/vehicle_data__functions.h
-- Installing: /home/dvij/multi-car-racing/install/autonoma_msgs/include/autonoma_msgs/autonoma_msgs/msg/detail/vehicle_data__struct.h
-- Installing: /home/dvij/multi-car-racing/install/autonoma_msgs/include/autonoma_msgs/autonoma_msgs/msg/detail/vehicle_data__type_support.h
-- Installing: /home/dvij/multi-car-racing/install/autonoma_msgs/include/autonoma_msgs/autonoma_msgs/msg/detail/vehicle_inputs__functions.c
-- Installing: /home/dvij/multi-car-racing/install/autonoma_msgs/include/autonoma_msgs/autonoma_msgs/msg/detail/vehicle_inputs__functions.h
-- Installing: /home/dvij/multi-car-racing/install/autonoma_msgs/include/autonoma_msgs/autonoma_msgs/msg/detail/vehicle_inputs__struct.h
-- Installing: /home/dvij/multi-car-racing/install/autonoma_msgs/include/autonoma_msgs/autonoma_msgs/msg/detail/vehicle_inputs__type_support.h
-- Installing: /home/dvij/multi-car-racing/install/autonoma_msgs/include/autonoma_msgs/autonoma_msgs/msg/ground_truth.h
-- Installing: /home/dvij/multi-car-racing/install/autonoma_msgs/include/autonoma_msgs/autonoma_msgs/msg/ground_truth_array.h
-- Installing: /home/dvij/multi-car-racing/install/autonoma_msgs/include/autonoma_msgs/autonoma_msgs/msg/powertrain_data.h
-- Installing: /home/dvij/multi-car-racing/install/autonoma_msgs/include/autonoma_msgs/autonoma_msgs/msg/race_control.h
-- Installing: /home/dvij/multi-car-racing/install/autonoma_msgs/include/autonoma_msgs/autonoma_msgs/msg/rosidl_generator_c__visibility_control.h
-- Installing: /home/dvij/multi-car-racing/install/autonoma_msgs/include/autonoma_msgs/autonoma_msgs/msg/to_raptor.h
-- Installing: /home/dvij/multi-car-racing/install/autonoma_msgs/include/autonoma_msgs/autonoma_msgs/msg/vehicle_data.h
-- Installing: /home/dvij/multi-car-racing/install/autonoma_msgs/include/autonoma_msgs/autonoma_msgs/msg/vehicle_inputs.h
-- Installing: /home/dvij/multi-car-racing/install/autonoma_msgs/share/autonoma_msgs/environment/library_path.sh
-- Installing: /home/dvij/multi-car-racing/install/autonoma_msgs/share/autonoma_msgs/environment/library_path.dsv
-- Installing: /home/dvij/multi-car-racing/install/autonoma_msgs/lib/libautonoma_msgs__rosidl_generator_c.so
-- Set runtime path of "/home/dvij/multi-car-racing/install/autonoma_msgs/lib/libautonoma_msgs__rosidl_generator_c.so" to ""
-- Up-to-date: /home/dvij/multi-car-racing/install/autonoma_msgs/include/autonoma_msgs/autonoma_msgs
-- Up-to-date: /home/dvij/multi-car-racing/install/autonoma_msgs/include/autonoma_msgs/autonoma_msgs/msg
-- Up-to-date: /home/dvij/multi-car-racing/install/autonoma_msgs/include/autonoma_msgs/autonoma_msgs/msg/detail
-- Installing: /home/dvij/multi-car-racing/install/autonoma_msgs/include/autonoma_msgs/autonoma_msgs/msg/detail/ground_truth_array__rosidl_typesupport_fastrtps_c.h
-- Installing: /home/dvij/multi-car-racing/install/autonoma_msgs/include/autonoma_msgs/autonoma_msgs/msg/detail/ground_truth__rosidl_typesupport_fastrtps_c.h
-- Installing: /home/dvij/multi-car-racing/install/autonoma_msgs/include/autonoma_msgs/autonoma_msgs/msg/detail/powertrain_data__rosidl_typesupport_fastrtps_c.h
-- Installing: /home/dvij/multi-car-racing/install/autonoma_msgs/include/autonoma_msgs/autonoma_msgs/msg/detail/race_control__rosidl_typesupport_fastrtps_c.h
-- Installing: /home/dvij/multi-car-racing/install/autonoma_msgs/include/autonoma_msgs/autonoma_msgs/msg/detail/to_raptor__rosidl_typesupport_fastrtps_c.h
-- Installing: /home/dvij/multi-car-racing/install/autonoma_msgs/include/autonoma_msgs/autonoma_msgs/msg/detail/vehicle_data__rosidl_typesupport_fastrtps_c.h
-- Installing: /home/dvij/multi-car-racing/install/autonoma_msgs/include/autonoma_msgs/autonoma_msgs/msg/detail/vehicle_inputs__rosidl_typesupport_fastrtps_c.h
-- Installing: /home/dvij/multi-car-racing/install/autonoma_msgs/include/autonoma_msgs/autonoma_msgs/msg/rosidl_typesupport_fastrtps_c__visibility_control.h
-- Installing: /home/dvij/multi-car-racing/install/autonoma_msgs/lib/libautonoma_msgs__rosidl_typesupport_fastrtps_c.so
-- Set runtime path of "/home/dvij/multi-car-racing/install/autonoma_msgs/lib/libautonoma_msgs__rosidl_typesupport_fastrtps_c.so" to ""
-- Up-to-date: /home/dvij/multi-car-racing/install/autonoma_msgs/include/autonoma_msgs/autonoma_msgs
-- Up-to-date: /home/dvij/multi-car-racing/install/autonoma_msgs/include/autonoma_msgs/autonoma_msgs/msg
-- Up-to-date: /home/dvij/multi-car-racing/install/autonoma_msgs/include/autonoma_msgs/autonoma_msgs/msg/detail
-- Installing: /home/dvij/multi-car-racing/install/autonoma_msgs/include/autonoma_msgs/autonoma_msgs/msg/detail/ground_truth_array__rosidl_typesupport_introspection_c.h
-- Installing: /home/dvij/multi-car-racing/install/autonoma_msgs/include/autonoma_msgs/autonoma_msgs/msg/detail/ground_truth_array__type_support.c
-- Installing: /home/dvij/multi-car-racing/install/autonoma_msgs/include/autonoma_msgs/autonoma_msgs/msg/detail/ground_truth__rosidl_typesupport_introspection_c.h
-- Installing: /home/dvij/multi-car-racing/install/autonoma_msgs/include/autonoma_msgs/autonoma_msgs/msg/detail/ground_truth__type_support.c
-- Installing: /home/dvij/multi-car-racing/install/autonoma_msgs/include/autonoma_msgs/autonoma_msgs/msg/detail/powertrain_data__rosidl_typesupport_introspection_c.h
-- Installing: /home/dvij/multi-car-racing/install/autonoma_msgs/include/autonoma_msgs/autonoma_msgs/msg/detail/powertrain_data__type_support.c
-- Installing: /home/dvij/multi-car-racing/install/autonoma_msgs/include/autonoma_msgs/autonoma_msgs/msg/detail/race_control__rosidl_typesupport_introspection_c.h
-- Installing: /home/dvij/multi-car-racing/install/autonoma_msgs/include/autonoma_msgs/autonoma_msgs/msg/detail/race_control__type_support.c
-- Installing: /home/dvij/multi-car-racing/install/autonoma_msgs/include/autonoma_msgs/autonoma_msgs/msg/detail/to_raptor__rosidl_typesupport_introspection_c.h
-- Installing: /home/dvij/multi-car-racing/install/autonoma_msgs/include/autonoma_msgs/autonoma_msgs/msg/detail/to_raptor__type_support.c
-- Installing: /home/dvij/multi-car-racing/install/autonoma_msgs/include/autonoma_msgs/autonoma_msgs/msg/detail/vehicle_data__rosidl_typesupport_introspection_c.h
-- Installing: /home/dvij/multi-car-racing/install/autonoma_msgs/include/autonoma_msgs/autonoma_msgs/msg/detail/vehicle_data__type_support.c
-- Installing: /home/dvij/multi-car-racing/install/autonoma_msgs/include/autonoma_msgs/autonoma_msgs/msg/detail/vehicle_inputs__rosidl_typesupport_introspection_c.h
-- Installing: /home/dvij/multi-car-racing/install/autonoma_msgs/include/autonoma_msgs/autonoma_msgs/msg/detail/vehicle_inputs__type_support.c
-- Installing: /home/dvij/multi-car-racing/install/autonoma_msgs/include/autonoma_msgs/autonoma_msgs/msg/rosidl_typesupport_introspection_c__visibility_control.h
-- Installing: /home/dvij/multi-car-racing/install/autonoma_msgs/lib/libautonoma_msgs__rosidl_typesupport_introspection_c.so
-- Set runtime path of "/home/dvij/multi-car-racing/install/autonoma_msgs/lib/libautonoma_msgs__rosidl_typesupport_introspection_c.so" to ""
-- Installing: /home/dvij/multi-car-racing/install/autonoma_msgs/lib/libautonoma_msgs__rosidl_typesupport_c.so
-- Set runtime path of "/home/dvij/multi-car-racing/install/autonoma_msgs/lib/libautonoma_msgs__rosidl_typesupport_c.so" to ""
-- Up-to-date: /home/dvij/multi-car-racing/install/autonoma_msgs/include/autonoma_msgs/autonoma_msgs
-- Up-to-date: /home/dvij/multi-car-racing/install/autonoma_msgs/include/autonoma_msgs/autonoma_msgs/msg
-- Up-to-date: /home/dvij/multi-car-racing/install/autonoma_msgs/include/autonoma_msgs/autonoma_msgs/msg/detail
-- Installing: /home/dvij/multi-car-racing/install/autonoma_msgs/include/autonoma_msgs/autonoma_msgs/msg/detail/ground_truth_array__builder.hpp
-- Installing: /home/dvij/multi-car-racing/install/autonoma_msgs/include/autonoma_msgs/autonoma_msgs/msg/detail/ground_truth_array__struct.hpp
-- Installing: /home/dvij/multi-car-racing/install/autonoma_msgs/include/autonoma_msgs/autonoma_msgs/msg/detail/ground_truth_array__traits.hpp
-- Installing: /home/dvij/multi-car-racing/install/autonoma_msgs/include/autonoma_msgs/autonoma_msgs/msg/detail/ground_truth_array__type_support.hpp
-- Installing: /home/dvij/multi-car-racing/install/autonoma_msgs/include/autonoma_msgs/autonoma_msgs/msg/detail/ground_truth__builder.hpp
-- Installing: /home/dvij/multi-car-racing/install/autonoma_msgs/include/autonoma_msgs/autonoma_msgs/msg/detail/ground_truth__struct.hpp
-- Installing: /home/dvij/multi-car-racing/install/autonoma_msgs/include/autonoma_msgs/autonoma_msgs/msg/detail/ground_truth__traits.hpp
-- Installing: /home/dvij/multi-car-racing/install/autonoma_msgs/include/autonoma_msgs/autonoma_msgs/msg/detail/ground_truth__type_support.hpp
-- Installing: /home/dvij/multi-car-racing/install/autonoma_msgs/include/autonoma_msgs/autonoma_msgs/msg/detail/powertrain_data__builder.hpp
-- Installing: /home/dvij/multi-car-racing/install/autonoma_msgs/include/autonoma_msgs/autonoma_msgs/msg/detail/powertrain_data__struct.hpp
-- Installing: /home/dvij/multi-car-racing/install/autonoma_msgs/include/autonoma_msgs/autonoma_msgs/msg/detail/powertrain_data__traits.hpp
-- Installing: /home/dvij/multi-car-racing/install/autonoma_msgs/include/autonoma_msgs/autonoma_msgs/msg/detail/powertrain_data__type_support.hpp
-- Installing: /home/dvij/multi-car-racing/install/autonoma_msgs/include/autonoma_msgs/autonoma_msgs/msg/detail/race_control__builder.hpp
-- Installing: /home/dvij/multi-car-racing/install/autonoma_msgs/include/autonoma_msgs/autonoma_msgs/msg/detail/race_control__struct.hpp
-- Installing: /home/dvij/multi-car-racing/install/autonoma_msgs/include/autonoma_msgs/autonoma_msgs/msg/detail/race_control__traits.hpp
-- Installing: /home/dvij/multi-car-racing/install/autonoma_msgs/include/autonoma_msgs/autonoma_msgs/msg/detail/race_control__type_support.hpp
-- Installing: /home/dvij/multi-car-racing/install/autonoma_msgs/include/autonoma_msgs/autonoma_msgs/msg/detail/to_raptor__builder.hpp
-- Installing: /home/dvij/multi-car-racing/install/autonoma_msgs/include/autonoma_msgs/autonoma_msgs/msg/detail/to_raptor__struct.hpp
-- Installing: /home/dvij/multi-car-racing/install/autonoma_msgs/include/autonoma_msgs/autonoma_msgs/msg/detail/to_raptor__traits.hpp
-- Installing: /home/dvij/multi-car-racing/install/autonoma_msgs/include/autonoma_msgs/autonoma_msgs/msg/detail/to_raptor__type_support.hpp
-- Installing: /home/dvij/multi-car-racing/install/autonoma_msgs/include/autonoma_msgs/autonoma_msgs/msg/detail/vehicle_data__builder.hpp
-- Installing: /home/dvij/multi-car-racing/install/autonoma_msgs/include/autonoma_msgs/autonoma_msgs/msg/detail/vehicle_data__struct.hpp
-- Installing: /home/dvij/multi-car-racing/install/autonoma_msgs/include/autonoma_msgs/autonoma_msgs/msg/detail/vehicle_data__traits.hpp
-- Installing: /home/dvij/multi-car-racing/install/autonoma_msgs/include/autonoma_msgs/autonoma_msgs/msg/detail/vehicle_data__type_support.hpp
-- Installing: /home/dvij/multi-car-racing/install/autonoma_msgs/include/autonoma_msgs/autonoma_msgs/msg/detail/vehicle_inputs__builder.hpp
-- Installing: /home/dvij/multi-car-racing/install/autonoma_msgs/include/autonoma_msgs/autonoma_msgs/msg/detail/vehicle_inputs__struct.hpp
-- Installing: /home/dvij/multi-car-racing/install/autonoma_msgs/include/autonoma_msgs/autonoma_msgs/msg/detail/vehicle_inputs__traits.hpp
-- Installing: /home/dvij/multi-car-racing/install/autonoma_msgs/include/autonoma_msgs/autonoma_msgs/msg/detail/vehicle_inputs__type_support.hpp
-- Installing: /home/dvij/multi-car-racing/install/autonoma_msgs/include/autonoma_msgs/autonoma_msgs/msg/ground_truth.hpp
-- Installing: /home/dvij/multi-car-racing/install/autonoma_msgs/include/autonoma_msgs/autonoma_msgs/msg/ground_truth_array.hpp
-- Installing: /home/dvij/multi-car-racing/install/autonoma_msgs/include/autonoma_msgs/autonoma_msgs/msg/powertrain_data.hpp
-- Installing: /home/dvij/multi-car-racing/install/autonoma_msgs/include/autonoma_msgs/autonoma_msgs/msg/race_control.hpp
-- Installing: /home/dvij/multi-car-racing/install/autonoma_msgs/include/autonoma_msgs/autonoma_msgs/msg/rosidl_generator_cpp__visibility_control.hpp
-- Installing: /home/dvij/multi-car-racing/install/autonoma_msgs/include/autonoma_msgs/autonoma_msgs/msg/to_raptor.hpp
-- Installing: /home/dvij/multi-car-racing/install/autonoma_msgs/include/autonoma_msgs/autonoma_msgs/msg/vehicle_data.hpp
-- Installing: /home/dvij/multi-car-racing/install/autonoma_msgs/include/autonoma_msgs/autonoma_msgs/msg/vehicle_inputs.hpp
-- Up-to-date: /home/dvij/multi-car-racing/install/autonoma_msgs/include/autonoma_msgs/autonoma_msgs
-- Up-to-date: /home/dvij/multi-car-racing/install/autonoma_msgs/include/autonoma_msgs/autonoma_msgs/msg
-- Up-to-date: /home/dvij/multi-car-racing/install/autonoma_msgs/include/autonoma_msgs/autonoma_msgs/msg/detail
-- Installing: /home/dvij/multi-car-racing/install/autonoma_msgs/include/autonoma_msgs/autonoma_msgs/msg/detail/dds_fastrtps
-- Installing: /home/dvij/multi-car-racing/install/autonoma_msgs/include/autonoma_msgs/autonoma_msgs/msg/detail/ground_truth_array__rosidl_typesupport_fastrtps_cpp.hpp
-- Installing: /home/dvij/multi-car-racing/install/autonoma_msgs/include/autonoma_msgs/autonoma_msgs/msg/detail/ground_truth__rosidl_typesupport_fastrtps_cpp.hpp
-- Installing: /home/dvij/multi-car-racing/install/autonoma_msgs/include/autonoma_msgs/autonoma_msgs/msg/detail/powertrain_data__rosidl_typesupport_fastrtps_cpp.hpp
-- Installing: /home/dvij/multi-car-racing/install/autonoma_msgs/include/autonoma_msgs/autonoma_msgs/msg/detail/race_control__rosidl_typesupport_fastrtps_cpp.hpp
-- Installing: /home/dvij/multi-car-racing/install/autonoma_msgs/include/autonoma_msgs/autonoma_msgs/msg/detail/to_raptor__rosidl_typesupport_fastrtps_cpp.hpp
-- Installing: /home/dvij/multi-car-racing/install/autonoma_msgs/include/autonoma_msgs/autonoma_msgs/msg/detail/vehicle_data__rosidl_typesupport_fastrtps_cpp.hpp
-- Installing: /home/dvij/multi-car-racing/install/autonoma_msgs/include/autonoma_msgs/autonoma_msgs/msg/detail/vehicle_inputs__rosidl_typesupport_fastrtps_cpp.hpp
-- Installing: /home/dvij/multi-car-racing/install/autonoma_msgs/include/autonoma_msgs/autonoma_msgs/msg/rosidl_typesupport_fastrtps_cpp__visibility_control.h
-- Installing: /home/dvij/multi-car-racing/install/autonoma_msgs/lib/libautonoma_msgs__rosidl_typesupport_fastrtps_cpp.so
-- Set runtime path of "/home/dvij/multi-car-racing/install/autonoma_msgs/lib/libautonoma_msgs__rosidl_typesupport_fastrtps_cpp.so" to ""
-- Up-to-date: /home/dvij/multi-car-racing/install/autonoma_msgs/include/autonoma_msgs/autonoma_msgs
-- Up-to-date: /home/dvij/multi-car-racing/install/autonoma_msgs/include/autonoma_msgs/autonoma_msgs/msg
-- Up-to-date: /home/dvij/multi-car-racing/install/autonoma_msgs/include/autonoma_msgs/autonoma_msgs/msg/detail
-- Installing: /home/dvij/multi-car-racing/install/autonoma_msgs/include/autonoma_msgs/autonoma_msgs/msg/detail/ground_truth_array__rosidl_typesupport_introspection_cpp.hpp
-- Installing: /home/dvij/multi-car-racing/install/autonoma_msgs/include/autonoma_msgs/autonoma_msgs/msg/detail/ground_truth_array__type_support.cpp
-- Installing: /home/dvij/multi-car-racing/install/autonoma_msgs/include/autonoma_msgs/autonoma_msgs/msg/detail/ground_truth__rosidl_typesupport_introspection_cpp.hpp
-- Installing: /home/dvij/multi-car-racing/install/autonoma_msgs/include/autonoma_msgs/autonoma_msgs/msg/detail/ground_truth__type_support.cpp
-- Installing: /home/dvij/multi-car-racing/install/autonoma_msgs/include/autonoma_msgs/autonoma_msgs/msg/detail/powertrain_data__rosidl_typesupport_introspection_cpp.hpp
-- Installing: /home/dvij/multi-car-racing/install/autonoma_msgs/include/autonoma_msgs/autonoma_msgs/msg/detail/powertrain_data__type_support.cpp
-- Installing: /home/dvij/multi-car-racing/install/autonoma_msgs/include/autonoma_msgs/autonoma_msgs/msg/detail/race_control__rosidl_typesupport_introspection_cpp.hpp
-- Installing: /home/dvij/multi-car-racing/install/autonoma_msgs/include/autonoma_msgs/autonoma_msgs/msg/detail/race_control__type_support.cpp
-- Installing: /home/dvij/multi-car-racing/install/autonoma_msgs/include/autonoma_msgs/autonoma_msgs/msg/detail/to_raptor__rosidl_typesupport_introspection_cpp.hpp
-- Installing: /home/dvij/multi-car-racing/install/autonoma_msgs/include/autonoma_msgs/autonoma_msgs/msg/detail/to_raptor__type_support.cpp
-- Installing: /home/dvij/multi-car-racing/install/autonoma_msgs/include/autonoma_msgs/autonoma_msgs/msg/detail/vehicle_data__rosidl_typesupport_introspection_cpp.hpp
-- Installing: /home/dvij/multi-car-racing/install/autonoma_msgs/include/autonoma_msgs/autonoma_msgs/msg/detail/vehicle_data__type_support.cpp
-- Installing: /home/dvij/multi-car-racing/install/autonoma_msgs/include/autonoma_msgs/autonoma_msgs/msg/detail/vehicle_inputs__rosidl_typesupport_introspection_cpp.hpp
-- Installing: /home/dvij/multi-car-racing/install/autonoma_msgs/include/autonoma_msgs/autonoma_msgs/msg/detail/vehicle_inputs__type_support.cpp
-- Installing: /home/dvij/multi-car-racing/install/autonoma_msgs/lib/libautonoma_msgs__rosidl_typesupport_introspection_cpp.so
-- Set runtime path of "/home/dvij/multi-car-racing/install/autonoma_msgs/lib/libautonoma_msgs__rosidl_typesupport_introspection_cpp.so" to ""
-- Installing: /home/dvij/multi-car-racing/install/autonoma_msgs/lib/libautonoma_msgs__rosidl_typesupport_cpp.so
-- Set runtime path of "/home/dvij/multi-car-racing/install/autonoma_msgs/lib/libautonoma_msgs__rosidl_typesupport_cpp.so" to ""
-- Installing: /home/dvij/multi-car-racing/install/autonoma_msgs/share/autonoma_msgs/environment/pythonpath.sh
-- Installing: /home/dvij/multi-car-racing/install/autonoma_msgs/share/autonoma_msgs/environment/pythonpath.dsv
-- Installing: /home/dvij/multi-car-racing/install/autonoma_msgs/local/lib/python3.10/dist-packages/autonoma_msgs-0.1.0-py3.10.egg-info
-- Installing: /home/dvij/multi-car-racing/install/autonoma_msgs/local/lib/python3.10/dist-packages/autonoma_msgs-0.1.0-py3.10.egg-info/dependency_links.txt
-- Installing: /home/dvij/multi-car-racing/install/autonoma_msgs/local/lib/python3.10/dist-packages/autonoma_msgs-0.1.0-py3.10.egg-info/PKG-INFO
-- Installing: /home/dvij/multi-car-racing/install/autonoma_msgs/local/lib/python3.10/dist-packages/autonoma_msgs-0.1.0-py3.10.egg-info/SOURCES.txt
-- Installing: /home/dvij/multi-car-racing/install/autonoma_msgs/local/lib/python3.10/dist-packages/autonoma_msgs-0.1.0-py3.10.egg-info/top_level.txt
-- Installing: /home/dvij/multi-car-racing/install/autonoma_msgs/local/lib/python3.10/dist-packages/autonoma_msgs
-- Installing: /home/dvij/multi-car-racing/install/autonoma_msgs/local/lib/python3.10/dist-packages/autonoma_msgs/autonoma_msgs_s__rosidl_typesupport_c.cpython-310-x86_64-linux-gnu.so
-- Installing: /home/dvij/multi-car-racing/install/autonoma_msgs/local/lib/python3.10/dist-packages/autonoma_msgs/autonoma_msgs_s__rosidl_typesupport_fastrtps_c.cpython-310-x86_64-linux-gnu.so
-- Installing: /home/dvij/multi-car-racing/install/autonoma_msgs/local/lib/python3.10/dist-packages/autonoma_msgs/autonoma_msgs_s__rosidl_typesupport_introspection_c.cpython-310-x86_64-linux-gnu.so
-- Installing: /home/dvij/multi-car-racing/install/autonoma_msgs/local/lib/python3.10/dist-packages/autonoma_msgs/libautonoma_msgs__rosidl_generator_py.so
-- Installing: /home/dvij/multi-car-racing/install/autonoma_msgs/local/lib/python3.10/dist-packages/autonoma_msgs/msg
-- Installing: /home/dvij/multi-car-racing/install/autonoma_msgs/local/lib/python3.10/dist-packages/autonoma_msgs/msg/_ground_truth.py
-- Installing: /home/dvij/multi-car-racing/install/autonoma_msgs/local/lib/python3.10/dist-packages/autonoma_msgs/msg/_ground_truth_array.py
-- Installing: /home/dvij/multi-car-racing/install/autonoma_msgs/local/lib/python3.10/dist-packages/autonoma_msgs/msg/_ground_truth_array_s.c
-- Installing: /home/dvij/multi-car-racing/install/autonoma_msgs/local/lib/python3.10/dist-packages/autonoma_msgs/msg/_ground_truth_s.c
-- Installing: /home/dvij/multi-car-racing/install/autonoma_msgs/local/lib/python3.10/dist-packages/autonoma_msgs/msg/_powertrain_data.py
-- Installing: /home/dvij/multi-car-racing/install/autonoma_msgs/local/lib/python3.10/dist-packages/autonoma_msgs/msg/_powertrain_data_s.c
-- Installing: /home/dvij/multi-car-racing/install/autonoma_msgs/local/lib/python3.10/dist-packages/autonoma_msgs/msg/_race_control.py
-- Installing: /home/dvij/multi-car-racing/install/autonoma_msgs/local/lib/python3.10/dist-packages/autonoma_msgs/msg/_race_control_s.c
-- Installing: /home/dvij/multi-car-racing/install/autonoma_msgs/local/lib/python3.10/dist-packages/autonoma_msgs/msg/_to_raptor.py
-- Installing: /home/dvij/multi-car-racing/install/autonoma_msgs/local/lib/python3.10/dist-packages/autonoma_msgs/msg/_to_raptor_s.c
-- Installing: /home/dvij/multi-car-racing/install/autonoma_msgs/local/lib/python3.10/dist-packages/autonoma_msgs/msg/_vehicle_data.py
-- Installing: /home/dvij/multi-car-racing/install/autonoma_msgs/local/lib/python3.10/dist-packages/autonoma_msgs/msg/_vehicle_data_s.c
-- Installing: /home/dvij/multi-car-racing/install/autonoma_msgs/local/lib/python3.10/dist-packages/autonoma_msgs/msg/_vehicle_inputs.py
-- Installing: /home/dvij/multi-car-racing/install/autonoma_msgs/local/lib/python3.10/dist-packages/autonoma_msgs/msg/_vehicle_inputs_s.c
-- Installing: /home/dvij/multi-car-racing/install/autonoma_msgs/local/lib/python3.10/dist-packages/autonoma_msgs/msg/__init__.py
-- Installing: /home/dvij/multi-car-racing/install/autonoma_msgs/local/lib/python3.10/dist-packages/autonoma_msgs/_autonoma_msgs_s.ep.rosidl_typesupport_c.c
-- Installing: /home/dvij/multi-car-racing/install/autonoma_msgs/local/lib/python3.10/dist-packages/autonoma_msgs/_autonoma_msgs_s.ep.rosidl_typesupport_fastrtps_c.c
-- Installing: /home/dvij/multi-car-racing/install/autonoma_msgs/local/lib/python3.10/dist-packages/autonoma_msgs/_autonoma_msgs_s.ep.rosidl_typesupport_introspection_c.c
-- Installing: /home/dvij/multi-car-racing/install/autonoma_msgs/local/lib/python3.10/dist-packages/autonoma_msgs/__init__.py
Listing '/home/dvij/multi-car-racing/install/autonoma_msgs/local/lib/python3.10/dist-packages/autonoma_msgs'...
Compiling '/home/dvij/multi-car-racing/install/autonoma_msgs/local/lib/python3.10/dist-packages/autonoma_msgs/__init__.py'...
Listing '/home/dvij/multi-car-racing/install/autonoma_msgs/local/lib/python3.10/dist-packages/autonoma_msgs/msg'...
Compiling '/home/dvij/multi-car-racing/install/autonoma_msgs/local/lib/python3.10/dist-packages/autonoma_msgs/msg/__init__.py'...
Compiling '/home/dvij/multi-car-racing/install/autonoma_msgs/local/lib/python3.10/dist-packages/autonoma_msgs/msg/_ground_truth.py'...
Compiling '/home/dvij/multi-car-racing/install/autonoma_msgs/local/lib/python3.10/dist-packages/autonoma_msgs/msg/_ground_truth_array.py'...
Compiling '/home/dvij/multi-car-racing/install/autonoma_msgs/local/lib/python3.10/dist-packages/autonoma_msgs/msg/_powertrain_data.py'...
Compiling '/home/dvij/multi-car-racing/install/autonoma_msgs/local/lib/python3.10/dist-packages/autonoma_msgs/msg/_race_control.py'...
Compiling '/home/dvij/multi-car-racing/install/autonoma_msgs/local/lib/python3.10/dist-packages/autonoma_msgs/msg/_to_raptor.py'...
Compiling '/home/dvij/multi-car-racing/install/autonoma_msgs/local/lib/python3.10/dist-packages/autonoma_msgs/msg/_vehicle_data.py'...
Compiling '/home/dvij/multi-car-racing/install/autonoma_msgs/local/lib/python3.10/dist-packages/autonoma_msgs/msg/_vehicle_inputs.py'...
-- Installing: /home/dvij/multi-car-racing/install/autonoma_msgs/local/lib/python3.10/dist-packages/autonoma_msgs/autonoma_msgs_s__rosidl_typesupport_fastrtps_c.cpython-310-x86_64-linux-gnu.so
-- Set runtime path of "/home/dvij/multi-car-racing/install/autonoma_msgs/local/lib/python3.10/dist-packages/autonoma_msgs/autonoma_msgs_s__rosidl_typesupport_fastrtps_c.cpython-310-x86_64-linux-gnu.so" to ""
-- Installing: /home/dvij/multi-car-racing/install/autonoma_msgs/local/lib/python3.10/dist-packages/autonoma_msgs/autonoma_msgs_s__rosidl_typesupport_introspection_c.cpython-310-x86_64-linux-gnu.so
-- Set runtime path of "/home/dvij/multi-car-racing/install/autonoma_msgs/local/lib/python3.10/dist-packages/autonoma_msgs/autonoma_msgs_s__rosidl_typesupport_introspection_c.cpython-310-x86_64-linux-gnu.so" to ""
-- Installing: /home/dvij/multi-car-racing/install/autonoma_msgs/local/lib/python3.10/dist-packages/autonoma_msgs/autonoma_msgs_s__rosidl_typesupport_c.cpython-310-x86_64-linux-gnu.so
-- Set runtime path of "/home/dvij/multi-car-racing/install/autonoma_msgs/local/lib/python3.10/dist-packages/autonoma_msgs/autonoma_msgs_s__rosidl_typesupport_c.cpython-310-x86_64-linux-gnu.so" to ""
-- Installing: /home/dvij/multi-car-racing/install/autonoma_msgs/lib/libautonoma_msgs__rosidl_generator_py.so
-- Set runtime path of "/home/dvij/multi-car-racing/install/autonoma_msgs/lib/libautonoma_msgs__rosidl_generator_py.so" to ""
-- Installing: /home/dvij/multi-car-racing/install/autonoma_msgs/share/autonoma_msgs/msg/PowertrainData.idl
-- Installing: /home/dvij/multi-car-racing/install/autonoma_msgs/share/autonoma_msgs/msg/RaceControl.idl
-- Installing: /home/dvij/multi-car-racing/install/autonoma_msgs/share/autonoma_msgs/msg/ToRaptor.idl
-- Installing: /home/dvij/multi-car-racing/install/autonoma_msgs/share/autonoma_msgs/msg/VehicleData.idl
-- Installing: /home/dvij/multi-car-racing/install/autonoma_msgs/share/autonoma_msgs/msg/VehicleInputs.idl
-- Installing: /home/dvij/multi-car-racing/install/autonoma_msgs/share/autonoma_msgs/msg/GroundTruth.idl
-- Installing: /home/dvij/multi-car-racing/install/autonoma_msgs/share/autonoma_msgs/msg/GroundTruthArray.idl
-- Installing: /home/dvij/multi-car-racing/install/autonoma_msgs/share/autonoma_msgs/msg/PowertrainData.msg
-- Installing: /home/dvij/multi-car-racing/install/autonoma_msgs/share/autonoma_msgs/msg/RaceControl.msg
-- Installing: /home/dvij/multi-car-racing/install/autonoma_msgs/share/autonoma_msgs/msg/ToRaptor.msg
-- Installing: /home/dvij/multi-car-racing/install/autonoma_msgs/share/autonoma_msgs/msg/VehicleData.msg
-- Installing: /home/dvij/multi-car-racing/install/autonoma_msgs/share/autonoma_msgs/msg/VehicleInputs.msg
-- Installing: /home/dvij/multi-car-racing/install/autonoma_msgs/share/autonoma_msgs/msg/GroundTruth.msg
-- Installing: /home/dvij/multi-car-racing/install/autonoma_msgs/share/autonoma_msgs/msg/GroundTruthArray.msg
-- Installing: /home/dvij/multi-car-racing/install/autonoma_msgs/share/ament_index/resource_index/package_run_dependencies/autonoma_msgs
-- Installing: /home/dvij/multi-car-racing/install/autonoma_msgs/share/ament_index/resource_index/parent_prefix_path/autonoma_msgs
-- Installing: /home/dvij/multi-car-racing/install/autonoma_msgs/share/autonoma_msgs/environment/ament_prefix_path.sh
-- Installing: /home/dvij/multi-car-racing/install/autonoma_msgs/share/autonoma_msgs/environment/ament_prefix_path.dsv
-- Installing: /home/dvij/multi-car-racing/install/autonoma_msgs/share/autonoma_msgs/environment/path.sh
-- Installing: /home/dvij/multi-car-racing/install/autonoma_msgs/share/autonoma_msgs/environment/path.dsv
-- Installing: /home/dvij/multi-car-racing/install/autonoma_msgs/share/autonoma_msgs/local_setup.bash
-- Installing: /home/dvij/multi-car-racing/install/autonoma_msgs/share/autonoma_msgs/local_setup.sh
-- Installing: /home/dvij/multi-car-racing/install/autonoma_msgs/share/autonoma_msgs/local_setup.zsh
-- Installing: /home/dvij/multi-car-racing/install/autonoma_msgs/share/autonoma_msgs/local_setup.dsv
-- Installing: /home/dvij/multi-car-racing/install/autonoma_msgs/share/autonoma_msgs/package.dsv
-- Installing: /home/dvij/multi-car-racing/install/autonoma_msgs/share/ament_index/resource_index/packages/autonoma_msgs
-- Installing: /home/dvij/multi-car-racing/install/autonoma_msgs/share/autonoma_msgs/cmake/export_autonoma_msgs__rosidl_generator_cExport.cmake
-- Installing: /home/dvij/multi-car-racing/install/autonoma_msgs/share/autonoma_msgs/cmake/export_autonoma_msgs__rosidl_generator_cExport-noconfig.cmake
-- Installing: /home/dvij/multi-car-racing/install/autonoma_msgs/share/autonoma_msgs/cmake/export_autonoma_msgs__rosidl_typesupport_fastrtps_cExport.cmake
-- Installing: /home/dvij/multi-car-racing/install/autonoma_msgs/share/autonoma_msgs/cmake/export_autonoma_msgs__rosidl_typesupport_fastrtps_cExport-noconfig.cmake
-- Installing: /home/dvij/multi-car-racing/install/autonoma_msgs/share/autonoma_msgs/cmake/autonoma_msgs__rosidl_typesupport_introspection_cExport.cmake
-- Installing: /home/dvij/multi-car-racing/install/autonoma_msgs/share/autonoma_msgs/cmake/autonoma_msgs__rosidl_typesupport_introspection_cExport-noconfig.cmake
-- Installing: /home/dvij/multi-car-racing/install/autonoma_msgs/share/autonoma_msgs/cmake/autonoma_msgs__rosidl_typesupport_cExport.cmake
-- Installing: /home/dvij/multi-car-racing/install/autonoma_msgs/share/autonoma_msgs/cmake/autonoma_msgs__rosidl_typesupport_cExport-noconfig.cmake
-- Installing: /home/dvij/multi-car-racing/install/autonoma_msgs/share/autonoma_msgs/cmake/export_autonoma_msgs__rosidl_generator_cppExport.cmake
-- Installing: /home/dvij/multi-car-racing/install/autonoma_msgs/share/autonoma_msgs/cmake/export_autonoma_msgs__rosidl_typesupport_fastrtps_cppExport.cmake
-- Installing: /home/dvij/multi-car-racing/install/autonoma_msgs/share/autonoma_msgs/cmake/export_autonoma_msgs__rosidl_typesupport_fastrtps_cppExport-noconfig.cmake
-- Installing: /home/dvij/multi-car-racing/install/autonoma_msgs/share/autonoma_msgs/cmake/autonoma_msgs__rosidl_typesupport_introspection_cppExport.cmake
-- Installing: /home/dvij/multi-car-racing/install/autonoma_msgs/share/autonoma_msgs/cmake/autonoma_msgs__rosidl_typesupport_introspection_cppExport-noconfig.cmake
-- Installing: /home/dvij/multi-car-racing/install/autonoma_msgs/share/autonoma_msgs/cmake/autonoma_msgs__rosidl_typesupport_cppExport.cmake
-- Installing: /home/dvij/multi-car-racing/install/autonoma_msgs/share/autonoma_msgs/cmake/autonoma_msgs__rosidl_typesupport_cppExport-noconfig.cmake
-- Installing: /home/dvij/multi-car-racing/install/autonoma_msgs/share/autonoma_msgs/cmake/export_autonoma_msgs__rosidl_generator_pyExport.cmake
-- Installing: /home/dvij/multi-car-racing/install/autonoma_msgs/share/autonoma_msgs/cmake/export_autonoma_msgs__rosidl_generator_pyExport-noconfig.cmake
-- Installing: /home/dvij/multi-car-racing/install/autonoma_msgs/share/autonoma_msgs/cmake/rosidl_cmake-extras.cmake
-- Installing: /home/dvij/multi-car-racing/install/autonoma_msgs/share/autonoma_msgs/cmake/ament_cmake_export_dependencies-extras.cmake
-- Installing: /home/dvij/multi-car-racing/install/autonoma_msgs/share/autonoma_msgs/cmake/ament_cmake_export_include_directories-extras.cmake
-- Installing: /home/dvij/multi-car-racing/install/autonoma_msgs/share/autonoma_msgs/cmake/ament_cmake_export_libraries-extras.cmake
-- Installing: /home/dvij/multi-car-racing/install/autonoma_msgs/share/autonoma_msgs/cmake/ament_cmake_export_targets-extras.cmake
-- Installing: /home/dvij/multi-car-racing/install/autonoma_msgs/share/autonoma_msgs/cmake/rosidl_cmake_export_typesupport_targets-extras.cmake
-- Installing: /home/dvij/multi-car-racing/install/autonoma_msgs/share/autonoma_msgs/cmake/rosidl_cmake_export_typesupport_libraries-extras.cmake
-- Installing: /home/dvij/multi-car-racing/install/autonoma_msgs/share/autonoma_msgs/cmake/autonoma_msgsConfig.cmake
-- Installing: /home/dvij/multi-car-racing/install/autonoma_msgs/share/autonoma_msgs/cmake/autonoma_msgsConfig-version.cmake
-- Installing: /home/dvij/multi-car-racing/install/autonoma_msgs/share/autonoma_msgs/package.xml
