[0.025s] Invoking command in '/home/dvij/multi-car-racing/build/autonoma_msgs': CMAKE_PREFIX_PATH=/opt/ros/humble /usr/bin/cmake /home/dvij/multi-car-racing/SimulationPackage_v2.1/ros_ws_aux/src/autonoma_msgs -DCMAKE_INSTALL_PREFIX=/home/dvij/multi-car-racing/install/autonoma_msgs
[0.509s] -- The C compiler identification is GNU 11.4.0
[0.509s] -- The CXX compiler identification is GNU 11.4.0
[0.509s] -- Detecting C compiler ABI info
[0.509s] -- Detecting C compiler ABI info - done
[0.509s] -- Check for working C compiler: /usr/bin/cc - skipped
[0.509s] -- Detecting C compile features
[0.509s] -- Detecting C compile features - done
[0.510s] -- Detecting CXX compiler ABI info
[0.510s] -- Detecting CXX compiler ABI info - done
[0.510s] -- Check for working CXX compiler: /usr/bin/c++ - skipped
[0.510s] -- Detecting CXX compile features
[0.510s] -- Detecting CXX compile features - done
[0.510s] -- Found ament_cmake: 1.3.12 (/opt/ros/humble/share/ament_cmake/cmake)
[0.510s] -- Found Python3: /usr/bin/python3 (found version "3.10.12") found components: Interpreter 
[0.554s] -- Found rosidl_default_generators: 1.2.0 (/opt/ros/humble/share/rosidl_default_generators/cmake)
[0.558s] -- Using all available rosidl_typesupport_c: rosidl_typesupport_fastrtps_c;rosidl_typesupport_introspection_c
[0.565s] -- Found rosidl_adapter: 3.1.7 (/opt/ros/humble/share/rosidl_adapter/cmake)
[0.613s] -- Using all available rosidl_typesupport_cpp: rosidl_typesupport_fastrtps_cpp;rosidl_typesupport_introspection_cpp
[0.656s] -- Found std_msgs: 4.9.0 (/opt/ros/humble/share/std_msgs/cmake)
[1.074s] -- Found ament_cmake_ros: 0.10.0 (/opt/ros/humble/share/ament_cmake_ros/cmake)
[1.336s] -- Using all available rosidl_typesupport_c: rosidl_typesupport_fastrtps_c;rosidl_typesupport_introspection_c
[1.618s] -- Using all available rosidl_typesupport_cpp: rosidl_typesupport_fastrtps_cpp;rosidl_typesupport_introspection_cpp
[1.638s] -- Found PythonInterp: /usr/bin/python3 (found suitable version "3.10.12", minimum required is "3.6") 
[1.639s] -- Found python_cmake_module: 0.10.0 (/opt/ros/humble/share/python_cmake_module/cmake)
[1.659s] -- Found PythonLibs: /usr/lib/x86_64-linux-gnu/libpython3.10.so (found suitable version "3.10.12", minimum required is "3.5") 
[1.659s] -- Using PYTHON_EXECUTABLE: /usr/bin/python3
[1.659s] -- Using PYTHON_INCLUDE_DIRS: /usr/include/python3.10
[1.659s] -- Using PYTHON_LIBRARIES: /usr/lib/x86_64-linux-gnu/libpython3.10.so
[1.673s] -- Found PythonExtra: .so  
[1.731s] -- Configuring done
[1.790s] -- Generating done
[1.808s] -- Build files have been written to: /home/dvij/multi-car-racing/build/autonoma_msgs
[1.815s] Invoked command in '/home/dvij/multi-car-racing/build/autonoma_msgs' returned '0': CMAKE_PREFIX_PATH=/opt/ros/humble /usr/bin/cmake /home/dvij/multi-car-racing/SimulationPackage_v2.1/ros_ws_aux/src/autonoma_msgs -DCMAKE_INSTALL_PREFIX=/home/dvij/multi-car-racing/install/autonoma_msgs
[1.816s] Invoking command in '/home/dvij/multi-car-racing/build/autonoma_msgs': CMAKE_PREFIX_PATH=/opt/ros/humble /usr/bin/cmake --build /home/dvij/multi-car-racing/build/autonoma_msgs -- -j12 -l12
[1.866s] [  1%] [34m[1mGenerating C code for ROS interfaces[0m
[1.883s] [  2%] [34m[1mGenerating C++ code for ROS interfaces[0m
[1.886s] [  2%] Built target ament_cmake_python_copy_autonoma_msgs
[2.166s] running egg_info
[2.167s] creating autonoma_msgs.egg-info
[2.169s] writing autonoma_msgs.egg-info/PKG-INFO
[2.169s] writing dependency_links to autonoma_msgs.egg-info/dependency_links.txt
[2.169s] writing top-level names to autonoma_msgs.egg-info/top_level.txt
[2.169s] writing manifest file 'autonoma_msgs.egg-info/SOURCES.txt'
[2.171s] reading manifest file 'autonoma_msgs.egg-info/SOURCES.txt'
[2.172s] writing manifest file 'autonoma_msgs.egg-info/SOURCES.txt'
[2.214s] [  2%] Built target ament_cmake_python_build_autonoma_msgs_egg
[4.057s] [  2%] Built target autonoma_msgs__cpp
[4.083s] [  3%] [34m[1mGenerating C++ type support dispatch for ROS interfaces[0m
[4.097s] [  5%] [34m[1mGenerating C++ type support for eProsima Fast-RTPS[0m
[4.111s] [  6%] [34m[1mGenerating C++ introspection for ROS interfaces[0m
[4.565s] [  7%] [32mBuilding C object CMakeFiles/autonoma_msgs__rosidl_generator_c.dir/rosidl_generator_c/autonoma_msgs/msg/detail/powertrain_data__functions.c.o[0m
[4.573s] [  8%] [32mBuilding C object CMakeFiles/autonoma_msgs__rosidl_generator_c.dir/rosidl_generator_c/autonoma_msgs/msg/detail/vehicle_data__functions.c.o[0m
[4.584s] [ 10%] [32mBuilding C object CMakeFiles/autonoma_msgs__rosidl_generator_c.dir/rosidl_generator_c/autonoma_msgs/msg/detail/race_control__functions.c.o[0m
[4.585s] [ 11%] [32mBuilding C object CMakeFiles/autonoma_msgs__rosidl_generator_c.dir/rosidl_generator_c/autonoma_msgs/msg/detail/to_raptor__functions.c.o[0m
[4.585s] [ 12%] [32mBuilding C object CMakeFiles/autonoma_msgs__rosidl_generator_c.dir/rosidl_generator_c/autonoma_msgs/msg/detail/vehicle_inputs__functions.c.o[0m
[4.606s] [ 13%] [32mBuilding C object CMakeFiles/autonoma_msgs__rosidl_generator_c.dir/rosidl_generator_c/autonoma_msgs/msg/detail/ground_truth__functions.c.o[0m
[4.609s] [ 15%] [32mBuilding C object CMakeFiles/autonoma_msgs__rosidl_generator_c.dir/rosidl_generator_c/autonoma_msgs/msg/detail/ground_truth_array__functions.c.o[0m
[4.977s] [ 16%] [32m[1mLinking C shared library libautonoma_msgs__rosidl_generator_c.so[0m
[5.169s] [ 16%] Built target autonoma_msgs__rosidl_generator_c
[5.217s] [ 17%] [34m[1mGenerating C introspection for ROS interfaces[0m
[5.225s] [ 18%] [34m[1mGenerating C type support dispatch for ROS interfaces[0m
[5.237s] [ 20%] [34m[1mGenerating C type support for eProsima Fast-RTPS[0m
[6.952s] [ 21%] [32mBuilding CXX object CMakeFiles/autonoma_msgs__rosidl_typesupport_cpp.dir/rosidl_typesupport_cpp/autonoma_msgs/msg/vehicle_inputs__type_support.cpp.o[0m
[6.954s] [ 22%] [32mBuilding CXX object CMakeFiles/autonoma_msgs__rosidl_typesupport_cpp.dir/rosidl_typesupport_cpp/autonoma_msgs/msg/powertrain_data__type_support.cpp.o[0m
[6.964s] [ 24%] [32mBuilding CXX object CMakeFiles/autonoma_msgs__rosidl_typesupport_cpp.dir/rosidl_typesupport_cpp/autonoma_msgs/msg/to_raptor__type_support.cpp.o[0m
[6.966s] [ 25%] [32mBuilding CXX object CMakeFiles/autonoma_msgs__rosidl_typesupport_cpp.dir/rosidl_typesupport_cpp/autonoma_msgs/msg/vehicle_data__type_support.cpp.o[0m
[6.995s] [ 27%] [32mBuilding CXX object CMakeFiles/autonoma_msgs__rosidl_typesupport_cpp.dir/rosidl_typesupport_cpp/autonoma_msgs/msg/race_control__type_support.cpp.o[0m
[6.995s] [ 26%] [32mBuilding CXX object CMakeFiles/autonoma_msgs__rosidl_typesupport_cpp.dir/rosidl_typesupport_cpp/autonoma_msgs/msg/ground_truth_array__type_support.cpp.o[0m
[6.998s] [ 29%] [32mBuilding CXX object CMakeFiles/autonoma_msgs__rosidl_typesupport_cpp.dir/rosidl_typesupport_cpp/autonoma_msgs/msg/ground_truth__type_support.cpp.o[0m
[8.285s] [ 31%] [32mBuilding CXX object CMakeFiles/autonoma_msgs__rosidl_typesupport_fastrtps_cpp.dir/rosidl_typesupport_fastrtps_cpp/autonoma_msgs/msg/detail/dds_fastrtps/race_control__type_support.cpp.o[0m
[8.288s] [ 32%] [32mBuilding CXX object CMakeFiles/autonoma_msgs__rosidl_typesupport_fastrtps_cpp.dir/rosidl_typesupport_fastrtps_cpp/autonoma_msgs/msg/detail/dds_fastrtps/to_raptor__type_support.cpp.o[0m
[8.289s] [ 30%] [32mBuilding CXX object CMakeFiles/autonoma_msgs__rosidl_typesupport_fastrtps_cpp.dir/rosidl_typesupport_fastrtps_cpp/autonoma_msgs/msg/detail/dds_fastrtps/powertrain_data__type_support.cpp.o[0m
[8.428s] [ 34%] [32mBuilding CXX object CMakeFiles/autonoma_msgs__rosidl_typesupport_fastrtps_cpp.dir/rosidl_typesupport_fastrtps_cpp/autonoma_msgs/msg/detail/dds_fastrtps/vehicle_data__type_support.cpp.o[0m
[8.764s] [ 35%] [32mBuilding CXX object CMakeFiles/autonoma_msgs__rosidl_typesupport_fastrtps_cpp.dir/rosidl_typesupport_fastrtps_cpp/autonoma_msgs/msg/detail/dds_fastrtps/ground_truth__type_support.cpp.o[0m
[8.765s] [ 36%] [32mBuilding CXX object CMakeFiles/autonoma_msgs__rosidl_typesupport_fastrtps_cpp.dir/rosidl_typesupport_fastrtps_cpp/autonoma_msgs/msg/detail/dds_fastrtps/vehicle_inputs__type_support.cpp.o[0m
[8.801s] [ 37%] [32mBuilding CXX object CMakeFiles/autonoma_msgs__rosidl_typesupport_fastrtps_cpp.dir/rosidl_typesupport_fastrtps_cpp/autonoma_msgs/msg/detail/dds_fastrtps/ground_truth_array__type_support.cpp.o[0m
[8.835s] [ 39%] [32mBuilding CXX object CMakeFiles/autonoma_msgs__rosidl_typesupport_c.dir/rosidl_typesupport_c/autonoma_msgs/msg/powertrain_data__type_support.cpp.o[0m
[8.843s] [ 40%] [32m[1mLinking CXX shared library libautonoma_msgs__rosidl_typesupport_cpp.so[0m
[8.847s] [ 41%] [32mBuilding C object CMakeFiles/autonoma_msgs__rosidl_typesupport_introspection_c.dir/rosidl_typesupport_introspection_c/autonoma_msgs/msg/detail/powertrain_data__type_support.c.o[0m
[8.957s] [ 43%] [32mBuilding CXX object CMakeFiles/autonoma_msgs__rosidl_typesupport_c.dir/rosidl_typesupport_c/autonoma_msgs/msg/race_control__type_support.cpp.o[0m
[8.973s] [ 44%] [32mBuilding C object CMakeFiles/autonoma_msgs__rosidl_typesupport_introspection_c.dir/rosidl_typesupport_introspection_c/autonoma_msgs/msg/detail/race_control__type_support.c.o[0m
[9.054s] [ 45%] [32mBuilding CXX object CMakeFiles/autonoma_msgs__rosidl_typesupport_c.dir/rosidl_typesupport_c/autonoma_msgs/msg/to_raptor__type_support.cpp.o[0m
[9.060s] [ 45%] Built target autonoma_msgs__rosidl_typesupport_cpp
[9.101s] [ 46%] [32mBuilding C object CMakeFiles/autonoma_msgs__rosidl_typesupport_introspection_c.dir/rosidl_typesupport_introspection_c/autonoma_msgs/msg/detail/to_raptor__type_support.c.o[0m
[9.112s] [ 49%] [32mBuilding C object CMakeFiles/autonoma_msgs__rosidl_typesupport_introspection_c.dir/rosidl_typesupport_introspection_c/autonoma_msgs/msg/detail/vehicle_data__type_support.c.o[0m
[9.124s] [ 49%] [32mBuilding CXX object CMakeFiles/autonoma_msgs__rosidl_typesupport_c.dir/rosidl_typesupport_c/autonoma_msgs/msg/vehicle_data__type_support.cpp.o[0m
[9.158s] [ 50%] [32mBuilding C object CMakeFiles/autonoma_msgs__rosidl_typesupport_introspection_c.dir/rosidl_typesupport_introspection_c/autonoma_msgs/msg/detail/vehicle_inputs__type_support.c.o[0m
[9.174s] [ 51%] [32mBuilding CXX object CMakeFiles/autonoma_msgs__rosidl_typesupport_c.dir/rosidl_typesupport_c/autonoma_msgs/msg/vehicle_inputs__type_support.cpp.o[0m
[9.214s] [ 53%] [32mBuilding C object CMakeFiles/autonoma_msgs__rosidl_typesupport_introspection_c.dir/rosidl_typesupport_introspection_c/autonoma_msgs/msg/detail/ground_truth__type_support.c.o[0m
[9.267s] [ 54%] [32mBuilding CXX object CMakeFiles/autonoma_msgs__rosidl_typesupport_c.dir/rosidl_typesupport_c/autonoma_msgs/msg/ground_truth__type_support.cpp.o[0m
[9.294s] [ 55%] [32mBuilding C object CMakeFiles/autonoma_msgs__rosidl_typesupport_introspection_c.dir/rosidl_typesupport_introspection_c/autonoma_msgs/msg/detail/ground_truth_array__type_support.c.o[0m
[9.317s] [ 56%] [32mBuilding CXX object CMakeFiles/autonoma_msgs__rosidl_typesupport_c.dir/rosidl_typesupport_c/autonoma_msgs/msg/ground_truth_array__type_support.cpp.o[0m
[9.399s] [ 58%] [32m[1mLinking C shared library libautonoma_msgs__rosidl_typesupport_introspection_c.so[0m
[9.409s] [ 59%] [32m[1mLinking CXX shared library libautonoma_msgs__rosidl_typesupport_c.so[0m
[9.515s] [ 59%] Built target autonoma_msgs__rosidl_typesupport_introspection_c
[9.538s] [ 59%] Built target autonoma_msgs__rosidl_typesupport_c
[9.975s] [ 60%] [32mBuilding CXX object CMakeFiles/autonoma_msgs__rosidl_typesupport_fastrtps_c.dir/rosidl_typesupport_fastrtps_c/autonoma_msgs/msg/detail/powertrain_data__type_support_c.cpp.o[0m
[9.987s] [ 62%] [32mBuilding CXX object CMakeFiles/autonoma_msgs__rosidl_typesupport_fastrtps_c.dir/rosidl_typesupport_fastrtps_c/autonoma_msgs/msg/detail/vehicle_data__type_support_c.cpp.o[0m
[9.987s] [ 63%] [32mBuilding CXX object CMakeFiles/autonoma_msgs__rosidl_typesupport_fastrtps_c.dir/rosidl_typesupport_fastrtps_c/autonoma_msgs/msg/detail/to_raptor__type_support_c.cpp.o[0m
[9.987s] [ 64%] [32mBuilding CXX object CMakeFiles/autonoma_msgs__rosidl_typesupport_fastrtps_c.dir/rosidl_typesupport_fastrtps_c/autonoma_msgs/msg/detail/ground_truth__type_support_c.cpp.o[0m
[9.987s] [ 65%] [32mBuilding CXX object CMakeFiles/autonoma_msgs__rosidl_typesupport_fastrtps_c.dir/rosidl_typesupport_fastrtps_c/autonoma_msgs/msg/detail/vehicle_inputs__type_support_c.cpp.o[0m
[9.990s] [ 67%] [32mBuilding CXX object CMakeFiles/autonoma_msgs__rosidl_typesupport_fastrtps_c.dir/rosidl_typesupport_fastrtps_c/autonoma_msgs/msg/detail/race_control__type_support_c.cpp.o[0m
[10.001s] [ 68%] [32mBuilding CXX object CMakeFiles/autonoma_msgs__rosidl_typesupport_fastrtps_c.dir/rosidl_typesupport_fastrtps_c/autonoma_msgs/msg/detail/ground_truth_array__type_support_c.cpp.o[0m
[10.608s] [ 69%] [32mBuilding CXX object CMakeFiles/autonoma_msgs__rosidl_typesupport_introspection_cpp.dir/rosidl_typesupport_introspection_cpp/autonoma_msgs/msg/detail/race_control__type_support.cpp.o[0m
[10.627s] [ 70%] [32mBuilding CXX object CMakeFiles/autonoma_msgs__rosidl_typesupport_introspection_cpp.dir/rosidl_typesupport_introspection_cpp/autonoma_msgs/msg/detail/to_raptor__type_support.cpp.o[0m
[10.635s] [ 72%] [32mBuilding CXX object CMakeFiles/autonoma_msgs__rosidl_typesupport_introspection_cpp.dir/rosidl_typesupport_introspection_cpp/autonoma_msgs/msg/detail/powertrain_data__type_support.cpp.o[0m
[10.649s] [ 73%] [32mBuilding CXX object CMakeFiles/autonoma_msgs__rosidl_typesupport_introspection_cpp.dir/rosidl_typesupport_introspection_cpp/autonoma_msgs/msg/detail/vehicle_data__type_support.cpp.o[0m
[10.775s] [ 74%] [32mBuilding CXX object CMakeFiles/autonoma_msgs__rosidl_typesupport_introspection_cpp.dir/rosidl_typesupport_introspection_cpp/autonoma_msgs/msg/detail/vehicle_inputs__type_support.cpp.o[0m
[10.809s] [ 75%] [32m[1mLinking CXX shared library libautonoma_msgs__rosidl_typesupport_fastrtps_cpp.so[0m
[10.904s] [ 77%] [32mBuilding CXX object CMakeFiles/autonoma_msgs__rosidl_typesupport_introspection_cpp.dir/rosidl_typesupport_introspection_cpp/autonoma_msgs/msg/detail/ground_truth__type_support.cpp.o[0m
[11.050s] [ 77%] Built target autonoma_msgs__rosidl_typesupport_fastrtps_cpp
[11.065s] [ 78%] [32mBuilding CXX object CMakeFiles/autonoma_msgs__rosidl_typesupport_introspection_cpp.dir/rosidl_typesupport_introspection_cpp/autonoma_msgs/msg/detail/ground_truth_array__type_support.cpp.o[0m
[11.776s] [ 79%] [32m[1mLinking CXX shared library libautonoma_msgs__rosidl_typesupport_fastrtps_c.so[0m
[11.955s] [ 79%] Built target autonoma_msgs__rosidl_typesupport_fastrtps_c
[12.662s] [ 81%] [32m[1mLinking CXX shared library libautonoma_msgs__rosidl_typesupport_introspection_cpp.so[0m
[13.124s] [ 81%] Built target autonoma_msgs__rosidl_typesupport_introspection_cpp
[13.192s] [ 81%] Built target autonoma_msgs
[13.260s] [ 82%] [34m[1mGenerating Python code for ROS interfaces[0m
[28.221s] [ 82%] Built target autonoma_msgs__py
[28.330s] [ 83%] [32mBuilding C object CMakeFiles/autonoma_msgs__rosidl_generator_py.dir/rosidl_generator_py/autonoma_msgs/msg/_powertrain_data_s.c.o[0m
[28.366s] [ 84%] [32mBuilding C object CMakeFiles/autonoma_msgs__rosidl_generator_py.dir/rosidl_generator_py/autonoma_msgs/msg/_to_raptor_s.c.o[0m
[28.366s] [ 86%] [32mBuilding C object CMakeFiles/autonoma_msgs__rosidl_generator_py.dir/rosidl_generator_py/autonoma_msgs/msg/_race_control_s.c.o[0m
[28.376s] [ 87%] [32mBuilding C object CMakeFiles/autonoma_msgs__rosidl_generator_py.dir/rosidl_generator_py/autonoma_msgs/msg/_vehicle_data_s.c.o[0m
[28.402s] [ 88%] [32mBuilding C object CMakeFiles/autonoma_msgs__rosidl_generator_py.dir/rosidl_generator_py/autonoma_msgs/msg/_vehicle_inputs_s.c.o[0m
[28.748s] [ 89%] [32mBuilding C object CMakeFiles/autonoma_msgs__rosidl_generator_py.dir/rosidl_generator_py/autonoma_msgs/msg/_ground_truth_array_s.c.o[0m
[28.782s] [ 91%] [32mBuilding C object CMakeFiles/autonoma_msgs__rosidl_generator_py.dir/rosidl_generator_py/autonoma_msgs/msg/_ground_truth_s.c.o[0m
[29.594s] [ 92%] [32m[1mLinking C shared library rosidl_generator_py/autonoma_msgs/libautonoma_msgs__rosidl_generator_py.so[0m
[29.851s] [ 92%] Built target autonoma_msgs__rosidl_generator_py
[29.934s] [ 93%] [32mBuilding C object CMakeFiles/autonoma_msgs__rosidl_typesupport_fastrtps_c__pyext.dir/rosidl_generator_py/autonoma_msgs/_autonoma_msgs_s.ep.rosidl_typesupport_fastrtps_c.c.o[0m
[30.472s] [ 94%] [32m[1mLinking C shared library rosidl_generator_py/autonoma_msgs/autonoma_msgs_s__rosidl_typesupport_fastrtps_c.cpython-310-x86_64-linux-gnu.so[0m
[30.581s] [ 94%] Built target autonoma_msgs__rosidl_typesupport_fastrtps_c__pyext
[30.653s] [ 96%] [32mBuilding C object CMakeFiles/autonoma_msgs__rosidl_typesupport_c__pyext.dir/rosidl_generator_py/autonoma_msgs/_autonoma_msgs_s.ep.rosidl_typesupport_c.c.o[0m
[30.919s] [ 97%] [32m[1mLinking C shared library rosidl_generator_py/autonoma_msgs/autonoma_msgs_s__rosidl_typesupport_c.cpython-310-x86_64-linux-gnu.so[0m
[31.004s] [ 97%] Built target autonoma_msgs__rosidl_typesupport_c__pyext
[31.040s] [ 98%] [32mBuilding C object CMakeFiles/autonoma_msgs__rosidl_typesupport_introspection_c__pyext.dir/rosidl_generator_py/autonoma_msgs/_autonoma_msgs_s.ep.rosidl_typesupport_introspection_c.c.o[0m
[31.269s] [100%] [32m[1mLinking C shared library rosidl_generator_py/autonoma_msgs/autonoma_msgs_s__rosidl_typesupport_introspection_c.cpython-310-x86_64-linux-gnu.so[0m
[31.358s] [100%] Built target autonoma_msgs__rosidl_typesupport_introspection_c__pyext
[31.373s] Invoked command in '/home/dvij/multi-car-racing/build/autonoma_msgs' returned '0': CMAKE_PREFIX_PATH=/opt/ros/humble /usr/bin/cmake --build /home/dvij/multi-car-racing/build/autonoma_msgs -- -j12 -l12
[31.378s] Invoking command in '/home/dvij/multi-car-racing/build/autonoma_msgs': CMAKE_PREFIX_PATH=/opt/ros/humble /usr/bin/cmake --install /home/dvij/multi-car-racing/build/autonoma_msgs
[31.392s] -- Install configuration: ""
[31.393s] -- Installing: /home/dvij/multi-car-racing/install/autonoma_msgs/share/ament_index/resource_index/rosidl_interfaces/autonoma_msgs
[31.393s] -- Installing: /home/dvij/multi-car-racing/install/autonoma_msgs/include/autonoma_msgs/autonoma_msgs
[31.393s] -- Installing: /home/dvij/multi-car-racing/install/autonoma_msgs/include/autonoma_msgs/autonoma_msgs/msg
[31.393s] -- Installing: /home/dvij/multi-car-racing/install/autonoma_msgs/include/autonoma_msgs/autonoma_msgs/msg/detail
[31.393s] -- Installing: /home/dvij/multi-car-racing/install/autonoma_msgs/include/autonoma_msgs/autonoma_msgs/msg/detail/ground_truth_array__functions.c
[31.394s] -- Installing: /home/dvij/multi-car-racing/install/autonoma_msgs/include/autonoma_msgs/autonoma_msgs/msg/detail/ground_truth_array__functions.h
[31.394s] -- Installing: /home/dvij/multi-car-racing/install/autonoma_msgs/include/autonoma_msgs/autonoma_msgs/msg/detail/ground_truth_array__struct.h
[31.394s] -- Installing: /home/dvij/multi-car-racing/install/autonoma_msgs/include/autonoma_msgs/autonoma_msgs/msg/detail/ground_truth_array__type_support.h
[31.395s] -- Installing: /home/dvij/multi-car-racing/install/autonoma_msgs/include/autonoma_msgs/autonoma_msgs/msg/detail/ground_truth__functions.c
[31.395s] -- Installing: /home/dvij/multi-car-racing/install/autonoma_msgs/include/autonoma_msgs/autonoma_msgs/msg/detail/ground_truth__functions.h
[31.395s] -- Installing: /home/dvij/multi-car-racing/install/autonoma_msgs/include/autonoma_msgs/autonoma_msgs/msg/detail/ground_truth__struct.h
[31.395s] -- Installing: /home/dvij/multi-car-racing/install/autonoma_msgs/include/autonoma_msgs/autonoma_msgs/msg/detail/ground_truth__type_support.h
[31.396s] -- Installing: /home/dvij/multi-car-racing/install/autonoma_msgs/include/autonoma_msgs/autonoma_msgs/msg/detail/powertrain_data__functions.c
[31.396s] -- Installing: /home/dvij/multi-car-racing/install/autonoma_msgs/include/autonoma_msgs/autonoma_msgs/msg/detail/powertrain_data__functions.h
[31.396s] -- Installing: /home/dvij/multi-car-racing/install/autonoma_msgs/include/autonoma_msgs/autonoma_msgs/msg/detail/powertrain_data__struct.h
[31.396s] -- Installing: /home/dvij/multi-car-racing/install/autonoma_msgs/include/autonoma_msgs/autonoma_msgs/msg/detail/powertrain_data__type_support.h
[31.397s] -- Installing: /home/dvij/multi-car-racing/install/autonoma_msgs/include/autonoma_msgs/autonoma_msgs/msg/detail/race_control__functions.c
[31.397s] -- Installing: /home/dvij/multi-car-racing/install/autonoma_msgs/include/autonoma_msgs/autonoma_msgs/msg/detail/race_control__functions.h
[31.397s] -- Installing: /home/dvij/multi-car-racing/install/autonoma_msgs/include/autonoma_msgs/autonoma_msgs/msg/detail/race_control__struct.h
[31.397s] -- Installing: /home/dvij/multi-car-racing/install/autonoma_msgs/include/autonoma_msgs/autonoma_msgs/msg/detail/race_control__type_support.h
[31.398s] -- Installing: /home/dvij/multi-car-racing/install/autonoma_msgs/include/autonoma_msgs/autonoma_msgs/msg/detail/to_raptor__functions.c
[31.398s] -- Installing: /home/dvij/multi-car-racing/install/autonoma_msgs/include/autonoma_msgs/autonoma_msgs/msg/detail/to_raptor__functions.h
[31.398s] -- Installing: /home/dvij/multi-car-racing/install/autonoma_msgs/include/autonoma_msgs/autonoma_msgs/msg/detail/to_raptor__struct.h
[31.398s] -- Installing: /home/dvij/multi-car-racing/install/autonoma_msgs/include/autonoma_msgs/autonoma_msgs/msg/detail/to_raptor__type_support.h
[31.399s] -- Installing: /home/dvij/multi-car-racing/install/autonoma_msgs/include/autonoma_msgs/autonoma_msgs/msg/detail/vehicle_data__functions.c
[31.399s] -- Installing: /home/dvij/multi-car-racing/install/autonoma_msgs/include/autonoma_msgs/autonoma_msgs/msg/detail/vehicle_data__functions.h
[31.399s] -- Installing: /home/dvij/multi-car-racing/install/autonoma_msgs/include/autonoma_msgs/autonoma_msgs/msg/detail/vehicle_data__struct.h
[31.399s] -- Installing: /home/dvij/multi-car-racing/install/autonoma_msgs/include/autonoma_msgs/autonoma_msgs/msg/detail/vehicle_data__type_support.h
[31.400s] -- Installing: /home/dvij/multi-car-racing/install/autonoma_msgs/include/autonoma_msgs/autonoma_msgs/msg/detail/vehicle_inputs__functions.c
[31.400s] -- Installing: /home/dvij/multi-car-racing/install/autonoma_msgs/include/autonoma_msgs/autonoma_msgs/msg/detail/vehicle_inputs__functions.h
[31.400s] -- Installing: /home/dvij/multi-car-racing/install/autonoma_msgs/include/autonoma_msgs/autonoma_msgs/msg/detail/vehicle_inputs__struct.h
[31.400s] -- Installing: /home/dvij/multi-car-racing/install/autonoma_msgs/include/autonoma_msgs/autonoma_msgs/msg/detail/vehicle_inputs__type_support.h
[31.400s] -- Installing: /home/dvij/multi-car-racing/install/autonoma_msgs/include/autonoma_msgs/autonoma_msgs/msg/ground_truth.h
[31.401s] -- Installing: /home/dvij/multi-car-racing/install/autonoma_msgs/include/autonoma_msgs/autonoma_msgs/msg/ground_truth_array.h
[31.401s] -- Installing: /home/dvij/multi-car-racing/install/autonoma_msgs/include/autonoma_msgs/autonoma_msgs/msg/powertrain_data.h
[31.402s] -- Installing: /home/dvij/multi-car-racing/install/autonoma_msgs/include/autonoma_msgs/autonoma_msgs/msg/race_control.h
[31.402s] -- Installing: /home/dvij/multi-car-racing/install/autonoma_msgs/include/autonoma_msgs/autonoma_msgs/msg/rosidl_generator_c__visibility_control.h
[31.402s] -- Installing: /home/dvij/multi-car-racing/install/autonoma_msgs/include/autonoma_msgs/autonoma_msgs/msg/to_raptor.h
[31.402s] -- Installing: /home/dvij/multi-car-racing/install/autonoma_msgs/include/autonoma_msgs/autonoma_msgs/msg/vehicle_data.h
[31.402s] -- Installing: /home/dvij/multi-car-racing/install/autonoma_msgs/include/autonoma_msgs/autonoma_msgs/msg/vehicle_inputs.h
[31.403s] -- Installing: /home/dvij/multi-car-racing/install/autonoma_msgs/share/autonoma_msgs/environment/library_path.sh
[31.405s] -- Installing: /home/dvij/multi-car-racing/install/autonoma_msgs/share/autonoma_msgs/environment/library_path.dsv
[31.405s] -- Installing: /home/dvij/multi-car-racing/install/autonoma_msgs/lib/libautonoma_msgs__rosidl_generator_c.so
[31.405s] -- Set runtime path of "/home/dvij/multi-car-racing/install/autonoma_msgs/lib/libautonoma_msgs__rosidl_generator_c.so" to ""
[31.405s] -- Up-to-date: /home/dvij/multi-car-racing/install/autonoma_msgs/include/autonoma_msgs/autonoma_msgs
[31.406s] -- Up-to-date: /home/dvij/multi-car-racing/install/autonoma_msgs/include/autonoma_msgs/autonoma_msgs/msg
[31.406s] -- Up-to-date: /home/dvij/multi-car-racing/install/autonoma_msgs/include/autonoma_msgs/autonoma_msgs/msg/detail
[31.406s] -- Installing: /home/dvij/multi-car-racing/install/autonoma_msgs/include/autonoma_msgs/autonoma_msgs/msg/detail/ground_truth_array__rosidl_typesupport_fastrtps_c.h
[31.406s] -- Installing: /home/dvij/multi-car-racing/install/autonoma_msgs/include/autonoma_msgs/autonoma_msgs/msg/detail/ground_truth__rosidl_typesupport_fastrtps_c.h
[31.406s] -- Installing: /home/dvij/multi-car-racing/install/autonoma_msgs/include/autonoma_msgs/autonoma_msgs/msg/detail/powertrain_data__rosidl_typesupport_fastrtps_c.h
[31.406s] -- Installing: /home/dvij/multi-car-racing/install/autonoma_msgs/include/autonoma_msgs/autonoma_msgs/msg/detail/race_control__rosidl_typesupport_fastrtps_c.h
[31.406s] -- Installing: /home/dvij/multi-car-racing/install/autonoma_msgs/include/autonoma_msgs/autonoma_msgs/msg/detail/to_raptor__rosidl_typesupport_fastrtps_c.h
[31.406s] -- Installing: /home/dvij/multi-car-racing/install/autonoma_msgs/include/autonoma_msgs/autonoma_msgs/msg/detail/vehicle_data__rosidl_typesupport_fastrtps_c.h
[31.406s] -- Installing: /home/dvij/multi-car-racing/install/autonoma_msgs/include/autonoma_msgs/autonoma_msgs/msg/detail/vehicle_inputs__rosidl_typesupport_fastrtps_c.h
[31.407s] -- Installing: /home/dvij/multi-car-racing/install/autonoma_msgs/include/autonoma_msgs/autonoma_msgs/msg/rosidl_typesupport_fastrtps_c__visibility_control.h
[31.407s] -- Installing: /home/dvij/multi-car-racing/install/autonoma_msgs/lib/libautonoma_msgs__rosidl_typesupport_fastrtps_c.so
[31.408s] -- Set runtime path of "/home/dvij/multi-car-racing/install/autonoma_msgs/lib/libautonoma_msgs__rosidl_typesupport_fastrtps_c.so" to ""
[31.408s] -- Up-to-date: /home/dvij/multi-car-racing/install/autonoma_msgs/include/autonoma_msgs/autonoma_msgs
[31.408s] -- Up-to-date: /home/dvij/multi-car-racing/install/autonoma_msgs/include/autonoma_msgs/autonoma_msgs/msg
[31.408s] -- Up-to-date: /home/dvij/multi-car-racing/install/autonoma_msgs/include/autonoma_msgs/autonoma_msgs/msg/detail
[31.408s] -- Installing: /home/dvij/multi-car-racing/install/autonoma_msgs/include/autonoma_msgs/autonoma_msgs/msg/detail/ground_truth_array__rosidl_typesupport_introspection_c.h
[31.408s] -- Installing: /home/dvij/multi-car-racing/install/autonoma_msgs/include/autonoma_msgs/autonoma_msgs/msg/detail/ground_truth_array__type_support.c
[31.408s] -- Installing: /home/dvij/multi-car-racing/install/autonoma_msgs/include/autonoma_msgs/autonoma_msgs/msg/detail/ground_truth__rosidl_typesupport_introspection_c.h
[31.409s] -- Installing: /home/dvij/multi-car-racing/install/autonoma_msgs/include/autonoma_msgs/autonoma_msgs/msg/detail/ground_truth__type_support.c
[31.409s] -- Installing: /home/dvij/multi-car-racing/install/autonoma_msgs/include/autonoma_msgs/autonoma_msgs/msg/detail/powertrain_data__rosidl_typesupport_introspection_c.h
[31.409s] -- Installing: /home/dvij/multi-car-racing/install/autonoma_msgs/include/autonoma_msgs/autonoma_msgs/msg/detail/powertrain_data__type_support.c
[31.409s] -- Installing: /home/dvij/multi-car-racing/install/autonoma_msgs/include/autonoma_msgs/autonoma_msgs/msg/detail/race_control__rosidl_typesupport_introspection_c.h
[31.410s] -- Installing: /home/dvij/multi-car-racing/install/autonoma_msgs/include/autonoma_msgs/autonoma_msgs/msg/detail/race_control__type_support.c
[31.413s] -- Installing: /home/dvij/multi-car-racing/install/autonoma_msgs/include/autonoma_msgs/autonoma_msgs/msg/detail/to_raptor__rosidl_typesupport_introspection_c.h
[31.413s] -- Installing: /home/dvij/multi-car-racing/install/autonoma_msgs/include/autonoma_msgs/autonoma_msgs/msg/detail/to_raptor__type_support.c
[31.413s] -- Installing: /home/dvij/multi-car-racing/install/autonoma_msgs/include/autonoma_msgs/autonoma_msgs/msg/detail/vehicle_data__rosidl_typesupport_introspection_c.h
[31.413s] -- Installing: /home/dvij/multi-car-racing/install/autonoma_msgs/include/autonoma_msgs/autonoma_msgs/msg/detail/vehicle_data__type_support.c
[31.413s] -- Installing: /home/dvij/multi-car-racing/install/autonoma_msgs/include/autonoma_msgs/autonoma_msgs/msg/detail/vehicle_inputs__rosidl_typesupport_introspection_c.h
[31.413s] -- Installing: /home/dvij/multi-car-racing/install/autonoma_msgs/include/autonoma_msgs/autonoma_msgs/msg/detail/vehicle_inputs__type_support.c
[31.413s] -- Installing: /home/dvij/multi-car-racing/install/autonoma_msgs/include/autonoma_msgs/autonoma_msgs/msg/rosidl_typesupport_introspection_c__visibility_control.h
[31.414s] -- Installing: /home/dvij/multi-car-racing/install/autonoma_msgs/lib/libautonoma_msgs__rosidl_typesupport_introspection_c.so
[31.414s] -- Set runtime path of "/home/dvij/multi-car-racing/install/autonoma_msgs/lib/libautonoma_msgs__rosidl_typesupport_introspection_c.so" to ""
[31.414s] -- Installing: /home/dvij/multi-car-racing/install/autonoma_msgs/lib/libautonoma_msgs__rosidl_typesupport_c.so
[31.414s] -- Set runtime path of "/home/dvij/multi-car-racing/install/autonoma_msgs/lib/libautonoma_msgs__rosidl_typesupport_c.so" to ""
[31.414s] -- Up-to-date: /home/dvij/multi-car-racing/install/autonoma_msgs/include/autonoma_msgs/autonoma_msgs
[31.414s] -- Up-to-date: /home/dvij/multi-car-racing/install/autonoma_msgs/include/autonoma_msgs/autonoma_msgs/msg
[31.414s] -- Up-to-date: /home/dvij/multi-car-racing/install/autonoma_msgs/include/autonoma_msgs/autonoma_msgs/msg/detail
[31.415s] -- Installing: /home/dvij/multi-car-racing/install/autonoma_msgs/include/autonoma_msgs/autonoma_msgs/msg/detail/ground_truth_array__builder.hpp
[31.415s] -- Installing: /home/dvij/multi-car-racing/install/autonoma_msgs/include/autonoma_msgs/autonoma_msgs/msg/detail/ground_truth_array__struct.hpp
[31.415s] -- Installing: /home/dvij/multi-car-racing/install/autonoma_msgs/include/autonoma_msgs/autonoma_msgs/msg/detail/ground_truth_array__traits.hpp
[31.415s] -- Installing: /home/dvij/multi-car-racing/install/autonoma_msgs/include/autonoma_msgs/autonoma_msgs/msg/detail/ground_truth_array__type_support.hpp
[31.415s] -- Installing: /home/dvij/multi-car-racing/install/autonoma_msgs/include/autonoma_msgs/autonoma_msgs/msg/detail/ground_truth__builder.hpp
[31.415s] -- Installing: /home/dvij/multi-car-racing/install/autonoma_msgs/include/autonoma_msgs/autonoma_msgs/msg/detail/ground_truth__struct.hpp
[31.415s] -- Installing: /home/dvij/multi-car-racing/install/autonoma_msgs/include/autonoma_msgs/autonoma_msgs/msg/detail/ground_truth__traits.hpp
[31.416s] -- Installing: /home/dvij/multi-car-racing/install/autonoma_msgs/include/autonoma_msgs/autonoma_msgs/msg/detail/ground_truth__type_support.hpp
[31.416s] -- Installing: /home/dvij/multi-car-racing/install/autonoma_msgs/include/autonoma_msgs/autonoma_msgs/msg/detail/powertrain_data__builder.hpp
[31.416s] -- Installing: /home/dvij/multi-car-racing/install/autonoma_msgs/include/autonoma_msgs/autonoma_msgs/msg/detail/powertrain_data__struct.hpp
[31.416s] -- Installing: /home/dvij/multi-car-racing/install/autonoma_msgs/include/autonoma_msgs/autonoma_msgs/msg/detail/powertrain_data__traits.hpp
[31.417s] -- Installing: /home/dvij/multi-car-racing/install/autonoma_msgs/include/autonoma_msgs/autonoma_msgs/msg/detail/powertrain_data__type_support.hpp
[31.417s] -- Installing: /home/dvij/multi-car-racing/install/autonoma_msgs/include/autonoma_msgs/autonoma_msgs/msg/detail/race_control__builder.hpp
[31.417s] -- Installing: /home/dvij/multi-car-racing/install/autonoma_msgs/include/autonoma_msgs/autonoma_msgs/msg/detail/race_control__struct.hpp
[31.417s] -- Installing: /home/dvij/multi-car-racing/install/autonoma_msgs/include/autonoma_msgs/autonoma_msgs/msg/detail/race_control__traits.hpp
[31.418s] -- Installing: /home/dvij/multi-car-racing/install/autonoma_msgs/include/autonoma_msgs/autonoma_msgs/msg/detail/race_control__type_support.hpp
[31.418s] -- Installing: /home/dvij/multi-car-racing/install/autonoma_msgs/include/autonoma_msgs/autonoma_msgs/msg/detail/to_raptor__builder.hpp
[31.418s] -- Installing: /home/dvij/multi-car-racing/install/autonoma_msgs/include/autonoma_msgs/autonoma_msgs/msg/detail/to_raptor__struct.hpp
[31.418s] -- Installing: /home/dvij/multi-car-racing/install/autonoma_msgs/include/autonoma_msgs/autonoma_msgs/msg/detail/to_raptor__traits.hpp
[31.419s] -- Installing: /home/dvij/multi-car-racing/install/autonoma_msgs/include/autonoma_msgs/autonoma_msgs/msg/detail/to_raptor__type_support.hpp
[31.419s] -- Installing: /home/dvij/multi-car-racing/install/autonoma_msgs/include/autonoma_msgs/autonoma_msgs/msg/detail/vehicle_data__builder.hpp
[31.419s] -- Installing: /home/dvij/multi-car-racing/install/autonoma_msgs/include/autonoma_msgs/autonoma_msgs/msg/detail/vehicle_data__struct.hpp
[31.419s] -- Installing: /home/dvij/multi-car-racing/install/autonoma_msgs/include/autonoma_msgs/autonoma_msgs/msg/detail/vehicle_data__traits.hpp
[31.420s] -- Installing: /home/dvij/multi-car-racing/install/autonoma_msgs/include/autonoma_msgs/autonoma_msgs/msg/detail/vehicle_data__type_support.hpp
[31.420s] -- Installing: /home/dvij/multi-car-racing/install/autonoma_msgs/include/autonoma_msgs/autonoma_msgs/msg/detail/vehicle_inputs__builder.hpp
[31.420s] -- Installing: /home/dvij/multi-car-racing/install/autonoma_msgs/include/autonoma_msgs/autonoma_msgs/msg/detail/vehicle_inputs__struct.hpp
[31.420s] -- Installing: /home/dvij/multi-car-racing/install/autonoma_msgs/include/autonoma_msgs/autonoma_msgs/msg/detail/vehicle_inputs__traits.hpp
[31.421s] -- Installing: /home/dvij/multi-car-racing/install/autonoma_msgs/include/autonoma_msgs/autonoma_msgs/msg/detail/vehicle_inputs__type_support.hpp
[31.422s] -- Installing: /home/dvij/multi-car-racing/install/autonoma_msgs/include/autonoma_msgs/autonoma_msgs/msg/ground_truth.hpp
[31.422s] -- Installing: /home/dvij/multi-car-racing/install/autonoma_msgs/include/autonoma_msgs/autonoma_msgs/msg/ground_truth_array.hpp
[31.423s] -- Installing: /home/dvij/multi-car-racing/install/autonoma_msgs/include/autonoma_msgs/autonoma_msgs/msg/powertrain_data.hpp
[31.423s] -- Installing: /home/dvij/multi-car-racing/install/autonoma_msgs/include/autonoma_msgs/autonoma_msgs/msg/race_control.hpp
[31.424s] -- Installing: /home/dvij/multi-car-racing/install/autonoma_msgs/include/autonoma_msgs/autonoma_msgs/msg/rosidl_generator_cpp__visibility_control.hpp
[31.424s] -- Installing: /home/dvij/multi-car-racing/install/autonoma_msgs/include/autonoma_msgs/autonoma_msgs/msg/to_raptor.hpp
[31.426s] -- Installing: /home/dvij/multi-car-racing/install/autonoma_msgs/include/autonoma_msgs/autonoma_msgs/msg/vehicle_data.hpp
[31.427s] -- Installing: /home/dvij/multi-car-racing/install/autonoma_msgs/include/autonoma_msgs/autonoma_msgs/msg/vehicle_inputs.hpp
[31.428s] -- Up-to-date: /home/dvij/multi-car-racing/install/autonoma_msgs/include/autonoma_msgs/autonoma_msgs
[31.428s] -- Up-to-date: /home/dvij/multi-car-racing/install/autonoma_msgs/include/autonoma_msgs/autonoma_msgs/msg
[31.429s] -- Up-to-date: /home/dvij/multi-car-racing/install/autonoma_msgs/include/autonoma_msgs/autonoma_msgs/msg/detail
[31.429s] -- Installing: /home/dvij/multi-car-racing/install/autonoma_msgs/include/autonoma_msgs/autonoma_msgs/msg/detail/dds_fastrtps
[31.432s] -- Installing: /home/dvij/multi-car-racing/install/autonoma_msgs/include/autonoma_msgs/autonoma_msgs/msg/detail/ground_truth_array__rosidl_typesupport_fastrtps_cpp.hpp
[31.434s] -- Installing: /home/dvij/multi-car-racing/install/autonoma_msgs/include/autonoma_msgs/autonoma_msgs/msg/detail/ground_truth__rosidl_typesupport_fastrtps_cpp.hpp
[31.434s] -- Installing: /home/dvij/multi-car-racing/install/autonoma_msgs/include/autonoma_msgs/autonoma_msgs/msg/detail/powertrain_data__rosidl_typesupport_fastrtps_cpp.hpp
[31.434s] -- Installing: /home/dvij/multi-car-racing/install/autonoma_msgs/include/autonoma_msgs/autonoma_msgs/msg/detail/race_control__rosidl_typesupport_fastrtps_cpp.hpp
[31.435s] -- Installing: /home/dvij/multi-car-racing/install/autonoma_msgs/include/autonoma_msgs/autonoma_msgs/msg/detail/to_raptor__rosidl_typesupport_fastrtps_cpp.hpp
[31.435s] -- Installing: /home/dvij/multi-car-racing/install/autonoma_msgs/include/autonoma_msgs/autonoma_msgs/msg/detail/vehicle_data__rosidl_typesupport_fastrtps_cpp.hpp
[31.435s] -- Installing: /home/dvij/multi-car-racing/install/autonoma_msgs/include/autonoma_msgs/autonoma_msgs/msg/detail/vehicle_inputs__rosidl_typesupport_fastrtps_cpp.hpp
[31.435s] -- Installing: /home/dvij/multi-car-racing/install/autonoma_msgs/include/autonoma_msgs/autonoma_msgs/msg/rosidl_typesupport_fastrtps_cpp__visibility_control.h
[31.435s] -- Installing: /home/dvij/multi-car-racing/install/autonoma_msgs/lib/libautonoma_msgs__rosidl_typesupport_fastrtps_cpp.so
[31.436s] -- Set runtime path of "/home/dvij/multi-car-racing/install/autonoma_msgs/lib/libautonoma_msgs__rosidl_typesupport_fastrtps_cpp.so" to ""
[31.436s] -- Up-to-date: /home/dvij/multi-car-racing/install/autonoma_msgs/include/autonoma_msgs/autonoma_msgs
[31.436s] -- Up-to-date: /home/dvij/multi-car-racing/install/autonoma_msgs/include/autonoma_msgs/autonoma_msgs/msg
[31.436s] -- Up-to-date: /home/dvij/multi-car-racing/install/autonoma_msgs/include/autonoma_msgs/autonoma_msgs/msg/detail
[31.437s] -- Installing: /home/dvij/multi-car-racing/install/autonoma_msgs/include/autonoma_msgs/autonoma_msgs/msg/detail/ground_truth_array__rosidl_typesupport_introspection_cpp.hpp
[31.437s] -- Installing: /home/dvij/multi-car-racing/install/autonoma_msgs/include/autonoma_msgs/autonoma_msgs/msg/detail/ground_truth_array__type_support.cpp
[31.437s] -- Installing: /home/dvij/multi-car-racing/install/autonoma_msgs/include/autonoma_msgs/autonoma_msgs/msg/detail/ground_truth__rosidl_typesupport_introspection_cpp.hpp
[31.437s] -- Installing: /home/dvij/multi-car-racing/install/autonoma_msgs/include/autonoma_msgs/autonoma_msgs/msg/detail/ground_truth__type_support.cpp
[31.438s] -- Installing: /home/dvij/multi-car-racing/install/autonoma_msgs/include/autonoma_msgs/autonoma_msgs/msg/detail/powertrain_data__rosidl_typesupport_introspection_cpp.hpp
[31.438s] -- Installing: /home/dvij/multi-car-racing/install/autonoma_msgs/include/autonoma_msgs/autonoma_msgs/msg/detail/powertrain_data__type_support.cpp
[31.438s] -- Installing: /home/dvij/multi-car-racing/install/autonoma_msgs/include/autonoma_msgs/autonoma_msgs/msg/detail/race_control__rosidl_typesupport_introspection_cpp.hpp
[31.439s] -- Installing: /home/dvij/multi-car-racing/install/autonoma_msgs/include/autonoma_msgs/autonoma_msgs/msg/detail/race_control__type_support.cpp
[31.439s] -- Installing: /home/dvij/multi-car-racing/install/autonoma_msgs/include/autonoma_msgs/autonoma_msgs/msg/detail/to_raptor__rosidl_typesupport_introspection_cpp.hpp
[31.439s] -- Installing: /home/dvij/multi-car-racing/install/autonoma_msgs/include/autonoma_msgs/autonoma_msgs/msg/detail/to_raptor__type_support.cpp
[31.439s] -- Installing: /home/dvij/multi-car-racing/install/autonoma_msgs/include/autonoma_msgs/autonoma_msgs/msg/detail/vehicle_data__rosidl_typesupport_introspection_cpp.hpp
[31.440s] -- Installing: /home/dvij/multi-car-racing/install/autonoma_msgs/include/autonoma_msgs/autonoma_msgs/msg/detail/vehicle_data__type_support.cpp
[31.440s] -- Installing: /home/dvij/multi-car-racing/install/autonoma_msgs/include/autonoma_msgs/autonoma_msgs/msg/detail/vehicle_inputs__rosidl_typesupport_introspection_cpp.hpp
[31.441s] -- Installing: /home/dvij/multi-car-racing/install/autonoma_msgs/include/autonoma_msgs/autonoma_msgs/msg/detail/vehicle_inputs__type_support.cpp
[31.441s] -- Installing: /home/dvij/multi-car-racing/install/autonoma_msgs/lib/libautonoma_msgs__rosidl_typesupport_introspection_cpp.so
[31.443s] -- Set runtime path of "/home/dvij/multi-car-racing/install/autonoma_msgs/lib/libautonoma_msgs__rosidl_typesupport_introspection_cpp.so" to ""
[31.443s] -- Installing: /home/dvij/multi-car-racing/install/autonoma_msgs/lib/libautonoma_msgs__rosidl_typesupport_cpp.so
[31.444s] -- Set runtime path of "/home/dvij/multi-car-racing/install/autonoma_msgs/lib/libautonoma_msgs__rosidl_typesupport_cpp.so" to ""
[31.444s] -- Installing: /home/dvij/multi-car-racing/install/autonoma_msgs/share/autonoma_msgs/environment/pythonpath.sh
[31.445s] -- Installing: /home/dvij/multi-car-racing/install/autonoma_msgs/share/autonoma_msgs/environment/pythonpath.dsv
[31.445s] -- Installing: /home/dvij/multi-car-racing/install/autonoma_msgs/local/lib/python3.10/dist-packages/autonoma_msgs-0.1.0-py3.10.egg-info
[31.445s] -- Installing: /home/dvij/multi-car-racing/install/autonoma_msgs/local/lib/python3.10/dist-packages/autonoma_msgs-0.1.0-py3.10.egg-info/dependency_links.txt
[31.446s] -- Installing: /home/dvij/multi-car-racing/install/autonoma_msgs/local/lib/python3.10/dist-packages/autonoma_msgs-0.1.0-py3.10.egg-info/PKG-INFO
[31.446s] -- Installing: /home/dvij/multi-car-racing/install/autonoma_msgs/local/lib/python3.10/dist-packages/autonoma_msgs-0.1.0-py3.10.egg-info/SOURCES.txt
[31.446s] -- Installing: /home/dvij/multi-car-racing/install/autonoma_msgs/local/lib/python3.10/dist-packages/autonoma_msgs-0.1.0-py3.10.egg-info/top_level.txt
[31.447s] -- Installing: /home/dvij/multi-car-racing/install/autonoma_msgs/local/lib/python3.10/dist-packages/autonoma_msgs
[31.448s] -- Installing: /home/dvij/multi-car-racing/install/autonoma_msgs/local/lib/python3.10/dist-packages/autonoma_msgs/autonoma_msgs_s__rosidl_typesupport_c.cpython-310-x86_64-linux-gnu.so
[31.448s] -- Installing: /home/dvij/multi-car-racing/install/autonoma_msgs/local/lib/python3.10/dist-packages/autonoma_msgs/autonoma_msgs_s__rosidl_typesupport_fastrtps_c.cpython-310-x86_64-linux-gnu.so
[31.448s] -- Installing: /home/dvij/multi-car-racing/install/autonoma_msgs/local/lib/python3.10/dist-packages/autonoma_msgs/autonoma_msgs_s__rosidl_typesupport_introspection_c.cpython-310-x86_64-linux-gnu.so
[31.449s] -- Installing: /home/dvij/multi-car-racing/install/autonoma_msgs/local/lib/python3.10/dist-packages/autonoma_msgs/libautonoma_msgs__rosidl_generator_py.so
[31.450s] -- Installing: /home/dvij/multi-car-racing/install/autonoma_msgs/local/lib/python3.10/dist-packages/autonoma_msgs/msg
[31.450s] -- Installing: /home/dvij/multi-car-racing/install/autonoma_msgs/local/lib/python3.10/dist-packages/autonoma_msgs/msg/_ground_truth.py
[31.450s] -- Installing: /home/dvij/multi-car-racing/install/autonoma_msgs/local/lib/python3.10/dist-packages/autonoma_msgs/msg/_ground_truth_array.py
[31.450s] -- Installing: /home/dvij/multi-car-racing/install/autonoma_msgs/local/lib/python3.10/dist-packages/autonoma_msgs/msg/_ground_truth_array_s.c
[31.450s] -- Installing: /home/dvij/multi-car-racing/install/autonoma_msgs/local/lib/python3.10/dist-packages/autonoma_msgs/msg/_ground_truth_s.c
[31.450s] -- Installing: /home/dvij/multi-car-racing/install/autonoma_msgs/local/lib/python3.10/dist-packages/autonoma_msgs/msg/_powertrain_data.py
[31.450s] -- Installing: /home/dvij/multi-car-racing/install/autonoma_msgs/local/lib/python3.10/dist-packages/autonoma_msgs/msg/_powertrain_data_s.c
[31.450s] -- Installing: /home/dvij/multi-car-racing/install/autonoma_msgs/local/lib/python3.10/dist-packages/autonoma_msgs/msg/_race_control.py
[31.451s] -- Installing: /home/dvij/multi-car-racing/install/autonoma_msgs/local/lib/python3.10/dist-packages/autonoma_msgs/msg/_race_control_s.c
[31.451s] -- Installing: /home/dvij/multi-car-racing/install/autonoma_msgs/local/lib/python3.10/dist-packages/autonoma_msgs/msg/_to_raptor.py
[31.452s] -- Installing: /home/dvij/multi-car-racing/install/autonoma_msgs/local/lib/python3.10/dist-packages/autonoma_msgs/msg/_to_raptor_s.c
[31.452s] -- Installing: /home/dvij/multi-car-racing/install/autonoma_msgs/local/lib/python3.10/dist-packages/autonoma_msgs/msg/_vehicle_data.py
[31.452s] -- Installing: /home/dvij/multi-car-racing/install/autonoma_msgs/local/lib/python3.10/dist-packages/autonoma_msgs/msg/_vehicle_data_s.c
[31.455s] -- Installing: /home/dvij/multi-car-racing/install/autonoma_msgs/local/lib/python3.10/dist-packages/autonoma_msgs/msg/_vehicle_inputs.py
[31.456s] -- Installing: /home/dvij/multi-car-racing/install/autonoma_msgs/local/lib/python3.10/dist-packages/autonoma_msgs/msg/_vehicle_inputs_s.c
[31.456s] -- Installing: /home/dvij/multi-car-racing/install/autonoma_msgs/local/lib/python3.10/dist-packages/autonoma_msgs/msg/__init__.py
[31.456s] -- Installing: /home/dvij/multi-car-racing/install/autonoma_msgs/local/lib/python3.10/dist-packages/autonoma_msgs/_autonoma_msgs_s.ep.rosidl_typesupport_c.c
[31.456s] -- Installing: /home/dvij/multi-car-racing/install/autonoma_msgs/local/lib/python3.10/dist-packages/autonoma_msgs/_autonoma_msgs_s.ep.rosidl_typesupport_fastrtps_c.c
[31.456s] -- Installing: /home/dvij/multi-car-racing/install/autonoma_msgs/local/lib/python3.10/dist-packages/autonoma_msgs/_autonoma_msgs_s.ep.rosidl_typesupport_introspection_c.c
[31.456s] -- Installing: /home/dvij/multi-car-racing/install/autonoma_msgs/local/lib/python3.10/dist-packages/autonoma_msgs/__init__.py
[31.584s] Listing '/home/dvij/multi-car-racing/install/autonoma_msgs/local/lib/python3.10/dist-packages/autonoma_msgs'...
[31.584s] Compiling '/home/dvij/multi-car-racing/install/autonoma_msgs/local/lib/python3.10/dist-packages/autonoma_msgs/__init__.py'...
[31.584s] Listing '/home/dvij/multi-car-racing/install/autonoma_msgs/local/lib/python3.10/dist-packages/autonoma_msgs/msg'...
[31.584s] Compiling '/home/dvij/multi-car-racing/install/autonoma_msgs/local/lib/python3.10/dist-packages/autonoma_msgs/msg/__init__.py'...
[31.584s] Compiling '/home/dvij/multi-car-racing/install/autonoma_msgs/local/lib/python3.10/dist-packages/autonoma_msgs/msg/_ground_truth.py'...
[31.584s] Compiling '/home/dvij/multi-car-racing/install/autonoma_msgs/local/lib/python3.10/dist-packages/autonoma_msgs/msg/_ground_truth_array.py'...
[31.584s] Compiling '/home/dvij/multi-car-racing/install/autonoma_msgs/local/lib/python3.10/dist-packages/autonoma_msgs/msg/_powertrain_data.py'...
[31.584s] Compiling '/home/dvij/multi-car-racing/install/autonoma_msgs/local/lib/python3.10/dist-packages/autonoma_msgs/msg/_race_control.py'...
[31.584s] Compiling '/home/dvij/multi-car-racing/install/autonoma_msgs/local/lib/python3.10/dist-packages/autonoma_msgs/msg/_to_raptor.py'...
[31.584s] Compiling '/home/dvij/multi-car-racing/install/autonoma_msgs/local/lib/python3.10/dist-packages/autonoma_msgs/msg/_vehicle_data.py'...
[31.585s] Compiling '/home/dvij/multi-car-racing/install/autonoma_msgs/local/lib/python3.10/dist-packages/autonoma_msgs/msg/_vehicle_inputs.py'...
[31.591s] -- Installing: /home/dvij/multi-car-racing/install/autonoma_msgs/local/lib/python3.10/dist-packages/autonoma_msgs/autonoma_msgs_s__rosidl_typesupport_fastrtps_c.cpython-310-x86_64-linux-gnu.so
[31.592s] -- Set runtime path of "/home/dvij/multi-car-racing/install/autonoma_msgs/local/lib/python3.10/dist-packages/autonoma_msgs/autonoma_msgs_s__rosidl_typesupport_fastrtps_c.cpython-310-x86_64-linux-gnu.so" to ""
[31.592s] -- Installing: /home/dvij/multi-car-racing/install/autonoma_msgs/local/lib/python3.10/dist-packages/autonoma_msgs/autonoma_msgs_s__rosidl_typesupport_introspection_c.cpython-310-x86_64-linux-gnu.so
[31.593s] -- Set runtime path of "/home/dvij/multi-car-racing/install/autonoma_msgs/local/lib/python3.10/dist-packages/autonoma_msgs/autonoma_msgs_s__rosidl_typesupport_introspection_c.cpython-310-x86_64-linux-gnu.so" to ""
[31.593s] -- Installing: /home/dvij/multi-car-racing/install/autonoma_msgs/local/lib/python3.10/dist-packages/autonoma_msgs/autonoma_msgs_s__rosidl_typesupport_c.cpython-310-x86_64-linux-gnu.so
[31.594s] -- Set runtime path of "/home/dvij/multi-car-racing/install/autonoma_msgs/local/lib/python3.10/dist-packages/autonoma_msgs/autonoma_msgs_s__rosidl_typesupport_c.cpython-310-x86_64-linux-gnu.so" to ""
[31.594s] -- Installing: /home/dvij/multi-car-racing/install/autonoma_msgs/lib/libautonoma_msgs__rosidl_generator_py.so
[31.595s] -- Set runtime path of "/home/dvij/multi-car-racing/install/autonoma_msgs/lib/libautonoma_msgs__rosidl_generator_py.so" to ""
[31.596s] -- Installing: /home/dvij/multi-car-racing/install/autonoma_msgs/share/autonoma_msgs/msg/PowertrainData.idl
[31.596s] -- Installing: /home/dvij/multi-car-racing/install/autonoma_msgs/share/autonoma_msgs/msg/RaceControl.idl
[31.598s] -- Installing: /home/dvij/multi-car-racing/install/autonoma_msgs/share/autonoma_msgs/msg/ToRaptor.idl
[31.599s] -- Installing: /home/dvij/multi-car-racing/install/autonoma_msgs/share/autonoma_msgs/msg/VehicleData.idl
[31.605s] -- Installing: /home/dvij/multi-car-racing/install/autonoma_msgs/share/autonoma_msgs/msg/VehicleInputs.idl
[31.605s] -- Installing: /home/dvij/multi-car-racing/install/autonoma_msgs/share/autonoma_msgs/msg/GroundTruth.idl
[31.606s] -- Installing: /home/dvij/multi-car-racing/install/autonoma_msgs/share/autonoma_msgs/msg/GroundTruthArray.idl
[31.606s] -- Installing: /home/dvij/multi-car-racing/install/autonoma_msgs/share/autonoma_msgs/msg/PowertrainData.msg
[31.606s] -- Installing: /home/dvij/multi-car-racing/install/autonoma_msgs/share/autonoma_msgs/msg/RaceControl.msg
[31.608s] -- Installing: /home/dvij/multi-car-racing/install/autonoma_msgs/share/autonoma_msgs/msg/ToRaptor.msg
[31.610s] -- Installing: /home/dvij/multi-car-racing/install/autonoma_msgs/share/autonoma_msgs/msg/VehicleData.msg
[31.610s] -- Installing: /home/dvij/multi-car-racing/install/autonoma_msgs/share/autonoma_msgs/msg/VehicleInputs.msg
[31.610s] -- Installing: /home/dvij/multi-car-racing/install/autonoma_msgs/share/autonoma_msgs/msg/GroundTruth.msg
[31.610s] -- Installing: /home/dvij/multi-car-racing/install/autonoma_msgs/share/autonoma_msgs/msg/GroundTruthArray.msg
[31.610s] -- Installing: /home/dvij/multi-car-racing/install/autonoma_msgs/share/ament_index/resource_index/package_run_dependencies/autonoma_msgs
[31.610s] -- Installing: /home/dvij/multi-car-racing/install/autonoma_msgs/share/ament_index/resource_index/parent_prefix_path/autonoma_msgs
[31.610s] -- Installing: /home/dvij/multi-car-racing/install/autonoma_msgs/share/autonoma_msgs/environment/ament_prefix_path.sh
[31.611s] -- Installing: /home/dvij/multi-car-racing/install/autonoma_msgs/share/autonoma_msgs/environment/ament_prefix_path.dsv
[31.619s] -- Installing: /home/dvij/multi-car-racing/install/autonoma_msgs/share/autonoma_msgs/environment/path.sh
[31.619s] -- Installing: /home/dvij/multi-car-racing/install/autonoma_msgs/share/autonoma_msgs/environment/path.dsv
[31.619s] -- Installing: /home/dvij/multi-car-racing/install/autonoma_msgs/share/autonoma_msgs/local_setup.bash
[31.619s] -- Installing: /home/dvij/multi-car-racing/install/autonoma_msgs/share/autonoma_msgs/local_setup.sh
[31.620s] -- Installing: /home/dvij/multi-car-racing/install/autonoma_msgs/share/autonoma_msgs/local_setup.zsh
[31.620s] -- Installing: /home/dvij/multi-car-racing/install/autonoma_msgs/share/autonoma_msgs/local_setup.dsv
[31.620s] -- Installing: /home/dvij/multi-car-racing/install/autonoma_msgs/share/autonoma_msgs/package.dsv
[31.620s] -- Installing: /home/dvij/multi-car-racing/install/autonoma_msgs/share/ament_index/resource_index/packages/autonoma_msgs
[31.620s] -- Installing: /home/dvij/multi-car-racing/install/autonoma_msgs/share/autonoma_msgs/cmake/export_autonoma_msgs__rosidl_generator_cExport.cmake
[31.620s] -- Installing: /home/dvij/multi-car-racing/install/autonoma_msgs/share/autonoma_msgs/cmake/export_autonoma_msgs__rosidl_generator_cExport-noconfig.cmake
[31.621s] -- Installing: /home/dvij/multi-car-racing/install/autonoma_msgs/share/autonoma_msgs/cmake/export_autonoma_msgs__rosidl_typesupport_fastrtps_cExport.cmake
[31.621s] -- Installing: /home/dvij/multi-car-racing/install/autonoma_msgs/share/autonoma_msgs/cmake/export_autonoma_msgs__rosidl_typesupport_fastrtps_cExport-noconfig.cmake
[31.621s] -- Installing: /home/dvij/multi-car-racing/install/autonoma_msgs/share/autonoma_msgs/cmake/autonoma_msgs__rosidl_typesupport_introspection_cExport.cmake
[31.621s] -- Installing: /home/dvij/multi-car-racing/install/autonoma_msgs/share/autonoma_msgs/cmake/autonoma_msgs__rosidl_typesupport_introspection_cExport-noconfig.cmake
[31.621s] -- Installing: /home/dvij/multi-car-racing/install/autonoma_msgs/share/autonoma_msgs/cmake/autonoma_msgs__rosidl_typesupport_cExport.cmake
[31.621s] -- Installing: /home/dvij/multi-car-racing/install/autonoma_msgs/share/autonoma_msgs/cmake/autonoma_msgs__rosidl_typesupport_cExport-noconfig.cmake
[31.621s] -- Installing: /home/dvij/multi-car-racing/install/autonoma_msgs/share/autonoma_msgs/cmake/export_autonoma_msgs__rosidl_generator_cppExport.cmake
[31.621s] -- Installing: /home/dvij/multi-car-racing/install/autonoma_msgs/share/autonoma_msgs/cmake/export_autonoma_msgs__rosidl_typesupport_fastrtps_cppExport.cmake
[31.621s] -- Installing: /home/dvij/multi-car-racing/install/autonoma_msgs/share/autonoma_msgs/cmake/export_autonoma_msgs__rosidl_typesupport_fastrtps_cppExport-noconfig.cmake
[31.621s] -- Installing: /home/dvij/multi-car-racing/install/autonoma_msgs/share/autonoma_msgs/cmake/autonoma_msgs__rosidl_typesupport_introspection_cppExport.cmake
[31.622s] -- Installing: /home/dvij/multi-car-racing/install/autonoma_msgs/share/autonoma_msgs/cmake/autonoma_msgs__rosidl_typesupport_introspection_cppExport-noconfig.cmake
[31.622s] -- Installing: /home/dvij/multi-car-racing/install/autonoma_msgs/share/autonoma_msgs/cmake/autonoma_msgs__rosidl_typesupport_cppExport.cmake
[31.622s] -- Installing: /home/dvij/multi-car-racing/install/autonoma_msgs/share/autonoma_msgs/cmake/autonoma_msgs__rosidl_typesupport_cppExport-noconfig.cmake
[31.622s] -- Installing: /home/dvij/multi-car-racing/install/autonoma_msgs/share/autonoma_msgs/cmake/export_autonoma_msgs__rosidl_generator_pyExport.cmake
[31.622s] -- Installing: /home/dvij/multi-car-racing/install/autonoma_msgs/share/autonoma_msgs/cmake/export_autonoma_msgs__rosidl_generator_pyExport-noconfig.cmake
[31.622s] -- Installing: /home/dvij/multi-car-racing/install/autonoma_msgs/share/autonoma_msgs/cmake/rosidl_cmake-extras.cmake
[31.622s] -- Installing: /home/dvij/multi-car-racing/install/autonoma_msgs/share/autonoma_msgs/cmake/ament_cmake_export_dependencies-extras.cmake
[31.623s] -- Installing: /home/dvij/multi-car-racing/install/autonoma_msgs/share/autonoma_msgs/cmake/ament_cmake_export_include_directories-extras.cmake
[31.624s] -- Installing: /home/dvij/multi-car-racing/install/autonoma_msgs/share/autonoma_msgs/cmake/ament_cmake_export_libraries-extras.cmake
[31.624s] -- Installing: /home/dvij/multi-car-racing/install/autonoma_msgs/share/autonoma_msgs/cmake/ament_cmake_export_targets-extras.cmake
[31.624s] -- Installing: /home/dvij/multi-car-racing/install/autonoma_msgs/share/autonoma_msgs/cmake/rosidl_cmake_export_typesupport_targets-extras.cmake
[31.624s] -- Installing: /home/dvij/multi-car-racing/install/autonoma_msgs/share/autonoma_msgs/cmake/rosidl_cmake_export_typesupport_libraries-extras.cmake
[31.624s] -- Installing: /home/dvij/multi-car-racing/install/autonoma_msgs/share/autonoma_msgs/cmake/autonoma_msgsConfig.cmake
[31.624s] -- Installing: /home/dvij/multi-car-racing/install/autonoma_msgs/share/autonoma_msgs/cmake/autonoma_msgsConfig-version.cmake
[31.625s] -- Installing: /home/dvij/multi-car-racing/install/autonoma_msgs/share/autonoma_msgs/package.xml
[31.667s] Invoked command in '/home/dvij/multi-car-racing/build/autonoma_msgs' returned '0': CMAKE_PREFIX_PATH=/opt/ros/humble /usr/bin/cmake --install /home/dvij/multi-car-racing/build/autonoma_msgs
