/home/dvij/multi-car-racing/install/car_ros2/lib/python3.10/site-packages/car_ros2/create_smiley_video.py
/home/dvij/multi-car-racing/install/car_ros2/lib/python3.10/site-packages/car_ros2/create_teaser_data.py
/home/dvij/multi-car-racing/install/car_ros2/lib/python3.10/site-packages/car_ros2/merge_data.py
/home/dvij/multi-car-racing/install/car_ros2/lib/python3.10/site-packages/car_ros2/model_arch.py
/home/dvij/multi-car-racing/install/car_ros2/lib/python3.10/site-packages/car_ros2/mpc_controller.py
/home/dvij/multi-car-racing/install/car_ros2/lib/python3.10/site-packages/car_ros2/multi_car_blocking.py
/home/dvij/multi-car-racing/install/car_ros2/lib/python3.10/site-packages/car_ros2/multi_car_comp_blocking.py
/home/dvij/multi-car-racing/install/car_ros2/lib/python3.10/site-packages/car_ros2/plot_teaser_data.py
/home/dvij/multi-car-racing/install/car_ros2/lib/python3.10/site-packages/car_ros2/rerun_races.py
/home/dvij/multi-car-racing/install/car_ros2/lib/python3.10/site-packages/car_ros2/trained_p_model_analysis.py
/home/dvij/multi-car-racing/install/car_ros2/lib/python3.10/site-packages/car_ros2/train_p_model_multi_dist.py
/home/dvij/multi-car-racing/install/car_ros2/lib/python3.10/site-packages/car_ros2/train_q_model_multi.py
/home/dvij/multi-car-racing/install/car_ros2/lib/python3.10/site-packages/car_ros2/train_q_model_multi_rel.py
/home/dvij/multi-car-racing/install/car_ros2/lib/python3.10/site-packages/car_ros2/__init__.py
/home/dvij/multi-car-racing/install/car_ros2/lib/python3.10/site-packages/car_ros2/__pycache__/create_smiley_video.cpython-310.pyc
/home/dvij/multi-car-racing/install/car_ros2/lib/python3.10/site-packages/car_ros2/__pycache__/create_teaser_data.cpython-310.pyc
/home/dvij/multi-car-racing/install/car_ros2/lib/python3.10/site-packages/car_ros2/__pycache__/merge_data.cpython-310.pyc
/home/dvij/multi-car-racing/install/car_ros2/lib/python3.10/site-packages/car_ros2/__pycache__/model_arch.cpython-310.pyc
/home/dvij/multi-car-racing/install/car_ros2/lib/python3.10/site-packages/car_ros2/__pycache__/mpc_controller.cpython-310.pyc
/home/dvij/multi-car-racing/install/car_ros2/lib/python3.10/site-packages/car_ros2/__pycache__/multi_car_blocking.cpython-310.pyc
/home/dvij/multi-car-racing/install/car_ros2/lib/python3.10/site-packages/car_ros2/__pycache__/multi_car_comp_blocking.cpython-310.pyc
/home/dvij/multi-car-racing/install/car_ros2/lib/python3.10/site-packages/car_ros2/__pycache__/plot_teaser_data.cpython-310.pyc
/home/dvij/multi-car-racing/install/car_ros2/lib/python3.10/site-packages/car_ros2/__pycache__/rerun_races.cpython-310.pyc
/home/dvij/multi-car-racing/install/car_ros2/lib/python3.10/site-packages/car_ros2/__pycache__/trained_p_model_analysis.cpython-310.pyc
/home/dvij/multi-car-racing/install/car_ros2/lib/python3.10/site-packages/car_ros2/__pycache__/train_p_model_multi_dist.cpython-310.pyc
/home/dvij/multi-car-racing/install/car_ros2/lib/python3.10/site-packages/car_ros2/__pycache__/train_q_model_multi.cpython-310.pyc
/home/dvij/multi-car-racing/install/car_ros2/lib/python3.10/site-packages/car_ros2/__pycache__/train_q_model_multi_rel.cpython-310.pyc
/home/dvij/multi-car-racing/install/car_ros2/lib/python3.10/site-packages/car_ros2/__pycache__/__init__.cpython-310.pyc
/home/dvij/multi-car-racing/install/car_ros2/share/ament_index/resource_index/packages/car_ros2
/home/dvij/multi-car-racing/install/car_ros2/share/car_ros2/package.xml
/home/dvij/multi-car-racing/install/car_ros2/lib/python3.10/site-packages/car_ros2-0.0.0-py3.10.egg-info/dependency_links.txt
/home/dvij/multi-car-racing/install/car_ros2/lib/python3.10/site-packages/car_ros2-0.0.0-py3.10.egg-info/entry_points.txt
/home/dvij/multi-car-racing/install/car_ros2/lib/python3.10/site-packages/car_ros2-0.0.0-py3.10.egg-info/PKG-INFO
/home/dvij/multi-car-racing/install/car_ros2/lib/python3.10/site-packages/car_ros2-0.0.0-py3.10.egg-info/requires.txt
/home/dvij/multi-car-racing/install/car_ros2/lib/python3.10/site-packages/car_ros2-0.0.0-py3.10.egg-info/SOURCES.txt
/home/dvij/multi-car-racing/install/car_ros2/lib/python3.10/site-packages/car_ros2-0.0.0-py3.10.egg-info/top_level.txt
/home/dvij/multi-car-racing/install/car_ros2/lib/python3.10/site-packages/car_ros2-0.0.0-py3.10.egg-info/zip-safe
/home/dvij/multi-car-racing/install/car_ros2/lib/car_ros2/car_node
