-- The C compiler identification is GNU 11.4.0
-- The CXX compiler identification is GNU 11.4.0
-- Detecting C compiler ABI info
-- Detecting C compiler ABI info - done
-- Check for working C compiler: /usr/bin/cc - skipped
-- Detecting C compile features
-- Detecting C compile features - done
-- Detecting CXX compiler ABI info
-- Detecting CXX compiler ABI info - done
-- Check for working CXX compiler: /usr/bin/c++ - skipped
-- Detecting CXX compile features
-- Detecting CXX compile features - done
-- Found ament_cmake_auto: 1.3.12 (/opt/ros/humble/share/ament_cmake_auto/cmake)
-- Found Python3: /usr/bin/python3 (found version "3.10.12") found components: Interpreter 
-- Found rclcpp: 16.0.14 (/opt/ros/humble/share/rclcpp/cmake)
-- Found rosidl_generator_c: 3.1.7 (/opt/ros/humble/share/rosidl_generator_c/cmake)
-- Found rosidl_adapter: 3.1.7 (/opt/ros/humble/share/rosidl_adapter/cmake)
-- Found rosidl_generator_cpp: 3.1.7 (/opt/ros/humble/share/rosidl_generator_cpp/cmake)
-- Using all available rosidl_typesupport_c: rosidl_typesupport_fastrtps_c;rosidl_typesupport_introspection_c
-- Using all available rosidl_typesupport_cpp: rosidl_typesupport_fastrtps_cpp;rosidl_typesupport_introspection_cpp
-- Found rmw_implementation_cmake: 6.1.2 (/opt/ros/humble/share/rmw_implementation_cmake/cmake)
-- Found rmw_fastrtps_cpp: 6.2.8 (/opt/ros/humble/share/rmw_fastrtps_cpp/cmake)
-- Found OpenSSL: /usr/lib/x86_64-linux-gnu/libcrypto.so (found version "3.0.2")  
-- Found FastRTPS: /opt/ros/humble/include  
-- Using RMW implementation 'rmw_fastrtps_cpp' as default
-- Looking for pthread.h
-- Looking for pthread.h - found
-- Performing Test CMAKE_HAVE_LIBC_PTHREAD
-- Performing Test CMAKE_HAVE_LIBC_PTHREAD - Success
-- Found Threads: TRUE  
-- Found ament_lint_auto: 0.12.14 (/opt/ros/humble/share/ament_lint_auto/cmake)
[0mIn this package, headers install destination is set to `include` by ament_auto_package. It is recommended to install `include/can_dbc_parser` instead and will be the default behavior of ament_auto_package from ROS 2 Kilted Kaiju. On distributions before Kilted, ament_auto_package behaves the same way when you use USE_SCOPED_HEADER_INSTALL_DIR option.[0m
-- Added test 'copyright' to check source files copyright and LICENSE
-- Added test 'cppcheck' to perform static code analysis on C / C++ code
-- Configured cppcheck include dirs: /home/dvij/multi-car-racing/SimulationPackage_v2.1/ros_ws_aux/src/raptor_dbw_msgs/can_dbc_parser/include
-- Configured cppcheck exclude dirs and/or files: 
-- Added test 'cpplint' to check C / C++ code against the Google style
-- Configured cpplint exclude dirs and/or files: 
-- Added test 'lint_cmake' to check CMake code style
-- Added test 'uncrustify' to check C / C++ code style
-- Configured uncrustify additional arguments: 
-- Added test 'xmllint' to check XML markup files
-- Configuring done
-- Generating done
-- Build files have been written to: /home/dvij/multi-car-racing/build/can_dbc_parser
[ 16%] [32mBuilding CXX object CMakeFiles/can_dbc_parser.dir/src/LineParser.cpp.o[0m
[ 33%] [32mBuilding CXX object CMakeFiles/can_dbc_parser.dir/src/DbcMessage.cpp.o[0m
[ 50%] [32mBuilding CXX object CMakeFiles/can_dbc_parser.dir/src/DbcSignal.cpp.o[0m
[ 66%] [32mBuilding CXX object CMakeFiles/can_dbc_parser.dir/src/Dbc.cpp.o[0m
[ 83%] [32mBuilding CXX object CMakeFiles/can_dbc_parser.dir/src/DbcBuilder.cpp.o[0m
[100%] [32m[1mLinking CXX shared library libcan_dbc_parser.so[0m
[100%] Built target can_dbc_parser
-- Install configuration: ""
-- Installing: /home/dvij/multi-car-racing/install/can_dbc_parser/include
-- Installing: /home/dvij/multi-car-racing/install/can_dbc_parser/include/can_dbc_parser
-- Installing: /home/dvij/multi-car-racing/install/can_dbc_parser/include/can_dbc_parser/Dbc.hpp
-- Installing: /home/dvij/multi-car-racing/install/can_dbc_parser/include/can_dbc_parser/DbcBuilder.hpp
-- Installing: /home/dvij/multi-car-racing/install/can_dbc_parser/include/can_dbc_parser/DbcMessage.hpp
-- Installing: /home/dvij/multi-car-racing/install/can_dbc_parser/include/can_dbc_parser/DbcSignal.hpp
-- Installing: /home/dvij/multi-car-racing/install/can_dbc_parser/include/can_dbc_parser/DbcUtilities.hpp
-- Installing: /home/dvij/multi-car-racing/install/can_dbc_parser/include/can_dbc_parser/LineParser.hpp
-- Installing: /home/dvij/multi-car-racing/install/can_dbc_parser/share/can_dbc_parser/environment/library_path.sh
-- Installing: /home/dvij/multi-car-racing/install/can_dbc_parser/share/can_dbc_parser/environment/library_path.dsv
-- Installing: /home/dvij/multi-car-racing/install/can_dbc_parser/lib/libcan_dbc_parser.so
-- Set runtime path of "/home/dvij/multi-car-racing/install/can_dbc_parser/lib/libcan_dbc_parser.so" to ""
-- Installing: /home/dvij/multi-car-racing/install/can_dbc_parser/share/ament_index/resource_index/package_run_dependencies/can_dbc_parser
-- Installing: /home/dvij/multi-car-racing/install/can_dbc_parser/share/ament_index/resource_index/parent_prefix_path/can_dbc_parser
-- Installing: /home/dvij/multi-car-racing/install/can_dbc_parser/share/can_dbc_parser/environment/ament_prefix_path.sh
-- Installing: /home/dvij/multi-car-racing/install/can_dbc_parser/share/can_dbc_parser/environment/ament_prefix_path.dsv
-- Installing: /home/dvij/multi-car-racing/install/can_dbc_parser/share/can_dbc_parser/environment/path.sh
-- Installing: /home/dvij/multi-car-racing/install/can_dbc_parser/share/can_dbc_parser/environment/path.dsv
-- Installing: /home/dvij/multi-car-racing/install/can_dbc_parser/share/can_dbc_parser/local_setup.bash
-- Installing: /home/dvij/multi-car-racing/install/can_dbc_parser/share/can_dbc_parser/local_setup.sh
-- Installing: /home/dvij/multi-car-racing/install/can_dbc_parser/share/can_dbc_parser/local_setup.zsh
-- Installing: /home/dvij/multi-car-racing/install/can_dbc_parser/share/can_dbc_parser/local_setup.dsv
-- Installing: /home/dvij/multi-car-racing/install/can_dbc_parser/share/can_dbc_parser/package.dsv
-- Installing: /home/dvij/multi-car-racing/install/can_dbc_parser/share/ament_index/resource_index/packages/can_dbc_parser
-- Installing: /home/dvij/multi-car-racing/install/can_dbc_parser/share/can_dbc_parser/cmake/ament_cmake_export_dependencies-extras.cmake
-- Installing: /home/dvij/multi-car-racing/install/can_dbc_parser/share/can_dbc_parser/cmake/ament_cmake_export_include_directories-extras.cmake
-- Installing: /home/dvij/multi-car-racing/install/can_dbc_parser/share/can_dbc_parser/cmake/ament_cmake_export_libraries-extras.cmake
-- Installing: /home/dvij/multi-car-racing/install/can_dbc_parser/share/can_dbc_parser/cmake/can_dbc_parserConfig.cmake
-- Installing: /home/dvij/multi-car-racing/install/can_dbc_parser/share/can_dbc_parser/cmake/can_dbc_parserConfig-version.cmake
-- Installing: /home/dvij/multi-car-racing/install/can_dbc_parser/share/can_dbc_parser/package.xml
